Build started 12/08/2014 05:25:32 p.m..
     1>Project "f:\code\lib\openexr-git\OpenEXR\exrmultiview\exrmultiview.vcxproj" on node 3 (build target(s)).
     1>InitializeBuildStatus:
         Touching "exrmultiview.dir\Release\exrmultiview.unsuccessfulbuild".
       CustomBuild:
         All outputs are up-to-date.
       ClCompile:
         All outputs are up-to-date.
       Link:
         C:\Program Files (x86)\Microsoft Visual Studio 10.0\VC\bin\x86_amd64\link.exe /ERRORREPORT:PROMPT /OUT:"F:\code\lib\openexr-git\OpenEXR\exrmultiview\Release\exrmultiview.exe" /INCREMENTAL:NO /NOLOGO /LIBPATH:f:/code/lib/Windows_64/lib /LIBPATH:f:/code/lib/Windows_64/lib/Release kernel32.lib user32.lib gdi32.lib winspool.lib shell32.lib ole32.lib oleaut32.lib uuid.lib comdlg32.lib advapi32.lib "..\IlmImf\Release\IlmImf-2_2.lib" Half.lib "Imath-2_2.lib" "Iex-2_2.lib" "IlmThread-2_2.lib" "f:\code\lib\zlib-1.2.8-win64\zlib.lib" /MANIFEST /ManifestFile:"exrmultiview.dir\Release\exrmultiview.exe.intermediate.manifest" /MANIFESTUAC:"level='asInvoker' uiAccess='false'" /PDB:"F:\code\lib\openexr-git\OpenEXR\exrmultiview\Release\exrmultiview.pdb" /SUBSYSTEM:CONSOLE /STACK:"10000000" /TLBID:1 /DYNAMICBASE /NXCOMPAT /IMPLIB:"F:/code/lib/openexr-git/OpenEXR/exrmultiview/Release/exrmultiview.lib" /MACHINE:X64 exrmultiview.dir\Release\makeMultiView.obj
         exrmultiview.dir\Release\main.obj
         exrmultiview.dir\Release\Image.obj  /machine:x64 
         exrmultiview.vcxproj -> F:\code\lib\openexr-git\OpenEXR\exrmultiview\Release\exrmultiview.exe
       Manifest:
         C:\Program Files\Microsoft SDKs\Windows\v7.1\bin\mt.exe /nologo /verbose /outputresource:"F:\code\lib\openexr-git\OpenEXR\exrmultiview\Release\exrmultiview.exe;#1" /manifest exrmultiview.dir\Release\exrmultiview.exe.intermediate.manifest
       FinalizeBuildStatus:
         Deleting file "exrmultiview.dir\Release\exrmultiview.unsuccessfulbuild".
         Touching "exrmultiview.dir\Release\exrmultiview.lastbuildstate".
     1>Done Building Project "f:\code\lib\openexr-git\OpenEXR\exrmultiview\exrmultiview.vcxproj" (build target(s)).

Build succeeded.

Time Elapsed 00:00:00.35
