  addarc.cxx
  addcurve.cxx
  add_idle.cxx
  Adjuster.cxx
  AlignGroup.cxx
  args.cxx
  BarGroup.cxx
  bmpImage.cxx
  Browser.cxx
..\..\src\Browser.cxx(1870): warning C4244: 'argument' : conversion from 'float' to 'int', possible loss of data
  Button.cxx
  CheckButton.cxx
  Choice.cxx
  clip.cxx
  Clock.cxx
  Color.cxx
  color_chooser.cxx
  ComboBox.cxx
  compose.cxx
  Cursor.cxx
  CycleButton.cxx
  Generating Code...
  Compiling...
  default_glyph.cxx
  Dial.cxx
  DiamondBox.cxx
  dnd.cxx
  drawtext.cxx
..\..\src\drawtext.cxx(443): warning C4244: 'initializing' : conversion from 'double' to 'float', possible loss of data
..\..\src\drawtext.cxx(448): warning C4244: 'initializing' : conversion from 'double' to 'float', possible loss of data
  EngravedLabel.cxx
  error.cxx
  event_key_state.cxx
  FileBrowser.cxx
  FileChooser.cxx
..\..\src\FileChooser.cxx(350): warning C4800: 'int' : forcing value to bool 'true' or 'false' (performance warning)
  FileChooser2.cxx
  FileIcon.cxx
  FileInput.cxx
  filename_absolute.cxx
  filename_ext.cxx
  filename_isdir.cxx
  filename_list.cxx
  filename_match.cxx
  filename_name.cxx
  file_chooser.cxx
  Generating Code...
  Compiling...
  fillrect.cxx
  FloatInput.cxx
  fltk_theme.cxx
..\..\src\fltk_theme.cxx(344): warning C4305: 'argument' : truncation from 'double' to 'float'
  Fl_Menu_Item.cxx
  Font.cxx
  gifImage.cxx
  Group.cxx
  GSave.cxx
  HelpView.cxx
..\..\src\HelpView.cxx(2324): warning C4390: ';' : empty controlled statement found; is this the intent?
..\..\src\HelpView.cxx(2446): warning C4390: ';' : empty controlled statement found; is this the intent?
..\..\src\HelpView.cxx(2669): warning C4390: ';' : empty controlled statement found; is this the intent?
  HighlightButton.cxx
  Image.cxx
  Input.cxx
  InputBrowser.cxx
  InvisibleWidget.cxx
  Item.cxx
  key_name.cxx
  LightButton.cxx
  list_fonts.cxx
  load_plugin.cxx
  lock.cxx
  Generating Code...
  Compiling...
  Menu.cxx
  MenuBar.cxx
  MenuWindow.cxx
  Menu_add.cxx
  Menu_global.cxx
  Menu_popup.cxx
  message.cxx
..\..\src\message.cxx(237): warning C4244: '+=' : conversion from 'float' to 'int', possible loss of data
  MultiImage.cxx
  NumericInput.cxx
  numericsort.cxx
  Output.cxx
  OvalBox.cxx
  overlay_rect.cxx
  own_colormap.cxx
  PackedGroup.cxx
  path.cxx
  PlasticBox.cxx
  PopupMenu.cxx
  Preferences.cxx
..\..\src\Preferences.cxx(778): warning C4390: ';' : empty controlled statement found; is this the intent?
..\..\src\Preferences.cxx(779): warning C4390: ';' : empty controlled statement found; is this the intent?
..\..\src\Preferences.cxx(780): warning C4390: ';' : empty controlled statement found; is this the intent?
  ProgressBar.cxx
  Generating Code...
  Compiling...
  RadioButton.cxx
  readimage.cxx
  RepeatButton.cxx
  ReturnButton.cxx
  RoundBox.cxx
  RoundedBox.cxx
  run.cxx
d:\code\applications\mrviewer\dependencies\fltk-2.0-win32\src\win32/run.cxx(1247): warning C4273: 'TrackMouseEvent' : inconsistent dll linkage
          C:\Program Files (x86)\Windows Kits\8.1\Include\um\winuser.h(2658) : see previous definition of 'TrackMouseEvent'
  Scrollbar.cxx
  ScrollGroup.cxx
  scrollrect.cxx
  setcolor.cxx
  setdisplay.cxx
  setvisual.cxx
  ShadowBox.cxx
  ShapedWindow.cxx
  SharedImage.cxx
..\..\src\SharedImage.cxx(179): warning C4390: ';' : empty controlled statement found; is this the intent?
  ShortcutAssignment.cxx
  show_colormap.cxx
  Slider.cxx
..\..\src\Slider.cxx(306): warning C4244: '=' : conversion from 'int' to 'float', possible loss of data
..\..\src\Slider.cxx(322): warning C4244: '=' : conversion from 'int' to 'float', possible loss of data
..\..\src\Slider.cxx(342): warning C4244: '=' : conversion from 'int' to 'float', possible loss of data
..\..\src\Slider.cxx(352): warning C4244: '=' : conversion from 'int' to 'float', possible loss of data
  StatusBarGroup.cxx
  Generating Code...
  Compiling...
  StringList.cxx
  Style.cxx
  StyleSet.cxx
  Symbol.cxx
  TabGroup.cxx
  TabGroup2.cxx
  TextBuffer.cxx
  TextDisplay.cxx
  TextEditor.cxx
  ThumbWheel.cxx
  TiledGroup.cxx
  TiledImage.cxx
  Tooltip.cxx
  UpBox.cxx
  Valuator.cxx
  ValueInput.cxx
  ValueOutput.cxx
  ValueSlider.cxx
  Widget.cxx
  WidgetAssociation.cxx
  Generating Code...
  Compiling...
  Widget_draw.cxx
  WinMain.cxx
  Window.cxx
  Window_fullscreen.cxx
  Window_hotspot.cxx
  Window_iconize.cxx
  WizardGroup.cxx
  xbmImage.cxx
  xpmImage.cxx
  Generating Code...
  dump_compose.c
  scandir.c
  string.c
  utf.c
  vsnprintf.c
  Generating Code...
C:\Program Files (x86)\MSBuild\Microsoft.Cpp\v4.0\V120\Microsoft.CppBuild.targets(1193,5): warning MSB8012: TargetPath(d:\code\applications\mrViewer\dependencies\fltk-2.0-win32\ide\vcnet\.\..\..\lib\fltkdll.dll) does not match the Linker's OutputFile property value (d:\code\applications\mrViewer\dependencies\fltk-2.0-win32\lib\fltk2dll.dll). This may cause your project to build incorrectly. To correct this, please make sure that $(OutDir), $(TargetName) and $(TargetExt) property values match the value specified in %(Link.OutputFile).
C:\Program Files (x86)\MSBuild\Microsoft.Cpp\v4.0\V120\Microsoft.CppBuild.targets(1195,5): warning MSB8012: TargetName(fltkdll) does not match the Linker's OutputFile property value (fltk2dll). This may cause your project to build incorrectly. To correct this, please make sure that $(OutDir), $(TargetName) and $(TargetExt) property values match the value specified in %(Link.OutputFile).
     Creating library .\..\..\lib/fltk2dll.lib and object .\..\..\lib/fltk2dll.exp
  fltkdll.vcxproj -> d:\code\applications\mrViewer\dependencies\fltk-2.0-win32\ide\vcnet\.\..\..\lib\fltkdll.dll
