C:\Program Files (x86)\MSBuild\Microsoft.Cpp\v4.0\V120\Microsoft.CppBuild.targets(388,5): warning MSB8028: The intermediate directory (.\fltkdll\) contains files shared from another project (fltkdll.vcxproj).  This can lead to incorrect clean and rebuild behavior.
  FileIcon2.cxx
..\..\images\FileIcon2.cxx(91): warning C4273: 'fltk::FileIcon::load' : inconsistent dll linkage
          d:\code\applications\mrViewer\dependencies\fltk-2.0-win32\fltk/FileIcon.h(88) : see previous definition of 'load'
..\..\images\FileIcon2.cxx(111): warning C4273: 'fltk::FileIcon::load_fti' : inconsistent dll linkage
          d:\code\applications\mrViewer\dependencies\fltk-2.0-win32\fltk/FileIcon.h(105) : see previous definition of 'load_fti'
..\..\images\FileIcon2.cxx(323): warning C4273: 'fltk::FileIcon::load_system_icons' : inconsistent dll linkage
          d:\code\applications\mrViewer\dependencies\fltk-2.0-win32\fltk/FileIcon.h(96) : see previous definition of 'load_system_icons'
  Fl_Guess_Image.cxx
  fl_jpeg.cxx
  fl_png.cxx
  HelpDialog.cxx
  images_core.cxx
  pnmImage.cxx
..\..\images\pnmImage.cxx(164): warning C4390: ';' : empty controlled statement found; is this the intent?
  xpmFileImage.cxx
..\..\images\xpmFileImage.cxx(69): warning C4390: ';' : empty controlled statement found; is this the intent?
  Generating Code...
  jaricom.c
  jcapimin.c
  jcapistd.c
  jcarith.c
  jccoefct.c
  jccolor.c
  jcdctmgr.c
  jchuff.c
  jcinit.c
  jcmainct.c
  jcmarker.c
  jcmaster.c
  jcomapi.c
  jcparam.c
  jcprepct.c
  jcsample.c
  jctrans.c
  jdapimin.c
  jdapistd.c
  jdarith.c
  Generating Code...
  Compiling...
  jdatadst.c
  jdatasrc.c
  jdcoefct.c
  jdcolor.c
  jddctmgr.c
  jdhuff.c
  jdinput.c
  jdmainct.c
  jdmarker.c
  jdmaster.c
  jdmerge.c
  jdpostct.c
  jdsample.c
  jdtrans.c
  jerror.c
..\..\images\libjpeg\jerror.c(193): warning C4996: 'sprintf': This function or variable may be unsafe. Consider using sprintf_s instead. To disable deprecation, use _CRT_SECURE_NO_WARNINGS. See online help for details.
          C:\Program Files (x86)\Microsoft Visual Studio 12.0\VC\include\stdio.h(356) : see declaration of 'sprintf'
..\..\images\libjpeg\jerror.c(199): warning C4996: 'sprintf': This function or variable may be unsafe. Consider using sprintf_s instead. To disable deprecation, use _CRT_SECURE_NO_WARNINGS. See online help for details.
          C:\Program Files (x86)\Microsoft Visual Studio 12.0\VC\include\stdio.h(356) : see declaration of 'sprintf'
  jfdctflt.c
  jfdctfst.c
  jfdctint.c
  jidctflt.c
  jidctfst.c
  Generating Code...
  Compiling...
  jidctint.c
  jmemmgr.c
..\..\images\libjpeg\jmemmgr.c(1106): warning C4996: 'getenv': This function or variable may be unsafe. Consider using _dupenv_s instead. To disable deprecation, use _CRT_SECURE_NO_WARNINGS. See online help for details.
          C:\Program Files (x86)\Microsoft Visual Studio 12.0\VC\include\stdlib.h(462) : see declaration of 'getenv'
..\..\images\libjpeg\jmemmgr.c(1109): warning C4996: 'sscanf': This function or variable may be unsafe. Consider using sscanf_s instead. To disable deprecation, use _CRT_SECURE_NO_WARNINGS. See online help for details.
          C:\Program Files (x86)\Microsoft Visual Studio 12.0\VC\include\stdio.h(304) : see declaration of 'sscanf'
  jmemnobs.c
  jquant1.c
  jquant2.c
  jutils.c
  png.c
..\..\images\libpng\png.c(541): warning C4996: '_snprintf': This function or variable may be unsafe. Consider using _snprintf_s instead. To disable deprecation, use _CRT_SECURE_NO_WARNINGS. See online help for details.
          C:\Program Files (x86)\Microsoft Visual Studio 12.0\VC\include\stdio.h(346) : see declaration of '_snprintf'
  pngerror.c
  pngget.c
  pngmem.c
  pngpread.c
  pngread.c
..\..\images\libpng\pngread.c(138): warning C4996: '_snprintf': This function or variable may be unsafe. Consider using _snprintf_s instead. To disable deprecation, use _CRT_SECURE_NO_WARNINGS. See online help for details.
          C:\Program Files (x86)\Microsoft Visual Studio 12.0\VC\include\stdio.h(346) : see declaration of '_snprintf'
  pngrio.c
  pngrtran.c
..\..\images\libpng\pngrtran.c(1415): warning C4996: '_snprintf': This function or variable may be unsafe. Consider using _snprintf_s instead. To disable deprecation, use _CRT_SECURE_NO_WARNINGS. See online help for details.
          C:\Program Files (x86)\Microsoft Visual Studio 12.0\VC\include\stdio.h(346) : see declaration of '_snprintf'
  pngrutil.c
..\..\images\libpng\pngrutil.c(399): warning C4996: '_snprintf': This function or variable may be unsafe. Consider using _snprintf_s instead. To disable deprecation, use _CRT_SECURE_NO_WARNINGS. See online help for details.
          C:\Program Files (x86)\Microsoft Visual Studio 12.0\VC\include\stdio.h(346) : see declaration of '_snprintf'
..\..\images\libpng\pngrutil.c(507): warning C4996: '_snprintf': This function or variable may be unsafe. Consider using _snprintf_s instead. To disable deprecation, use _CRT_SECURE_NO_WARNINGS. See online help for details.
          C:\Program Files (x86)\Microsoft Visual Studio 12.0\VC\include\stdio.h(346) : see declaration of '_snprintf'
..\..\images\libpng\pngrutil.c(1253): warning C4996: '_snprintf': This function or variable may be unsafe. Consider using _snprintf_s instead. To disable deprecation, use _CRT_SECURE_NO_WARNINGS. See online help for details.
          C:\Program Files (x86)\Microsoft Visual Studio 12.0\VC\include\stdio.h(346) : see declaration of '_snprintf'
  pngset.c
  pngtrans.c
  pngwio.c
  pngwrite.c
..\..\images\libpng\pngwrite.c(434): warning C4996: 'gmtime': This function or variable may be unsafe. Consider using gmtime_s instead. To disable deprecation, use _CRT_SECURE_NO_WARNINGS. See online help for details.
          C:\Program Files (x86)\Microsoft Visual Studio 12.0\VC\include\time.inl(99) : see declaration of 'gmtime'
..\..\images\libpng\pngwrite.c(537): warning C4996: '_snprintf': This function or variable may be unsafe. Consider using _snprintf_s instead. To disable deprecation, use _CRT_SECURE_NO_WARNINGS. See online help for details.
          C:\Program Files (x86)\Microsoft Visual Studio 12.0\VC\include\stdio.h(346) : see declaration of '_snprintf'
  pngwtran.c
  Generating Code...
  Compiling...
  pngwutil.c
..\..\images\libpng\pngwutil.c(237): warning C4996: '_snprintf': This function or variable may be unsafe. Consider using _snprintf_s instead. To disable deprecation, use _CRT_SECURE_NO_WARNINGS. See online help for details.
          C:\Program Files (x86)\Microsoft Visual Studio 12.0\VC\include\stdio.h(346) : see declaration of '_snprintf'
..\..\images\libpng\pngwutil.c(1320): warning C4996: '_snprintf': This function or variable may be unsafe. Consider using _snprintf_s instead. To disable deprecation, use _CRT_SECURE_NO_WARNINGS. See online help for details.
          C:\Program Files (x86)\Microsoft Visual Studio 12.0\VC\include\stdio.h(346) : see declaration of '_snprintf'
  adler32.c
  compress.c
  crc32.c
  deflate.c
  gzclose.c
  gzlib.c
..\..\images\zlib\gzlib.c(156): warning C4996: 'strcpy': This function or variable may be unsafe. Consider using strcpy_s instead. To disable deprecation, use _CRT_SECURE_NO_WARNINGS. See online help for details.
          C:\Program Files (x86)\Microsoft Visual Studio 12.0\VC\include\string.h(112) : see declaration of 'strcpy'
..\..\images\zlib\gzlib.c(173): warning C4996: 'open': The POSIX name for this item is deprecated. Instead, use the ISO C++ conformant name: _open. See online help for details.
          C:\Program Files (x86)\Microsoft Visual Studio 12.0\VC\include\io.h(336) : see declaration of 'open'
..\..\images\zlib\gzlib.c(184): warning C4996: 'lseek': The POSIX name for this item is deprecated. Instead, use the ISO C++ conformant name: _lseek. See online help for details.
          C:\Program Files (x86)\Microsoft Visual Studio 12.0\VC\include\io.h(334) : see declaration of 'lseek'
..\..\images\zlib\gzlib.c(221): warning C4996: 'sprintf': This function or variable may be unsafe. Consider using sprintf_s instead. To disable deprecation, use _CRT_SECURE_NO_WARNINGS. See online help for details.
          C:\Program Files (x86)\Microsoft Visual Studio 12.0\VC\include\stdio.h(356) : see declaration of 'sprintf'
..\..\images\zlib\gzlib.c(268): warning C4996: 'lseek': The POSIX name for this item is deprecated. Instead, use the ISO C++ conformant name: _lseek. See online help for details.
          C:\Program Files (x86)\Microsoft Visual Studio 12.0\VC\include\io.h(334) : see declaration of 'lseek'
..\..\images\zlib\gzlib.c(309): warning C4996: 'lseek': The POSIX name for this item is deprecated. Instead, use the ISO C++ conformant name: _lseek. See online help for details.
          C:\Program Files (x86)\Microsoft Visual Studio 12.0\VC\include\io.h(334) : see declaration of 'lseek'
..\..\images\zlib\gzlib.c(404): warning C4996: 'lseek': The POSIX name for this item is deprecated. Instead, use the ISO C++ conformant name: _lseek. See online help for details.
          C:\Program Files (x86)\Microsoft Visual Studio 12.0\VC\include\io.h(334) : see declaration of 'lseek'
..\..\images\zlib\gzlib.c(514): warning C4996: 'strcpy': This function or variable may be unsafe. Consider using strcpy_s instead. To disable deprecation, use _CRT_SECURE_NO_WARNINGS. See online help for details.
          C:\Program Files (x86)\Microsoft Visual Studio 12.0\VC\include\string.h(112) : see declaration of 'strcpy'
..\..\images\zlib\gzlib.c(515): warning C4996: 'strcat': This function or variable may be unsafe. Consider using strcat_s instead. To disable deprecation, use _CRT_SECURE_NO_WARNINGS. See online help for details.
          C:\Program Files (x86)\Microsoft Visual Studio 12.0\VC\include\string.h(118) : see declaration of 'strcat'
..\..\images\zlib\gzlib.c(516): warning C4996: 'strcat': This function or variable may be unsafe. Consider using strcat_s instead. To disable deprecation, use _CRT_SECURE_NO_WARNINGS. See online help for details.
          C:\Program Files (x86)\Microsoft Visual Studio 12.0\VC\include\string.h(118) : see declaration of 'strcat'
  gzread.c
..\..\images\zlib\gzread.c(31): warning C4996: 'read': The POSIX name for this item is deprecated. Instead, use the ISO C++ conformant name: _read. See online help for details.
          C:\Program Files (x86)\Microsoft Visual Studio 12.0\VC\include\io.h(337) : see declaration of 'read'
..\..\images\zlib\gzread.c(37): warning C4996: 'strerror': This function or variable may be unsafe. Consider using strerror_s instead. To disable deprecation, use _CRT_SECURE_NO_WARNINGS. See online help for details.
          C:\Program Files (x86)\Microsoft Visual Studio 12.0\VC\include\string.h(168) : see declaration of 'strerror'
..\..\images\zlib\gzread.c(650): warning C4996: 'close': The POSIX name for this item is deprecated. Instead, use the ISO C++ conformant name: _close. See online help for details.
          C:\Program Files (x86)\Microsoft Visual Studio 12.0\VC\include\io.h(326) : see declaration of 'close'
  gzwrite.c
..\..\images\zlib\gzwrite.c(80): warning C4996: 'write': The POSIX name for this item is deprecated. Instead, use the ISO C++ conformant name: _write. See online help for details.
          C:\Program Files (x86)\Microsoft Visual Studio 12.0\VC\include\io.h(342) : see declaration of 'write'
..\..\images\zlib\gzwrite.c(81): warning C4996: 'strerror': This function or variable may be unsafe. Consider using strerror_s instead. To disable deprecation, use _CRT_SECURE_NO_WARNINGS. See online help for details.
          C:\Program Files (x86)\Microsoft Visual Studio 12.0\VC\include\string.h(168) : see declaration of 'strerror'
..\..\images\zlib\gzwrite.c(333): warning C4996: '_vsnprintf': This function or variable may be unsafe. Consider using _vsnprintf_s instead. To disable deprecation, use _CRT_SECURE_NO_WARNINGS. See online help for details.
          C:\Program Files (x86)\Microsoft Visual Studio 12.0\VC\include\stdio.h(346) : see declaration of '_vsnprintf'
..\..\images\zlib\gzwrite.c(528): warning C4996: 'close': The POSIX name for this item is deprecated. Instead, use the ISO C++ conformant name: _close. See online help for details.
          C:\Program Files (x86)\Microsoft Visual Studio 12.0\VC\include\io.h(326) : see declaration of 'close'
  infback.c
  inffast.c
  inflate.c
  inftrees.c
  trees.c
  uncompr.c
  zutil.c
  Generating Code...
C:\Program Files (x86)\MSBuild\Microsoft.Cpp\v4.0\V120\Microsoft.CppBuild.targets(1193,5): warning MSB8012: TargetPath(d:\code\applications\mrViewer\dependencies\fltk-2.0-win32\ide\vcnet\.\..\..\lib\fltkdll_images.dll) does not match the Linker's OutputFile property value (d:\code\applications\mrViewer\dependencies\fltk-2.0-win32\lib\fltk2dll_images.dll). This may cause your project to build incorrectly. To correct this, please make sure that $(OutDir), $(TargetName) and $(TargetExt) property values match the value specified in %(Link.OutputFile).
C:\Program Files (x86)\MSBuild\Microsoft.Cpp\v4.0\V120\Microsoft.CppBuild.targets(1195,5): warning MSB8012: TargetName(fltkdll_images) does not match the Linker's OutputFile property value (fltk2dll_images). This may cause your project to build incorrectly. To correct this, please make sure that $(OutDir), $(TargetName) and $(TargetExt) property values match the value specified in %(Link.OutputFile).
     Creating library .\..\..\lib/fltk2dll_images.lib and object .\..\..\lib/fltk2dll_images.exp
  fltkdll_images.vcxproj -> d:\code\applications\mrViewer\dependencies\fltk-2.0-win32\ide\vcnet\.\..\..\lib\fltkdll_images.dll
