d:\code\applications\mrviewer\dependencies\fltk-2.0-win32\ide\vcnet\fltkdll\vc120.pdb
d:\code\applications\mrviewer\dependencies\fltk-2.0-win32\ide\vcnet\fltkdll\xpmfileimage.obj
d:\code\applications\mrviewer\dependencies\fltk-2.0-win32\ide\vcnet\fltkdll\pnmimage.obj
d:\code\applications\mrviewer\dependencies\fltk-2.0-win32\ide\vcnet\fltkdll\images_core.obj
d:\code\applications\mrviewer\dependencies\fltk-2.0-win32\ide\vcnet\fltkdll\helpdialog.obj
d:\code\applications\mrviewer\dependencies\fltk-2.0-win32\ide\vcnet\fltkdll\fl_png.obj
d:\code\applications\mrviewer\dependencies\fltk-2.0-win32\ide\vcnet\fltkdll\fl_jpeg.obj
d:\code\applications\mrviewer\dependencies\fltk-2.0-win32\ide\vcnet\fltkdll\fl_guess_image.obj
d:\code\applications\mrviewer\dependencies\fltk-2.0-win32\ide\vcnet\fltkdll\fileicon2.obj
d:\code\applications\mrviewer\dependencies\fltk-2.0-win32\ide\vcnet\fltkdll\jdarith.obj
d:\code\applications\mrviewer\dependencies\fltk-2.0-win32\ide\vcnet\fltkdll\jdapistd.obj
d:\code\applications\mrviewer\dependencies\fltk-2.0-win32\ide\vcnet\fltkdll\jdapimin.obj
d:\code\applications\mrviewer\dependencies\fltk-2.0-win32\ide\vcnet\fltkdll\jctrans.obj
d:\code\applications\mrviewer\dependencies\fltk-2.0-win32\ide\vcnet\fltkdll\jcsample.obj
d:\code\applications\mrviewer\dependencies\fltk-2.0-win32\ide\vcnet\fltkdll\jcprepct.obj
d:\code\applications\mrviewer\dependencies\fltk-2.0-win32\ide\vcnet\fltkdll\jcparam.obj
d:\code\applications\mrviewer\dependencies\fltk-2.0-win32\ide\vcnet\fltkdll\jcomapi.obj
d:\code\applications\mrviewer\dependencies\fltk-2.0-win32\ide\vcnet\fltkdll\jcmaster.obj
d:\code\applications\mrviewer\dependencies\fltk-2.0-win32\ide\vcnet\fltkdll\jcmarker.obj
d:\code\applications\mrviewer\dependencies\fltk-2.0-win32\ide\vcnet\fltkdll\jcmainct.obj
d:\code\applications\mrviewer\dependencies\fltk-2.0-win32\ide\vcnet\fltkdll\jcinit.obj
d:\code\applications\mrviewer\dependencies\fltk-2.0-win32\ide\vcnet\fltkdll\jchuff.obj
d:\code\applications\mrviewer\dependencies\fltk-2.0-win32\ide\vcnet\fltkdll\jcdctmgr.obj
d:\code\applications\mrviewer\dependencies\fltk-2.0-win32\ide\vcnet\fltkdll\jccolor.obj
d:\code\applications\mrviewer\dependencies\fltk-2.0-win32\ide\vcnet\fltkdll\jccoefct.obj
d:\code\applications\mrviewer\dependencies\fltk-2.0-win32\ide\vcnet\fltkdll\jcarith.obj
d:\code\applications\mrviewer\dependencies\fltk-2.0-win32\ide\vcnet\fltkdll\jcapistd.obj
d:\code\applications\mrviewer\dependencies\fltk-2.0-win32\ide\vcnet\fltkdll\jcapimin.obj
d:\code\applications\mrviewer\dependencies\fltk-2.0-win32\ide\vcnet\fltkdll\jaricom.obj
d:\code\applications\mrviewer\dependencies\fltk-2.0-win32\ide\vcnet\fltkdll\jidctfst.obj
d:\code\applications\mrviewer\dependencies\fltk-2.0-win32\ide\vcnet\fltkdll\jidctflt.obj
d:\code\applications\mrviewer\dependencies\fltk-2.0-win32\ide\vcnet\fltkdll\jfdctint.obj
d:\code\applications\mrviewer\dependencies\fltk-2.0-win32\ide\vcnet\fltkdll\jfdctfst.obj
d:\code\applications\mrviewer\dependencies\fltk-2.0-win32\ide\vcnet\fltkdll\jfdctflt.obj
d:\code\applications\mrviewer\dependencies\fltk-2.0-win32\ide\vcnet\fltkdll\jerror.obj
d:\code\applications\mrviewer\dependencies\fltk-2.0-win32\ide\vcnet\fltkdll\jdtrans.obj
d:\code\applications\mrviewer\dependencies\fltk-2.0-win32\ide\vcnet\fltkdll\jdsample.obj
d:\code\applications\mrviewer\dependencies\fltk-2.0-win32\ide\vcnet\fltkdll\jdpostct.obj
d:\code\applications\mrviewer\dependencies\fltk-2.0-win32\ide\vcnet\fltkdll\jdmerge.obj
d:\code\applications\mrviewer\dependencies\fltk-2.0-win32\ide\vcnet\fltkdll\jdmaster.obj
d:\code\applications\mrviewer\dependencies\fltk-2.0-win32\ide\vcnet\fltkdll\jdmarker.obj
d:\code\applications\mrviewer\dependencies\fltk-2.0-win32\ide\vcnet\fltkdll\jdmainct.obj
d:\code\applications\mrviewer\dependencies\fltk-2.0-win32\ide\vcnet\fltkdll\jdinput.obj
d:\code\applications\mrviewer\dependencies\fltk-2.0-win32\ide\vcnet\fltkdll\jdhuff.obj
d:\code\applications\mrviewer\dependencies\fltk-2.0-win32\ide\vcnet\fltkdll\jddctmgr.obj
d:\code\applications\mrviewer\dependencies\fltk-2.0-win32\ide\vcnet\fltkdll\jdcolor.obj
d:\code\applications\mrviewer\dependencies\fltk-2.0-win32\ide\vcnet\fltkdll\jdcoefct.obj
d:\code\applications\mrviewer\dependencies\fltk-2.0-win32\ide\vcnet\fltkdll\jdatasrc.obj
d:\code\applications\mrviewer\dependencies\fltk-2.0-win32\ide\vcnet\fltkdll\jdatadst.obj
d:\code\applications\mrviewer\dependencies\fltk-2.0-win32\ide\vcnet\fltkdll\pngwtran.obj
d:\code\applications\mrviewer\dependencies\fltk-2.0-win32\ide\vcnet\fltkdll\pngwrite.obj
d:\code\applications\mrviewer\dependencies\fltk-2.0-win32\ide\vcnet\fltkdll\pngwio.obj
d:\code\applications\mrviewer\dependencies\fltk-2.0-win32\ide\vcnet\fltkdll\pngtrans.obj
d:\code\applications\mrviewer\dependencies\fltk-2.0-win32\ide\vcnet\fltkdll\pngset.obj
d:\code\applications\mrviewer\dependencies\fltk-2.0-win32\ide\vcnet\fltkdll\pngrutil.obj
d:\code\applications\mrviewer\dependencies\fltk-2.0-win32\ide\vcnet\fltkdll\pngrtran.obj
d:\code\applications\mrviewer\dependencies\fltk-2.0-win32\ide\vcnet\fltkdll\pngrio.obj
d:\code\applications\mrviewer\dependencies\fltk-2.0-win32\ide\vcnet\fltkdll\pngread.obj
d:\code\applications\mrviewer\dependencies\fltk-2.0-win32\ide\vcnet\fltkdll\pngpread.obj
d:\code\applications\mrviewer\dependencies\fltk-2.0-win32\ide\vcnet\fltkdll\pngmem.obj
d:\code\applications\mrviewer\dependencies\fltk-2.0-win32\ide\vcnet\fltkdll\pngget.obj
d:\code\applications\mrviewer\dependencies\fltk-2.0-win32\ide\vcnet\fltkdll\pngerror.obj
d:\code\applications\mrviewer\dependencies\fltk-2.0-win32\ide\vcnet\fltkdll\png.obj
d:\code\applications\mrviewer\dependencies\fltk-2.0-win32\ide\vcnet\fltkdll\jutils.obj
d:\code\applications\mrviewer\dependencies\fltk-2.0-win32\ide\vcnet\fltkdll\jquant2.obj
d:\code\applications\mrviewer\dependencies\fltk-2.0-win32\ide\vcnet\fltkdll\jquant1.obj
d:\code\applications\mrviewer\dependencies\fltk-2.0-win32\ide\vcnet\fltkdll\jmemnobs.obj
d:\code\applications\mrviewer\dependencies\fltk-2.0-win32\ide\vcnet\fltkdll\jmemmgr.obj
d:\code\applications\mrviewer\dependencies\fltk-2.0-win32\ide\vcnet\fltkdll\jidctint.obj
d:\code\applications\mrviewer\dependencies\fltk-2.0-win32\ide\vcnet\fltkdll\zutil.obj
d:\code\applications\mrviewer\dependencies\fltk-2.0-win32\ide\vcnet\fltkdll\uncompr.obj
d:\code\applications\mrviewer\dependencies\fltk-2.0-win32\ide\vcnet\fltkdll\trees.obj
d:\code\applications\mrviewer\dependencies\fltk-2.0-win32\ide\vcnet\fltkdll\inftrees.obj
d:\code\applications\mrviewer\dependencies\fltk-2.0-win32\ide\vcnet\fltkdll\inflate.obj
d:\code\applications\mrviewer\dependencies\fltk-2.0-win32\ide\vcnet\fltkdll\inffast.obj
d:\code\applications\mrviewer\dependencies\fltk-2.0-win32\ide\vcnet\fltkdll\infback.obj
d:\code\applications\mrviewer\dependencies\fltk-2.0-win32\ide\vcnet\fltkdll\gzwrite.obj
d:\code\applications\mrviewer\dependencies\fltk-2.0-win32\ide\vcnet\fltkdll\gzread.obj
d:\code\applications\mrviewer\dependencies\fltk-2.0-win32\ide\vcnet\fltkdll\gzlib.obj
d:\code\applications\mrviewer\dependencies\fltk-2.0-win32\ide\vcnet\fltkdll\gzclose.obj
d:\code\applications\mrviewer\dependencies\fltk-2.0-win32\ide\vcnet\fltkdll\deflate.obj
d:\code\applications\mrviewer\dependencies\fltk-2.0-win32\ide\vcnet\fltkdll\crc32.obj
d:\code\applications\mrviewer\dependencies\fltk-2.0-win32\ide\vcnet\fltkdll\compress.obj
d:\code\applications\mrviewer\dependencies\fltk-2.0-win32\ide\vcnet\fltkdll\adler32.obj
d:\code\applications\mrviewer\dependencies\fltk-2.0-win32\ide\vcnet\fltkdll\pngwutil.obj
d:\code\applications\mrviewer\dependencies\fltk-2.0-win32\lib\fltk2dll_images.lib
d:\code\applications\mrviewer\dependencies\fltk-2.0-win32\lib\fltk2dll_images.exp
d:\code\applications\mrviewer\dependencies\fltk-2.0-win32\lib\fltk2dll_images.dll
d:\code\applications\mrviewer\dependencies\fltk-2.0-win32\ide\vcnet\fltkdll\addarc.obj
d:\code\applications\mrviewer\dependencies\fltk-2.0-win32\ide\vcnet\fltkdll\addcurve.obj
d:\code\applications\mrviewer\dependencies\fltk-2.0-win32\ide\vcnet\fltkdll\add_idle.obj
d:\code\applications\mrviewer\dependencies\fltk-2.0-win32\ide\vcnet\fltkdll\adjuster.obj
d:\code\applications\mrviewer\dependencies\fltk-2.0-win32\ide\vcnet\fltkdll\aligngroup.obj
d:\code\applications\mrviewer\dependencies\fltk-2.0-win32\ide\vcnet\fltkdll\args.obj
d:\code\applications\mrviewer\dependencies\fltk-2.0-win32\ide\vcnet\fltkdll\bargroup.obj
d:\code\applications\mrviewer\dependencies\fltk-2.0-win32\ide\vcnet\fltkdll\bmpimage.obj
d:\code\applications\mrviewer\dependencies\fltk-2.0-win32\ide\vcnet\fltkdll\browser.obj
d:\code\applications\mrviewer\dependencies\fltk-2.0-win32\ide\vcnet\fltkdll\button.obj
d:\code\applications\mrviewer\dependencies\fltk-2.0-win32\ide\vcnet\fltkdll\checkbutton.obj
d:\code\applications\mrviewer\dependencies\fltk-2.0-win32\ide\vcnet\fltkdll\choice.obj
d:\code\applications\mrviewer\dependencies\fltk-2.0-win32\ide\vcnet\fltkdll\clip.obj
d:\code\applications\mrviewer\dependencies\fltk-2.0-win32\ide\vcnet\fltkdll\clock.obj
d:\code\applications\mrviewer\dependencies\fltk-2.0-win32\ide\vcnet\fltkdll\color.obj
d:\code\applications\mrviewer\dependencies\fltk-2.0-win32\ide\vcnet\fltkdll\color_chooser.obj
d:\code\applications\mrviewer\dependencies\fltk-2.0-win32\ide\vcnet\fltkdll\combobox.obj
d:\code\applications\mrviewer\dependencies\fltk-2.0-win32\ide\vcnet\fltkdll\compose.obj
d:\code\applications\mrviewer\dependencies\fltk-2.0-win32\ide\vcnet\fltkdll\cursor.obj
d:\code\applications\mrviewer\dependencies\fltk-2.0-win32\ide\vcnet\fltkdll\cyclebutton.obj
d:\code\applications\mrviewer\dependencies\fltk-2.0-win32\ide\vcnet\fltkdll\default_glyph.obj
d:\code\applications\mrviewer\dependencies\fltk-2.0-win32\ide\vcnet\fltkdll\dial.obj
d:\code\applications\mrviewer\dependencies\fltk-2.0-win32\ide\vcnet\fltkdll\diamondbox.obj
d:\code\applications\mrviewer\dependencies\fltk-2.0-win32\ide\vcnet\fltkdll\dnd.obj
d:\code\applications\mrviewer\dependencies\fltk-2.0-win32\ide\vcnet\fltkdll\drawtext.obj
d:\code\applications\mrviewer\dependencies\fltk-2.0-win32\ide\vcnet\fltkdll\dump_compose.obj
d:\code\applications\mrviewer\dependencies\fltk-2.0-win32\ide\vcnet\fltkdll\engravedlabel.obj
d:\code\applications\mrviewer\dependencies\fltk-2.0-win32\ide\vcnet\fltkdll\error.obj
d:\code\applications\mrviewer\dependencies\fltk-2.0-win32\ide\vcnet\fltkdll\event_key_state.obj
d:\code\applications\mrviewer\dependencies\fltk-2.0-win32\ide\vcnet\fltkdll\filebrowser.obj
d:\code\applications\mrviewer\dependencies\fltk-2.0-win32\ide\vcnet\fltkdll\filechooser.obj
d:\code\applications\mrviewer\dependencies\fltk-2.0-win32\ide\vcnet\fltkdll\filechooser2.obj
d:\code\applications\mrviewer\dependencies\fltk-2.0-win32\ide\vcnet\fltkdll\fileicon.obj
d:\code\applications\mrviewer\dependencies\fltk-2.0-win32\ide\vcnet\fltkdll\fileinput.obj
d:\code\applications\mrviewer\dependencies\fltk-2.0-win32\ide\vcnet\fltkdll\filename_absolute.obj
d:\code\applications\mrviewer\dependencies\fltk-2.0-win32\ide\vcnet\fltkdll\filename_ext.obj
d:\code\applications\mrviewer\dependencies\fltk-2.0-win32\ide\vcnet\fltkdll\filename_isdir.obj
d:\code\applications\mrviewer\dependencies\fltk-2.0-win32\ide\vcnet\fltkdll\filename_list.obj
d:\code\applications\mrviewer\dependencies\fltk-2.0-win32\ide\vcnet\fltkdll\filename_match.obj
d:\code\applications\mrviewer\dependencies\fltk-2.0-win32\ide\vcnet\fltkdll\filename_name.obj
d:\code\applications\mrviewer\dependencies\fltk-2.0-win32\ide\vcnet\fltkdll\file_chooser.obj
d:\code\applications\mrviewer\dependencies\fltk-2.0-win32\ide\vcnet\fltkdll\fillrect.obj
d:\code\applications\mrviewer\dependencies\fltk-2.0-win32\ide\vcnet\fltkdll\floatinput.obj
d:\code\applications\mrviewer\dependencies\fltk-2.0-win32\ide\vcnet\fltkdll\fltk_theme.obj
d:\code\applications\mrviewer\dependencies\fltk-2.0-win32\ide\vcnet\fltkdll\fl_menu_item.obj
d:\code\applications\mrviewer\dependencies\fltk-2.0-win32\ide\vcnet\fltkdll\font.obj
d:\code\applications\mrviewer\dependencies\fltk-2.0-win32\ide\vcnet\fltkdll\gifimage.obj
d:\code\applications\mrviewer\dependencies\fltk-2.0-win32\ide\vcnet\fltkdll\group.obj
d:\code\applications\mrviewer\dependencies\fltk-2.0-win32\ide\vcnet\fltkdll\gsave.obj
d:\code\applications\mrviewer\dependencies\fltk-2.0-win32\ide\vcnet\fltkdll\helpview.obj
d:\code\applications\mrviewer\dependencies\fltk-2.0-win32\ide\vcnet\fltkdll\highlightbutton.obj
d:\code\applications\mrviewer\dependencies\fltk-2.0-win32\ide\vcnet\fltkdll\image.obj
d:\code\applications\mrviewer\dependencies\fltk-2.0-win32\ide\vcnet\fltkdll\input.obj
d:\code\applications\mrviewer\dependencies\fltk-2.0-win32\ide\vcnet\fltkdll\inputbrowser.obj
d:\code\applications\mrviewer\dependencies\fltk-2.0-win32\ide\vcnet\fltkdll\invisiblewidget.obj
d:\code\applications\mrviewer\dependencies\fltk-2.0-win32\ide\vcnet\fltkdll\item.obj
d:\code\applications\mrviewer\dependencies\fltk-2.0-win32\ide\vcnet\fltkdll\key_name.obj
d:\code\applications\mrviewer\dependencies\fltk-2.0-win32\ide\vcnet\fltkdll\lightbutton.obj
d:\code\applications\mrviewer\dependencies\fltk-2.0-win32\ide\vcnet\fltkdll\list_fonts.obj
d:\code\applications\mrviewer\dependencies\fltk-2.0-win32\ide\vcnet\fltkdll\load_plugin.obj
d:\code\applications\mrviewer\dependencies\fltk-2.0-win32\ide\vcnet\fltkdll\lock.obj
d:\code\applications\mrviewer\dependencies\fltk-2.0-win32\ide\vcnet\fltkdll\menu.obj
d:\code\applications\mrviewer\dependencies\fltk-2.0-win32\ide\vcnet\fltkdll\menubar.obj
d:\code\applications\mrviewer\dependencies\fltk-2.0-win32\ide\vcnet\fltkdll\menuwindow.obj
d:\code\applications\mrviewer\dependencies\fltk-2.0-win32\ide\vcnet\fltkdll\menu_add.obj
d:\code\applications\mrviewer\dependencies\fltk-2.0-win32\ide\vcnet\fltkdll\menu_global.obj
d:\code\applications\mrviewer\dependencies\fltk-2.0-win32\ide\vcnet\fltkdll\menu_popup.obj
d:\code\applications\mrviewer\dependencies\fltk-2.0-win32\ide\vcnet\fltkdll\message.obj
d:\code\applications\mrviewer\dependencies\fltk-2.0-win32\ide\vcnet\fltkdll\multiimage.obj
d:\code\applications\mrviewer\dependencies\fltk-2.0-win32\ide\vcnet\fltkdll\numericinput.obj
d:\code\applications\mrviewer\dependencies\fltk-2.0-win32\ide\vcnet\fltkdll\numericsort.obj
d:\code\applications\mrviewer\dependencies\fltk-2.0-win32\ide\vcnet\fltkdll\output.obj
d:\code\applications\mrviewer\dependencies\fltk-2.0-win32\ide\vcnet\fltkdll\ovalbox.obj
d:\code\applications\mrviewer\dependencies\fltk-2.0-win32\ide\vcnet\fltkdll\overlay_rect.obj
d:\code\applications\mrviewer\dependencies\fltk-2.0-win32\ide\vcnet\fltkdll\own_colormap.obj
d:\code\applications\mrviewer\dependencies\fltk-2.0-win32\ide\vcnet\fltkdll\packedgroup.obj
d:\code\applications\mrviewer\dependencies\fltk-2.0-win32\ide\vcnet\fltkdll\path.obj
d:\code\applications\mrviewer\dependencies\fltk-2.0-win32\ide\vcnet\fltkdll\plasticbox.obj
d:\code\applications\mrviewer\dependencies\fltk-2.0-win32\ide\vcnet\fltkdll\popupmenu.obj
d:\code\applications\mrviewer\dependencies\fltk-2.0-win32\ide\vcnet\fltkdll\preferences.obj
d:\code\applications\mrviewer\dependencies\fltk-2.0-win32\ide\vcnet\fltkdll\progressbar.obj
d:\code\applications\mrviewer\dependencies\fltk-2.0-win32\ide\vcnet\fltkdll\radiobutton.obj
d:\code\applications\mrviewer\dependencies\fltk-2.0-win32\ide\vcnet\fltkdll\readimage.obj
d:\code\applications\mrviewer\dependencies\fltk-2.0-win32\ide\vcnet\fltkdll\repeatbutton.obj
d:\code\applications\mrviewer\dependencies\fltk-2.0-win32\ide\vcnet\fltkdll\returnbutton.obj
d:\code\applications\mrviewer\dependencies\fltk-2.0-win32\ide\vcnet\fltkdll\roundbox.obj
d:\code\applications\mrviewer\dependencies\fltk-2.0-win32\ide\vcnet\fltkdll\roundedbox.obj
d:\code\applications\mrviewer\dependencies\fltk-2.0-win32\ide\vcnet\fltkdll\run.obj
d:\code\applications\mrviewer\dependencies\fltk-2.0-win32\ide\vcnet\fltkdll\scandir.obj
d:\code\applications\mrviewer\dependencies\fltk-2.0-win32\ide\vcnet\fltkdll\scrollbar.obj
d:\code\applications\mrviewer\dependencies\fltk-2.0-win32\ide\vcnet\fltkdll\scrollgroup.obj
d:\code\applications\mrviewer\dependencies\fltk-2.0-win32\ide\vcnet\fltkdll\scrollrect.obj
d:\code\applications\mrviewer\dependencies\fltk-2.0-win32\ide\vcnet\fltkdll\setcolor.obj
d:\code\applications\mrviewer\dependencies\fltk-2.0-win32\ide\vcnet\fltkdll\setdisplay.obj
d:\code\applications\mrviewer\dependencies\fltk-2.0-win32\ide\vcnet\fltkdll\setvisual.obj
d:\code\applications\mrviewer\dependencies\fltk-2.0-win32\ide\vcnet\fltkdll\shadowbox.obj
d:\code\applications\mrviewer\dependencies\fltk-2.0-win32\ide\vcnet\fltkdll\shapedwindow.obj
d:\code\applications\mrviewer\dependencies\fltk-2.0-win32\ide\vcnet\fltkdll\sharedimage.obj
d:\code\applications\mrviewer\dependencies\fltk-2.0-win32\ide\vcnet\fltkdll\shortcutassignment.obj
d:\code\applications\mrviewer\dependencies\fltk-2.0-win32\ide\vcnet\fltkdll\show_colormap.obj
d:\code\applications\mrviewer\dependencies\fltk-2.0-win32\ide\vcnet\fltkdll\slider.obj
d:\code\applications\mrviewer\dependencies\fltk-2.0-win32\ide\vcnet\fltkdll\statusbargroup.obj
d:\code\applications\mrviewer\dependencies\fltk-2.0-win32\ide\vcnet\fltkdll\string.obj
d:\code\applications\mrviewer\dependencies\fltk-2.0-win32\ide\vcnet\fltkdll\stringlist.obj
d:\code\applications\mrviewer\dependencies\fltk-2.0-win32\ide\vcnet\fltkdll\style.obj
d:\code\applications\mrviewer\dependencies\fltk-2.0-win32\ide\vcnet\fltkdll\styleset.obj
d:\code\applications\mrviewer\dependencies\fltk-2.0-win32\ide\vcnet\fltkdll\symbol.obj
d:\code\applications\mrviewer\dependencies\fltk-2.0-win32\ide\vcnet\fltkdll\tabgroup.obj
d:\code\applications\mrviewer\dependencies\fltk-2.0-win32\ide\vcnet\fltkdll\tabgroup2.obj
d:\code\applications\mrviewer\dependencies\fltk-2.0-win32\ide\vcnet\fltkdll\textbuffer.obj
d:\code\applications\mrviewer\dependencies\fltk-2.0-win32\ide\vcnet\fltkdll\textdisplay.obj
d:\code\applications\mrviewer\dependencies\fltk-2.0-win32\ide\vcnet\fltkdll\texteditor.obj
d:\code\applications\mrviewer\dependencies\fltk-2.0-win32\ide\vcnet\fltkdll\thumbwheel.obj
d:\code\applications\mrviewer\dependencies\fltk-2.0-win32\ide\vcnet\fltkdll\tiledgroup.obj
d:\code\applications\mrviewer\dependencies\fltk-2.0-win32\ide\vcnet\fltkdll\tiledimage.obj
d:\code\applications\mrviewer\dependencies\fltk-2.0-win32\ide\vcnet\fltkdll\tooltip.obj
d:\code\applications\mrviewer\dependencies\fltk-2.0-win32\ide\vcnet\fltkdll\upbox.obj
d:\code\applications\mrviewer\dependencies\fltk-2.0-win32\ide\vcnet\fltkdll\utf.obj
d:\code\applications\mrviewer\dependencies\fltk-2.0-win32\ide\vcnet\fltkdll\valuator.obj
d:\code\applications\mrviewer\dependencies\fltk-2.0-win32\ide\vcnet\fltkdll\valueinput.obj
d:\code\applications\mrviewer\dependencies\fltk-2.0-win32\ide\vcnet\fltkdll\valueoutput.obj
d:\code\applications\mrviewer\dependencies\fltk-2.0-win32\ide\vcnet\fltkdll\valueslider.obj
d:\code\applications\mrviewer\dependencies\fltk-2.0-win32\ide\vcnet\fltkdll\vsnprintf.obj
d:\code\applications\mrviewer\dependencies\fltk-2.0-win32\ide\vcnet\fltkdll\widget.obj
d:\code\applications\mrviewer\dependencies\fltk-2.0-win32\ide\vcnet\fltkdll\widgetassociation.obj
d:\code\applications\mrviewer\dependencies\fltk-2.0-win32\ide\vcnet\fltkdll\widget_draw.obj
d:\code\applications\mrviewer\dependencies\fltk-2.0-win32\ide\vcnet\fltkdll\window.obj
d:\code\applications\mrviewer\dependencies\fltk-2.0-win32\ide\vcnet\fltkdll\window_fullscreen.obj
d:\code\applications\mrviewer\dependencies\fltk-2.0-win32\ide\vcnet\fltkdll\window_hotspot.obj
d:\code\applications\mrviewer\dependencies\fltk-2.0-win32\ide\vcnet\fltkdll\window_iconize.obj
d:\code\applications\mrviewer\dependencies\fltk-2.0-win32\ide\vcnet\fltkdll\winmain.obj
d:\code\applications\mrviewer\dependencies\fltk-2.0-win32\ide\vcnet\fltkdll\wizardgroup.obj
d:\code\applications\mrviewer\dependencies\fltk-2.0-win32\ide\vcnet\fltkdll\xbmimage.obj
d:\code\applications\mrviewer\dependencies\fltk-2.0-win32\ide\vcnet\fltkdll\xpmimage.obj
d:\code\applications\mrviewer\dependencies\fltk-2.0-win32\ide\vcnet\fltkdll\fltkdll_images.tlog\cl.command.1.tlog
d:\code\applications\mrviewer\dependencies\fltk-2.0-win32\ide\vcnet\fltkdll\fltkdll_images.tlog\cl.read.1.tlog
d:\code\applications\mrviewer\dependencies\fltk-2.0-win32\ide\vcnet\fltkdll\fltkdll_images.tlog\cl.write.1.tlog
d:\code\applications\mrviewer\dependencies\fltk-2.0-win32\ide\vcnet\fltkdll\fltkdll_images.tlog\fltkdll_images.write.1u.tlog
d:\code\applications\mrviewer\dependencies\fltk-2.0-win32\ide\vcnet\fltkdll\fltkdll_images.tlog\link.command.1.tlog
d:\code\applications\mrviewer\dependencies\fltk-2.0-win32\ide\vcnet\fltkdll\fltkdll_images.tlog\link.read.1.tlog
d:\code\applications\mrviewer\dependencies\fltk-2.0-win32\ide\vcnet\fltkdll\fltkdll_images.tlog\link.write.1.tlog
