C:\Program Files (x86)\MSBuild\Microsoft.Cpp\v4.0\V140\Microsoft.CppBuild.targets(392,5): warning MSB8028: The intermediate directory (x64\Release\) contains files shared from another project (arc.vcxproj, ask.vcxproj, bitmap.vcxproj, boxtype.vcxproj, browser.vcxproj, button.vcxproj, buttons.vcxproj, checkers.vcxproj, clock.vcxproj, color_chooser.vcxproj, CubeView.vcxproj, cursor.vcxproj, curve.vcxproj, demo.vcxproj, drawing.vcxproj, editor.vcxproj, file_chooser.vcxproj, fltk.vcxproj, fltkdll_glut.vcxproj, fltkdll_images.vcxproj, fltkdll_opengl.vcxproj, fltk_glut.vcxproj, fltk_images.vcxproj, fltk_opengl.vcxproj, fluid.vcxproj, fluid_wdll.vcxproj, fonts.vcxproj, fractals.vcxproj, glpuzzle.vcxproj, hello.vcxproj, help.vcxproj, image.vcxproj, inactive.vcxproj, input.vcxproj, keyboard.vcxproj, label.vcxproj, libjpeg.vcxproj, libpng.vcxproj, line_style.vcxproj, mandelbrot.vcxproj, menubar.vcxproj, message.vcxproj, navigation.vcxproj, output.vcxproj, pack.vcxproj, qubix.vcxproj, radio.vcxproj, resize.vcxproj, size_range.vcxproj, symbols.vcxproj, tabs.vcxproj, tile.vcxproj, valuators.vcxproj, wizard.vcxproj, zlib.vcxproj).  This can lead to incorrect clean and rebuild behavior.
  InputBrowser.cxx
d:\code\applications\mrviewer\dependencies\fltk-2.0-win64\fltk\Widget.h(123): warning C4311: 'type cast': pointer truncation from 'void *const ' to 'long'
d:\code\applications\mrviewer\dependencies\fltk-2.0-win64\fltk\Widget.h(123): warning C4302: 'type cast': truncation from 'void *const ' to 'long'
C:\Program Files (x86)\MSBuild\Microsoft.Cpp\v4.0\V140\Microsoft.CppBuild.targets(1189,5): warning MSB8012: TargetPath(d:\code\applications\mrViewer\dependencies\fltk-2.0-win64\ide\vcnet\x64\Release\fltkdll.dll) does not match the Linker's OutputFile property value (d:\code\applications\mrViewer\dependencies\fltk-2.0-win64\lib\fltk2dll.dll). This may cause your project to build incorrectly. To correct this, please make sure that $(OutDir), $(TargetName) and $(TargetExt) property values match the value specified in %(Link.OutputFile).
C:\Program Files (x86)\MSBuild\Microsoft.Cpp\v4.0\V140\Microsoft.CppBuild.targets(1191,5): warning MSB8012: TargetName(fltkdll) does not match the Linker's OutputFile property value (fltk2dll). This may cause your project to build incorrectly. To correct this, please make sure that $(OutDir), $(TargetName) and $(TargetExt) property values match the value specified in %(Link.OutputFile).
     Creating library .\..\..\lib/fltk2dll.lib and object .\..\..\lib/fltk2dll.exp
xpmImage.obj : warning LNK4099: PDB 'vc140.pdb' was not found with 'xpmImage.obj' or at 'd:\code\applications\mrViewer\dependencies\fltk-2.0-win64\ide\vcnet\vc140.pdb'; linking object as if no debug info
xbmImage.obj : warning LNK4099: PDB 'vc140.pdb' was not found with 'xbmImage.obj' or at 'd:\code\applications\mrViewer\dependencies\fltk-2.0-win64\ide\vcnet\vc140.pdb'; linking object as if no debug info
WizardGroup.obj : warning LNK4099: PDB 'vc140.pdb' was not found with 'WizardGroup.obj' or at 'd:\code\applications\mrViewer\dependencies\fltk-2.0-win64\ide\vcnet\vc140.pdb'; linking object as if no debug info
Window_iconize.obj : warning LNK4099: PDB 'vc140.pdb' was not found with 'Window_iconize.obj' or at 'd:\code\applications\mrViewer\dependencies\fltk-2.0-win64\ide\vcnet\vc140.pdb'; linking object as if no debug info
Window_hotspot.obj : warning LNK4099: PDB 'vc140.pdb' was not found with 'Window_hotspot.obj' or at 'd:\code\applications\mrViewer\dependencies\fltk-2.0-win64\ide\vcnet\vc140.pdb'; linking object as if no debug info
Window_fullscreen.obj : warning LNK4099: PDB 'vc140.pdb' was not found with 'Window_fullscreen.obj' or at 'd:\code\applications\mrViewer\dependencies\fltk-2.0-win64\ide\vcnet\vc140.pdb'; linking object as if no debug info
Window.obj : warning LNK4099: PDB 'vc140.pdb' was not found with 'Window.obj' or at 'd:\code\applications\mrViewer\dependencies\fltk-2.0-win64\ide\vcnet\vc140.pdb'; linking object as if no debug info
WinMain.obj : warning LNK4099: PDB 'vc140.pdb' was not found with 'WinMain.obj' or at 'd:\code\applications\mrViewer\dependencies\fltk-2.0-win64\ide\vcnet\vc140.pdb'; linking object as if no debug info
Widget_draw.obj : warning LNK4099: PDB 'vc140.pdb' was not found with 'Widget_draw.obj' or at 'd:\code\applications\mrViewer\dependencies\fltk-2.0-win64\ide\vcnet\vc140.pdb'; linking object as if no debug info
WidgetAssociation.obj : warning LNK4099: PDB 'vc140.pdb' was not found with 'WidgetAssociation.obj' or at 'd:\code\applications\mrViewer\dependencies\fltk-2.0-win64\ide\vcnet\vc140.pdb'; linking object as if no debug info
Widget.obj : warning LNK4099: PDB 'vc140.pdb' was not found with 'Widget.obj' or at 'd:\code\applications\mrViewer\dependencies\fltk-2.0-win64\ide\vcnet\vc140.pdb'; linking object as if no debug info
vsnprintf.obj : warning LNK4099: PDB 'vc140.pdb' was not found with 'vsnprintf.obj' or at 'd:\code\applications\mrViewer\dependencies\fltk-2.0-win64\ide\vcnet\vc140.pdb'; linking object as if no debug info
ValueSlider.obj : warning LNK4099: PDB 'vc140.pdb' was not found with 'ValueSlider.obj' or at 'd:\code\applications\mrViewer\dependencies\fltk-2.0-win64\ide\vcnet\vc140.pdb'; linking object as if no debug info
ValueOutput.obj : warning LNK4099: PDB 'vc140.pdb' was not found with 'ValueOutput.obj' or at 'd:\code\applications\mrViewer\dependencies\fltk-2.0-win64\ide\vcnet\vc140.pdb'; linking object as if no debug info
ValueInput.obj : warning LNK4099: PDB 'vc140.pdb' was not found with 'ValueInput.obj' or at 'd:\code\applications\mrViewer\dependencies\fltk-2.0-win64\ide\vcnet\vc140.pdb'; linking object as if no debug info
Valuator.obj : warning LNK4099: PDB 'vc140.pdb' was not found with 'Valuator.obj' or at 'd:\code\applications\mrViewer\dependencies\fltk-2.0-win64\ide\vcnet\vc140.pdb'; linking object as if no debug info
utf.obj : warning LNK4099: PDB 'vc140.pdb' was not found with 'utf.obj' or at 'd:\code\applications\mrViewer\dependencies\fltk-2.0-win64\ide\vcnet\vc140.pdb'; linking object as if no debug info
UpBox.obj : warning LNK4099: PDB 'vc140.pdb' was not found with 'UpBox.obj' or at 'd:\code\applications\mrViewer\dependencies\fltk-2.0-win64\ide\vcnet\vc140.pdb'; linking object as if no debug info
Tooltip.obj : warning LNK4099: PDB 'vc140.pdb' was not found with 'Tooltip.obj' or at 'd:\code\applications\mrViewer\dependencies\fltk-2.0-win64\ide\vcnet\vc140.pdb'; linking object as if no debug info
TiledImage.obj : warning LNK4099: PDB 'vc140.pdb' was not found with 'TiledImage.obj' or at 'd:\code\applications\mrViewer\dependencies\fltk-2.0-win64\ide\vcnet\vc140.pdb'; linking object as if no debug info
TiledGroup.obj : warning LNK4099: PDB 'vc140.pdb' was not found with 'TiledGroup.obj' or at 'd:\code\applications\mrViewer\dependencies\fltk-2.0-win64\ide\vcnet\vc140.pdb'; linking object as if no debug info
ThumbWheel.obj : warning LNK4099: PDB 'vc140.pdb' was not found with 'ThumbWheel.obj' or at 'd:\code\applications\mrViewer\dependencies\fltk-2.0-win64\ide\vcnet\vc140.pdb'; linking object as if no debug info
TextEditor.obj : warning LNK4099: PDB 'vc140.pdb' was not found with 'TextEditor.obj' or at 'd:\code\applications\mrViewer\dependencies\fltk-2.0-win64\ide\vcnet\vc140.pdb'; linking object as if no debug info
TextDisplay.obj : warning LNK4099: PDB 'vc140.pdb' was not found with 'TextDisplay.obj' or at 'd:\code\applications\mrViewer\dependencies\fltk-2.0-win64\ide\vcnet\vc140.pdb'; linking object as if no debug info
TextBuffer.obj : warning LNK4099: PDB 'vc140.pdb' was not found with 'TextBuffer.obj' or at 'd:\code\applications\mrViewer\dependencies\fltk-2.0-win64\ide\vcnet\vc140.pdb'; linking object as if no debug info
TabGroup2.obj : warning LNK4099: PDB 'vc140.pdb' was not found with 'TabGroup2.obj' or at 'd:\code\applications\mrViewer\dependencies\fltk-2.0-win64\ide\vcnet\vc140.pdb'; linking object as if no debug info
TabGroup.obj : warning LNK4099: PDB 'vc140.pdb' was not found with 'TabGroup.obj' or at 'd:\code\applications\mrViewer\dependencies\fltk-2.0-win64\ide\vcnet\vc140.pdb'; linking object as if no debug info
Symbol.obj : warning LNK4099: PDB 'vc140.pdb' was not found with 'Symbol.obj' or at 'd:\code\applications\mrViewer\dependencies\fltk-2.0-win64\ide\vcnet\vc140.pdb'; linking object as if no debug info
StyleSet.obj : warning LNK4099: PDB 'vc140.pdb' was not found with 'StyleSet.obj' or at 'd:\code\applications\mrViewer\dependencies\fltk-2.0-win64\ide\vcnet\vc140.pdb'; linking object as if no debug info
Style.obj : warning LNK4099: PDB 'vc140.pdb' was not found with 'Style.obj' or at 'd:\code\applications\mrViewer\dependencies\fltk-2.0-win64\ide\vcnet\vc140.pdb'; linking object as if no debug info
StringList.obj : warning LNK4099: PDB 'vc140.pdb' was not found with 'StringList.obj' or at 'd:\code\applications\mrViewer\dependencies\fltk-2.0-win64\ide\vcnet\vc140.pdb'; linking object as if no debug info
string.obj : warning LNK4099: PDB 'vc140.pdb' was not found with 'string.obj' or at 'd:\code\applications\mrViewer\dependencies\fltk-2.0-win64\ide\vcnet\vc140.pdb'; linking object as if no debug info
StatusBarGroup.obj : warning LNK4099: PDB 'vc140.pdb' was not found with 'StatusBarGroup.obj' or at 'd:\code\applications\mrViewer\dependencies\fltk-2.0-win64\ide\vcnet\vc140.pdb'; linking object as if no debug info
Slider.obj : warning LNK4099: PDB 'vc140.pdb' was not found with 'Slider.obj' or at 'd:\code\applications\mrViewer\dependencies\fltk-2.0-win64\ide\vcnet\vc140.pdb'; linking object as if no debug info
show_colormap.obj : warning LNK4099: PDB 'vc140.pdb' was not found with 'show_colormap.obj' or at 'd:\code\applications\mrViewer\dependencies\fltk-2.0-win64\ide\vcnet\vc140.pdb'; linking object as if no debug info
ShortcutAssignment.obj : warning LNK4099: PDB 'vc140.pdb' was not found with 'ShortcutAssignment.obj' or at 'd:\code\applications\mrViewer\dependencies\fltk-2.0-win64\ide\vcnet\vc140.pdb'; linking object as if no debug info
SharedImage.obj : warning LNK4099: PDB 'vc140.pdb' was not found with 'SharedImage.obj' or at 'd:\code\applications\mrViewer\dependencies\fltk-2.0-win64\ide\vcnet\vc140.pdb'; linking object as if no debug info
ShapedWindow.obj : warning LNK4099: PDB 'vc140.pdb' was not found with 'ShapedWindow.obj' or at 'd:\code\applications\mrViewer\dependencies\fltk-2.0-win64\ide\vcnet\vc140.pdb'; linking object as if no debug info
ShadowBox.obj : warning LNK4099: PDB 'vc140.pdb' was not found with 'ShadowBox.obj' or at 'd:\code\applications\mrViewer\dependencies\fltk-2.0-win64\ide\vcnet\vc140.pdb'; linking object as if no debug info
setvisual.obj : warning LNK4099: PDB 'vc140.pdb' was not found with 'setvisual.obj' or at 'd:\code\applications\mrViewer\dependencies\fltk-2.0-win64\ide\vcnet\vc140.pdb'; linking object as if no debug info
setdisplay.obj : warning LNK4099: PDB 'vc140.pdb' was not found with 'setdisplay.obj' or at 'd:\code\applications\mrViewer\dependencies\fltk-2.0-win64\ide\vcnet\vc140.pdb'; linking object as if no debug info
setcolor.obj : warning LNK4099: PDB 'vc140.pdb' was not found with 'setcolor.obj' or at 'd:\code\applications\mrViewer\dependencies\fltk-2.0-win64\ide\vcnet\vc140.pdb'; linking object as if no debug info
scrollrect.obj : warning LNK4099: PDB 'vc140.pdb' was not found with 'scrollrect.obj' or at 'd:\code\applications\mrViewer\dependencies\fltk-2.0-win64\ide\vcnet\vc140.pdb'; linking object as if no debug info
ScrollGroup.obj : warning LNK4099: PDB 'vc140.pdb' was not found with 'ScrollGroup.obj' or at 'd:\code\applications\mrViewer\dependencies\fltk-2.0-win64\ide\vcnet\vc140.pdb'; linking object as if no debug info
Scrollbar.obj : warning LNK4099: PDB 'vc140.pdb' was not found with 'Scrollbar.obj' or at 'd:\code\applications\mrViewer\dependencies\fltk-2.0-win64\ide\vcnet\vc140.pdb'; linking object as if no debug info
scandir.obj : warning LNK4099: PDB 'vc140.pdb' was not found with 'scandir.obj' or at 'd:\code\applications\mrViewer\dependencies\fltk-2.0-win64\ide\vcnet\vc140.pdb'; linking object as if no debug info
run.obj : warning LNK4099: PDB 'vc140.pdb' was not found with 'run.obj' or at 'd:\code\applications\mrViewer\dependencies\fltk-2.0-win64\ide\vcnet\vc140.pdb'; linking object as if no debug info
RoundedBox.obj : warning LNK4099: PDB 'vc140.pdb' was not found with 'RoundedBox.obj' or at 'd:\code\applications\mrViewer\dependencies\fltk-2.0-win64\ide\vcnet\vc140.pdb'; linking object as if no debug info
RoundBox.obj : warning LNK4099: PDB 'vc140.pdb' was not found with 'RoundBox.obj' or at 'd:\code\applications\mrViewer\dependencies\fltk-2.0-win64\ide\vcnet\vc140.pdb'; linking object as if no debug info
ReturnButton.obj : warning LNK4099: PDB 'vc140.pdb' was not found with 'ReturnButton.obj' or at 'd:\code\applications\mrViewer\dependencies\fltk-2.0-win64\ide\vcnet\vc140.pdb'; linking object as if no debug info
RepeatButton.obj : warning LNK4099: PDB 'vc140.pdb' was not found with 'RepeatButton.obj' or at 'd:\code\applications\mrViewer\dependencies\fltk-2.0-win64\ide\vcnet\vc140.pdb'; linking object as if no debug info
readimage.obj : warning LNK4099: PDB 'vc140.pdb' was not found with 'readimage.obj' or at 'd:\code\applications\mrViewer\dependencies\fltk-2.0-win64\ide\vcnet\vc140.pdb'; linking object as if no debug info
RadioButton.obj : warning LNK4099: PDB 'vc140.pdb' was not found with 'RadioButton.obj' or at 'd:\code\applications\mrViewer\dependencies\fltk-2.0-win64\ide\vcnet\vc140.pdb'; linking object as if no debug info
ProgressBar.obj : warning LNK4099: PDB 'vc140.pdb' was not found with 'ProgressBar.obj' or at 'd:\code\applications\mrViewer\dependencies\fltk-2.0-win64\ide\vcnet\vc140.pdb'; linking object as if no debug info
Preferences.obj : warning LNK4099: PDB 'vc140.pdb' was not found with 'Preferences.obj' or at 'd:\code\applications\mrViewer\dependencies\fltk-2.0-win64\ide\vcnet\vc140.pdb'; linking object as if no debug info
PopupMenu.obj : warning LNK4099: PDB 'vc140.pdb' was not found with 'PopupMenu.obj' or at 'd:\code\applications\mrViewer\dependencies\fltk-2.0-win64\ide\vcnet\vc140.pdb'; linking object as if no debug info
PlasticBox.obj : warning LNK4099: PDB 'vc140.pdb' was not found with 'PlasticBox.obj' or at 'd:\code\applications\mrViewer\dependencies\fltk-2.0-win64\ide\vcnet\vc140.pdb'; linking object as if no debug info
path.obj : warning LNK4099: PDB 'vc140.pdb' was not found with 'path.obj' or at 'd:\code\applications\mrViewer\dependencies\fltk-2.0-win64\ide\vcnet\vc140.pdb'; linking object as if no debug info
PackedGroup.obj : warning LNK4099: PDB 'vc140.pdb' was not found with 'PackedGroup.obj' or at 'd:\code\applications\mrViewer\dependencies\fltk-2.0-win64\ide\vcnet\vc140.pdb'; linking object as if no debug info
own_colormap.obj : warning LNK4099: PDB 'vc140.pdb' was not found with 'own_colormap.obj' or at 'd:\code\applications\mrViewer\dependencies\fltk-2.0-win64\ide\vcnet\vc140.pdb'; linking object as if no debug info
overlay_rect.obj : warning LNK4099: PDB 'vc140.pdb' was not found with 'overlay_rect.obj' or at 'd:\code\applications\mrViewer\dependencies\fltk-2.0-win64\ide\vcnet\vc140.pdb'; linking object as if no debug info
OvalBox.obj : warning LNK4099: PDB 'vc140.pdb' was not found with 'OvalBox.obj' or at 'd:\code\applications\mrViewer\dependencies\fltk-2.0-win64\ide\vcnet\vc140.pdb'; linking object as if no debug info
Output.obj : warning LNK4099: PDB 'vc140.pdb' was not found with 'Output.obj' or at 'd:\code\applications\mrViewer\dependencies\fltk-2.0-win64\ide\vcnet\vc140.pdb'; linking object as if no debug info
numericsort.obj : warning LNK4099: PDB 'vc140.pdb' was not found with 'numericsort.obj' or at 'd:\code\applications\mrViewer\dependencies\fltk-2.0-win64\ide\vcnet\vc140.pdb'; linking object as if no debug info
NumericInput.obj : warning LNK4099: PDB 'vc140.pdb' was not found with 'NumericInput.obj' or at 'd:\code\applications\mrViewer\dependencies\fltk-2.0-win64\ide\vcnet\vc140.pdb'; linking object as if no debug info
MultiImage.obj : warning LNK4099: PDB 'vc140.pdb' was not found with 'MultiImage.obj' or at 'd:\code\applications\mrViewer\dependencies\fltk-2.0-win64\ide\vcnet\vc140.pdb'; linking object as if no debug info
message.obj : warning LNK4099: PDB 'vc140.pdb' was not found with 'message.obj' or at 'd:\code\applications\mrViewer\dependencies\fltk-2.0-win64\ide\vcnet\vc140.pdb'; linking object as if no debug info
Menu_popup.obj : warning LNK4099: PDB 'vc140.pdb' was not found with 'Menu_popup.obj' or at 'd:\code\applications\mrViewer\dependencies\fltk-2.0-win64\ide\vcnet\vc140.pdb'; linking object as if no debug info
Menu_global.obj : warning LNK4099: PDB 'vc140.pdb' was not found with 'Menu_global.obj' or at 'd:\code\applications\mrViewer\dependencies\fltk-2.0-win64\ide\vcnet\vc140.pdb'; linking object as if no debug info
Menu_add.obj : warning LNK4099: PDB 'vc140.pdb' was not found with 'Menu_add.obj' or at 'd:\code\applications\mrViewer\dependencies\fltk-2.0-win64\ide\vcnet\vc140.pdb'; linking object as if no debug info
MenuWindow.obj : warning LNK4099: PDB 'vc140.pdb' was not found with 'MenuWindow.obj' or at 'd:\code\applications\mrViewer\dependencies\fltk-2.0-win64\ide\vcnet\vc140.pdb'; linking object as if no debug info
MenuBar.obj : warning LNK4099: PDB 'vc140.pdb' was not found with 'MenuBar.obj' or at 'd:\code\applications\mrViewer\dependencies\fltk-2.0-win64\ide\vcnet\vc140.pdb'; linking object as if no debug info
Menu.obj : warning LNK4099: PDB 'vc140.pdb' was not found with 'Menu.obj' or at 'd:\code\applications\mrViewer\dependencies\fltk-2.0-win64\ide\vcnet\vc140.pdb'; linking object as if no debug info
lock.obj : warning LNK4099: PDB 'vc140.pdb' was not found with 'lock.obj' or at 'd:\code\applications\mrViewer\dependencies\fltk-2.0-win64\ide\vcnet\vc140.pdb'; linking object as if no debug info
load_plugin.obj : warning LNK4099: PDB 'vc140.pdb' was not found with 'load_plugin.obj' or at 'd:\code\applications\mrViewer\dependencies\fltk-2.0-win64\ide\vcnet\vc140.pdb'; linking object as if no debug info
list_fonts.obj : warning LNK4099: PDB 'vc140.pdb' was not found with 'list_fonts.obj' or at 'd:\code\applications\mrViewer\dependencies\fltk-2.0-win64\ide\vcnet\vc140.pdb'; linking object as if no debug info
LightButton.obj : warning LNK4099: PDB 'vc140.pdb' was not found with 'LightButton.obj' or at 'd:\code\applications\mrViewer\dependencies\fltk-2.0-win64\ide\vcnet\vc140.pdb'; linking object as if no debug info
key_name.obj : warning LNK4099: PDB 'vc140.pdb' was not found with 'key_name.obj' or at 'd:\code\applications\mrViewer\dependencies\fltk-2.0-win64\ide\vcnet\vc140.pdb'; linking object as if no debug info
Item.obj : warning LNK4099: PDB 'vc140.pdb' was not found with 'Item.obj' or at 'd:\code\applications\mrViewer\dependencies\fltk-2.0-win64\ide\vcnet\vc140.pdb'; linking object as if no debug info
InvisibleWidget.obj : warning LNK4099: PDB 'vc140.pdb' was not found with 'InvisibleWidget.obj' or at 'd:\code\applications\mrViewer\dependencies\fltk-2.0-win64\ide\vcnet\vc140.pdb'; linking object as if no debug info
Input.obj : warning LNK4099: PDB 'vc140.pdb' was not found with 'Input.obj' or at 'd:\code\applications\mrViewer\dependencies\fltk-2.0-win64\ide\vcnet\vc140.pdb'; linking object as if no debug info
Image.obj : warning LNK4099: PDB 'vc140.pdb' was not found with 'Image.obj' or at 'd:\code\applications\mrViewer\dependencies\fltk-2.0-win64\ide\vcnet\vc140.pdb'; linking object as if no debug info
HighlightButton.obj : warning LNK4099: PDB 'vc140.pdb' was not found with 'HighlightButton.obj' or at 'd:\code\applications\mrViewer\dependencies\fltk-2.0-win64\ide\vcnet\vc140.pdb'; linking object as if no debug info
HelpView.obj : warning LNK4099: PDB 'vc140.pdb' was not found with 'HelpView.obj' or at 'd:\code\applications\mrViewer\dependencies\fltk-2.0-win64\ide\vcnet\vc140.pdb'; linking object as if no debug info
GSave.obj : warning LNK4099: PDB 'vc140.pdb' was not found with 'GSave.obj' or at 'd:\code\applications\mrViewer\dependencies\fltk-2.0-win64\ide\vcnet\vc140.pdb'; linking object as if no debug info
Group.obj : warning LNK4099: PDB 'vc140.pdb' was not found with 'Group.obj' or at 'd:\code\applications\mrViewer\dependencies\fltk-2.0-win64\ide\vcnet\vc140.pdb'; linking object as if no debug info
gifImage.obj : warning LNK4099: PDB 'vc140.pdb' was not found with 'gifImage.obj' or at 'd:\code\applications\mrViewer\dependencies\fltk-2.0-win64\ide\vcnet\vc140.pdb'; linking object as if no debug info
Font.obj : warning LNK4099: PDB 'vc140.pdb' was not found with 'Font.obj' or at 'd:\code\applications\mrViewer\dependencies\fltk-2.0-win64\ide\vcnet\vc140.pdb'; linking object as if no debug info
Fl_Menu_Item.obj : warning LNK4099: PDB 'vc140.pdb' was not found with 'Fl_Menu_Item.obj' or at 'd:\code\applications\mrViewer\dependencies\fltk-2.0-win64\ide\vcnet\vc140.pdb'; linking object as if no debug info
fltk_theme.obj : warning LNK4099: PDB 'vc140.pdb' was not found with 'fltk_theme.obj' or at 'd:\code\applications\mrViewer\dependencies\fltk-2.0-win64\ide\vcnet\vc140.pdb'; linking object as if no debug info
FloatInput.obj : warning LNK4099: PDB 'vc140.pdb' was not found with 'FloatInput.obj' or at 'd:\code\applications\mrViewer\dependencies\fltk-2.0-win64\ide\vcnet\vc140.pdb'; linking object as if no debug info
fillrect.obj : warning LNK4099: PDB 'vc140.pdb' was not found with 'fillrect.obj' or at 'd:\code\applications\mrViewer\dependencies\fltk-2.0-win64\ide\vcnet\vc140.pdb'; linking object as if no debug info
file_chooser.obj : warning LNK4099: PDB 'vc140.pdb' was not found with 'file_chooser.obj' or at 'd:\code\applications\mrViewer\dependencies\fltk-2.0-win64\ide\vcnet\vc140.pdb'; linking object as if no debug info
filename_name.obj : warning LNK4099: PDB 'vc140.pdb' was not found with 'filename_name.obj' or at 'd:\code\applications\mrViewer\dependencies\fltk-2.0-win64\ide\vcnet\vc140.pdb'; linking object as if no debug info
filename_match.obj : warning LNK4099: PDB 'vc140.pdb' was not found with 'filename_match.obj' or at 'd:\code\applications\mrViewer\dependencies\fltk-2.0-win64\ide\vcnet\vc140.pdb'; linking object as if no debug info
filename_list.obj : warning LNK4099: PDB 'vc140.pdb' was not found with 'filename_list.obj' or at 'd:\code\applications\mrViewer\dependencies\fltk-2.0-win64\ide\vcnet\vc140.pdb'; linking object as if no debug info
filename_isdir.obj : warning LNK4099: PDB 'vc140.pdb' was not found with 'filename_isdir.obj' or at 'd:\code\applications\mrViewer\dependencies\fltk-2.0-win64\ide\vcnet\vc140.pdb'; linking object as if no debug info
filename_ext.obj : warning LNK4099: PDB 'vc140.pdb' was not found with 'filename_ext.obj' or at 'd:\code\applications\mrViewer\dependencies\fltk-2.0-win64\ide\vcnet\vc140.pdb'; linking object as if no debug info
filename_absolute.obj : warning LNK4099: PDB 'vc140.pdb' was not found with 'filename_absolute.obj' or at 'd:\code\applications\mrViewer\dependencies\fltk-2.0-win64\ide\vcnet\vc140.pdb'; linking object as if no debug info
FileInput.obj : warning LNK4099: PDB 'vc140.pdb' was not found with 'FileInput.obj' or at 'd:\code\applications\mrViewer\dependencies\fltk-2.0-win64\ide\vcnet\vc140.pdb'; linking object as if no debug info
FileIcon.obj : warning LNK4099: PDB 'vc140.pdb' was not found with 'FileIcon.obj' or at 'd:\code\applications\mrViewer\dependencies\fltk-2.0-win64\ide\vcnet\vc140.pdb'; linking object as if no debug info
FileChooser2.obj : warning LNK4099: PDB 'vc140.pdb' was not found with 'FileChooser2.obj' or at 'd:\code\applications\mrViewer\dependencies\fltk-2.0-win64\ide\vcnet\vc140.pdb'; linking object as if no debug info
FileChooser.obj : warning LNK4099: PDB 'vc140.pdb' was not found with 'FileChooser.obj' or at 'd:\code\applications\mrViewer\dependencies\fltk-2.0-win64\ide\vcnet\vc140.pdb'; linking object as if no debug info
FileBrowser.obj : warning LNK4099: PDB 'vc140.pdb' was not found with 'FileBrowser.obj' or at 'd:\code\applications\mrViewer\dependencies\fltk-2.0-win64\ide\vcnet\vc140.pdb'; linking object as if no debug info
event_key_state.obj : warning LNK4099: PDB 'vc140.pdb' was not found with 'event_key_state.obj' or at 'd:\code\applications\mrViewer\dependencies\fltk-2.0-win64\ide\vcnet\vc140.pdb'; linking object as if no debug info
error.obj : warning LNK4099: PDB 'vc140.pdb' was not found with 'error.obj' or at 'd:\code\applications\mrViewer\dependencies\fltk-2.0-win64\ide\vcnet\vc140.pdb'; linking object as if no debug info
EngravedLabel.obj : warning LNK4099: PDB 'vc140.pdb' was not found with 'EngravedLabel.obj' or at 'd:\code\applications\mrViewer\dependencies\fltk-2.0-win64\ide\vcnet\vc140.pdb'; linking object as if no debug info
dump_compose.obj : warning LNK4099: PDB 'vc140.pdb' was not found with 'dump_compose.obj' or at 'd:\code\applications\mrViewer\dependencies\fltk-2.0-win64\ide\vcnet\vc140.pdb'; linking object as if no debug info
drawtext.obj : warning LNK4099: PDB 'vc140.pdb' was not found with 'drawtext.obj' or at 'd:\code\applications\mrViewer\dependencies\fltk-2.0-win64\ide\vcnet\vc140.pdb'; linking object as if no debug info
dnd.obj : warning LNK4099: PDB 'vc140.pdb' was not found with 'dnd.obj' or at 'd:\code\applications\mrViewer\dependencies\fltk-2.0-win64\ide\vcnet\vc140.pdb'; linking object as if no debug info
DiamondBox.obj : warning LNK4099: PDB 'vc140.pdb' was not found with 'DiamondBox.obj' or at 'd:\code\applications\mrViewer\dependencies\fltk-2.0-win64\ide\vcnet\vc140.pdb'; linking object as if no debug info
Dial.obj : warning LNK4099: PDB 'vc140.pdb' was not found with 'Dial.obj' or at 'd:\code\applications\mrViewer\dependencies\fltk-2.0-win64\ide\vcnet\vc140.pdb'; linking object as if no debug info
default_glyph.obj : warning LNK4099: PDB 'vc140.pdb' was not found with 'default_glyph.obj' or at 'd:\code\applications\mrViewer\dependencies\fltk-2.0-win64\ide\vcnet\vc140.pdb'; linking object as if no debug info
CycleButton.obj : warning LNK4099: PDB 'vc140.pdb' was not found with 'CycleButton.obj' or at 'd:\code\applications\mrViewer\dependencies\fltk-2.0-win64\ide\vcnet\vc140.pdb'; linking object as if no debug info
Cursor.obj : warning LNK4099: PDB 'vc140.pdb' was not found with 'Cursor.obj' or at 'd:\code\applications\mrViewer\dependencies\fltk-2.0-win64\ide\vcnet\vc140.pdb'; linking object as if no debug info
compose.obj : warning LNK4099: PDB 'vc140.pdb' was not found with 'compose.obj' or at 'd:\code\applications\mrViewer\dependencies\fltk-2.0-win64\ide\vcnet\vc140.pdb'; linking object as if no debug info
ComboBox.obj : warning LNK4099: PDB 'vc140.pdb' was not found with 'ComboBox.obj' or at 'd:\code\applications\mrViewer\dependencies\fltk-2.0-win64\ide\vcnet\vc140.pdb'; linking object as if no debug info
color_chooser.obj : warning LNK4099: PDB 'vc140.pdb' was not found with 'color_chooser.obj' or at 'd:\code\applications\mrViewer\dependencies\fltk-2.0-win64\ide\vcnet\vc140.pdb'; linking object as if no debug info
Color.obj : warning LNK4099: PDB 'vc140.pdb' was not found with 'Color.obj' or at 'd:\code\applications\mrViewer\dependencies\fltk-2.0-win64\ide\vcnet\vc140.pdb'; linking object as if no debug info
Clock.obj : warning LNK4099: PDB 'vc140.pdb' was not found with 'Clock.obj' or at 'd:\code\applications\mrViewer\dependencies\fltk-2.0-win64\ide\vcnet\vc140.pdb'; linking object as if no debug info
clip.obj : warning LNK4099: PDB 'vc140.pdb' was not found with 'clip.obj' or at 'd:\code\applications\mrViewer\dependencies\fltk-2.0-win64\ide\vcnet\vc140.pdb'; linking object as if no debug info
Choice.obj : warning LNK4099: PDB 'vc140.pdb' was not found with 'Choice.obj' or at 'd:\code\applications\mrViewer\dependencies\fltk-2.0-win64\ide\vcnet\vc140.pdb'; linking object as if no debug info
CheckButton.obj : warning LNK4099: PDB 'vc140.pdb' was not found with 'CheckButton.obj' or at 'd:\code\applications\mrViewer\dependencies\fltk-2.0-win64\ide\vcnet\vc140.pdb'; linking object as if no debug info
Button.obj : warning LNK4099: PDB 'vc140.pdb' was not found with 'Button.obj' or at 'd:\code\applications\mrViewer\dependencies\fltk-2.0-win64\ide\vcnet\vc140.pdb'; linking object as if no debug info
Browser.obj : warning LNK4099: PDB 'vc140.pdb' was not found with 'Browser.obj' or at 'd:\code\applications\mrViewer\dependencies\fltk-2.0-win64\ide\vcnet\vc140.pdb'; linking object as if no debug info
bmpImage.obj : warning LNK4099: PDB 'vc140.pdb' was not found with 'bmpImage.obj' or at 'd:\code\applications\mrViewer\dependencies\fltk-2.0-win64\ide\vcnet\vc140.pdb'; linking object as if no debug info
BarGroup.obj : warning LNK4099: PDB 'vc140.pdb' was not found with 'BarGroup.obj' or at 'd:\code\applications\mrViewer\dependencies\fltk-2.0-win64\ide\vcnet\vc140.pdb'; linking object as if no debug info
args.obj : warning LNK4099: PDB 'vc140.pdb' was not found with 'args.obj' or at 'd:\code\applications\mrViewer\dependencies\fltk-2.0-win64\ide\vcnet\vc140.pdb'; linking object as if no debug info
AlignGroup.obj : warning LNK4099: PDB 'vc140.pdb' was not found with 'AlignGroup.obj' or at 'd:\code\applications\mrViewer\dependencies\fltk-2.0-win64\ide\vcnet\vc140.pdb'; linking object as if no debug info
Adjuster.obj : warning LNK4099: PDB 'vc140.pdb' was not found with 'Adjuster.obj' or at 'd:\code\applications\mrViewer\dependencies\fltk-2.0-win64\ide\vcnet\vc140.pdb'; linking object as if no debug info
add_idle.obj : warning LNK4099: PDB 'vc140.pdb' was not found with 'add_idle.obj' or at 'd:\code\applications\mrViewer\dependencies\fltk-2.0-win64\ide\vcnet\vc140.pdb'; linking object as if no debug info
addcurve.obj : warning LNK4099: PDB 'vc140.pdb' was not found with 'addcurve.obj' or at 'd:\code\applications\mrViewer\dependencies\fltk-2.0-win64\ide\vcnet\vc140.pdb'; linking object as if no debug info
addarc.obj : warning LNK4099: PDB 'vc140.pdb' was not found with 'addarc.obj' or at 'd:\code\applications\mrViewer\dependencies\fltk-2.0-win64\ide\vcnet\vc140.pdb'; linking object as if no debug info
  fltkdll.vcxproj -> d:\code\applications\mrViewer\dependencies\fltk-2.0-win64\ide\vcnet\x64\Release\fltkdll.dll
  fltkdll.vcxproj -> fltkdll.pdb (Full PDB)
