C:\Program Files (x86)\MSBuild\Microsoft.Cpp\v4.0\V140\Microsoft.CppBuild.targets(392,5): warning MSB8028: The intermediate directory (x64\Release\) contains files shared from another project (arc.vcxproj, ask.vcxproj, bitmap.vcxproj, boxtype.vcxproj, browser.vcxproj, button.vcxproj, buttons.vcxproj, checkers.vcxproj, clock.vcxproj, color_chooser.vcxproj, CubeView.vcxproj, cursor.vcxproj, curve.vcxproj, demo.vcxproj, drawing.vcxproj, editor.vcxproj, file_chooser.vcxproj, fltk.vcxproj, fltkdll.vcxproj, fltkdll_glut.vcxproj, fltkdll_images.vcxproj, fltkdll_opengl.vcxproj, fltk_glut.vcxproj, fltk_images.vcxproj, fltk_opengl.vcxproj, fluid.vcxproj, fluid_wdll.vcxproj, fonts.vcxproj, fractals.vcxproj, glpuzzle.vcxproj, hello.vcxproj, help.vcxproj, image.vcxproj, inactive.vcxproj, input.vcxproj, keyboard.vcxproj, label.vcxproj, libjpeg.vcxproj, libpng.vcxproj, line_style.vcxproj, mandelbrot.vcxproj, menubar.vcxproj, message.vcxproj, navigation.vcxproj, output.vcxproj, pack.vcxproj, qubix.vcxproj, radio.vcxproj, size_range.vcxproj, symbols.vcxproj, tabs.vcxproj, tile.vcxproj, valuators.vcxproj, wizard.vcxproj, zlib.vcxproj).  This can lead to incorrect clean and rebuild behavior.
C:\Program Files (x86)\MSBuild\Microsoft.Cpp\v4.0\V140\Microsoft.CppBuild.targets(1189,5): warning MSB8012: TargetPath(d:\code\applications\mrViewer\dependencies\fltk-2.0-win64\ide\vcnet\x64\Release\resize.exe) does not match the Linker's OutputFile property value (d:\code\applications\mrViewer\dependencies\fltk-2.0-win64\test\resize.exe). This may cause your project to build incorrectly. To correct this, please make sure that $(OutDir), $(TargetName) and $(TargetExt) property values match the value specified in %(Link.OutputFile).
LINK : warning LNK4098: defaultlib 'MSVCRT' conflicts with use of other libs; use /NODEFAULTLIB:library
fltk2.lib(ShortcutAssignment.obj) : warning LNK4217: locally defined symbol isalpha imported in function "public: virtual bool __cdecl keyCompareFunctor::handle(class fltk::AssociationType const &,class fltk::Widget const *,void *)" (?handle@keyCompareFunctor@@UEAA_NAEBVAssociationType@fltk@@PEBVWidget@3@PEAX@Z)
fltk2.lib(ShortcutAssignment.obj) : warning LNK4217: locally defined symbol tolower imported in function "public: bool __cdecl fltk::Widget::test_label_shortcut(void)const " (?test_label_shortcut@Widget@fltk@@QEBA_NXZ)
fltk2.lib(Style.obj) : warning LNK4049: locally defined symbol tolower imported
fltk2.lib(args.obj) : warning LNK4049: locally defined symbol tolower imported
fltk2.lib(run.obj) : warning LNK4217: locally defined symbol tolower imported in function "char const * __cdecl fltk::event_name(int)" (?event_name@fltk@@YAPEBDH@Z)
fltk2.lib(Font.obj) : warning LNK4217: locally defined symbol memmove imported in function "void __cdecl fltk::setfont(struct fltk::Font *,float)" (?setfont@fltk@@YAXPEAUFont@1@M@Z)
fltk2.lib(SharedImage.obj) : warning LNK4049: locally defined symbol memmove imported
fltk2.lib(fltk_theme.obj) : warning LNK4217: locally defined symbol __stdio_common_vsprintf imported in function sprintf
fltk2.lib(error.obj) : warning LNK4049: locally defined symbol __stdio_common_vsprintf imported
fltk2.lib(error.obj) : warning LNK4217: locally defined symbol exit imported in function "void __cdecl error(char const *,...)" (?error@@YAXPEBDZZ)
fltk2.lib(utf.obj) : warning LNK4217: locally defined symbol free imported in function utf8tomb
fltk2.lib(utf.obj) : warning LNK4217: locally defined symbol malloc imported in function utf8tomb
fltk2.lib(Symbol.obj) : warning LNK4217: locally defined symbol isdigit imported in function "public: static class fltk::Symbol const * __cdecl fltk::Symbol::find(char const *,char const *)" (?find@Symbol@fltk@@SAPEBV12@PEBD0@Z)
fltk2.lib(drawtext.obj) : warning LNK4217: locally defined symbol isspace imported in function "void __cdecl wrap(char const *,char const *,float,float,float,float (__cdecl*)(char const *,int))" (?wrap@@YAXPEBD0MMMP6AM0H@Z@Z)
fltk2.lib(drawtext.obj) : warning LNK4217: locally defined symbol isalnum imported in function "void __cdecl wrap(char const *,char const *,float,float,float,float (__cdecl*)(char const *,int))" (?wrap@@YAXPEBD0MMMP6AM0H@Z@Z)
fltk2.lib(SharedImage.obj) : warning LNK4217: locally defined symbol fclose imported in function "public: static class fltk::SharedImage * __cdecl fltk::SharedImage::get(char const *)" (?get@SharedImage@fltk@@SAPEAV12@PEBD@Z)
fltk2.lib(gifImage.obj) : warning LNK4049: locally defined symbol fclose imported
fltk2.lib(bmpImage.obj) : warning LNK4049: locally defined symbol fclose imported
fltk2.lib(list_fonts.obj) : warning LNK4217: locally defined symbol _strnicmp imported in function "struct fltk::Font * __cdecl fltk::font(char const *,int)" (?font@fltk@@YAPEAUFont@1@PEBDH@Z)
fltk2.lib(list_fonts.obj) : warning LNK4217: locally defined symbol qsort imported in function "int __cdecl fltk::list_fonts(struct fltk::Font * * &)" (?list_fonts@fltk@@YAHAEAPEAPEAUFont@1@@Z)
fltk2.lib(WinMain.obj) : warning LNK4217: locally defined symbol __p___argc imported in function WinMain
fltk2.lib(WinMain.obj) : warning LNK4217: locally defined symbol __p___argv imported in function WinMain
fltk2.lib(run.obj) : error LNK2019: unresolved external symbol __imp_realloc referenced in function "void __cdecl fltk::add_fd(int,int,void (__cdecl*)(int,void *),void *)" (?add_fd@fltk@@YAXHHP6AXHPEAX@Z0@Z)
fltk2.lib(list_fonts.obj) : error LNK2001: unresolved external symbol __imp_realloc
fltk2.lib(run.obj) : error LNK2019: unresolved external symbol __imp_wcslen referenced in function "void __cdecl pasteW(class fltk::Widget &,wchar_t *)" (?pasteW@@YAXAEAVWidget@fltk@@PEA_W@Z)
fltk2.lib(fltk_theme.obj) : error LNK2001: unresolved external symbol __imp_wcslen
fltk2.lib(list_fonts.obj) : error LNK2001: unresolved external symbol __imp_wcslen
fltk2.lib(run.obj) : error LNK2019: unresolved external symbol __imp__wfopen referenced in function "struct _iobuf * __cdecl fltk::fltk_fopen(char const *,char const *)" (?fltk_fopen@fltk@@YAPEAU_iobuf@@PEBD0@Z)
fltk2.lib(run.obj) : error LNK2019: unresolved external symbol __imp_puts referenced in function "__int64 __cdecl WndProc(struct HWND__ *,unsigned int,unsigned __int64,__int64)" (?WndProc@@YA_JPEAUHWND__@@I_K_J@Z)
fltk2.lib(run.obj) : error LNK2019: unresolved external symbol __imp_cosf referenced in function "__int64 __cdecl WndProc(struct HWND__ *,unsigned int,unsigned __int64,__int64)" (?WndProc@@YA_JPEAUHWND__@@I_K_J@Z)
fltk2.lib(path.obj) : error LNK2001: unresolved external symbol __imp_cosf
fltk2.lib(addarc.obj) : error LNK2001: unresolved external symbol __imp_cosf
fltk2.lib(run.obj) : error LNK2019: unresolved external symbol __imp_sinf referenced in function "__int64 __cdecl WndProc(struct HWND__ *,unsigned int,unsigned __int64,__int64)" (?WndProc@@YA_JPEAUHWND__@@I_K_J@Z)
fltk2.lib(path.obj) : error LNK2001: unresolved external symbol __imp_sinf
fltk2.lib(addarc.obj) : error LNK2001: unresolved external symbol __imp_sinf
fltk2.lib(Font.obj) : error LNK2019: unresolved external symbol __imp__stricmp referenced in function "struct fltk::Font * __cdecl fl_make_font(char const *,int)" (?fl_make_font@@YAPEAUFont@fltk@@PEBDH@Z)
fltk2.lib(Widget_draw.obj) : error LNK2001: unresolved external symbol __imp__stricmp
OLDNAMES.lib(stricmp.obi) : error LNK2001: unresolved external symbol __imp__stricmp
fltk2.lib(Font.obj) : error LNK2019: unresolved external symbol __imp_floorf referenced in function "void __cdecl fltk::setfont(struct fltk::Font *,float)" (?setfont@fltk@@YAXPEAUFont@1@M@Z)
fltk2.lib(fillrect.obj) : error LNK2001: unresolved external symbol __imp_floorf
fltk2.lib(path.obj) : error LNK2001: unresolved external symbol __imp_floorf
fltk2.lib(Color.obj) : error LNK2019: unresolved external symbol __imp_strncmp referenced in function "unsigned int __cdecl fltk::parsecolor(char const *,unsigned int)" (?parsecolor@fltk@@YAIPEBDI@Z)
fltk2.lib(Symbol.obj) : error LNK2001: unresolved external symbol __imp_strncmp
fltk2.lib(gifImage.obj) : error LNK2001: unresolved external symbol __imp_strncmp
fltk2.lib(bmpImage.obj) : error LNK2001: unresolved external symbol __imp_strncmp
fltk2.lib(Color.obj) : error LNK2019: unresolved external symbol __imp___stdio_common_vsscanf referenced in function sscanf
fltk2.lib(path.obj) : error LNK2019: unresolved external symbol __imp_sqrtf referenced in function "void __cdecl fltk::transform(class fltk::Rectangle const &,class fltk::Rectangle &)" (?transform@fltk@@YAXAEBVRectangle@1@AEAV21@@Z)
fltk2.lib(addarc.obj) : error LNK2001: unresolved external symbol __imp_sqrtf
fltk2.lib(drawtext.obj) : error LNK2019: unresolved external symbol __imp_strtod referenced in function "double __cdecl get_pixels(char const *)" (?get_pixels@@YANPEBD@Z)
fltk2.lib(SharedImage.obj) : error LNK2019: unresolved external symbol __imp_fopen referenced in function "public: static class fltk::SharedImage * __cdecl fltk::SharedImage::get(char const *)" (?get@SharedImage@fltk@@SAPEAV12@PEBD@Z)
fltk2.lib(gifImage.obj) : error LNK2001: unresolved external symbol __imp_fopen
fltk2.lib(bmpImage.obj) : error LNK2001: unresolved external symbol __imp_fopen
fltk2.lib(SharedImage.obj) : error LNK2019: unresolved external symbol __imp_fread referenced in function "public: static class fltk::SharedImage * __cdecl fltk::SharedImage::get(char const *)" (?get@SharedImage@fltk@@SAPEAV12@PEBD@Z)
fltk2.lib(gifImage.obj) : error LNK2001: unresolved external symbol __imp_fread
fltk2.lib(bmpImage.obj) : error LNK2001: unresolved external symbol __imp_fread
fltk2.lib(gifImage.obj) : error LNK2019: unresolved external symbol __imp_getc referenced in function "public: virtual bool __cdecl fltk::gifImage::fetch(void)" (?fetch@gifImage@fltk@@UEAA_NXZ)
fltk2.lib(bmpImage.obj) : error LNK2019: unresolved external symbol __imp_fgetc referenced in function "unsigned char __cdecl GETC(void)" (?GETC@@YAEXZ)
fltk2.lib(bmpImage.obj) : error LNK2019: unresolved external symbol __imp_fseek referenced in function "int __cdecl FSEEK(int)" (?FSEEK@@YAHH@Z)
fltk2.lib(list_fonts.obj) : error LNK2019: unresolved external symbol __imp_strstr referenced in function "char const * __cdecl GetFontSubstitutes(char const *,int &)" (?GetFontSubstitutes@@YAPEBDPEBDAEAH@Z)
fltk2.lib(list_fonts.obj) : error LNK2019: unresolved external symbol __imp_strncpy referenced in function "char const * __cdecl GetFontSubstitutes(char const *,int &)" (?GetFontSubstitutes@@YAPEBDPEBDAEAH@Z)
fltk2.lib(list_fonts.obj) : error LNK2019: unresolved external symbol __imp_stricmp referenced in function sort_function
OLDNAMES.lib(stricmp.obi) : error LNK2001: unresolved external symbol __imp_stricmp
fltk2.lib(addarc.obj) : error LNK2019: unresolved external symbol __imp_acosf referenced in function "void __cdecl fltk::addarc(float,float,float,float,float,float)" (?addarc@fltk@@YAXMMMMMM@Z)
fltk2.lib(addarc.obj) : error LNK2019: unresolved external symbol __imp_ceilf referenced in function "void __cdecl fltk::addarc(float,float,float,float,float,float)" (?addarc@fltk@@YAXMMMMMM@Z)
../../test/resize.exe : fatal error LNK1120: 22 unresolved externals
