C:\Program Files (x86)\MSBuild\Microsoft.Cpp\v4.0\V140\Microsoft.CppBuild.targets(392,5): warning MSB8028: The intermediate directory (x64\Release\) contains files shared from another project (arc.vcxproj, ask.vcxproj, bitmap.vcxproj, boxtype.vcxproj, browser.vcxproj, button.vcxproj, buttons.vcxproj, checkers.vcxproj, clock.vcxproj, color_chooser.vcxproj, CubeView.vcxproj, cursor.vcxproj, curve.vcxproj, demo.vcxproj, drawing.vcxproj, editor.vcxproj, file_chooser.vcxproj, fltk.vcxproj, fltkdll.vcxproj, fltkdll_glut.vcxproj, fltkdll_images.vcxproj, fltkdll_opengl.vcxproj, fltk_images.vcxproj, fltk_opengl.vcxproj, fluid.vcxproj, fluid_wdll.vcxproj, fonts.vcxproj, fractals.vcxproj, glpuzzle.vcxproj, hello.vcxproj, help.vcxproj, image.vcxproj, inactive.vcxproj, input.vcxproj, keyboard.vcxproj, label.vcxproj, libjpeg.vcxproj, libpng.vcxproj, line_style.vcxproj, mandelbrot.vcxproj, menubar.vcxproj, message.vcxproj, navigation.vcxproj, output.vcxproj, pack.vcxproj, qubix.vcxproj, radio.vcxproj, resize.vcxproj, size_range.vcxproj, symbols.vcxproj, tabs.vcxproj, tile.vcxproj, valuators.vcxproj, wizard.vcxproj).  This can lead to incorrect clean and rebuild behavior.
  adler32.c
  compress.c
  crc32.c
  deflate.c
  gzclose.c
  gzlib.c
..\..\images\zlib\gzlib.c(156): warning C4996: 'strcpy': This function or variable may be unsafe. Consider using strcpy_s instead. To disable deprecation, use _CRT_SECURE_NO_WARNINGS. See online help for details.
  C:\Program Files (x86)\Windows Kits\10\Include\10.0.10240.0\ucrt\string.h(119): note: see declaration of 'strcpy'
..\..\images\zlib\gzlib.c(160): warning C4996: 'open': The POSIX name for this item is deprecated. Instead, use the ISO C and C++ conformant name: _open. See online help for details.
  C:\Program Files (x86)\Windows Kits\10\Include\10.0.10240.0\ucrt\corecrt_io.h(514): note: see declaration of 'open'
..\..\images\zlib\gzlib.c(184): warning C4996: 'lseek': The POSIX name for this item is deprecated. Instead, use the ISO C and C++ conformant name: _lseek. See online help for details.
  C:\Program Files (x86)\Windows Kits\10\Include\10.0.10240.0\ucrt\corecrt_io.h(501): note: see declaration of 'lseek'
..\..\images\zlib\gzlib.c(221): warning C4996: 'sprintf': This function or variable may be unsafe. Consider using sprintf_s instead. To disable deprecation, use _CRT_SECURE_NO_WARNINGS. See online help for details.
  C:\Program Files (x86)\Windows Kits\10\Include\10.0.10240.0\ucrt\stdio.h(1769): note: see declaration of 'sprintf'
..\..\images\zlib\gzlib.c(268): warning C4996: 'lseek': The POSIX name for this item is deprecated. Instead, use the ISO C and C++ conformant name: _lseek. See online help for details.
  C:\Program Files (x86)\Windows Kits\10\Include\10.0.10240.0\ucrt\corecrt_io.h(501): note: see declaration of 'lseek'
..\..\images\zlib\gzlib.c(309): warning C4996: 'lseek': The POSIX name for this item is deprecated. Instead, use the ISO C and C++ conformant name: _lseek. See online help for details.
  C:\Program Files (x86)\Windows Kits\10\Include\10.0.10240.0\ucrt\corecrt_io.h(501): note: see declaration of 'lseek'
..\..\images\zlib\gzlib.c(404): warning C4996: 'lseek': The POSIX name for this item is deprecated. Instead, use the ISO C and C++ conformant name: _lseek. See online help for details.
  C:\Program Files (x86)\Windows Kits\10\Include\10.0.10240.0\ucrt\corecrt_io.h(501): note: see declaration of 'lseek'
..\..\images\zlib\gzlib.c(514): warning C4996: 'strcpy': This function or variable may be unsafe. Consider using strcpy_s instead. To disable deprecation, use _CRT_SECURE_NO_WARNINGS. See online help for details.
  C:\Program Files (x86)\Windows Kits\10\Include\10.0.10240.0\ucrt\string.h(119): note: see declaration of 'strcpy'
..\..\images\zlib\gzlib.c(515): warning C4996: 'strcat': This function or variable may be unsafe. Consider using strcat_s instead. To disable deprecation, use _CRT_SECURE_NO_WARNINGS. See online help for details.
  C:\Program Files (x86)\Windows Kits\10\Include\10.0.10240.0\ucrt\string.h(90): note: see declaration of 'strcat'
..\..\images\zlib\gzlib.c(516): warning C4996: 'strcat': This function or variable may be unsafe. Consider using strcat_s instead. To disable deprecation, use _CRT_SECURE_NO_WARNINGS. See online help for details.
  C:\Program Files (x86)\Windows Kits\10\Include\10.0.10240.0\ucrt\string.h(90): note: see declaration of 'strcat'
  gzread.c
..\..\images\zlib\gzread.c(31): warning C4996: 'read': The POSIX name for this item is deprecated. Instead, use the ISO C and C++ conformant name: _read. See online help for details.
  C:\Program Files (x86)\Windows Kits\10\Include\10.0.10240.0\ucrt\corecrt_io.h(521): note: see declaration of 'read'
..\..\images\zlib\gzread.c(37): warning C4996: 'strerror': This function or variable may be unsafe. Consider using strerror_s instead. To disable deprecation, use _CRT_SECURE_NO_WARNINGS. See online help for details.
  C:\Program Files (x86)\Windows Kits\10\Include\10.0.10240.0\ucrt\string.h(178): note: see declaration of 'strerror'
..\..\images\zlib\gzread.c(650): warning C4996: 'close': The POSIX name for this item is deprecated. Instead, use the ISO C and C++ conformant name: _close. See online help for details.
  C:\Program Files (x86)\Windows Kits\10\Include\10.0.10240.0\ucrt\corecrt_io.h(457): note: see declaration of 'close'
  gzwrite.c
..\..\images\zlib\gzwrite.c(79): warning C4996: 'write': The POSIX name for this item is deprecated. Instead, use the ISO C and C++ conformant name: _write. See online help for details.
  C:\Program Files (x86)\Windows Kits\10\Include\10.0.10240.0\ucrt\corecrt_io.h(556): note: see declaration of 'write'
..\..\images\zlib\gzwrite.c(81): warning C4996: 'strerror': This function or variable may be unsafe. Consider using strerror_s instead. To disable deprecation, use _CRT_SECURE_NO_WARNINGS. See online help for details.
  C:\Program Files (x86)\Windows Kits\10\Include\10.0.10240.0\ucrt\string.h(178): note: see declaration of 'strerror'
..\..\images\zlib\gzwrite.c(333): warning C4996: '_vsnprintf': This function or variable may be unsafe. Consider using _vsnprintf_s instead. To disable deprecation, use _CRT_SECURE_NO_WARNINGS. See online help for details.
  C:\Program Files (x86)\Windows Kits\10\Include\10.0.10240.0\ucrt\stdio.h(1396): note: see declaration of '_vsnprintf'
..\..\images\zlib\gzwrite.c(528): warning C4996: 'close': The POSIX name for this item is deprecated. Instead, use the ISO C and C++ conformant name: _close. See online help for details.
  C:\Program Files (x86)\Windows Kits\10\Include\10.0.10240.0\ucrt\corecrt_io.h(457): note: see declaration of 'close'
  infback.c
  inffast.c
  inflate.c
  inftrees.c
  trees.c
  uncompr.c
  zutil.c
  Generating Code...
C:\Program Files (x86)\MSBuild\Microsoft.Cpp\v4.0\V140\Microsoft.CppBuild.targets(1357,5): warning MSB8012: TargetPath(d:\code\applications\mrViewer\dependencies\fltk-2.0-win64\ide\vcnet\x64\Release\zlib.lib) does not match the Library's OutputFile property value (d:\code\applications\mrViewer\dependencies\fltk-2.0-win64\lib\fltk2_z.lib). This may cause your project to build incorrectly. To correct this, please make sure that $(OutDir), $(TargetName) and $(TargetExt) property values match the value specified in %(Lib.OutputFile).
C:\Program Files (x86)\MSBuild\Microsoft.Cpp\v4.0\V140\Microsoft.CppBuild.targets(1359,5): warning MSB8012: TargetName(zlib) does not match the Library's OutputFile property value (fltk2_z). This may cause your project to build incorrectly. To correct this, please make sure that $(OutDir), $(TargetName) and $(TargetExt) property values match the value specified in %(Lib.OutputFile).
  zlib.vcxproj -> d:\code\applications\mrViewer\dependencies\fltk-2.0-win64\ide\vcnet\x64\Release\zlib.lib
