Build started 12/08/2014 04:53:38 p.m..
     1>Project "f:\code\lib\openexr-git\OpenEXR\IlmImf\dwaLookups.vcxproj" on node 3 (build target(s)).
     1>InitializeBuildStatus:
         Creating "dwaLookups.dir\Release\dwaLookups.unsuccessfulbuild" because "AlwaysCreate" was specified.
       CustomBuild:
         Building Custom Rule F:/code/lib/openexr-git/OpenEXR/IlmImf/CMakeLists.txt
         CMake does not need to re-run because F:\code\lib\openexr-git\OpenEXR\IlmImf\CMakeFiles\generate.stamp is up-to-date.
       ClCompile:
         C:\Program Files (x86)\Microsoft Visual Studio 10.0\VC\bin\x86_amd64\CL.exe /c /I"F:/code/lib/openexr-git/OpenEXR/IlmImf" /I"F:/code/lib/openexr-git/OpenEXR/config" /I"F:/code/lib/openexr-git/OpenEXR/IlmImfUtil" /I"F:/code/lib/openexr-git/OpenEXR/exrmaketiled" /I"F:/code/lib/openexr-git/OpenEXR/exrenvmap" /I"F:/code/lib/openexr-git/OpenEXR/exrmakepreview" /I"F:/code/lib/openexr-git/OpenEXR/exrmultiview" /I"F:/code/lib/openexr-git/OpenEXR/IlmImfFuzzTest" /I"f:/code/lib/zlib-1.2.8-win64" /If:/code/lib/Windows_64/include/OpenEXR /nologo /W3 /WX- /O2 /Ob2 /D WIN32 /D _WINDOWS /D NDEBUG /D HAVE_CONFIG_H /D "ILM_IMF_TEST_IMAGEDIR=\"F:/code/lib/openexr-git/OpenEXR/IlmImfTest/\"" /D OPENEXR_DLL /D ILMIMF_EXPORTS /D "CMAKE_INTDIR=\"Release\"" /D _MBCS /Gm- /EHsc /MD /GS /fp:precise /Zc:wchar_t /Zc:forScope /GR /Fo"dwaLookups.dir\Release\\" /Fd"F:/code/lib/openexr-git/OpenEXR/IlmImf/Release/dwaLookups.pdb" /Gd /TP /errorReport:prompt "F:\code\lib\openexr-git\OpenEXR\IlmImf\dwaLookups.cpp"  /Zm1000 
         dwaLookups.cpp
     1>F:/code/lib/openexr-git/OpenEXR/IlmImf\ImfIO.h(147): warning C4251: 'Imf_2_2::IStream::_fileName' : class 'std::basic_string<_Elem,_Traits,_Ax>' needs to have dll-interface to be used by clients of class 'Imf_2_2::IStream'
                 with
                 [
                     _Elem=char,
                     _Traits=std::char_traits<char>,
                     _Ax=std::allocator<char>
                 ]
     1>F:/code/lib/openexr-git/OpenEXR/IlmImf\ImfIO.h(210): warning C4251: 'Imf_2_2::OStream::_fileName' : class 'std::basic_string<_Elem,_Traits,_Ax>' needs to have dll-interface to be used by clients of class 'Imf_2_2::OStream'
                 with
                 [
                     _Elem=char,
                     _Traits=std::char_traits<char>,
                     _Ax=std::allocator<char>
                 ]
     1>f:\code\lib\windows_64\include\openexr\IexBaseExc.h(143): warning C4275: non dll-interface class 'Iex_2_2::BaseExc' used as base for dll-interface class 'Iex_2_2::ArgExc'
                 f:\code\lib\windows_64\include\openexr\IexBaseExc.h(60) : see declaration of 'Iex_2_2::BaseExc'
                 f:\code\lib\windows_64\include\openexr\IexBaseExc.h(143) : see declaration of 'Iex_2_2::ArgExc'
     1>f:\code\lib\windows_64\include\openexr\IexBaseExc.h(145): warning C4275: non dll-interface class 'Iex_2_2::BaseExc' used as base for dll-interface class 'Iex_2_2::LogicExc'
                 f:\code\lib\windows_64\include\openexr\IexBaseExc.h(60) : see declaration of 'Iex_2_2::BaseExc'
                 f:\code\lib\windows_64\include\openexr\IexBaseExc.h(145) : see declaration of 'Iex_2_2::LogicExc'
     1>f:\code\lib\windows_64\include\openexr\IexBaseExc.h(150): warning C4275: non dll-interface class 'Iex_2_2::BaseExc' used as base for dll-interface class 'Iex_2_2::InputExc'
                 f:\code\lib\windows_64\include\openexr\IexBaseExc.h(60) : see declaration of 'Iex_2_2::BaseExc'
                 f:\code\lib\windows_64\include\openexr\IexBaseExc.h(150) : see declaration of 'Iex_2_2::InputExc'
     1>f:\code\lib\windows_64\include\openexr\IexBaseExc.h(152): warning C4275: non dll-interface class 'Iex_2_2::BaseExc' used as base for dll-interface class 'Iex_2_2::IoExc'
                 f:\code\lib\windows_64\include\openexr\IexBaseExc.h(60) : see declaration of 'Iex_2_2::BaseExc'
                 f:\code\lib\windows_64\include\openexr\IexBaseExc.h(152) : see declaration of 'Iex_2_2::IoExc'
     1>f:\code\lib\windows_64\include\openexr\IexBaseExc.h(154): warning C4275: non dll-interface class 'Iex_2_2::BaseExc' used as base for dll-interface class 'Iex_2_2::MathExc'
                 f:\code\lib\windows_64\include\openexr\IexBaseExc.h(60) : see declaration of 'Iex_2_2::BaseExc'
                 f:\code\lib\windows_64\include\openexr\IexBaseExc.h(154) : see declaration of 'Iex_2_2::MathExc'
     1>f:\code\lib\windows_64\include\openexr\IexBaseExc.h(158): warning C4275: non dll-interface class 'Iex_2_2::BaseExc' used as base for dll-interface class 'Iex_2_2::ErrnoExc'
                 f:\code\lib\windows_64\include\openexr\IexBaseExc.h(60) : see declaration of 'Iex_2_2::BaseExc'
                 f:\code\lib\windows_64\include\openexr\IexBaseExc.h(158) : see declaration of 'Iex_2_2::ErrnoExc'
     1>f:\code\lib\windows_64\include\openexr\IexBaseExc.h(163): warning C4275: non dll-interface class 'Iex_2_2::BaseExc' used as base for dll-interface class 'Iex_2_2::NoImplExc'
                 f:\code\lib\windows_64\include\openexr\IexBaseExc.h(60) : see declaration of 'Iex_2_2::BaseExc'
                 f:\code\lib\windows_64\include\openexr\IexBaseExc.h(163) : see declaration of 'Iex_2_2::NoImplExc'
     1>f:\code\lib\windows_64\include\openexr\IexBaseExc.h(169): warning C4275: non dll-interface class 'Iex_2_2::BaseExc' used as base for dll-interface class 'Iex_2_2::NullExc'
                 f:\code\lib\windows_64\include\openexr\IexBaseExc.h(60) : see declaration of 'Iex_2_2::BaseExc'
                 f:\code\lib\windows_64\include\openexr\IexBaseExc.h(169) : see declaration of 'Iex_2_2::NullExc'
     1>f:\code\lib\windows_64\include\openexr\IexBaseExc.h(171): warning C4275: non dll-interface class 'Iex_2_2::BaseExc' used as base for dll-interface class 'Iex_2_2::TypeExc'
                 f:\code\lib\windows_64\include\openexr\IexBaseExc.h(60) : see declaration of 'Iex_2_2::BaseExc'
                 f:\code\lib\windows_64\include\openexr\IexBaseExc.h(171) : see declaration of 'Iex_2_2::TypeExc'
     1>F:\code\lib\openexr-git\OpenEXR\IlmImf\dwaLookups.cpp(161): warning C4267: 'argument' : conversion from 'size_t' to 'unsigned short', possible loss of data
     1>F:\code\lib\openexr-git\OpenEXR\IlmImf\dwaLookups.cpp(164): warning C4267: 'argument' : conversion from 'size_t' to 'unsigned short', possible loss of data
     1>F:\code\lib\openexr-git\OpenEXR\IlmImf\dwaLookups.cpp(334): warning C4244: 'initializing' : conversion from 'double' to 'float', possible loss of data
     1>F:\code\lib\openexr-git\OpenEXR\IlmImf\dwaLookups.cpp(388): warning C4244: 'initializing' : conversion from 'double' to 'float', possible loss of data
     1>F:\code\lib\openexr-git\OpenEXR\IlmImf\dwaLookups.cpp(416): warning C4244: 'argument' : conversion from 'double' to 'float', possible loss of data
     1>F:\code\lib\openexr-git\OpenEXR\IlmImf\dwaLookups.cpp(525): warning C4267: '+=' : conversion from 'size_t' to 'int', possible loss of data
       Link:
         C:\Program Files (x86)\Microsoft Visual Studio 10.0\VC\bin\x86_amd64\link.exe /ERRORREPORT:PROMPT /OUT:"F:\code\lib\openexr-git\OpenEXR\IlmImf\Release\dwaLookups.exe" /INCREMENTAL:NO /NOLOGO /LIBPATH:f:/code/lib/Windows_64/lib /LIBPATH:f:/code/lib/Windows_64/lib/Release kernel32.lib user32.lib gdi32.lib winspool.lib shell32.lib ole32.lib oleaut32.lib uuid.lib comdlg32.lib advapi32.lib Half.lib "Iex-2_2.lib" "IlmThread-2_2.lib" /MANIFEST /ManifestFile:"dwaLookups.dir\Release\dwaLookups.exe.intermediate.manifest" /MANIFESTUAC:"level='asInvoker' uiAccess='false'" /PDB:"F:\code\lib\openexr-git\OpenEXR\IlmImf\Release\dwaLookups.pdb" /SUBSYSTEM:CONSOLE /STACK:"10000000" /TLBID:1 /DYNAMICBASE /NXCOMPAT /IMPLIB:"F:/code/lib/openexr-git/OpenEXR/IlmImf/Release/dwaLookups.lib" /MACHINE:X64 dwaLookups.dir\Release\dwaLookups.obj  /machine:x64 
         dwaLookups.vcxproj -> F:\code\lib\openexr-git\OpenEXR\IlmImf\Release\dwaLookups.exe
       Manifest:
         C:\Program Files\Microsoft SDKs\Windows\v7.1\bin\mt.exe /nologo /verbose /outputresource:"F:\code\lib\openexr-git\OpenEXR\IlmImf\Release\dwaLookups.exe;#1" /manifest dwaLookups.dir\Release\dwaLookups.exe.intermediate.manifest
       FinalizeBuildStatus:
         Deleting file "dwaLookups.dir\Release\dwaLookups.unsuccessfulbuild".
         Touching "dwaLookups.dir\Release\dwaLookups.lastbuildstate".
     1>Done Building Project "f:\code\lib\openexr-git\OpenEXR\IlmImf\dwaLookups.vcxproj" (build target(s)).

Build succeeded.

Time Elapsed 00:00:01.74
