The system is: Windows - 6.1 - AMD64
Compiling the C compiler identification source file "CMakeCCompilerId.c" succeeded.
Compiler: c:/Program Files (x86)/Microsoft Visual Studio 10.0/VC/bin/amd64/cl.exe 
Build flags: 
Id flags: 

The output was:
0
Microsoft (R) C/C++ Optimizing Compiler Version 16.00.40219.01 for x64
Copyright (C) Microsoft Corporation.  All rights reserved.

CMakeCCompilerId.c
Microsoft (R) Incremental Linker Version 10.00.40219.01
Copyright (C) Microsoft Corporation.  All rights reserved.

/out:CMakeCCompilerId.exe 
CMakeCCompilerId.obj 


Compilation of the C compiler identification source "CMakeCCompilerId.c" produced "CMakeCCompilerId.exe"

Compilation of the C compiler identification source "CMakeCCompilerId.c" produced "CMakeCCompilerId.obj"

The C compiler identification is MSVC, found in "F:/code/lib/openexr-git/IlmBase/build-win64-debug/CMakeFiles/3.1.2/CompilerIdC/CMakeCCompilerId.exe"

Compiling the CXX compiler identification source file "CMakeCXXCompilerId.cpp" succeeded.
Compiler: c:/Program Files (x86)/Microsoft Visual Studio 10.0/VC/bin/amd64/cl.exe 
Build flags: 
Id flags: 

The output was:
0
Microsoft (R) C/C++ Optimizing Compiler Version 16.00.40219.01 for x64
Copyright (C) Microsoft Corporation.  All rights reserved.

CMakeCXXCompilerId.cpp
Microsoft (R) Incremental Linker Version 10.00.40219.01
Copyright (C) Microsoft Corporation.  All rights reserved.

/out:CMakeCXXCompilerId.exe 
CMakeCXXCompilerId.obj 


Compilation of the CXX compiler identification source "CMakeCXXCompilerId.cpp" produced "CMakeCXXCompilerId.exe"

Compilation of the CXX compiler identification source "CMakeCXXCompilerId.cpp" produced "CMakeCXXCompilerId.obj"

The CXX compiler identification is MSVC, found in "F:/code/lib/openexr-git/IlmBase/build-win64-debug/CMakeFiles/3.1.2/CompilerIdCXX/CMakeCXXCompilerId.exe"

Determining if the C compiler works passed with the following output:
Change Dir: F:/code/lib/openexr-git/IlmBase/build-win64-debug/CMakeFiles/CMakeTmp

Run Build Command:"nmake" "/NOLOGO" "cmTryCompileExec3439402241\fast"
	"c:\Program Files (x86)\Microsoft Visual Studio 10.0\VC\Bin\amd64\nmake.exe" -f CMakeFiles\cmTryCompileExec3439402241.dir\build.make /nologo -L                  CMakeFiles\cmTryCompileExec3439402241.dir\build
	"c:\Program Files (x86)\cmake-3.1.2-win32-x86\bin\cmake.exe" -E cmake_progress_report F:\code\lib\openexr-git\IlmBase\build-win64-debug\CMakeFiles\CMakeTmp\CMakeFiles 1
Building C object CMakeFiles/cmTryCompileExec3439402241.dir/testCCompiler.c.obj
	c:\PROGRA~2\MICROS~1.0\VC\bin\amd64\cl.exe  @.\nmF038.tmp
testCCompiler.c
Linking C executable cmTryCompileExec3439402241.exe
	"c:\Program Files (x86)\cmake-3.1.2-win32-x86\bin\cmake.exe" -E vs_link_exe c:\PROGRA~2\MICROS~1.0\VC\bin\amd64\link.exe /nologo @CMakeFiles\cmTryCompileExec3439402241.dir\objects1.rsp @.\nmF077.tmp


Detecting C compiler ABI info compiled with the following output:
Change Dir: F:/code/lib/openexr-git/IlmBase/build-win64-debug/CMakeFiles/CMakeTmp

Run Build Command:"nmake" "/NOLOGO" "cmTryCompileExec4047587958\fast"
	"c:\Program Files (x86)\Microsoft Visual Studio 10.0\VC\Bin\amd64\nmake.exe" -f CMakeFiles\cmTryCompileExec4047587958.dir\build.make /nologo -L                  CMakeFiles\cmTryCompileExec4047587958.dir\build
	"c:\Program Files (x86)\cmake-3.1.2-win32-x86\bin\cmake.exe" -E cmake_progress_report F:\code\lib\openexr-git\IlmBase\build-win64-debug\CMakeFiles\CMakeTmp\CMakeFiles 1
Building C object CMakeFiles/cmTryCompileExec4047587958.dir/CMakeCCompilerABI.c.obj
	c:\PROGRA~2\MICROS~1.0\VC\bin\amd64\cl.exe  @.\nmF23B.tmp
CMakeCCompilerABI.c
Linking C executable cmTryCompileExec4047587958.exe
	"c:\Program Files (x86)\cmake-3.1.2-win32-x86\bin\cmake.exe" -E vs_link_exe c:\PROGRA~2\MICROS~1.0\VC\bin\amd64\link.exe /nologo @CMakeFiles\cmTryCompileExec4047587958.dir\objects1.rsp @.\nmF26B.tmp


Determining if the CXX compiler works passed with the following output:
Change Dir: F:/code/lib/openexr-git/IlmBase/build-win64-debug/CMakeFiles/CMakeTmp

Run Build Command:"nmake" "/NOLOGO" "cmTryCompileExec1329901079\fast"
	"c:\Program Files (x86)\Microsoft Visual Studio 10.0\VC\Bin\amd64\nmake.exe" -f CMakeFiles\cmTryCompileExec1329901079.dir\build.make /nologo -L                  CMakeFiles\cmTryCompileExec1329901079.dir\build
	"c:\Program Files (x86)\cmake-3.1.2-win32-x86\bin\cmake.exe" -E cmake_progress_report F:\code\lib\openexr-git\IlmBase\build-win64-debug\CMakeFiles\CMakeTmp\CMakeFiles 1
Building CXX object CMakeFiles/cmTryCompileExec1329901079.dir/testCXXCompiler.cxx.obj
	c:\PROGRA~2\MICROS~1.0\VC\bin\amd64\cl.exe  @.\nmF45D.tmp
testCXXCompiler.cxx
Linking CXX executable cmTryCompileExec1329901079.exe
	"c:\Program Files (x86)\cmake-3.1.2-win32-x86\bin\cmake.exe" -E vs_link_exe c:\PROGRA~2\MICROS~1.0\VC\bin\amd64\link.exe /nologo @CMakeFiles\cmTryCompileExec1329901079.dir\objects1.rsp @.\nmF4AC.tmp


Detecting CXX compiler ABI info compiled with the following output:
Change Dir: F:/code/lib/openexr-git/IlmBase/build-win64-debug/CMakeFiles/CMakeTmp

Run Build Command:"nmake" "/NOLOGO" "cmTryCompileExec673264708\fast"
	"c:\Program Files (x86)\Microsoft Visual Studio 10.0\VC\Bin\amd64\nmake.exe" -f CMakeFiles\cmTryCompileExec673264708.dir\build.make /nologo -L                  CMakeFiles\cmTryCompileExec673264708.dir\build
	"c:\Program Files (x86)\cmake-3.1.2-win32-x86\bin\cmake.exe" -E cmake_progress_report F:\code\lib\openexr-git\IlmBase\build-win64-debug\CMakeFiles\CMakeTmp\CMakeFiles 1
Building CXX object CMakeFiles/cmTryCompileExec673264708.dir/CMakeCXXCompilerABI.cpp.obj
	c:\PROGRA~2\MICROS~1.0\VC\bin\amd64\cl.exe  @.\nmF660.tmp
CMakeCXXCompilerABI.cpp
Linking CXX executable cmTryCompileExec673264708.exe
	"c:\Program Files (x86)\cmake-3.1.2-win32-x86\bin\cmake.exe" -E vs_link_exe c:\PROGRA~2\MICROS~1.0\VC\bin\amd64\link.exe /nologo @CMakeFiles\cmTryCompileExec673264708.dir\objects1.rsp @.\nmF69F.tmp


