# Logfile created on Thu Jun 21 15:55:44 -0300 2012  [4;36;1mSQL (0.2ms)[0m   [0;1mSET client_min_messages TO 'panic'[0m
  [4;35;1mSQL (0.2ms)[0m   [0mSET standard_conforming_strings = on[0m
  [4;36;1mSQL (0.2ms)[0m   [0;1mSET client_min_messages TO 'notice'[0m


Processing ImagesController#index (for 127.0.0.1 at 2012-06-21 15:56:05) [GET]
  [4;35;1mImage Load (1.7ms)[0m   [0mSELECT * FROM "images" [0m
Rendering template within layouts/images
Rendering images/index
Completed in 96ms (View: 86, DB: 2) | 200 OK [http://localhost/images]
  [4;36;1mSQL (0.2ms)[0m   [0;1mSET client_min_messages TO 'panic'[0m
  [4;35;1mSQL (0.2ms)[0m   [0mSET standard_conforming_strings = on[0m
  [4;36;1mSQL (0.3ms)[0m   [0;1mSET client_min_messages TO 'notice'[0m


Processing ImagesController#index (for 127.0.0.1 at 2012-06-21 15:56:47) [GET]
  [4;35;1mImage Load (1.5ms)[0m   [0mSELECT * FROM "images" [0m
Rendering template within layouts/images
Rendering images/index
Completed in 85ms (View: 78, DB: 2) | 200 OK [http://localhost/images]
  [4;36;1mSQL (0.2ms)[0m   [0;1mSET client_min_messages TO 'panic'[0m
  [4;35;1mSQL (0.2ms)[0m   [0mSET standard_conforming_strings = on[0m
  [4;36;1mSQL (0.2ms)[0m   [0;1mSET client_min_messages TO 'notice'[0m


Processing ImagesController#index (for 127.0.0.1 at 2012-06-21 16:05:44) [GET]
  [4;35;1mImage Load (10.2ms)[0m   [0mSELECT * FROM "images" [0m
Rendering template within layouts/images
Rendering images/index

ActionView::TemplateError (undefined method `sid' for #<Image:0x7f8561539010>) on line #43 of app/views/images/index.html.erb:
40: 
41: <% @images.each do |image| %>
42:   <tr>
43:     <td><%=h image.sid %></td>
44:     <td><%=h image.directory %></td>
45:     <td><%=h image.filename %></td>
46:     <td><%=h image.shot_id %></td>

    app/views/images/index.html.erb:43
    app/views/images/index.html.erb:41:in `each'
    app/views/images/index.html.erb:41
    app/controllers/images_controller.rb:7:in `index'
    /usr/lib/ruby/1.8/webrick/httpserver.rb:104:in `service'
    /usr/lib/ruby/1.8/webrick/httpserver.rb:65:in `run'
    /usr/lib/ruby/1.8/webrick/server.rb:173:in `start_thread'
    /usr/lib/ruby/1.8/webrick/server.rb:162:in `start'
    /usr/lib/ruby/1.8/webrick/server.rb:162:in `start_thread'
    /usr/lib/ruby/1.8/webrick/server.rb:95:in `start'
    /usr/lib/ruby/1.8/webrick/server.rb:92:in `each'
    /usr/lib/ruby/1.8/webrick/server.rb:92:in `start'
    /usr/lib/ruby/1.8/webrick/server.rb:23:in `start'
    /usr/lib/ruby/1.8/webrick/server.rb:82:in `start'

Rendered rescues/_trace (41.0ms)
Rendered rescues/_request_and_response (1.3ms)
Rendering rescues/layout (internal_server_error)
  [4;36;1mSQL (0.2ms)[0m   [0;1mSET client_min_messages TO 'panic'[0m
  [4;35;1mSQL (0.2ms)[0m   [0mSET standard_conforming_strings = on[0m
  [4;36;1mSQL (0.1ms)[0m   [0;1mSET client_min_messages TO 'notice'[0m


Processing ImagesController#index (for 127.0.0.1 at 2012-06-21 16:05:51) [GET]
  [4;35;1mImage Load (10.3ms)[0m   [0mSELECT * FROM "images" [0m
Rendering template within layouts/images
Rendering images/index

ActionView::TemplateError (undefined method `sid' for #<Image:0x7f856147b0d8>) on line #43 of app/views/images/index.html.erb:
40: 
41: <% @images.each do |image| %>
42:   <tr>
43:     <td><%=h image.sid %></td>
44:     <td><%=h image.directory %></td>
45:     <td><%=h image.filename %></td>
46:     <td><%=h image.shot_id %></td>

    app/views/images/index.html.erb:43
    app/views/images/index.html.erb:41:in `each'
    app/views/images/index.html.erb:41
    app/controllers/images_controller.rb:7:in `index'
    /usr/lib/ruby/1.8/webrick/httpserver.rb:104:in `service'
    /usr/lib/ruby/1.8/webrick/httpserver.rb:65:in `run'
    /usr/lib/ruby/1.8/webrick/server.rb:173:in `start_thread'
    /usr/lib/ruby/1.8/webrick/server.rb:162:in `start'
    /usr/lib/ruby/1.8/webrick/server.rb:162:in `start_thread'
    /usr/lib/ruby/1.8/webrick/server.rb:95:in `start'
    /usr/lib/ruby/1.8/webrick/server.rb:92:in `each'
    /usr/lib/ruby/1.8/webrick/server.rb:92:in `start'
    /usr/lib/ruby/1.8/webrick/server.rb:23:in `start'
    /usr/lib/ruby/1.8/webrick/server.rb:82:in `start'

Rendered rescues/_trace (46.1ms)
Rendered rescues/_request_and_response (0.3ms)
Rendering rescues/layout (internal_server_error)
  [4;36;1mSQL (0.2ms)[0m   [0;1mSET client_min_messages TO 'panic'[0m
  [4;35;1mSQL (0.3ms)[0m   [0mSET standard_conforming_strings = on[0m
  [4;36;1mSQL (0.2ms)[0m   [0;1mSET client_min_messages TO 'notice'[0m


Processing ImagesController#index (for 127.0.0.1 at 2012-06-21 16:12:22) [GET]
  [4;35;1mImage Load (10.7ms)[0m   [0mSELECT * FROM "images" [0m
Rendering template within layouts/images
Rendering images/index
Completed in 164ms (View: 145, DB: 11) | 200 OK [http://localhost/images]
  [4;36;1mSQL (0.2ms)[0m   [0;1mSET client_min_messages TO 'panic'[0m
  [4;35;1mSQL (0.3ms)[0m   [0mSET standard_conforming_strings = on[0m
  [4;36;1mSQL (0.2ms)[0m   [0;1mSET client_min_messages TO 'notice'[0m


Processing ActionController::Base#index (for 127.0.0.1 at 2012-06-21 18:08:45) [GET]

NameError (uninitialized constant ApplicationController):
  app/controllers/shows_controller.rb:1
  /usr/lib/ruby/1.8/webrick/httpserver.rb:104:in `service'
  /usr/lib/ruby/1.8/webrick/httpserver.rb:65:in `run'
  /usr/lib/ruby/1.8/webrick/server.rb:173:in `start_thread'
  /usr/lib/ruby/1.8/webrick/server.rb:162:in `start'
  /usr/lib/ruby/1.8/webrick/server.rb:162:in `start_thread'
  /usr/lib/ruby/1.8/webrick/server.rb:95:in `start'
  /usr/lib/ruby/1.8/webrick/server.rb:92:in `each'
  /usr/lib/ruby/1.8/webrick/server.rb:92:in `start'
  /usr/lib/ruby/1.8/webrick/server.rb:23:in `start'
  /usr/lib/ruby/1.8/webrick/server.rb:82:in `start'

Rendered rescues/_trace (38.4ms)
Rendered rescues/_request_and_response (1.2ms)
Rendering rescues/layout (internal_server_error)
  [4;35;1mSQL (0.2ms)[0m   [0mSET client_min_messages TO 'panic'[0m
  [4;36;1mSQL (0.2ms)[0m   [0;1mSET standard_conforming_strings = on[0m
  [4;35;1mSQL (0.2ms)[0m   [0mSET client_min_messages TO 'notice'[0m


Processing ActionController::Base#index (for 127.0.0.1 at 2012-06-21 18:08:52) [GET]

NameError (uninitialized constant ApplicationController):
  app/controllers/images_controller.rb:1
  /usr/lib/ruby/1.8/webrick/httpserver.rb:104:in `service'
  /usr/lib/ruby/1.8/webrick/httpserver.rb:65:in `run'
  /usr/lib/ruby/1.8/webrick/server.rb:173:in `start_thread'
  /usr/lib/ruby/1.8/webrick/server.rb:162:in `start'
  /usr/lib/ruby/1.8/webrick/server.rb:162:in `start_thread'
  /usr/lib/ruby/1.8/webrick/server.rb:95:in `start'
  /usr/lib/ruby/1.8/webrick/server.rb:92:in `each'
  /usr/lib/ruby/1.8/webrick/server.rb:92:in `start'
  /usr/lib/ruby/1.8/webrick/server.rb:23:in `start'
  /usr/lib/ruby/1.8/webrick/server.rb:82:in `start'

Rendered rescues/_trace (29.5ms)
Rendered rescues/_request_and_response (0.4ms)
Rendering rescues/layout (internal_server_error)
  [4;36;1mSQL (0.2ms)[0m   [0;1mSET client_min_messages TO 'panic'[0m
  [4;35;1mSQL (0.2ms)[0m   [0mSET standard_conforming_strings = on[0m
  [4;36;1mSQL (0.1ms)[0m   [0;1mSET client_min_messages TO 'notice'[0m


Processing ActionController::Base#index (for 127.0.0.1 at 2012-06-21 18:10:17) [GET]

NameError (uninitialized constant ApplicationController):
  app/controllers/images_controller.rb:1
  /usr/lib/ruby/1.8/webrick/httpserver.rb:104:in `service'
  /usr/lib/ruby/1.8/webrick/httpserver.rb:65:in `run'
  /usr/lib/ruby/1.8/webrick/server.rb:173:in `start_thread'
  /usr/lib/ruby/1.8/webrick/server.rb:162:in `start'
  /usr/lib/ruby/1.8/webrick/server.rb:162:in `start_thread'
  /usr/lib/ruby/1.8/webrick/server.rb:95:in `start'
  /usr/lib/ruby/1.8/webrick/server.rb:92:in `each'
  /usr/lib/ruby/1.8/webrick/server.rb:92:in `start'
  /usr/lib/ruby/1.8/webrick/server.rb:23:in `start'
  /usr/lib/ruby/1.8/webrick/server.rb:82:in `start'

Rendered rescues/_trace (32.3ms)
Rendered rescues/_request_and_response (1.3ms)
Rendering rescues/layout (internal_server_error)
  [4;36;1mSQL (0.2ms)[0m   [0;1mSET client_min_messages TO 'panic'[0m
  [4;35;1mSQL (0.2ms)[0m   [0mSET standard_conforming_strings = on[0m
  [4;36;1mSQL (0.2ms)[0m   [0;1mSET client_min_messages TO 'notice'[0m
DEPRECATION WARNING: Disabling sessions for a single controller has been deprecated. Sessions are now lazy loaded. So if you don't access them, consider them off. You can still modify the session cookie options with request.session_options. (called from /media/Linux/code/applications/mrViewer/rails/assets2d/app/controllers/application_controller.rb:8)


Processing ApplicationController#index (for 127.0.0.1 at 2012-06-21 18:12:11) [GET]

NoMethodError (undefined method `active_scaffold' for ImagesController:Class):
  app/controllers/images_controller.rb:2
  /usr/lib/ruby/1.8/webrick/httpserver.rb:104:in `service'
  /usr/lib/ruby/1.8/webrick/httpserver.rb:65:in `run'
  /usr/lib/ruby/1.8/webrick/server.rb:173:in `start_thread'
  /usr/lib/ruby/1.8/webrick/server.rb:162:in `start'
  /usr/lib/ruby/1.8/webrick/server.rb:162:in `start_thread'
  /usr/lib/ruby/1.8/webrick/server.rb:95:in `start'
  /usr/lib/ruby/1.8/webrick/server.rb:92:in `each'
  /usr/lib/ruby/1.8/webrick/server.rb:92:in `start'
  /usr/lib/ruby/1.8/webrick/server.rb:23:in `start'
  /usr/lib/ruby/1.8/webrick/server.rb:82:in `start'

Rendered rescues/_trace (28.4ms)
Rendered rescues/_request_and_response (1.3ms)
Rendering rescues/layout (internal_server_error)
  [4;35;1mSQL (0.2ms)[0m   [0mSET client_min_messages TO 'panic'[0m
  [4;36;1mSQL (0.2ms)[0m   [0;1mSET standard_conforming_strings = on[0m
  [4;35;1mSQL (1.8ms)[0m   [0mSET client_min_messages TO 'notice'[0m
DEPRECATION WARNING: Disabling sessions for a single controller has been deprecated. Sessions are now lazy loaded. So if you don't access them, consider them off. You can still modify the session cookie options with request.session_options. (called from /media/Linux/code/applications/mrViewer/rails/assets2d/app/controllers/application_controller.rb:8)


Processing ApplicationController#index (for 127.0.0.1 at 2012-06-21 18:12:17) [GET]

NoMethodError (undefined method `active_scaffold' for ShowsController:Class):
  app/controllers/shows_controller.rb:2
  /usr/lib/ruby/1.8/webrick/httpserver.rb:104:in `service'
  /usr/lib/ruby/1.8/webrick/httpserver.rb:65:in `run'
  /usr/lib/ruby/1.8/webrick/server.rb:173:in `start_thread'
  /usr/lib/ruby/1.8/webrick/server.rb:162:in `start'
  /usr/lib/ruby/1.8/webrick/server.rb:162:in `start_thread'
  /usr/lib/ruby/1.8/webrick/server.rb:95:in `start'
  /usr/lib/ruby/1.8/webrick/server.rb:92:in `each'
  /usr/lib/ruby/1.8/webrick/server.rb:92:in `start'
  /usr/lib/ruby/1.8/webrick/server.rb:23:in `start'
  /usr/lib/ruby/1.8/webrick/server.rb:82:in `start'

Rendered rescues/_trace (27.9ms)
Rendered rescues/_request_and_response (0.4ms)
Rendering rescues/layout (internal_server_error)
  [4;36;1mSQL (0.2ms)[0m   [0;1mSET client_min_messages TO 'panic'[0m
  [4;35;1mSQL (0.2ms)[0m   [0mSET standard_conforming_strings = on[0m
  [4;36;1mSQL (0.1ms)[0m   [0;1mSET client_min_messages TO 'notice'[0m
DEPRECATION WARNING: Disabling sessions for a single controller has been deprecated. Sessions are now lazy loaded. So if you don't access them, consider them off. You can still modify the session cookie options with request.session_options. (called from /media/Linux/code/applications/mrViewer/rails/assets2d/app/controllers/application_controller.rb:8)


Processing ApplicationController#index (for 127.0.0.1 at 2012-06-21 18:20:12) [GET]

NoMethodError (undefined method `active_scaffold' for ImagesController:Class):
  app/controllers/images_controller.rb:2
  /usr/lib/ruby/1.8/webrick/httpserver.rb:104:in `service'
  /usr/lib/ruby/1.8/webrick/httpserver.rb:65:in `run'
  /usr/lib/ruby/1.8/webrick/server.rb:173:in `start_thread'
  /usr/lib/ruby/1.8/webrick/server.rb:162:in `start'
  /usr/lib/ruby/1.8/webrick/server.rb:162:in `start_thread'
  /usr/lib/ruby/1.8/webrick/server.rb:95:in `start'
  /usr/lib/ruby/1.8/webrick/server.rb:92:in `each'
  /usr/lib/ruby/1.8/webrick/server.rb:92:in `start'
  /usr/lib/ruby/1.8/webrick/server.rb:23:in `start'
  /usr/lib/ruby/1.8/webrick/server.rb:82:in `start'

Rendered rescues/_trace (28.5ms)
Rendered rescues/_request_and_response (1.3ms)
Rendering rescues/layout (internal_server_error)
  [4;36;1mSQL (0.2ms)[0m   [0;1mSET client_min_messages TO 'panic'[0m
  [4;35;1mSQL (0.3ms)[0m   [0mSET standard_conforming_strings = on[0m
  [4;36;1mSQL (0.2ms)[0m   [0;1mSET client_min_messages TO 'notice'[0m
DEPRECATION WARNING: Disabling sessions for a single controller has been deprecated. Sessions are now lazy loaded. So if you don't access them, consider them off. You can still modify the session cookie options with request.session_options. (called from /media/Linux/code/applications/mrViewer/rails/assets2d/app/controllers/application_controller.rb:8)


Processing ApplicationController#index (for 127.0.0.1 at 2012-06-21 22:03:08) [GET]

ActionController::RoutingError (No route matches "/show" with {:method=>:get}):
  /usr/lib/ruby/1.8/webrick/httpserver.rb:104:in `service'
  /usr/lib/ruby/1.8/webrick/httpserver.rb:65:in `run'
  /usr/lib/ruby/1.8/webrick/server.rb:173:in `start_thread'
  /usr/lib/ruby/1.8/webrick/server.rb:162:in `start'
  /usr/lib/ruby/1.8/webrick/server.rb:162:in `start_thread'
  /usr/lib/ruby/1.8/webrick/server.rb:95:in `start'
  /usr/lib/ruby/1.8/webrick/server.rb:92:in `each'
  /usr/lib/ruby/1.8/webrick/server.rb:92:in `start'
  /usr/lib/ruby/1.8/webrick/server.rb:23:in `start'
  /usr/lib/ruby/1.8/webrick/server.rb:82:in `start'

Rendering rescues/layout (not_found)
  [4;35;1mSQL (0.2ms)[0m   [0mSET client_min_messages TO 'panic'[0m
  [4;36;1mSQL (0.2ms)[0m   [0;1mSET standard_conforming_strings = on[0m
  [4;35;1mSQL (0.2ms)[0m   [0mSET client_min_messages TO 'notice'[0m
DEPRECATION WARNING: Disabling sessions for a single controller has been deprecated. Sessions are now lazy loaded. So if you don't access them, consider them off. You can still modify the session cookie options with request.session_options. (called from /media/Linux/code/applications/mrViewer/rails/assets2d/app/controllers/application_controller.rb:8)


Processing ApplicationController#index (for 127.0.0.1 at 2012-06-21 22:03:11) [GET]

NoMethodError (undefined method `active_scaffold' for ShowsController:Class):
  app/controllers/shows_controller.rb:2
  /usr/lib/ruby/1.8/webrick/httpserver.rb:104:in `service'
  /usr/lib/ruby/1.8/webrick/httpserver.rb:65:in `run'
  /usr/lib/ruby/1.8/webrick/server.rb:173:in `start_thread'
  /usr/lib/ruby/1.8/webrick/server.rb:162:in `start'
  /usr/lib/ruby/1.8/webrick/server.rb:162:in `start_thread'
  /usr/lib/ruby/1.8/webrick/server.rb:95:in `start'
  /usr/lib/ruby/1.8/webrick/server.rb:92:in `each'
  /usr/lib/ruby/1.8/webrick/server.rb:92:in `start'
  /usr/lib/ruby/1.8/webrick/server.rb:23:in `start'
  /usr/lib/ruby/1.8/webrick/server.rb:82:in `start'

Rendered rescues/_trace (98.2ms)
Rendered rescues/_request_and_response (1.3ms)
Rendering rescues/layout (internal_server_error)
  [4;36;1mSQL (0.2ms)[0m   [0;1mSET client_min_messages TO 'panic'[0m
  [4;35;1mSQL (0.4ms)[0m   [0mSET standard_conforming_strings = on[0m
  [4;36;1mSQL (0.2ms)[0m   [0;1mSET client_min_messages TO 'notice'[0m
DEPRECATION WARNING: Disabling sessions for a single controller has been deprecated. Sessions are now lazy loaded. So if you don't access them, consider them off. You can still modify the session cookie options with request.session_options. (called from /media/Linux/code/applications/mrViewer/rails/assets2d/app/controllers/application_controller.rb:8)


Processing ApplicationController#index (for 127.0.0.1 at 2012-06-21 22:03:18) [GET]

NoMethodError (undefined method `active_scaffold' for AudiosController:Class):
  app/controllers/audios_controller.rb:3
  /usr/lib/ruby/1.8/webrick/httpserver.rb:104:in `service'
  /usr/lib/ruby/1.8/webrick/httpserver.rb:65:in `run'
  /usr/lib/ruby/1.8/webrick/server.rb:173:in `start_thread'
  /usr/lib/ruby/1.8/webrick/server.rb:162:in `start'
  /usr/lib/ruby/1.8/webrick/server.rb:162:in `start_thread'
  /usr/lib/ruby/1.8/webrick/server.rb:95:in `start'
  /usr/lib/ruby/1.8/webrick/server.rb:92:in `each'
  /usr/lib/ruby/1.8/webrick/server.rb:92:in `start'
  /usr/lib/ruby/1.8/webrick/server.rb:23:in `start'
  /usr/lib/ruby/1.8/webrick/server.rb:82:in `start'

Rendered rescues/_trace (26.7ms)
Rendered rescues/_request_and_response (0.4ms)
Rendering rescues/layout (internal_server_error)
  [4;36;1mSQL (0.3ms)[0m   [0;1mSET client_min_messages TO 'panic'[0m
  [4;35;1mSQL (0.3ms)[0m   [0mSET standard_conforming_strings = on[0m
  [4;36;1mSQL (0.2ms)[0m   [0;1mSET client_min_messages TO 'notice'[0m
DEPRECATION WARNING: Disabling sessions for a single controller has been deprecated. Sessions are now lazy loaded. So if you don't access them, consider them off. You can still modify the session cookie options with request.session_options. (called from /media/Linux/code/applications/mrViewer/rails/assets2d/app/controllers/application_controller.rb:8)


Processing ApplicationController#index (for 127.0.0.1 at 2012-06-22 10:25:38) [GET]

NoMethodError (undefined method `active_scaffold' for ImagesController:Class):
  app/controllers/images_controller.rb:2
  /usr/lib/ruby/1.8/webrick/httpserver.rb:104:in `service'
  /usr/lib/ruby/1.8/webrick/httpserver.rb:65:in `run'
  /usr/lib/ruby/1.8/webrick/server.rb:173:in `start_thread'
  /usr/lib/ruby/1.8/webrick/server.rb:162:in `start'
  /usr/lib/ruby/1.8/webrick/server.rb:162:in `start_thread'
  /usr/lib/ruby/1.8/webrick/server.rb:95:in `start'
  /usr/lib/ruby/1.8/webrick/server.rb:92:in `each'
  /usr/lib/ruby/1.8/webrick/server.rb:92:in `start'
  /usr/lib/ruby/1.8/webrick/server.rb:23:in `start'
  /usr/lib/ruby/1.8/webrick/server.rb:82:in `start'

Rendered rescues/_trace (29.9ms)
Rendered rescues/_request_and_response (1.2ms)
Rendering rescues/layout (internal_server_error)
  [4;36;1mSQL (0.2ms)[0m   [0;1mSET client_min_messages TO 'panic'[0m
  [4;35;1mSQL (0.2ms)[0m   [0mSET standard_conforming_strings = on[0m
  [4;36;1mSQL (0.2ms)[0m   [0;1mSET client_min_messages TO 'notice'[0m
/!\ FAILSAFE /!\  Fri Jun 22 10:26:19 -0300 2012
  Status: 500 Internal Server Error
  Unable to activate active_scaffold-3.2.12, because rails-2.3.14 conflicts with rails (>= 3.1.3)
    /usr/local/lib/site_ruby/1.8/rubygems/specification.rb:1612:in `raise_if_conflicts'
    /usr/local/lib/site_ruby/1.8/rubygems/specification.rb:737:in `activate'
    /usr/local/lib/site_ruby/1.8/rubygems.rb:211:in `try_activate'
    /usr/local/lib/site_ruby/1.8/rubygems/custom_require.rb:58:in `require'
    /usr/lib/ruby/gems/1.8/gems/activesupport-2.3.14/lib/active_support/dependencies.rb:182:in `require'
    /usr/lib/ruby/gems/1.8/gems/activesupport-2.3.14/lib/active_support/dependencies.rb:547:in `new_constants_in'
    /usr/lib/ruby/gems/1.8/gems/activesupport-2.3.14/lib/active_support/dependencies.rb:182:in `require'
    /media/Linux/code/applications/mrViewer/rails/assets2d/app/controllers/application_controller.rb:4
    /usr/lib/ruby/gems/1.8/gems/activesupport-2.3.14/lib/active_support/dependencies.rb:406:in `load_without_new_constant_marking'
    /usr/lib/ruby/gems/1.8/gems/activesupport-2.3.14/lib/active_support/dependencies.rb:406:in `load_file'
    /usr/lib/ruby/gems/1.8/gems/activesupport-2.3.14/lib/active_support/dependencies.rb:547:in `new_constants_in'
    /usr/lib/ruby/gems/1.8/gems/activesupport-2.3.14/lib/active_support/dependencies.rb:405:in `load_file'
    /usr/lib/ruby/gems/1.8/gems/activesupport-2.3.14/lib/active_support/dependencies.rb:285:in `require_or_load'
    /usr/lib/ruby/gems/1.8/gems/activesupport-2.3.14/lib/active_support/dependencies.rb:451:in `load_missing_constant'
    /usr/lib/ruby/gems/1.8/gems/activesupport-2.3.14/lib/active_support/dependencies.rb:106:in `const_missing'
    /usr/lib/ruby/gems/1.8/gems/activesupport-2.3.14/lib/active_support/dependencies.rb:118:in `const_missing'
    /usr/lib/ruby/gems/1.8/gems/actionpack-2.3.14/lib/action_controller/dispatcher.rb:89:in `dispatch'
    /usr/lib/ruby/gems/1.8/gems/actionpack-2.3.14/lib/action_controller/dispatcher.rb:121:in `_call'
    /usr/lib/ruby/gems/1.8/gems/actionpack-2.3.14/lib/action_controller/dispatcher.rb:130:in `build_middleware_stack'
    /usr/lib/ruby/gems/1.8/gems/activerecord-2.3.14/lib/active_record/query_cache.rb:29:in `call'
    /usr/lib/ruby/gems/1.8/gems/activerecord-2.3.14/lib/active_record/query_cache.rb:29:in `call'
    /usr/lib/ruby/gems/1.8/gems/activerecord-2.3.14/lib/active_record/connection_adapters/abstract/query_cache.rb:34:in `cache'
    /usr/lib/ruby/gems/1.8/gems/activerecord-2.3.14/lib/active_record/query_cache.rb:9:in `cache'
    /usr/lib/ruby/gems/1.8/gems/activerecord-2.3.14/lib/active_record/query_cache.rb:28:in `call'
    /usr/lib/ruby/gems/1.8/gems/activerecord-2.3.14/lib/active_record/connection_adapters/abstract/connection_pool.rb:361:in `call'
    /usr/lib/ruby/gems/1.8/gems/actionpack-2.3.14/lib/action_controller/string_coercion.rb:25:in `call'
    /usr/lib/ruby/gems/1.8/gems/rack-1.1.3/lib/rack/head.rb:9:in `call'
    /usr/lib/ruby/gems/1.8/gems/rack-1.1.3/lib/rack/methodoverride.rb:24:in `call'
    /usr/lib/ruby/gems/1.8/gems/actionpack-2.3.14/lib/action_controller/params_parser.rb:15:in `call'
    /usr/lib/ruby/gems/1.8/gems/actionpack-2.3.14/lib/action_controller/session/cookie_store.rb:99:in `call'
    /usr/lib/ruby/gems/1.8/gems/actionpack-2.3.14/lib/action_controller/failsafe.rb:26:in `call'
    /usr/lib/ruby/gems/1.8/gems/rack-1.1.3/lib/rack/lock.rb:11:in `call'
    /usr/lib/ruby/gems/1.8/gems/rack-1.1.3/lib/rack/lock.rb:11:in `synchronize'
    /usr/lib/ruby/gems/1.8/gems/rack-1.1.3/lib/rack/lock.rb:11:in `call'
    /usr/lib/ruby/gems/1.8/gems/actionpack-2.3.14/lib/action_controller/dispatcher.rb:114:in `call'
    /usr/lib/ruby/gems/1.8/gems/actionpack-2.3.14/lib/action_controller/reloader.rb:34:in `run'
    /usr/lib/ruby/gems/1.8/gems/actionpack-2.3.14/lib/action_controller/dispatcher.rb:108:in `call'
    /usr/lib/ruby/gems/1.8/gems/rails-2.3.14/lib/rails/rack/static.rb:31:in `call'
    /usr/lib/ruby/gems/1.8/gems/rack-1.1.3/lib/rack/urlmap.rb:47:in `call'
    /usr/lib/ruby/gems/1.8/gems/rack-1.1.3/lib/rack/urlmap.rb:41:in `each'
    /usr/lib/ruby/gems/1.8/gems/rack-1.1.3/lib/rack/urlmap.rb:41:in `call'
    /usr/lib/ruby/gems/1.8/gems/rails-2.3.14/lib/rails/rack/log_tailer.rb:17:in `call'
    /usr/lib/ruby/gems/1.8/gems/rack-1.1.3/lib/rack/content_length.rb:13:in `call'
    /usr/lib/ruby/gems/1.8/gems/rack-1.1.3/lib/rack/handler/webrick.rb:48:in `service'
    /usr/lib/ruby/1.8/webrick/httpserver.rb:104:in `service'
    /usr/lib/ruby/1.8/webrick/httpserver.rb:65:in `run'
    /usr/lib/ruby/1.8/webrick/server.rb:173:in `start_thread'
    /usr/lib/ruby/1.8/webrick/server.rb:162:in `start'
    /usr/lib/ruby/1.8/webrick/server.rb:162:in `start_thread'
    /usr/lib/ruby/1.8/webrick/server.rb:95:in `start'
    /usr/lib/ruby/1.8/webrick/server.rb:92:in `each'
    /usr/lib/ruby/1.8/webrick/server.rb:92:in `start'
    /usr/lib/ruby/1.8/webrick/server.rb:23:in `start'
    /usr/lib/ruby/1.8/webrick/server.rb:82:in `start'
    /usr/lib/ruby/gems/1.8/gems/rack-1.1.3/lib/rack/handler/webrick.rb:14:in `run'
    /usr/lib/ruby/gems/1.8/gems/rails-2.3.14/lib/commands/server.rb:111
    /usr/local/lib/site_ruby/1.8/rubygems/custom_require.rb:36:in `gem_original_require'
    /usr/local/lib/site_ruby/1.8/rubygems/custom_require.rb:36:in `require'
    script/server:3
  [4;35;1mSQL (0.2ms)[0m   [0mSET client_min_messages TO 'panic'[0m
  [4;36;1mSQL (0.2ms)[0m   [0;1mSET standard_conforming_strings = on[0m
  [4;35;1mSQL (0.2ms)[0m   [0mSET client_min_messages TO 'notice'[0m
/!\ FAILSAFE /!\  Fri Jun 22 10:26:22 -0300 2012
  Status: 500 Internal Server Error
  Unable to activate active_scaffold-3.2.12, because rails-2.3.14 conflicts with rails (>= 3.1.3)
    /usr/local/lib/site_ruby/1.8/rubygems/specification.rb:1612:in `raise_if_conflicts'
    /usr/local/lib/site_ruby/1.8/rubygems/specification.rb:737:in `activate'
    /usr/local/lib/site_ruby/1.8/rubygems.rb:211:in `try_activate'
    /usr/local/lib/site_ruby/1.8/rubygems/custom_require.rb:58:in `require'
    /usr/lib/ruby/gems/1.8/gems/activesupport-2.3.14/lib/active_support/dependencies.rb:182:in `require'
    /usr/lib/ruby/gems/1.8/gems/activesupport-2.3.14/lib/active_support/dependencies.rb:547:in `new_constants_in'
    /usr/lib/ruby/gems/1.8/gems/activesupport-2.3.14/lib/active_support/dependencies.rb:182:in `require'
    /media/Linux/code/applications/mrViewer/rails/assets2d/app/controllers/application_controller.rb:4
    /usr/lib/ruby/gems/1.8/gems/activesupport-2.3.14/lib/active_support/dependencies.rb:406:in `load_without_new_constant_marking'
    /usr/lib/ruby/gems/1.8/gems/activesupport-2.3.14/lib/active_support/dependencies.rb:406:in `load_file'
    /usr/lib/ruby/gems/1.8/gems/activesupport-2.3.14/lib/active_support/dependencies.rb:547:in `new_constants_in'
    /usr/lib/ruby/gems/1.8/gems/activesupport-2.3.14/lib/active_support/dependencies.rb:405:in `load_file'
    /usr/lib/ruby/gems/1.8/gems/activesupport-2.3.14/lib/active_support/dependencies.rb:285:in `require_or_load'
    /usr/lib/ruby/gems/1.8/gems/activesupport-2.3.14/lib/active_support/dependencies.rb:451:in `load_missing_constant'
    /usr/lib/ruby/gems/1.8/gems/activesupport-2.3.14/lib/active_support/dependencies.rb:106:in `const_missing'
    /usr/lib/ruby/gems/1.8/gems/activesupport-2.3.14/lib/active_support/dependencies.rb:118:in `const_missing'
    /usr/lib/ruby/gems/1.8/gems/actionpack-2.3.14/lib/action_controller/dispatcher.rb:89:in `dispatch'
    /usr/lib/ruby/gems/1.8/gems/actionpack-2.3.14/lib/action_controller/dispatcher.rb:121:in `_call'
    /usr/lib/ruby/gems/1.8/gems/actionpack-2.3.14/lib/action_controller/dispatcher.rb:130:in `build_middleware_stack'
    /usr/lib/ruby/gems/1.8/gems/activerecord-2.3.14/lib/active_record/query_cache.rb:29:in `call'
    /usr/lib/ruby/gems/1.8/gems/activerecord-2.3.14/lib/active_record/query_cache.rb:29:in `call'
    /usr/lib/ruby/gems/1.8/gems/activerecord-2.3.14/lib/active_record/connection_adapters/abstract/query_cache.rb:34:in `cache'
    /usr/lib/ruby/gems/1.8/gems/activerecord-2.3.14/lib/active_record/query_cache.rb:9:in `cache'
    /usr/lib/ruby/gems/1.8/gems/activerecord-2.3.14/lib/active_record/query_cache.rb:28:in `call'
    /usr/lib/ruby/gems/1.8/gems/activerecord-2.3.14/lib/active_record/connection_adapters/abstract/connection_pool.rb:361:in `call'
    /usr/lib/ruby/gems/1.8/gems/actionpack-2.3.14/lib/action_controller/string_coercion.rb:25:in `call'
    /usr/lib/ruby/gems/1.8/gems/rack-1.1.3/lib/rack/head.rb:9:in `call'
    /usr/lib/ruby/gems/1.8/gems/rack-1.1.3/lib/rack/methodoverride.rb:24:in `call'
    /usr/lib/ruby/gems/1.8/gems/actionpack-2.3.14/lib/action_controller/params_parser.rb:15:in `call'
    /usr/lib/ruby/gems/1.8/gems/actionpack-2.3.14/lib/action_controller/session/cookie_store.rb:99:in `call'
    /usr/lib/ruby/gems/1.8/gems/actionpack-2.3.14/lib/action_controller/failsafe.rb:26:in `call'
    /usr/lib/ruby/gems/1.8/gems/rack-1.1.3/lib/rack/lock.rb:11:in `call'
    /usr/lib/ruby/gems/1.8/gems/rack-1.1.3/lib/rack/lock.rb:11:in `synchronize'
    /usr/lib/ruby/gems/1.8/gems/rack-1.1.3/lib/rack/lock.rb:11:in `call'
    /usr/lib/ruby/gems/1.8/gems/actionpack-2.3.14/lib/action_controller/dispatcher.rb:114:in `call'
    /usr/lib/ruby/gems/1.8/gems/actionpack-2.3.14/lib/action_controller/reloader.rb:34:in `run'
    /usr/lib/ruby/gems/1.8/gems/actionpack-2.3.14/lib/action_controller/dispatcher.rb:108:in `call'
    /usr/lib/ruby/gems/1.8/gems/rails-2.3.14/lib/rails/rack/static.rb:31:in `call'
    /usr/lib/ruby/gems/1.8/gems/rack-1.1.3/lib/rack/urlmap.rb:47:in `call'
    /usr/lib/ruby/gems/1.8/gems/rack-1.1.3/lib/rack/urlmap.rb:41:in `each'
    /usr/lib/ruby/gems/1.8/gems/rack-1.1.3/lib/rack/urlmap.rb:41:in `call'
    /usr/lib/ruby/gems/1.8/gems/rails-2.3.14/lib/rails/rack/log_tailer.rb:17:in `call'
    /usr/lib/ruby/gems/1.8/gems/rack-1.1.3/lib/rack/content_length.rb:13:in `call'
    /usr/lib/ruby/gems/1.8/gems/rack-1.1.3/lib/rack/handler/webrick.rb:48:in `service'
    /usr/lib/ruby/1.8/webrick/httpserver.rb:104:in `service'
    /usr/lib/ruby/1.8/webrick/httpserver.rb:65:in `run'
    /usr/lib/ruby/1.8/webrick/server.rb:173:in `start_thread'
    /usr/lib/ruby/1.8/webrick/server.rb:162:in `start'
    /usr/lib/ruby/1.8/webrick/server.rb:162:in `start_thread'
    /usr/lib/ruby/1.8/webrick/server.rb:95:in `start'
    /usr/lib/ruby/1.8/webrick/server.rb:92:in `each'
    /usr/lib/ruby/1.8/webrick/server.rb:92:in `start'
    /usr/lib/ruby/1.8/webrick/server.rb:23:in `start'
    /usr/lib/ruby/1.8/webrick/server.rb:82:in `start'
    /usr/lib/ruby/gems/1.8/gems/rack-1.1.3/lib/rack/handler/webrick.rb:14:in `run'
    /usr/lib/ruby/gems/1.8/gems/rails-2.3.14/lib/commands/server.rb:111
    /usr/local/lib/site_ruby/1.8/rubygems/custom_require.rb:36:in `gem_original_require'
    /usr/local/lib/site_ruby/1.8/rubygems/custom_require.rb:36:in `require'
    script/server:3
  [4;36;1mSQL (0.2ms)[0m   [0;1mSET client_min_messages TO 'panic'[0m
  [4;35;1mSQL (0.2ms)[0m   [0mSET standard_conforming_strings = on[0m
  [4;36;1mSQL (0.2ms)[0m   [0;1mSET client_min_messages TO 'notice'[0m
/!\ FAILSAFE /!\  Fri Jun 22 10:26:26 -0300 2012
  Status: 500 Internal Server Error
  Unable to activate active_scaffold-3.2.12, because rails-2.3.14 conflicts with rails (>= 3.1.3)
    /usr/local/lib/site_ruby/1.8/rubygems/specification.rb:1612:in `raise_if_conflicts'
    /usr/local/lib/site_ruby/1.8/rubygems/specification.rb:737:in `activate'
    /usr/local/lib/site_ruby/1.8/rubygems.rb:211:in `try_activate'
    /usr/local/lib/site_ruby/1.8/rubygems/custom_require.rb:58:in `require'
    /usr/lib/ruby/gems/1.8/gems/activesupport-2.3.14/lib/active_support/dependencies.rb:182:in `require'
    /usr/lib/ruby/gems/1.8/gems/activesupport-2.3.14/lib/active_support/dependencies.rb:547:in `new_constants_in'
    /usr/lib/ruby/gems/1.8/gems/activesupport-2.3.14/lib/active_support/dependencies.rb:182:in `require'
    /media/Linux/code/applications/mrViewer/rails/assets2d/app/controllers/application_controller.rb:4
    /usr/lib/ruby/gems/1.8/gems/activesupport-2.3.14/lib/active_support/dependencies.rb:406:in `load_without_new_constant_marking'
    /usr/lib/ruby/gems/1.8/gems/activesupport-2.3.14/lib/active_support/dependencies.rb:406:in `load_file'
    /usr/lib/ruby/gems/1.8/gems/activesupport-2.3.14/lib/active_support/dependencies.rb:547:in `new_constants_in'
    /usr/lib/ruby/gems/1.8/gems/activesupport-2.3.14/lib/active_support/dependencies.rb:405:in `load_file'
    /usr/lib/ruby/gems/1.8/gems/activesupport-2.3.14/lib/active_support/dependencies.rb:285:in `require_or_load'
    /usr/lib/ruby/gems/1.8/gems/activesupport-2.3.14/lib/active_support/dependencies.rb:451:in `load_missing_constant'
    /usr/lib/ruby/gems/1.8/gems/activesupport-2.3.14/lib/active_support/dependencies.rb:106:in `const_missing'
    /usr/lib/ruby/gems/1.8/gems/activesupport-2.3.14/lib/active_support/dependencies.rb:118:in `const_missing'
    /usr/lib/ruby/gems/1.8/gems/actionpack-2.3.14/lib/action_controller/dispatcher.rb:89:in `dispatch'
    /usr/lib/ruby/gems/1.8/gems/actionpack-2.3.14/lib/action_controller/dispatcher.rb:121:in `_call'
    /usr/lib/ruby/gems/1.8/gems/actionpack-2.3.14/lib/action_controller/dispatcher.rb:130:in `build_middleware_stack'
    /usr/lib/ruby/gems/1.8/gems/activerecord-2.3.14/lib/active_record/query_cache.rb:29:in `call'
    /usr/lib/ruby/gems/1.8/gems/activerecord-2.3.14/lib/active_record/query_cache.rb:29:in `call'
    /usr/lib/ruby/gems/1.8/gems/activerecord-2.3.14/lib/active_record/connection_adapters/abstract/query_cache.rb:34:in `cache'
    /usr/lib/ruby/gems/1.8/gems/activerecord-2.3.14/lib/active_record/query_cache.rb:9:in `cache'
    /usr/lib/ruby/gems/1.8/gems/activerecord-2.3.14/lib/active_record/query_cache.rb:28:in `call'
    /usr/lib/ruby/gems/1.8/gems/activerecord-2.3.14/lib/active_record/connection_adapters/abstract/connection_pool.rb:361:in `call'
    /usr/lib/ruby/gems/1.8/gems/actionpack-2.3.14/lib/action_controller/string_coercion.rb:25:in `call'
    /usr/lib/ruby/gems/1.8/gems/rack-1.1.3/lib/rack/head.rb:9:in `call'
    /usr/lib/ruby/gems/1.8/gems/rack-1.1.3/lib/rack/methodoverride.rb:24:in `call'
    /usr/lib/ruby/gems/1.8/gems/actionpack-2.3.14/lib/action_controller/params_parser.rb:15:in `call'
    /usr/lib/ruby/gems/1.8/gems/actionpack-2.3.14/lib/action_controller/session/cookie_store.rb:99:in `call'
    /usr/lib/ruby/gems/1.8/gems/actionpack-2.3.14/lib/action_controller/failsafe.rb:26:in `call'
    /usr/lib/ruby/gems/1.8/gems/rack-1.1.3/lib/rack/lock.rb:11:in `call'
    /usr/lib/ruby/gems/1.8/gems/rack-1.1.3/lib/rack/lock.rb:11:in `synchronize'
    /usr/lib/ruby/gems/1.8/gems/rack-1.1.3/lib/rack/lock.rb:11:in `call'
    /usr/lib/ruby/gems/1.8/gems/actionpack-2.3.14/lib/action_controller/dispatcher.rb:114:in `call'
    /usr/lib/ruby/gems/1.8/gems/actionpack-2.3.14/lib/action_controller/reloader.rb:34:in `run'
    /usr/lib/ruby/gems/1.8/gems/actionpack-2.3.14/lib/action_controller/dispatcher.rb:108:in `call'
    /usr/lib/ruby/gems/1.8/gems/rails-2.3.14/lib/rails/rack/static.rb:31:in `call'
    /usr/lib/ruby/gems/1.8/gems/rack-1.1.3/lib/rack/urlmap.rb:47:in `call'
    /usr/lib/ruby/gems/1.8/gems/rack-1.1.3/lib/rack/urlmap.rb:41:in `each'
    /usr/lib/ruby/gems/1.8/gems/rack-1.1.3/lib/rack/urlmap.rb:41:in `call'
    /usr/lib/ruby/gems/1.8/gems/rails-2.3.14/lib/rails/rack/log_tailer.rb:17:in `call'
    /usr/lib/ruby/gems/1.8/gems/rack-1.1.3/lib/rack/content_length.rb:13:in `call'
    /usr/lib/ruby/gems/1.8/gems/rack-1.1.3/lib/rack/handler/webrick.rb:48:in `service'
    /usr/lib/ruby/1.8/webrick/httpserver.rb:104:in `service'
    /usr/lib/ruby/1.8/webrick/httpserver.rb:65:in `run'
    /usr/lib/ruby/1.8/webrick/server.rb:173:in `start_thread'
    /usr/lib/ruby/1.8/webrick/server.rb:162:in `start'
    /usr/lib/ruby/1.8/webrick/server.rb:162:in `start_thread'
    /usr/lib/ruby/1.8/webrick/server.rb:95:in `start'
    /usr/lib/ruby/1.8/webrick/server.rb:92:in `each'
    /usr/lib/ruby/1.8/webrick/server.rb:92:in `start'
    /usr/lib/ruby/1.8/webrick/server.rb:23:in `start'
    /usr/lib/ruby/1.8/webrick/server.rb:82:in `start'
    /usr/lib/ruby/gems/1.8/gems/rack-1.1.3/lib/rack/handler/webrick.rb:14:in `run'
    /usr/lib/ruby/gems/1.8/gems/rails-2.3.14/lib/commands/server.rb:111
    /usr/local/lib/site_ruby/1.8/rubygems/custom_require.rb:36:in `gem_original_require'
    /usr/local/lib/site_ruby/1.8/rubygems/custom_require.rb:36:in `require'
    script/server:3
  [4;35;1mSQL (0.2ms)[0m   [0mSET client_min_messages TO 'panic'[0m
  [4;36;1mSQL (0.2ms)[0m   [0;1mSET standard_conforming_strings = on[0m
  [4;35;1mSQL (0.1ms)[0m   [0mSET client_min_messages TO 'notice'[0m
/!\ FAILSAFE /!\  Fri Jun 22 10:26:29 -0300 2012
  Status: 500 Internal Server Error
  Unable to activate active_scaffold-3.2.12, because rails-2.3.14 conflicts with rails (>= 3.1.3)
    /usr/local/lib/site_ruby/1.8/rubygems/specification.rb:1612:in `raise_if_conflicts'
    /usr/local/lib/site_ruby/1.8/rubygems/specification.rb:737:in `activate'
    /usr/local/lib/site_ruby/1.8/rubygems.rb:211:in `try_activate'
    /usr/local/lib/site_ruby/1.8/rubygems/custom_require.rb:58:in `require'
    /usr/lib/ruby/gems/1.8/gems/activesupport-2.3.14/lib/active_support/dependencies.rb:182:in `require'
    /usr/lib/ruby/gems/1.8/gems/activesupport-2.3.14/lib/active_support/dependencies.rb:547:in `new_constants_in'
    /usr/lib/ruby/gems/1.8/gems/activesupport-2.3.14/lib/active_support/dependencies.rb:182:in `require'
    /media/Linux/code/applications/mrViewer/rails/assets2d/app/controllers/application_controller.rb:4
    /usr/lib/ruby/gems/1.8/gems/activesupport-2.3.14/lib/active_support/dependencies.rb:406:in `load_without_new_constant_marking'
    /usr/lib/ruby/gems/1.8/gems/activesupport-2.3.14/lib/active_support/dependencies.rb:406:in `load_file'
    /usr/lib/ruby/gems/1.8/gems/activesupport-2.3.14/lib/active_support/dependencies.rb:547:in `new_constants_in'
    /usr/lib/ruby/gems/1.8/gems/activesupport-2.3.14/lib/active_support/dependencies.rb:405:in `load_file'
    /usr/lib/ruby/gems/1.8/gems/activesupport-2.3.14/lib/active_support/dependencies.rb:285:in `require_or_load'
    /usr/lib/ruby/gems/1.8/gems/activesupport-2.3.14/lib/active_support/dependencies.rb:451:in `load_missing_constant'
    /usr/lib/ruby/gems/1.8/gems/activesupport-2.3.14/lib/active_support/dependencies.rb:106:in `const_missing'
    /usr/lib/ruby/gems/1.8/gems/activesupport-2.3.14/lib/active_support/dependencies.rb:118:in `const_missing'
    /usr/lib/ruby/gems/1.8/gems/actionpack-2.3.14/lib/action_controller/dispatcher.rb:89:in `dispatch'
    /usr/lib/ruby/gems/1.8/gems/actionpack-2.3.14/lib/action_controller/dispatcher.rb:121:in `_call'
    /usr/lib/ruby/gems/1.8/gems/actionpack-2.3.14/lib/action_controller/dispatcher.rb:130:in `build_middleware_stack'
    /usr/lib/ruby/gems/1.8/gems/activerecord-2.3.14/lib/active_record/query_cache.rb:29:in `call'
    /usr/lib/ruby/gems/1.8/gems/activerecord-2.3.14/lib/active_record/query_cache.rb:29:in `call'
    /usr/lib/ruby/gems/1.8/gems/activerecord-2.3.14/lib/active_record/connection_adapters/abstract/query_cache.rb:34:in `cache'
    /usr/lib/ruby/gems/1.8/gems/activerecord-2.3.14/lib/active_record/query_cache.rb:9:in `cache'
    /usr/lib/ruby/gems/1.8/gems/activerecord-2.3.14/lib/active_record/query_cache.rb:28:in `call'
    /usr/lib/ruby/gems/1.8/gems/activerecord-2.3.14/lib/active_record/connection_adapters/abstract/connection_pool.rb:361:in `call'
    /usr/lib/ruby/gems/1.8/gems/actionpack-2.3.14/lib/action_controller/string_coercion.rb:25:in `call'
    /usr/lib/ruby/gems/1.8/gems/rack-1.1.3/lib/rack/head.rb:9:in `call'
    /usr/lib/ruby/gems/1.8/gems/rack-1.1.3/lib/rack/methodoverride.rb:24:in `call'
    /usr/lib/ruby/gems/1.8/gems/actionpack-2.3.14/lib/action_controller/params_parser.rb:15:in `call'
    /usr/lib/ruby/gems/1.8/gems/actionpack-2.3.14/lib/action_controller/session/cookie_store.rb:99:in `call'
    /usr/lib/ruby/gems/1.8/gems/actionpack-2.3.14/lib/action_controller/failsafe.rb:26:in `call'
    /usr/lib/ruby/gems/1.8/gems/rack-1.1.3/lib/rack/lock.rb:11:in `call'
    /usr/lib/ruby/gems/1.8/gems/rack-1.1.3/lib/rack/lock.rb:11:in `synchronize'
    /usr/lib/ruby/gems/1.8/gems/rack-1.1.3/lib/rack/lock.rb:11:in `call'
    /usr/lib/ruby/gems/1.8/gems/actionpack-2.3.14/lib/action_controller/dispatcher.rb:114:in `call'
    /usr/lib/ruby/gems/1.8/gems/actionpack-2.3.14/lib/action_controller/reloader.rb:34:in `run'
    /usr/lib/ruby/gems/1.8/gems/actionpack-2.3.14/lib/action_controller/dispatcher.rb:108:in `call'
    /usr/lib/ruby/gems/1.8/gems/rails-2.3.14/lib/rails/rack/static.rb:31:in `call'
    /usr/lib/ruby/gems/1.8/gems/rack-1.1.3/lib/rack/urlmap.rb:47:in `call'
    /usr/lib/ruby/gems/1.8/gems/rack-1.1.3/lib/rack/urlmap.rb:41:in `each'
    /usr/lib/ruby/gems/1.8/gems/rack-1.1.3/lib/rack/urlmap.rb:41:in `call'
    /usr/lib/ruby/gems/1.8/gems/rails-2.3.14/lib/rails/rack/log_tailer.rb:17:in `call'
    /usr/lib/ruby/gems/1.8/gems/rack-1.1.3/lib/rack/content_length.rb:13:in `call'
    /usr/lib/ruby/gems/1.8/gems/rack-1.1.3/lib/rack/handler/webrick.rb:48:in `service'
    /usr/lib/ruby/1.8/webrick/httpserver.rb:104:in `service'
    /usr/lib/ruby/1.8/webrick/httpserver.rb:65:in `run'
    /usr/lib/ruby/1.8/webrick/server.rb:173:in `start_thread'
    /usr/lib/ruby/1.8/webrick/server.rb:162:in `start'
    /usr/lib/ruby/1.8/webrick/server.rb:162:in `start_thread'
    /usr/lib/ruby/1.8/webrick/server.rb:95:in `start'
    /usr/lib/ruby/1.8/webrick/server.rb:92:in `each'
    /usr/lib/ruby/1.8/webrick/server.rb:92:in `start'
    /usr/lib/ruby/1.8/webrick/server.rb:23:in `start'
    /usr/lib/ruby/1.8/webrick/server.rb:82:in `start'
    /usr/lib/ruby/gems/1.8/gems/rack-1.1.3/lib/rack/handler/webrick.rb:14:in `run'
    /usr/lib/ruby/gems/1.8/gems/rails-2.3.14/lib/commands/server.rb:111
    /usr/local/lib/site_ruby/1.8/rubygems/custom_require.rb:36:in `gem_original_require'
    /usr/local/lib/site_ruby/1.8/rubygems/custom_require.rb:36:in `require'
    script/server:3
  [4;36;1mSQL (0.2ms)[0m   [0;1mSET client_min_messages TO 'panic'[0m
  [4;35;1mSQL (0.2ms)[0m   [0mSET standard_conforming_strings = on[0m
  [4;36;1mSQL (0.1ms)[0m   [0;1mSET client_min_messages TO 'notice'[0m
/!\ FAILSAFE /!\  Fri Jun 22 10:29:39 -0300 2012
  Status: 500 Internal Server Error
  Unable to activate active_scaffold-3.2.12, because rails-2.3.14 conflicts with rails (>= 3.1.3)
    /usr/local/lib/site_ruby/1.8/rubygems/specification.rb:1612:in `raise_if_conflicts'
    /usr/local/lib/site_ruby/1.8/rubygems/specification.rb:737:in `activate'
    /usr/local/lib/site_ruby/1.8/rubygems.rb:211:in `try_activate'
    /usr/local/lib/site_ruby/1.8/rubygems/custom_require.rb:58:in `require'
    /usr/lib/ruby/gems/1.8/gems/activesupport-2.3.14/lib/active_support/dependencies.rb:182:in `require'
    /usr/lib/ruby/gems/1.8/gems/activesupport-2.3.14/lib/active_support/dependencies.rb:547:in `new_constants_in'
    /usr/lib/ruby/gems/1.8/gems/activesupport-2.3.14/lib/active_support/dependencies.rb:182:in `require'
    /media/Linux/code/applications/mrViewer/rails/assets2d/app/controllers/application_controller.rb:4
    /usr/lib/ruby/gems/1.8/gems/activesupport-2.3.14/lib/active_support/dependencies.rb:406:in `load_without_new_constant_marking'
    /usr/lib/ruby/gems/1.8/gems/activesupport-2.3.14/lib/active_support/dependencies.rb:406:in `load_file'
    /usr/lib/ruby/gems/1.8/gems/activesupport-2.3.14/lib/active_support/dependencies.rb:547:in `new_constants_in'
    /usr/lib/ruby/gems/1.8/gems/activesupport-2.3.14/lib/active_support/dependencies.rb:405:in `load_file'
    /usr/lib/ruby/gems/1.8/gems/activesupport-2.3.14/lib/active_support/dependencies.rb:285:in `require_or_load'
    /usr/lib/ruby/gems/1.8/gems/activesupport-2.3.14/lib/active_support/dependencies.rb:451:in `load_missing_constant'
    /usr/lib/ruby/gems/1.8/gems/activesupport-2.3.14/lib/active_support/dependencies.rb:106:in `const_missing'
    /usr/lib/ruby/gems/1.8/gems/activesupport-2.3.14/lib/active_support/dependencies.rb:118:in `const_missing'
    /usr/lib/ruby/gems/1.8/gems/actionpack-2.3.14/lib/action_controller/dispatcher.rb:89:in `dispatch'
    /usr/lib/ruby/gems/1.8/gems/actionpack-2.3.14/lib/action_controller/dispatcher.rb:121:in `_call'
    /usr/lib/ruby/gems/1.8/gems/actionpack-2.3.14/lib/action_controller/dispatcher.rb:130:in `build_middleware_stack'
    /usr/lib/ruby/gems/1.8/gems/activerecord-2.3.14/lib/active_record/query_cache.rb:29:in `call'
    /usr/lib/ruby/gems/1.8/gems/activerecord-2.3.14/lib/active_record/query_cache.rb:29:in `call'
    /usr/lib/ruby/gems/1.8/gems/activerecord-2.3.14/lib/active_record/connection_adapters/abstract/query_cache.rb:34:in `cache'
    /usr/lib/ruby/gems/1.8/gems/activerecord-2.3.14/lib/active_record/query_cache.rb:9:in `cache'
    /usr/lib/ruby/gems/1.8/gems/activerecord-2.3.14/lib/active_record/query_cache.rb:28:in `call'
    /usr/lib/ruby/gems/1.8/gems/activerecord-2.3.14/lib/active_record/connection_adapters/abstract/connection_pool.rb:361:in `call'
    /usr/lib/ruby/gems/1.8/gems/actionpack-2.3.14/lib/action_controller/string_coercion.rb:25:in `call'
    /usr/lib/ruby/gems/1.8/gems/rack-1.1.3/lib/rack/head.rb:9:in `call'
    /usr/lib/ruby/gems/1.8/gems/rack-1.1.3/lib/rack/methodoverride.rb:24:in `call'
    /usr/lib/ruby/gems/1.8/gems/actionpack-2.3.14/lib/action_controller/params_parser.rb:15:in `call'
    /usr/lib/ruby/gems/1.8/gems/actionpack-2.3.14/lib/action_controller/session/cookie_store.rb:99:in `call'
    /usr/lib/ruby/gems/1.8/gems/actionpack-2.3.14/lib/action_controller/failsafe.rb:26:in `call'
    /usr/lib/ruby/gems/1.8/gems/rack-1.1.3/lib/rack/lock.rb:11:in `call'
    /usr/lib/ruby/gems/1.8/gems/rack-1.1.3/lib/rack/lock.rb:11:in `synchronize'
    /usr/lib/ruby/gems/1.8/gems/rack-1.1.3/lib/rack/lock.rb:11:in `call'
    /usr/lib/ruby/gems/1.8/gems/actionpack-2.3.14/lib/action_controller/dispatcher.rb:114:in `call'
    /usr/lib/ruby/gems/1.8/gems/actionpack-2.3.14/lib/action_controller/reloader.rb:34:in `run'
    /usr/lib/ruby/gems/1.8/gems/actionpack-2.3.14/lib/action_controller/dispatcher.rb:108:in `call'
    /usr/lib/ruby/gems/1.8/gems/rails-2.3.14/lib/rails/rack/static.rb:31:in `call'
    /usr/lib/ruby/gems/1.8/gems/rack-1.1.3/lib/rack/urlmap.rb:47:in `call'
    /usr/lib/ruby/gems/1.8/gems/rack-1.1.3/lib/rack/urlmap.rb:41:in `each'
    /usr/lib/ruby/gems/1.8/gems/rack-1.1.3/lib/rack/urlmap.rb:41:in `call'
    /usr/lib/ruby/gems/1.8/gems/rails-2.3.14/lib/rails/rack/log_tailer.rb:17:in `call'
    /usr/lib/ruby/gems/1.8/gems/rack-1.1.3/lib/rack/content_length.rb:13:in `call'
    /usr/lib/ruby/gems/1.8/gems/rack-1.1.3/lib/rack/handler/webrick.rb:48:in `service'
    /usr/lib/ruby/1.8/webrick/httpserver.rb:104:in `service'
    /usr/lib/ruby/1.8/webrick/httpserver.rb:65:in `run'
    /usr/lib/ruby/1.8/webrick/server.rb:173:in `start_thread'
    /usr/lib/ruby/1.8/webrick/server.rb:162:in `start'
    /usr/lib/ruby/1.8/webrick/server.rb:162:in `start_thread'
    /usr/lib/ruby/1.8/webrick/server.rb:95:in `start'
    /usr/lib/ruby/1.8/webrick/server.rb:92:in `each'
    /usr/lib/ruby/1.8/webrick/server.rb:92:in `start'
    /usr/lib/ruby/1.8/webrick/server.rb:23:in `start'
    /usr/lib/ruby/1.8/webrick/server.rb:82:in `start'
    /usr/lib/ruby/gems/1.8/gems/rack-1.1.3/lib/rack/handler/webrick.rb:14:in `run'
    /usr/lib/ruby/gems/1.8/gems/rails-2.3.14/lib/commands/server.rb:111
    /usr/local/lib/site_ruby/1.8/rubygems/custom_require.rb:36:in `gem_original_require'
    /usr/local/lib/site_ruby/1.8/rubygems/custom_require.rb:36:in `require'
    script/server:3
