Build started 12/08/2014 04:53:29 p.m..
     1>Project "f:\code\lib\openexr-git\OpenEXR\exrenvmap\exrenvmap.vcxproj" on node 3 (build target(s)).
     1>PrepareForBuild:
         Creating directory "F:\code\lib\openexr-git\OpenEXR\exrenvmap\Debug\".
       InitializeBuildStatus:
         Creating "exrenvmap.dir\Debug\exrenvmap.unsuccessfulbuild" because "AlwaysCreate" was specified.
       CustomBuild:
         Building Custom Rule F:/code/lib/openexr-git/OpenEXR/exrenvmap/CMakeLists.txt
         CMake does not need to re-run because F:\code\lib\openexr-git\OpenEXR\exrenvmap\CMakeFiles\generate.stamp is up-to-date.
       ClCompile:
         C:\Program Files (x86)\Microsoft Visual Studio 10.0\VC\bin\x86_amd64\CL.exe /c /I"F:/code/lib/openexr-git/OpenEXR/config" /I"F:/code/lib/openexr-git/OpenEXR/IlmImf" /I"F:/code/lib/openexr-git/OpenEXR/IlmImfUtil" /I"F:/code/lib/openexr-git/OpenEXR/exrmaketiled" /I"F:/code/lib/openexr-git/OpenEXR/exrenvmap" /I"F:/code/lib/openexr-git/OpenEXR/exrmakepreview" /I"F:/code/lib/openexr-git/OpenEXR/exrmultiview" /I"F:/code/lib/openexr-git/OpenEXR/IlmImfFuzzTest" /I"f:/code/lib/zlib-1.2.8-win64" /If:/code/lib/Windows_64/include/OpenEXR /Zi /nologo /W3 /WX- /Od /Ob0 /D WIN32 /D _WINDOWS /D _DEBUG /D HAVE_CONFIG_H /D "ILM_IMF_TEST_IMAGEDIR=\"F:/code/lib/openexr-git/OpenEXR/IlmImfTest/\"" /D OPENEXR_DLL /D "CMAKE_INTDIR=\"Debug\"" /D _MBCS /Gm- /EHsc /RTC1 /MDd /GS /fp:precise /Zc:wchar_t /Zc:forScope /GR /Fo"exrenvmap.dir\Debug\\" /Fd"F:/code/lib/openexr-git/OpenEXR/exrenvmap/Debug/exrenvmap.pdb" /Gd /TP /errorReport:prompt "F:\code\lib\openexr-git\OpenEXR\exrenvmap\makeLatLongMap.cpp" "F:\code\lib\openexr-git\OpenEXR\exrenvmap\readInputImage.cpp" "F:\code\lib\openexr-git\OpenEXR\exrenvmap\resizeImage.cpp" "F:\code\lib\openexr-git\OpenEXR\exrenvmap\makeCubeMap.cpp" "F:\code\lib\openexr-git\OpenEXR\exrenvmap\main.cpp" "F:\code\lib\openexr-git\OpenEXR\exrenvmap\blurImage.cpp" "F:\code\lib\openexr-git\OpenEXR\exrenvmap\EnvmapImage.cpp"  /Zm1000 
         makeLatLongMap.cpp
     1>f:\code\lib\windows_64\include\openexr\IexBaseExc.h(143): warning C4275: non dll-interface class 'Iex_2_2::BaseExc' used as base for dll-interface class 'Iex_2_2::ArgExc'
                 f:\code\lib\windows_64\include\openexr\IexBaseExc.h(60) : see declaration of 'Iex_2_2::BaseExc'
                 f:\code\lib\windows_64\include\openexr\IexBaseExc.h(143) : see declaration of 'Iex_2_2::ArgExc'
     1>f:\code\lib\windows_64\include\openexr\IexBaseExc.h(145): warning C4275: non dll-interface class 'Iex_2_2::BaseExc' used as base for dll-interface class 'Iex_2_2::LogicExc'
                 f:\code\lib\windows_64\include\openexr\IexBaseExc.h(60) : see declaration of 'Iex_2_2::BaseExc'
                 f:\code\lib\windows_64\include\openexr\IexBaseExc.h(145) : see declaration of 'Iex_2_2::LogicExc'
     1>f:\code\lib\windows_64\include\openexr\IexBaseExc.h(150): warning C4275: non dll-interface class 'Iex_2_2::BaseExc' used as base for dll-interface class 'Iex_2_2::InputExc'
                 f:\code\lib\windows_64\include\openexr\IexBaseExc.h(60) : see declaration of 'Iex_2_2::BaseExc'
                 f:\code\lib\windows_64\include\openexr\IexBaseExc.h(150) : see declaration of 'Iex_2_2::InputExc'
     1>f:\code\lib\windows_64\include\openexr\IexBaseExc.h(152): warning C4275: non dll-interface class 'Iex_2_2::BaseExc' used as base for dll-interface class 'Iex_2_2::IoExc'
                 f:\code\lib\windows_64\include\openexr\IexBaseExc.h(60) : see declaration of 'Iex_2_2::BaseExc'
                 f:\code\lib\windows_64\include\openexr\IexBaseExc.h(152) : see declaration of 'Iex_2_2::IoExc'
     1>f:\code\lib\windows_64\include\openexr\IexBaseExc.h(154): warning C4275: non dll-interface class 'Iex_2_2::BaseExc' used as base for dll-interface class 'Iex_2_2::MathExc'
                 f:\code\lib\windows_64\include\openexr\IexBaseExc.h(60) : see declaration of 'Iex_2_2::BaseExc'
                 f:\code\lib\windows_64\include\openexr\IexBaseExc.h(154) : see declaration of 'Iex_2_2::MathExc'
     1>f:\code\lib\windows_64\include\openexr\IexBaseExc.h(158): warning C4275: non dll-interface class 'Iex_2_2::BaseExc' used as base for dll-interface class 'Iex_2_2::ErrnoExc'
                 f:\code\lib\windows_64\include\openexr\IexBaseExc.h(60) : see declaration of 'Iex_2_2::BaseExc'
                 f:\code\lib\windows_64\include\openexr\IexBaseExc.h(158) : see declaration of 'Iex_2_2::ErrnoExc'
     1>f:\code\lib\windows_64\include\openexr\IexBaseExc.h(163): warning C4275: non dll-interface class 'Iex_2_2::BaseExc' used as base for dll-interface class 'Iex_2_2::NoImplExc'
                 f:\code\lib\windows_64\include\openexr\IexBaseExc.h(60) : see declaration of 'Iex_2_2::BaseExc'
                 f:\code\lib\windows_64\include\openexr\IexBaseExc.h(163) : see declaration of 'Iex_2_2::NoImplExc'
     1>f:\code\lib\windows_64\include\openexr\IexBaseExc.h(169): warning C4275: non dll-interface class 'Iex_2_2::BaseExc' used as base for dll-interface class 'Iex_2_2::NullExc'
                 f:\code\lib\windows_64\include\openexr\IexBaseExc.h(60) : see declaration of 'Iex_2_2::BaseExc'
                 f:\code\lib\windows_64\include\openexr\IexBaseExc.h(169) : see declaration of 'Iex_2_2::NullExc'
     1>f:\code\lib\windows_64\include\openexr\IexBaseExc.h(171): warning C4275: non dll-interface class 'Iex_2_2::BaseExc' used as base for dll-interface class 'Iex_2_2::TypeExc'
                 f:\code\lib\windows_64\include\openexr\IexBaseExc.h(60) : see declaration of 'Iex_2_2::BaseExc'
                 f:\code\lib\windows_64\include\openexr\IexBaseExc.h(171) : see declaration of 'Iex_2_2::TypeExc'
     1>f:\code\lib\openexr-git\openexr\ilmimf\ImfName.h(104): warning C4996: 'strncpy': This function or variable may be unsafe. Consider using strncpy_s instead. To disable deprecation, use _CRT_SECURE_NO_WARNINGS. See online help for details.
                 C:\Program Files (x86)\Microsoft Visual Studio 10.0\VC\include\string.h(188) : see declaration of 'strncpy'
     1>f:\code\lib\openexr-git\openexr\ilmimf\ImfHeader.h(428): warning C4251: 'Imf_2_2::Header::_map' : class 'std::map<_Kty,_Ty>' needs to have dll-interface to be used by clients of class 'Imf_2_2::Header'
                 with
                 [
                     _Kty=Imf_2_2::Name,
                     _Ty=Imf_2_2::Attribute *
                 ]
     1>f:\code\lib\openexr-git\openexr\ilmimf\ImfFrameBuffer.h(215): warning C4251: 'Imf_2_2::FrameBuffer::_map' : class 'std::map<_Kty,_Ty>' needs to have dll-interface to be used by clients of class 'Imf_2_2::FrameBuffer'
                 with
                 [
                     _Kty=Imf_2_2::Name,
                     _Ty=Imf_2_2::Slice
                 ]
     1>F:\code\lib\openexr-git\OpenEXR\IlmImf\ImfRgbaFile.h(336): warning C4251: 'Imf_2_2::RgbaInputFile::_channelNamePrefix' : class 'std::basic_string<_Elem,_Traits,_Ax>' needs to have dll-interface to be used by clients of class 'Imf_2_2::RgbaInputFile'
                 with
                 [
                     _Elem=char,
                     _Traits=std::char_traits<char>,
                     _Ax=std::allocator<char>
                 ]
     1>F:\code\lib\openexr-git\OpenEXR\IlmImf\ImfTiledRgbaFile.h(472): warning C4251: 'Imf_2_2::TiledRgbaInputFile::_channelNamePrefix' : class 'std::basic_string<_Elem,_Traits,_Ax>' needs to have dll-interface to be used by clients of class 'Imf_2_2::TiledRgbaInputFile'
                 with
                 [
                     _Elem=char,
                     _Traits=std::char_traits<char>,
                     _Ax=std::allocator<char>
                 ]
     1>f:\code\lib\openexr-git\openexr\ilmimf\ImfIO.h(147): warning C4251: 'Imf_2_2::IStream::_fileName' : class 'std::basic_string<_Elem,_Traits,_Ax>' needs to have dll-interface to be used by clients of class 'Imf_2_2::IStream'
                 with
                 [
                     _Elem=char,
                     _Traits=std::char_traits<char>,
                     _Ax=std::allocator<char>
                 ]
     1>f:\code\lib\openexr-git\openexr\ilmimf\ImfIO.h(210): warning C4251: 'Imf_2_2::OStream::_fileName' : class 'std::basic_string<_Elem,_Traits,_Ax>' needs to have dll-interface to be used by clients of class 'Imf_2_2::OStream'
                 with
                 [
                     _Elem=char,
                     _Traits=std::char_traits<char>,
                     _Ax=std::allocator<char>
                 ]
     1>f:\code\lib\openexr-git\openexr\ilmimf\ImfChromaticities.h(62): warning C4251: 'Imf_2_2::Chromaticities::red' : class 'Imath_2_2::Vec2<T>' needs to have dll-interface to be used by clients of struct 'Imf_2_2::Chromaticities'
                 with
                 [
                     T=float
                 ]
     1>f:\code\lib\openexr-git\openexr\ilmimf\ImfChromaticities.h(63): warning C4251: 'Imf_2_2::Chromaticities::green' : class 'Imath_2_2::Vec2<T>' needs to have dll-interface to be used by clients of struct 'Imf_2_2::Chromaticities'
                 with
                 [
                     T=float
                 ]
     1>f:\code\lib\openexr-git\openexr\ilmimf\ImfChromaticities.h(64): warning C4251: 'Imf_2_2::Chromaticities::blue' : class 'Imath_2_2::Vec2<T>' needs to have dll-interface to be used by clients of struct 'Imf_2_2::Chromaticities'
                 with
                 [
                     T=float
                 ]
     1>f:\code\lib\openexr-git\openexr\ilmimf\ImfChromaticities.h(65): warning C4251: 'Imf_2_2::Chromaticities::white' : class 'Imath_2_2::Vec2<T>' needs to have dll-interface to be used by clients of struct 'Imf_2_2::Chromaticities'
                 with
                 [
                     T=float
                 ]
         readInputImage.cpp
     1>Done Building Project "f:\code\lib\openexr-git\OpenEXR\exrenvmap\exrenvmap.vcxproj" (build target(s)) -- FAILED.

Build FAILED.

Time Elapsed 00:00:01.63
