d:\code\applications\mrviewer\dependencies\fltk-2.0-win32\ide\vcnet\fluid\fluid.bsc
d:\code\applications\mrviewer\dependencies\fltk-2.0-win32\ide\vcnet\fluid\vc120.pdb
d:\code\applications\mrviewer\dependencies\fltk-2.0-win32\ide\vcnet\fluid\about_panel.sbr
d:\code\applications\mrviewer\dependencies\fltk-2.0-win32\ide\vcnet\fluid\alignment_panel.sbr
d:\code\applications\mrviewer\dependencies\fltk-2.0-win32\ide\vcnet\fluid\align_widget.sbr
d:\code\applications\mrviewer\dependencies\fltk-2.0-win32\ide\vcnet\fluid\code.sbr
d:\code\applications\mrviewer\dependencies\fltk-2.0-win32\ide\vcnet\fluid\codeeditor.sbr
d:\code\applications\mrviewer\dependencies\fltk-2.0-win32\ide\vcnet\fluid\coding_style.sbr
d:\code\applications\mrviewer\dependencies\fltk-2.0-win32\ide\vcnet\fluid\coding_style_func.sbr
d:\code\applications\mrviewer\dependencies\fltk-2.0-win32\ide\vcnet\fluid\enumeration.sbr
d:\code\applications\mrviewer\dependencies\fltk-2.0-win32\ide\vcnet\fluid\factory.sbr
d:\code\applications\mrviewer\dependencies\fltk-2.0-win32\ide\vcnet\fluid\file.sbr
d:\code\applications\mrviewer\dependencies\fltk-2.0-win32\ide\vcnet\fluid\fluid.sbr
d:\code\applications\mrviewer\dependencies\fltk-2.0-win32\ide\vcnet\fluid\fluidtype.sbr
d:\code\applications\mrviewer\dependencies\fltk-2.0-win32\ide\vcnet\fluid\fluid_image.sbr
d:\code\applications\mrviewer\dependencies\fltk-2.0-win32\ide\vcnet\fluid\fluid_img.sbr
d:\code\applications\mrviewer\dependencies\fltk-2.0-win32\ide\vcnet\fluid\fluid_menus.sbr
d:\code\applications\mrviewer\dependencies\fltk-2.0-win32\ide\vcnet\fluid\fluid_plugins.sbr
d:\code\applications\mrviewer\dependencies\fltk-2.0-win32\ide\vcnet\fluid\functiontype.sbr
d:\code\applications\mrviewer\dependencies\fltk-2.0-win32\ide\vcnet\fluid\function_panel.sbr
d:\code\applications\mrviewer\dependencies\fltk-2.0-win32\ide\vcnet\fluid\grouptype.sbr
d:\code\applications\mrviewer\dependencies\fltk-2.0-win32\ide\vcnet\fluid\menutype.sbr
d:\code\applications\mrviewer\dependencies\fltk-2.0-win32\ide\vcnet\fluid\menutype.obj
d:\code\applications\mrviewer\dependencies\fltk-2.0-win32\ide\vcnet\fluid\grouptype.obj
d:\code\applications\mrviewer\dependencies\fltk-2.0-win32\ide\vcnet\fluid\function_panel.obj
d:\code\applications\mrviewer\dependencies\fltk-2.0-win32\ide\vcnet\fluid\functiontype.obj
d:\code\applications\mrviewer\dependencies\fltk-2.0-win32\ide\vcnet\fluid\fluid_plugins.obj
d:\code\applications\mrviewer\dependencies\fltk-2.0-win32\ide\vcnet\fluid\fluid_menus.obj
d:\code\applications\mrviewer\dependencies\fltk-2.0-win32\ide\vcnet\fluid\fluid_img.obj
d:\code\applications\mrviewer\dependencies\fltk-2.0-win32\ide\vcnet\fluid\fluid_image.obj
d:\code\applications\mrviewer\dependencies\fltk-2.0-win32\ide\vcnet\fluid\fluidtype.obj
d:\code\applications\mrviewer\dependencies\fltk-2.0-win32\ide\vcnet\fluid\fluid.obj
d:\code\applications\mrviewer\dependencies\fltk-2.0-win32\ide\vcnet\fluid\file.obj
d:\code\applications\mrviewer\dependencies\fltk-2.0-win32\ide\vcnet\fluid\factory.obj
d:\code\applications\mrviewer\dependencies\fltk-2.0-win32\ide\vcnet\fluid\enumeration.obj
d:\code\applications\mrviewer\dependencies\fltk-2.0-win32\ide\vcnet\fluid\coding_style_func.obj
d:\code\applications\mrviewer\dependencies\fltk-2.0-win32\ide\vcnet\fluid\coding_style.obj
d:\code\applications\mrviewer\dependencies\fltk-2.0-win32\ide\vcnet\fluid\codeeditor.obj
d:\code\applications\mrviewer\dependencies\fltk-2.0-win32\ide\vcnet\fluid\code.obj
d:\code\applications\mrviewer\dependencies\fltk-2.0-win32\ide\vcnet\fluid\align_widget.obj
d:\code\applications\mrviewer\dependencies\fltk-2.0-win32\ide\vcnet\fluid\alignment_panel.obj
d:\code\applications\mrviewer\dependencies\fltk-2.0-win32\ide\vcnet\fluid\about_panel.obj
d:\code\applications\mrviewer\dependencies\fltk-2.0-win32\ide\vcnet\fluid\template_panel.sbr
d:\code\applications\mrviewer\dependencies\fltk-2.0-win32\ide\vcnet\fluid\undo.sbr
d:\code\applications\mrviewer\dependencies\fltk-2.0-win32\ide\vcnet\fluid\widgetclasstype.sbr
d:\code\applications\mrviewer\dependencies\fltk-2.0-win32\ide\vcnet\fluid\widgettype.sbr
d:\code\applications\mrviewer\dependencies\fltk-2.0-win32\ide\vcnet\fluid\widget_panel.sbr
d:\code\applications\mrviewer\dependencies\fltk-2.0-win32\ide\vcnet\fluid\windowtype.sbr
d:\code\applications\mrviewer\dependencies\fltk-2.0-win32\ide\vcnet\fluid\fileinput.sbr
d:\code\applications\mrviewer\dependencies\fltk-2.0-win32\ide\vcnet\fluid\fileinput.obj
d:\code\applications\mrviewer\dependencies\fltk-2.0-win32\ide\vcnet\fluid\windowtype.obj
d:\code\applications\mrviewer\dependencies\fltk-2.0-win32\ide\vcnet\fluid\widget_panel.obj
d:\code\applications\mrviewer\dependencies\fltk-2.0-win32\ide\vcnet\fluid\widgettype.obj
d:\code\applications\mrviewer\dependencies\fltk-2.0-win32\ide\vcnet\fluid\widgetclasstype.obj
d:\code\applications\mrviewer\dependencies\fltk-2.0-win32\ide\vcnet\fluid\undo.obj
d:\code\applications\mrviewer\dependencies\fltk-2.0-win32\ide\vcnet\fluid\template_panel.obj
d:\code\applications\mrviewer\dependencies\fltk-2.0-win32\ide\vcnet\fluid\fluid.lib
d:\code\applications\mrviewer\dependencies\fltk-2.0-win32\ide\vcnet\fluid\fluid.exp
d:\code\applications\mrviewer\dependencies\fltk-2.0-win32\fluid\fluid2.exe
d:\code\applications\mrviewer\dependencies\fltk-2.0-win32\ide\vcnet\fluid\fluid.tlog\bscmake.command.1.tlog
d:\code\applications\mrviewer\dependencies\fltk-2.0-win32\ide\vcnet\fluid\fluid.tlog\bscmake.read.1.tlog
d:\code\applications\mrviewer\dependencies\fltk-2.0-win32\ide\vcnet\fluid\fluid.tlog\bscmake.write.1.tlog
d:\code\applications\mrviewer\dependencies\fltk-2.0-win32\ide\vcnet\fluid\fluid.tlog\cl.command.1.tlog
d:\code\applications\mrviewer\dependencies\fltk-2.0-win32\ide\vcnet\fluid\fluid.tlog\cl.read.1.tlog
d:\code\applications\mrviewer\dependencies\fltk-2.0-win32\ide\vcnet\fluid\fluid.tlog\cl.write.1.tlog
d:\code\applications\mrviewer\dependencies\fltk-2.0-win32\ide\vcnet\fluid\fluid.tlog\fluid.write.1u.tlog
d:\code\applications\mrviewer\dependencies\fltk-2.0-win32\ide\vcnet\fluid\fluid.tlog\link.command.1.tlog
d:\code\applications\mrviewer\dependencies\fltk-2.0-win32\ide\vcnet\fluid\fluid.tlog\link.read.1.tlog
d:\code\applications\mrviewer\dependencies\fltk-2.0-win32\ide\vcnet\fluid\fluid.tlog\link.write.1.tlog
