Build started 12/08/2014 05:25:34 p.m..
     1>Project "f:\code\lib\openexr-git\OpenEXR\IlmImfExamples\IlmImfExamples.vcxproj" on node 2 (build target(s)).
     1>InitializeBuildStatus:
         Touching "IlmImfExamples.dir\Release\IlmImfExamples.unsuccessfulbuild".
       CustomBuild:
         All outputs are up-to-date.
       ClCompile:
         All outputs are up-to-date.
       Link:
         C:\Program Files (x86)\Microsoft Visual Studio 10.0\VC\bin\x86_amd64\link.exe /ERRORREPORT:PROMPT /OUT:"F:\code\lib\openexr-git\OpenEXR\IlmImfExamples\Release\IlmImfExamples.exe" /INCREMENTAL:NO /NOLOGO /LIBPATH:f:/code/lib/Windows_64/lib /LIBPATH:f:/code/lib/Windows_64/lib/Release kernel32.lib user32.lib gdi32.lib winspool.lib shell32.lib ole32.lib oleaut32.lib uuid.lib comdlg32.lib advapi32.lib "..\IlmImf\Release\IlmImf-2_2.lib" Half.lib "Iex-2_2.lib" "Imath-2_2.lib" "IlmThread-2_2.lib" "f:\code\lib\zlib-1.2.8-win64\zlib.lib" /MANIFEST /ManifestFile:"IlmImfExamples.dir\Release\IlmImfExamples.exe.intermediate.manifest" /MANIFESTUAC:"level='asInvoker' uiAccess='false'" /PDB:"F:\code\lib\openexr-git\OpenEXR\IlmImfExamples\Release\IlmImfExamples.pdb" /SUBSYSTEM:CONSOLE /STACK:"10000000" /TLBID:1 /DYNAMICBASE /NXCOMPAT /IMPLIB:"F:/code/lib/openexr-git/OpenEXR/IlmImfExamples/Release/IlmImfExamples.lib" /MACHINE:X64 IlmImfExamples.dir\Release\drawImage.obj
         IlmImfExamples.dir\Release\generalInterfaceExamples.obj
         IlmImfExamples.dir\Release\generalInterfaceTiledExamples.obj
         IlmImfExamples.dir\Release\lowLevelIoExamples.obj
         IlmImfExamples.dir\Release\main.obj
         IlmImfExamples.dir\Release\previewImageExamples.obj
         IlmImfExamples.dir\Release\rgbaInterfaceExamples.obj
         IlmImfExamples.dir\Release\rgbaInterfaceTiledExamples.obj  /machine:x64 
         IlmImfExamples.vcxproj -> F:\code\lib\openexr-git\OpenEXR\IlmImfExamples\Release\IlmImfExamples.exe
       Manifest:
         C:\Program Files\Microsoft SDKs\Windows\v7.1\bin\mt.exe /nologo /verbose /outputresource:"F:\code\lib\openexr-git\OpenEXR\IlmImfExamples\Release\IlmImfExamples.exe;#1" /manifest IlmImfExamples.dir\Release\IlmImfExamples.exe.intermediate.manifest
       FinalizeBuildStatus:
         Deleting file "IlmImfExamples.dir\Release\IlmImfExamples.unsuccessfulbuild".
         Touching "IlmImfExamples.dir\Release\IlmImfExamples.lastbuildstate".
     1>Done Building Project "f:\code\lib\openexr-git\OpenEXR\IlmImfExamples\IlmImfExamples.vcxproj" (build target(s)).

Build succeeded.

Time Elapsed 00:00:00.59
