Build started 12/08/2014 05:25:31 p.m..
     1>Project "f:\code\lib\openexr-git\OpenEXR\IlmImfUtil\IlmImfUtil.vcxproj" on node 2 (build target(s)).
     1>InitializeBuildStatus:
         Touching "IlmImfUtil.dir\Release\IlmImfUtil.unsuccessfulbuild".
       CustomBuild:
         All outputs are up-to-date.
       ClCompile:
         All outputs are up-to-date.
       Link:
         C:\Program Files (x86)\Microsoft Visual Studio 10.0\VC\bin\x86_amd64\link.exe /ERRORREPORT:PROMPT /OUT:"F:\code\lib\openexr-git\OpenEXR\IlmImfUtil\Release\IlmImfUtil-2_2.dll" /INCREMENTAL:NO /NOLOGO /LIBPATH:f:/code/lib/Windows_64/lib /LIBPATH:f:/code/lib/Windows_64/lib/Release /LIBPATH:"F:/code/lib/openexr-git/OpenEXR/IlmImfUtil/../IlmImf" /LIBPATH:"F:/code/lib/openexr-git/OpenEXR/IlmImfUtil/../IlmImf/Release" kernel32.lib user32.lib gdi32.lib winspool.lib shell32.lib ole32.lib oleaut32.lib uuid.lib comdlg32.lib advapi32.lib Half.lib "Iex-2_2.lib" "Imath-2_2.lib" "IlmThread-2_2.lib" "..\IlmImf\Release\IlmImf-2_2.lib" "f:\code\lib\zlib-1.2.8-win64\zlib.lib" Half.lib "Iex-2_2.lib" "Imath-2_2.lib" "IlmThread-2_2.lib" "f:\code\lib\zlib-1.2.8-win64\zlib.lib" /MANIFEST /ManifestFile:"IlmImfUtil.dir\Release\IlmImfUtil-2_2.dll.intermediate.manifest" /MANIFESTUAC:"level='asInvoker' uiAccess='false'" /PDB:"F:\code\lib\openexr-git\OpenEXR\IlmImfUtil\Release\IlmImfUtil-2_2.pdb" /SUBSYSTEM:CONSOLE /STACK:"10000000" /TLBID:1 /DYNAMICBASE /NXCOMPAT /IMPLIB:"F:/code/lib/openexr-git/OpenEXR/IlmImfUtil/Release/IlmImfUtil-2_2.lib" /MACHINE:X64 /DLL IlmImfUtil.dir\Release\ImfImageChannel.obj
         IlmImfUtil.dir\Release\ImfFlatImageChannel.obj
         IlmImfUtil.dir\Release\ImfDeepImageChannel.obj
         IlmImfUtil.dir\Release\ImfSampleCountChannel.obj
         IlmImfUtil.dir\Release\ImfImageLevel.obj
         IlmImfUtil.dir\Release\ImfFlatImageLevel.obj
         IlmImfUtil.dir\Release\ImfDeepImageLevel.obj
         IlmImfUtil.dir\Release\ImfImage.obj
         IlmImfUtil.dir\Release\ImfFlatImage.obj
         IlmImfUtil.dir\Release\ImfDeepImage.obj
         IlmImfUtil.dir\Release\ImfImageIO.obj
         IlmImfUtil.dir\Release\ImfFlatImageIO.obj
         IlmImfUtil.dir\Release\ImfDeepImageIO.obj
         IlmImfUtil.dir\Release\ImfImageDataWindow.obj  /machine:x64 
            Creating library F:/code/lib/openexr-git/OpenEXR/IlmImfUtil/Release/IlmImfUtil-2_2.lib and object F:/code/lib/openexr-git/OpenEXR/IlmImfUtil/Release/IlmImfUtil-2_2.exp
         IlmImfUtil.vcxproj -> F:\code\lib\openexr-git\OpenEXR\IlmImfUtil\Release\IlmImfUtil-2_2.dll
       Manifest:
         C:\Program Files\Microsoft SDKs\Windows\v7.1\bin\mt.exe /nologo /verbose /outputresource:"F:\code\lib\openexr-git\OpenEXR\IlmImfUtil\Release\IlmImfUtil-2_2.dll;#2" /manifest "IlmImfUtil.dir\Release\IlmImfUtil-2_2.dll.intermediate.manifest"
       FinalizeBuildStatus:
         Deleting file "IlmImfUtil.dir\Release\IlmImfUtil.unsuccessfulbuild".
         Touching "IlmImfUtil.dir\Release\IlmImfUtil.lastbuildstate".
     1>Done Building Project "f:\code\lib\openexr-git\OpenEXR\IlmImfUtil\IlmImfUtil.vcxproj" (build target(s)).

Build succeeded.

Time Elapsed 00:00:00.66
