The system is: Linux - 3.16.0-60-generic - x86_64
Compiling the C compiler identification source file "CMakeCCompilerId.c" succeeded.
Compiler: /usr/bin/cc 
Build flags: 
Id flags: 

The output was:
0


Compilation of the C compiler identification source "CMakeCCompilerId.c" produced "a.out"

The C compiler identification is GNU, found in "/media/Linux/code/applications/mrViewer/mrViewer/src/fl/BUILD/Linux-3.16.0-60-generic-64/Release/tmp/CMakeFiles/3.5.20160217-ged1b3/CompilerIdC/a.out"

Compiling the CXX compiler identification source file "CMakeCXXCompilerId.cpp" succeeded.
Compiler: /usr/bin/c++ 
Build flags: 
Id flags: 

The output was:
0


Compilation of the CXX compiler identification source "CMakeCXXCompilerId.cpp" produced "a.out"

The CXX compiler identification is GNU, found in "/media/Linux/code/applications/mrViewer/mrViewer/src/fl/BUILD/Linux-3.16.0-60-generic-64/Release/tmp/CMakeFiles/3.5.20160217-ged1b3/CompilerIdCXX/a.out"

Determining if the C compiler works passed with the following output:
Change Dir: /media/Linux/code/applications/mrViewer/mrViewer/src/fl/BUILD/Linux-3.16.0-60-generic-64/Release/tmp/CMakeFiles/CMakeTmp

Run Build Command:"/usr/bin/ninja" "cmTC_79b52"
[1/2] Building C object CMakeFiles/cmTC_79b52.dir/testCCompiler.c.o
[2/2] Linking C executable cmTC_79b52


Detecting C compiler ABI info compiled with the following output:
Change Dir: /media/Linux/code/applications/mrViewer/mrViewer/src/fl/BUILD/Linux-3.16.0-60-generic-64/Release/tmp/CMakeFiles/CMakeTmp

Run Build Command:"/usr/bin/ninja" "cmTC_60bf6"
[1/2] Building C object CMakeFiles/cmTC_60bf6.dir/CMakeCCompilerABI.c.o
[2/2] Linking C executable cmTC_60bf6
Using built-in specs.
COLLECT_GCC=/usr/bin/cc
COLLECT_LTO_WRAPPER=/usr/lib/gcc/x86_64-linux-gnu/4.8/lto-wrapper
Target: x86_64-linux-gnu
Configured with: ../src/configure -v --with-pkgversion='Ubuntu 4.8.4-2ubuntu1~14.04.1' --with-bugurl=file:///usr/share/doc/gcc-4.8/README.Bugs --enable-languages=c,c++,java,go,d,fortran,objc,obj-c++ --prefix=/usr --program-suffix=-4.8 --enable-shared --enable-linker-build-id --libexecdir=/usr/lib --without-included-gettext --enable-threads=posix --with-gxx-include-dir=/usr/include/c++/4.8 --libdir=/usr/lib --enable-nls --with-sysroot=/ --enable-clocale=gnu --enable-libstdcxx-debug --enable-libstdcxx-time=yes --enable-gnu-unique-object --disable-libmudflap --enable-plugin --with-system-zlib --disable-browser-plugin --enable-java-awt=gtk --enable-gtk-cairo --with-java-home=/usr/lib/jvm/java-1.5.0-gcj-4.8-amd64/jre --enable-java-home --with-jvm-root-dir=/usr/lib/jvm/java-1.5.0-gcj-4.8-amd64 --with-jvm-jar-dir=/usr/lib/jvm-exports/java-1.5.0-gcj-4.8-amd64 --with-arch-directory=amd64 --with-ecj-jar=/usr/share/java/eclipse-ecj.jar --enable-objc-gc --enable-multiarch --disable-werror --with-arch-32=i686 --with-abi=m64 --with-multilib-list=m32,m64,mx32 --with-tune=generic --enable-checking=release --build=x86_64-linux-gnu --host=x86_64-linux-gnu --target=x86_64-linux-gnu
Thread model: posix
gcc version 4.8.4 (Ubuntu 4.8.4-2ubuntu1~14.04.1) 
COMPILER_PATH=/usr/lib/gcc/x86_64-linux-gnu/4.8/:/usr/lib/gcc/x86_64-linux-gnu/4.8/:/usr/lib/gcc/x86_64-linux-gnu/:/usr/lib/gcc/x86_64-linux-gnu/4.8/:/usr/lib/gcc/x86_64-linux-gnu/
LIBRARY_PATH=/usr/lib/gcc/x86_64-linux-gnu/4.8/:/usr/lib/gcc/x86_64-linux-gnu/4.8/../../../x86_64-linux-gnu/:/usr/lib/gcc/x86_64-linux-gnu/4.8/../../../../lib/:/lib/x86_64-linux-gnu/:/lib/../lib/:/usr/lib/x86_64-linux-gnu/:/usr/lib/../lib/:/usr/lib/gcc/x86_64-linux-gnu/4.8/../../../:/lib/:/usr/lib/
COLLECT_GCC_OPTIONS='-v' '-o' 'cmTC_60bf6' '-rdynamic' '-mtune=generic' '-march=x86-64'
 /usr/lib/gcc/x86_64-linux-gnu/4.8/collect2 --sysroot=/ --build-id --eh-frame-hdr -m elf_x86_64 --hash-style=gnu --as-needed -export-dynamic -dynamic-linker /lib64/ld-linux-x86-64.so.2 -z relro -o cmTC_60bf6 /usr/lib/gcc/x86_64-linux-gnu/4.8/../../../x86_64-linux-gnu/crt1.o /usr/lib/gcc/x86_64-linux-gnu/4.8/../../../x86_64-linux-gnu/crti.o /usr/lib/gcc/x86_64-linux-gnu/4.8/crtbegin.o -L/usr/lib/gcc/x86_64-linux-gnu/4.8 -L/usr/lib/gcc/x86_64-linux-gnu/4.8/../../../x86_64-linux-gnu -L/usr/lib/gcc/x86_64-linux-gnu/4.8/../../../../lib -L/lib/x86_64-linux-gnu -L/lib/../lib -L/usr/lib/x86_64-linux-gnu -L/usr/lib/../lib -L/usr/lib/gcc/x86_64-linux-gnu/4.8/../../.. CMakeFiles/cmTC_60bf6.dir/CMakeCCompilerABI.c.o -lgcc --as-needed -lgcc_s --no-as-needed -lc -lgcc --as-needed -lgcc_s --no-as-needed /usr/lib/gcc/x86_64-linux-gnu/4.8/crtend.o /usr/lib/gcc/x86_64-linux-gnu/4.8/../../../x86_64-linux-gnu/crtn.o


Parsed C implicit link information from above output:
  link line regex: [^( *|.*[/\])(ld|([^/\]+-)?ld|collect2)[^/\]*( |$)]
  ignore line: [Change Dir: /media/Linux/code/applications/mrViewer/mrViewer/src/fl/BUILD/Linux-3.16.0-60-generic-64/Release/tmp/CMakeFiles/CMakeTmp]
  ignore line: []
  ignore line: [Run Build Command:"/usr/bin/ninja" "cmTC_60bf6"]
  ignore line: [[1/2] Building C object CMakeFiles/cmTC_60bf6.dir/CMakeCCompilerABI.c.o]
  ignore line: [[2/2] Linking C executable cmTC_60bf6]
  ignore line: [Using built-in specs.]
  ignore line: [COLLECT_GCC=/usr/bin/cc]
  ignore line: [COLLECT_LTO_WRAPPER=/usr/lib/gcc/x86_64-linux-gnu/4.8/lto-wrapper]
  ignore line: [Target: x86_64-linux-gnu]
  ignore line: [Configured with: ../src/configure -v --with-pkgversion='Ubuntu 4.8.4-2ubuntu1~14.04.1' --with-bugurl=file:///usr/share/doc/gcc-4.8/README.Bugs --enable-languages=c,c++,java,go,d,fortran,objc,obj-c++ --prefix=/usr --program-suffix=-4.8 --enable-shared --enable-linker-build-id --libexecdir=/usr/lib --without-included-gettext --enable-threads=posix --with-gxx-include-dir=/usr/include/c++/4.8 --libdir=/usr/lib --enable-nls --with-sysroot=/ --enable-clocale=gnu --enable-libstdcxx-debug --enable-libstdcxx-time=yes --enable-gnu-unique-object --disable-libmudflap --enable-plugin --with-system-zlib --disable-browser-plugin --enable-java-awt=gtk --enable-gtk-cairo --with-java-home=/usr/lib/jvm/java-1.5.0-gcj-4.8-amd64/jre --enable-java-home --with-jvm-root-dir=/usr/lib/jvm/java-1.5.0-gcj-4.8-amd64 --with-jvm-jar-dir=/usr/lib/jvm-exports/java-1.5.0-gcj-4.8-amd64 --with-arch-directory=amd64 --with-ecj-jar=/usr/share/java/eclipse-ecj.jar --enable-objc-gc --enable-multiarch --disable-werror --with-arch-32=i686 --with-abi=m64 --with-multilib-list=m32,m64,mx32 --with-tune=generic --enable-checking=release --build=x86_64-linux-gnu --host=x86_64-linux-gnu --target=x86_64-linux-gnu]
  ignore line: [Thread model: posix]
  ignore line: [gcc version 4.8.4 (Ubuntu 4.8.4-2ubuntu1~14.04.1) ]
  ignore line: [COMPILER_PATH=/usr/lib/gcc/x86_64-linux-gnu/4.8/:/usr/lib/gcc/x86_64-linux-gnu/4.8/:/usr/lib/gcc/x86_64-linux-gnu/:/usr/lib/gcc/x86_64-linux-gnu/4.8/:/usr/lib/gcc/x86_64-linux-gnu/]
  ignore line: [LIBRARY_PATH=/usr/lib/gcc/x86_64-linux-gnu/4.8/:/usr/lib/gcc/x86_64-linux-gnu/4.8/../../../x86_64-linux-gnu/:/usr/lib/gcc/x86_64-linux-gnu/4.8/../../../../lib/:/lib/x86_64-linux-gnu/:/lib/../lib/:/usr/lib/x86_64-linux-gnu/:/usr/lib/../lib/:/usr/lib/gcc/x86_64-linux-gnu/4.8/../../../:/lib/:/usr/lib/]
  ignore line: [COLLECT_GCC_OPTIONS='-v' '-o' 'cmTC_60bf6' '-rdynamic' '-mtune=generic' '-march=x86-64']
  link line: [ /usr/lib/gcc/x86_64-linux-gnu/4.8/collect2 --sysroot=/ --build-id --eh-frame-hdr -m elf_x86_64 --hash-style=gnu --as-needed -export-dynamic -dynamic-linker /lib64/ld-linux-x86-64.so.2 -z relro -o cmTC_60bf6 /usr/lib/gcc/x86_64-linux-gnu/4.8/../../../x86_64-linux-gnu/crt1.o /usr/lib/gcc/x86_64-linux-gnu/4.8/../../../x86_64-linux-gnu/crti.o /usr/lib/gcc/x86_64-linux-gnu/4.8/crtbegin.o -L/usr/lib/gcc/x86_64-linux-gnu/4.8 -L/usr/lib/gcc/x86_64-linux-gnu/4.8/../../../x86_64-linux-gnu -L/usr/lib/gcc/x86_64-linux-gnu/4.8/../../../../lib -L/lib/x86_64-linux-gnu -L/lib/../lib -L/usr/lib/x86_64-linux-gnu -L/usr/lib/../lib -L/usr/lib/gcc/x86_64-linux-gnu/4.8/../../.. CMakeFiles/cmTC_60bf6.dir/CMakeCCompilerABI.c.o -lgcc --as-needed -lgcc_s --no-as-needed -lc -lgcc --as-needed -lgcc_s --no-as-needed /usr/lib/gcc/x86_64-linux-gnu/4.8/crtend.o /usr/lib/gcc/x86_64-linux-gnu/4.8/../../../x86_64-linux-gnu/crtn.o]
    arg [/usr/lib/gcc/x86_64-linux-gnu/4.8/collect2] ==> ignore
    arg [--sysroot=/] ==> ignore
    arg [--build-id] ==> ignore
    arg [--eh-frame-hdr] ==> ignore
    arg [-m] ==> ignore
    arg [elf_x86_64] ==> ignore
    arg [--hash-style=gnu] ==> ignore
    arg [--as-needed] ==> ignore
    arg [-export-dynamic] ==> ignore
    arg [-dynamic-linker] ==> ignore
    arg [/lib64/ld-linux-x86-64.so.2] ==> ignore
    arg [-zrelro] ==> ignore
    arg [-o] ==> ignore
    arg [cmTC_60bf6] ==> ignore
    arg [/usr/lib/gcc/x86_64-linux-gnu/4.8/../../../x86_64-linux-gnu/crt1.o] ==> ignore
    arg [/usr/lib/gcc/x86_64-linux-gnu/4.8/../../../x86_64-linux-gnu/crti.o] ==> ignore
    arg [/usr/lib/gcc/x86_64-linux-gnu/4.8/crtbegin.o] ==> ignore
    arg [-L/usr/lib/gcc/x86_64-linux-gnu/4.8] ==> dir [/usr/lib/gcc/x86_64-linux-gnu/4.8]
    arg [-L/usr/lib/gcc/x86_64-linux-gnu/4.8/../../../x86_64-linux-gnu] ==> dir [/usr/lib/gcc/x86_64-linux-gnu/4.8/../../../x86_64-linux-gnu]
    arg [-L/usr/lib/gcc/x86_64-linux-gnu/4.8/../../../../lib] ==> dir [/usr/lib/gcc/x86_64-linux-gnu/4.8/../../../../lib]
    arg [-L/lib/x86_64-linux-gnu] ==> dir [/lib/x86_64-linux-gnu]
    arg [-L/lib/../lib] ==> dir [/lib/../lib]
    arg [-L/usr/lib/x86_64-linux-gnu] ==> dir [/usr/lib/x86_64-linux-gnu]
    arg [-L/usr/lib/../lib] ==> dir [/usr/lib/../lib]
    arg [-L/usr/lib/gcc/x86_64-linux-gnu/4.8/../../..] ==> dir [/usr/lib/gcc/x86_64-linux-gnu/4.8/../../..]
    arg [CMakeFiles/cmTC_60bf6.dir/CMakeCCompilerABI.c.o] ==> ignore
    arg [-lgcc] ==> lib [gcc]
    arg [--as-needed] ==> ignore
    arg [-lgcc_s] ==> lib [gcc_s]
    arg [--no-as-needed] ==> ignore
    arg [-lc] ==> lib [c]
    arg [-lgcc] ==> lib [gcc]
    arg [--as-needed] ==> ignore
    arg [-lgcc_s] ==> lib [gcc_s]
    arg [--no-as-needed] ==> ignore
    arg [/usr/lib/gcc/x86_64-linux-gnu/4.8/crtend.o] ==> ignore
    arg [/usr/lib/gcc/x86_64-linux-gnu/4.8/../../../x86_64-linux-gnu/crtn.o] ==> ignore
  remove lib [gcc]
  remove lib [gcc_s]
  remove lib [gcc]
  remove lib [gcc_s]
  collapse library dir [/usr/lib/gcc/x86_64-linux-gnu/4.8] ==> [/usr/lib/gcc/x86_64-linux-gnu/4.8]
  collapse library dir [/usr/lib/gcc/x86_64-linux-gnu/4.8/../../../x86_64-linux-gnu] ==> [/usr/lib/x86_64-linux-gnu]
  collapse library dir [/usr/lib/gcc/x86_64-linux-gnu/4.8/../../../../lib] ==> [/usr/lib]
  collapse library dir [/lib/x86_64-linux-gnu] ==> [/lib/x86_64-linux-gnu]
  collapse library dir [/lib/../lib] ==> [/lib]
  collapse library dir [/usr/lib/x86_64-linux-gnu] ==> [/usr/lib/x86_64-linux-gnu]
  collapse library dir [/usr/lib/../lib] ==> [/usr/lib]
  collapse library dir [/usr/lib/gcc/x86_64-linux-gnu/4.8/../../..] ==> [/usr/lib]
  implicit libs: [c]
  implicit dirs: [/usr/lib/gcc/x86_64-linux-gnu/4.8;/usr/lib/x86_64-linux-gnu;/usr/lib;/lib/x86_64-linux-gnu;/lib]
  implicit fwks: []




Detecting C [-std=c11] compiler features compiled with the following output:
Change Dir: /media/Linux/code/applications/mrViewer/mrViewer/src/fl/BUILD/Linux-3.16.0-60-generic-64/Release/tmp/CMakeFiles/CMakeTmp

Run Build Command:"/usr/bin/ninja" "cmTC_a2e54"
[1/2] Building C object CMakeFiles/cmTC_a2e54.dir/feature_tests.c.o
[2/2] Linking C executable cmTC_a2e54


    Feature record: C_FEATURE:1c_function_prototypes
    Feature record: C_FEATURE:1c_restrict
    Feature record: C_FEATURE:1c_static_assert
    Feature record: C_FEATURE:1c_variadic_macros


Detecting C [-std=c99] compiler features compiled with the following output:
Change Dir: /media/Linux/code/applications/mrViewer/mrViewer/src/fl/BUILD/Linux-3.16.0-60-generic-64/Release/tmp/CMakeFiles/CMakeTmp

Run Build Command:"/usr/bin/ninja" "cmTC_56024"
[1/2] Building C object CMakeFiles/cmTC_56024.dir/feature_tests.c.o
[2/2] Linking C executable cmTC_56024


    Feature record: C_FEATURE:1c_function_prototypes
    Feature record: C_FEATURE:1c_restrict
    Feature record: C_FEATURE:0c_static_assert
    Feature record: C_FEATURE:1c_variadic_macros


Detecting C [-std=c90] compiler features compiled with the following output:
Change Dir: /media/Linux/code/applications/mrViewer/mrViewer/src/fl/BUILD/Linux-3.16.0-60-generic-64/Release/tmp/CMakeFiles/CMakeTmp

Run Build Command:"/usr/bin/ninja" "cmTC_391d0"
[1/2] Building C object CMakeFiles/cmTC_391d0.dir/feature_tests.c.o
[2/2] Linking C executable cmTC_391d0


    Feature record: C_FEATURE:1c_function_prototypes
    Feature record: C_FEATURE:0c_restrict
    Feature record: C_FEATURE:0c_static_assert
    Feature record: C_FEATURE:0c_variadic_macros
Determining if the CXX compiler works passed with the following output:
Change Dir: /media/Linux/code/applications/mrViewer/mrViewer/src/fl/BUILD/Linux-3.16.0-60-generic-64/Release/tmp/CMakeFiles/CMakeTmp

Run Build Command:"/usr/bin/ninja" "cmTC_4617a"
[1/2] Building CXX object CMakeFiles/cmTC_4617a.dir/testCXXCompiler.cxx.o
[2/2] Linking CXX executable cmTC_4617a


Detecting CXX compiler ABI info compiled with the following output:
Change Dir: /media/Linux/code/applications/mrViewer/mrViewer/src/fl/BUILD/Linux-3.16.0-60-generic-64/Release/tmp/CMakeFiles/CMakeTmp

Run Build Command:"/usr/bin/ninja" "cmTC_8008a"
[1/2] Building CXX object CMakeFiles/cmTC_8008a.dir/CMakeCXXCompilerABI.cpp.o
[2/2] Linking CXX executable cmTC_8008a
Using built-in specs.
COLLECT_GCC=/usr/bin/c++
COLLECT_LTO_WRAPPER=/usr/lib/gcc/x86_64-linux-gnu/4.8/lto-wrapper
Target: x86_64-linux-gnu
Configured with: ../src/configure -v --with-pkgversion='Ubuntu 4.8.4-2ubuntu1~14.04.1' --with-bugurl=file:///usr/share/doc/gcc-4.8/README.Bugs --enable-languages=c,c++,java,go,d,fortran,objc,obj-c++ --prefix=/usr --program-suffix=-4.8 --enable-shared --enable-linker-build-id --libexecdir=/usr/lib --without-included-gettext --enable-threads=posix --with-gxx-include-dir=/usr/include/c++/4.8 --libdir=/usr/lib --enable-nls --with-sysroot=/ --enable-clocale=gnu --enable-libstdcxx-debug --enable-libstdcxx-time=yes --enable-gnu-unique-object --disable-libmudflap --enable-plugin --with-system-zlib --disable-browser-plugin --enable-java-awt=gtk --enable-gtk-cairo --with-java-home=/usr/lib/jvm/java-1.5.0-gcj-4.8-amd64/jre --enable-java-home --with-jvm-root-dir=/usr/lib/jvm/java-1.5.0-gcj-4.8-amd64 --with-jvm-jar-dir=/usr/lib/jvm-exports/java-1.5.0-gcj-4.8-amd64 --with-arch-directory=amd64 --with-ecj-jar=/usr/share/java/eclipse-ecj.jar --enable-objc-gc --enable-multiarch --disable-werror --with-arch-32=i686 --with-abi=m64 --with-multilib-list=m32,m64,mx32 --with-tune=generic --enable-checking=release --build=x86_64-linux-gnu --host=x86_64-linux-gnu --target=x86_64-linux-gnu
Thread model: posix
gcc version 4.8.4 (Ubuntu 4.8.4-2ubuntu1~14.04.1) 
COMPILER_PATH=/usr/lib/gcc/x86_64-linux-gnu/4.8/:/usr/lib/gcc/x86_64-linux-gnu/4.8/:/usr/lib/gcc/x86_64-linux-gnu/:/usr/lib/gcc/x86_64-linux-gnu/4.8/:/usr/lib/gcc/x86_64-linux-gnu/
LIBRARY_PATH=/usr/lib/gcc/x86_64-linux-gnu/4.8/:/usr/lib/gcc/x86_64-linux-gnu/4.8/../../../x86_64-linux-gnu/:/usr/lib/gcc/x86_64-linux-gnu/4.8/../../../../lib/:/lib/x86_64-linux-gnu/:/lib/../lib/:/usr/lib/x86_64-linux-gnu/:/usr/lib/../lib/:/usr/lib/gcc/x86_64-linux-gnu/4.8/../../../:/lib/:/usr/lib/
COLLECT_GCC_OPTIONS='-v' '-o' 'cmTC_8008a' '-rdynamic' '-shared-libgcc' '-mtune=generic' '-march=x86-64'
 /usr/lib/gcc/x86_64-linux-gnu/4.8/collect2 --sysroot=/ --build-id --eh-frame-hdr -m elf_x86_64 --hash-style=gnu --as-needed -export-dynamic -dynamic-linker /lib64/ld-linux-x86-64.so.2 -z relro -o cmTC_8008a /usr/lib/gcc/x86_64-linux-gnu/4.8/../../../x86_64-linux-gnu/crt1.o /usr/lib/gcc/x86_64-linux-gnu/4.8/../../../x86_64-linux-gnu/crti.o /usr/lib/gcc/x86_64-linux-gnu/4.8/crtbegin.o -L/usr/lib/gcc/x86_64-linux-gnu/4.8 -L/usr/lib/gcc/x86_64-linux-gnu/4.8/../../../x86_64-linux-gnu -L/usr/lib/gcc/x86_64-linux-gnu/4.8/../../../../lib -L/lib/x86_64-linux-gnu -L/lib/../lib -L/usr/lib/x86_64-linux-gnu -L/usr/lib/../lib -L/usr/lib/gcc/x86_64-linux-gnu/4.8/../../.. CMakeFiles/cmTC_8008a.dir/CMakeCXXCompilerABI.cpp.o -lstdc++ -lm -lgcc_s -lgcc -lc -lgcc_s -lgcc /usr/lib/gcc/x86_64-linux-gnu/4.8/crtend.o /usr/lib/gcc/x86_64-linux-gnu/4.8/../../../x86_64-linux-gnu/crtn.o


Parsed CXX implicit link information from above output:
  link line regex: [^( *|.*[/\])(ld|([^/\]+-)?ld|collect2)[^/\]*( |$)]
  ignore line: [Change Dir: /media/Linux/code/applications/mrViewer/mrViewer/src/fl/BUILD/Linux-3.16.0-60-generic-64/Release/tmp/CMakeFiles/CMakeTmp]
  ignore line: []
  ignore line: [Run Build Command:"/usr/bin/ninja" "cmTC_8008a"]
  ignore line: [[1/2] Building CXX object CMakeFiles/cmTC_8008a.dir/CMakeCXXCompilerABI.cpp.o]
  ignore line: [[2/2] Linking CXX executable cmTC_8008a]
  ignore line: [Using built-in specs.]
  ignore line: [COLLECT_GCC=/usr/bin/c++]
  ignore line: [COLLECT_LTO_WRAPPER=/usr/lib/gcc/x86_64-linux-gnu/4.8/lto-wrapper]
  ignore line: [Target: x86_64-linux-gnu]
  ignore line: [Configured with: ../src/configure -v --with-pkgversion='Ubuntu 4.8.4-2ubuntu1~14.04.1' --with-bugurl=file:///usr/share/doc/gcc-4.8/README.Bugs --enable-languages=c,c++,java,go,d,fortran,objc,obj-c++ --prefix=/usr --program-suffix=-4.8 --enable-shared --enable-linker-build-id --libexecdir=/usr/lib --without-included-gettext --enable-threads=posix --with-gxx-include-dir=/usr/include/c++/4.8 --libdir=/usr/lib --enable-nls --with-sysroot=/ --enable-clocale=gnu --enable-libstdcxx-debug --enable-libstdcxx-time=yes --enable-gnu-unique-object --disable-libmudflap --enable-plugin --with-system-zlib --disable-browser-plugin --enable-java-awt=gtk --enable-gtk-cairo --with-java-home=/usr/lib/jvm/java-1.5.0-gcj-4.8-amd64/jre --enable-java-home --with-jvm-root-dir=/usr/lib/jvm/java-1.5.0-gcj-4.8-amd64 --with-jvm-jar-dir=/usr/lib/jvm-exports/java-1.5.0-gcj-4.8-amd64 --with-arch-directory=amd64 --with-ecj-jar=/usr/share/java/eclipse-ecj.jar --enable-objc-gc --enable-multiarch --disable-werror --with-arch-32=i686 --with-abi=m64 --with-multilib-list=m32,m64,mx32 --with-tune=generic --enable-checking=release --build=x86_64-linux-gnu --host=x86_64-linux-gnu --target=x86_64-linux-gnu]
  ignore line: [Thread model: posix]
  ignore line: [gcc version 4.8.4 (Ubuntu 4.8.4-2ubuntu1~14.04.1) ]
  ignore line: [COMPILER_PATH=/usr/lib/gcc/x86_64-linux-gnu/4.8/:/usr/lib/gcc/x86_64-linux-gnu/4.8/:/usr/lib/gcc/x86_64-linux-gnu/:/usr/lib/gcc/x86_64-linux-gnu/4.8/:/usr/lib/gcc/x86_64-linux-gnu/]
  ignore line: [LIBRARY_PATH=/usr/lib/gcc/x86_64-linux-gnu/4.8/:/usr/lib/gcc/x86_64-linux-gnu/4.8/../../../x86_64-linux-gnu/:/usr/lib/gcc/x86_64-linux-gnu/4.8/../../../../lib/:/lib/x86_64-linux-gnu/:/lib/../lib/:/usr/lib/x86_64-linux-gnu/:/usr/lib/../lib/:/usr/lib/gcc/x86_64-linux-gnu/4.8/../../../:/lib/:/usr/lib/]
  ignore line: [COLLECT_GCC_OPTIONS='-v' '-o' 'cmTC_8008a' '-rdynamic' '-shared-libgcc' '-mtune=generic' '-march=x86-64']
  link line: [ /usr/lib/gcc/x86_64-linux-gnu/4.8/collect2 --sysroot=/ --build-id --eh-frame-hdr -m elf_x86_64 --hash-style=gnu --as-needed -export-dynamic -dynamic-linker /lib64/ld-linux-x86-64.so.2 -z relro -o cmTC_8008a /usr/lib/gcc/x86_64-linux-gnu/4.8/../../../x86_64-linux-gnu/crt1.o /usr/lib/gcc/x86_64-linux-gnu/4.8/../../../x86_64-linux-gnu/crti.o /usr/lib/gcc/x86_64-linux-gnu/4.8/crtbegin.o -L/usr/lib/gcc/x86_64-linux-gnu/4.8 -L/usr/lib/gcc/x86_64-linux-gnu/4.8/../../../x86_64-linux-gnu -L/usr/lib/gcc/x86_64-linux-gnu/4.8/../../../../lib -L/lib/x86_64-linux-gnu -L/lib/../lib -L/usr/lib/x86_64-linux-gnu -L/usr/lib/../lib -L/usr/lib/gcc/x86_64-linux-gnu/4.8/../../.. CMakeFiles/cmTC_8008a.dir/CMakeCXXCompilerABI.cpp.o -lstdc++ -lm -lgcc_s -lgcc -lc -lgcc_s -lgcc /usr/lib/gcc/x86_64-linux-gnu/4.8/crtend.o /usr/lib/gcc/x86_64-linux-gnu/4.8/../../../x86_64-linux-gnu/crtn.o]
    arg [/usr/lib/gcc/x86_64-linux-gnu/4.8/collect2] ==> ignore
    arg [--sysroot=/] ==> ignore
    arg [--build-id] ==> ignore
    arg [--eh-frame-hdr] ==> ignore
    arg [-m] ==> ignore
    arg [elf_x86_64] ==> ignore
    arg [--hash-style=gnu] ==> ignore
    arg [--as-needed] ==> ignore
    arg [-export-dynamic] ==> ignore
    arg [-dynamic-linker] ==> ignore
    arg [/lib64/ld-linux-x86-64.so.2] ==> ignore
    arg [-zrelro] ==> ignore
    arg [-o] ==> ignore
    arg [cmTC_8008a] ==> ignore
    arg [/usr/lib/gcc/x86_64-linux-gnu/4.8/../../../x86_64-linux-gnu/crt1.o] ==> ignore
    arg [/usr/lib/gcc/x86_64-linux-gnu/4.8/../../../x86_64-linux-gnu/crti.o] ==> ignore
    arg [/usr/lib/gcc/x86_64-linux-gnu/4.8/crtbegin.o] ==> ignore
    arg [-L/usr/lib/gcc/x86_64-linux-gnu/4.8] ==> dir [/usr/lib/gcc/x86_64-linux-gnu/4.8]
    arg [-L/usr/lib/gcc/x86_64-linux-gnu/4.8/../../../x86_64-linux-gnu] ==> dir [/usr/lib/gcc/x86_64-linux-gnu/4.8/../../../x86_64-linux-gnu]
    arg [-L/usr/lib/gcc/x86_64-linux-gnu/4.8/../../../../lib] ==> dir [/usr/lib/gcc/x86_64-linux-gnu/4.8/../../../../lib]
    arg [-L/lib/x86_64-linux-gnu] ==> dir [/lib/x86_64-linux-gnu]
    arg [-L/lib/../lib] ==> dir [/lib/../lib]
    arg [-L/usr/lib/x86_64-linux-gnu] ==> dir [/usr/lib/x86_64-linux-gnu]
    arg [-L/usr/lib/../lib] ==> dir [/usr/lib/../lib]
    arg [-L/usr/lib/gcc/x86_64-linux-gnu/4.8/../../..] ==> dir [/usr/lib/gcc/x86_64-linux-gnu/4.8/../../..]
    arg [CMakeFiles/cmTC_8008a.dir/CMakeCXXCompilerABI.cpp.o] ==> ignore
    arg [-lstdc++] ==> lib [stdc++]
    arg [-lm] ==> lib [m]
    arg [-lgcc_s] ==> lib [gcc_s]
    arg [-lgcc] ==> lib [gcc]
    arg [-lc] ==> lib [c]
    arg [-lgcc_s] ==> lib [gcc_s]
    arg [-lgcc] ==> lib [gcc]
    arg [/usr/lib/gcc/x86_64-linux-gnu/4.8/crtend.o] ==> ignore
    arg [/usr/lib/gcc/x86_64-linux-gnu/4.8/../../../x86_64-linux-gnu/crtn.o] ==> ignore
  remove lib [gcc_s]
  remove lib [gcc]
  remove lib [gcc_s]
  remove lib [gcc]
  collapse library dir [/usr/lib/gcc/x86_64-linux-gnu/4.8] ==> [/usr/lib/gcc/x86_64-linux-gnu/4.8]
  collapse library dir [/usr/lib/gcc/x86_64-linux-gnu/4.8/../../../x86_64-linux-gnu] ==> [/usr/lib/x86_64-linux-gnu]
  collapse library dir [/usr/lib/gcc/x86_64-linux-gnu/4.8/../../../../lib] ==> [/usr/lib]
  collapse library dir [/lib/x86_64-linux-gnu] ==> [/lib/x86_64-linux-gnu]
  collapse library dir [/lib/../lib] ==> [/lib]
  collapse library dir [/usr/lib/x86_64-linux-gnu] ==> [/usr/lib/x86_64-linux-gnu]
  collapse library dir [/usr/lib/../lib] ==> [/usr/lib]
  collapse library dir [/usr/lib/gcc/x86_64-linux-gnu/4.8/../../..] ==> [/usr/lib]
  implicit libs: [stdc++;m;c]
  implicit dirs: [/usr/lib/gcc/x86_64-linux-gnu/4.8;/usr/lib/x86_64-linux-gnu;/usr/lib;/lib/x86_64-linux-gnu;/lib]
  implicit fwks: []




Detecting CXX [-std=c++1y] compiler features compiled with the following output:
Change Dir: /media/Linux/code/applications/mrViewer/mrViewer/src/fl/BUILD/Linux-3.16.0-60-generic-64/Release/tmp/CMakeFiles/CMakeTmp

Run Build Command:"/usr/bin/ninja" "cmTC_40ac6"
[1/2] Building CXX object CMakeFiles/cmTC_40ac6.dir/feature_tests.cxx.o
[2/2] Linking CXX executable cmTC_40ac6


    Feature record: CXX_FEATURE:0cxx_aggregate_default_initializers
    Feature record: CXX_FEATURE:1cxx_alias_templates
    Feature record: CXX_FEATURE:1cxx_alignas
    Feature record: CXX_FEATURE:1cxx_alignof
    Feature record: CXX_FEATURE:1cxx_attributes
    Feature record: CXX_FEATURE:0cxx_attribute_deprecated
    Feature record: CXX_FEATURE:1cxx_auto_type
    Feature record: CXX_FEATURE:0cxx_binary_literals
    Feature record: CXX_FEATURE:1cxx_constexpr
    Feature record: CXX_FEATURE:0cxx_contextual_conversions
    Feature record: CXX_FEATURE:1cxx_decltype
    Feature record: CXX_FEATURE:0cxx_decltype_auto
    Feature record: CXX_FEATURE:1cxx_decltype_incomplete_return_types
    Feature record: CXX_FEATURE:1cxx_default_function_template_args
    Feature record: CXX_FEATURE:1cxx_defaulted_functions
    Feature record: CXX_FEATURE:1cxx_defaulted_move_initializers
    Feature record: CXX_FEATURE:1cxx_delegating_constructors
    Feature record: CXX_FEATURE:1cxx_deleted_functions
    Feature record: CXX_FEATURE:0cxx_digit_separators
    Feature record: CXX_FEATURE:1cxx_enum_forward_declarations
    Feature record: CXX_FEATURE:1cxx_explicit_conversions
    Feature record: CXX_FEATURE:1cxx_extended_friend_declarations
    Feature record: CXX_FEATURE:1cxx_extern_templates
    Feature record: CXX_FEATURE:1cxx_final
    Feature record: CXX_FEATURE:1cxx_func_identifier
    Feature record: CXX_FEATURE:1cxx_generalized_initializers
    Feature record: CXX_FEATURE:0cxx_generic_lambdas
    Feature record: CXX_FEATURE:1cxx_inheriting_constructors
    Feature record: CXX_FEATURE:1cxx_inline_namespaces
    Feature record: CXX_FEATURE:1cxx_lambdas
    Feature record: CXX_FEATURE:0cxx_lambda_init_captures
    Feature record: CXX_FEATURE:1cxx_local_type_template_args
    Feature record: CXX_FEATURE:1cxx_long_long_type
    Feature record: CXX_FEATURE:1cxx_noexcept
    Feature record: CXX_FEATURE:1cxx_nonstatic_member_init
    Feature record: CXX_FEATURE:1cxx_nullptr
    Feature record: CXX_FEATURE:1cxx_override
    Feature record: CXX_FEATURE:1cxx_range_for
    Feature record: CXX_FEATURE:1cxx_raw_string_literals
    Feature record: CXX_FEATURE:1cxx_reference_qualified_functions
    Feature record: CXX_FEATURE:0cxx_relaxed_constexpr
    Feature record: CXX_FEATURE:0cxx_return_type_deduction
    Feature record: CXX_FEATURE:1cxx_right_angle_brackets
    Feature record: CXX_FEATURE:1cxx_rvalue_references
    Feature record: CXX_FEATURE:1cxx_sizeof_member
    Feature record: CXX_FEATURE:1cxx_static_assert
    Feature record: CXX_FEATURE:1cxx_strong_enums
    Feature record: CXX_FEATURE:1cxx_template_template_parameters
    Feature record: CXX_FEATURE:1cxx_thread_local
    Feature record: CXX_FEATURE:1cxx_trailing_return_types
    Feature record: CXX_FEATURE:1cxx_unicode_literals
    Feature record: CXX_FEATURE:1cxx_uniform_initialization
    Feature record: CXX_FEATURE:1cxx_unrestricted_unions
    Feature record: CXX_FEATURE:1cxx_user_literals
    Feature record: CXX_FEATURE:0cxx_variable_templates
    Feature record: CXX_FEATURE:1cxx_variadic_macros
    Feature record: CXX_FEATURE:1cxx_variadic_templates


Detecting CXX [-std=c++11] compiler features compiled with the following output:
Change Dir: /media/Linux/code/applications/mrViewer/mrViewer/src/fl/BUILD/Linux-3.16.0-60-generic-64/Release/tmp/CMakeFiles/CMakeTmp

Run Build Command:"/usr/bin/ninja" "cmTC_40c4f"
[1/2] Building CXX object CMakeFiles/cmTC_40c4f.dir/feature_tests.cxx.o
[2/2] Linking CXX executable cmTC_40c4f


    Feature record: CXX_FEATURE:0cxx_aggregate_default_initializers
    Feature record: CXX_FEATURE:1cxx_alias_templates
    Feature record: CXX_FEATURE:1cxx_alignas
    Feature record: CXX_FEATURE:1cxx_alignof
    Feature record: CXX_FEATURE:1cxx_attributes
    Feature record: CXX_FEATURE:0cxx_attribute_deprecated
    Feature record: CXX_FEATURE:1cxx_auto_type
    Feature record: CXX_FEATURE:0cxx_binary_literals
    Feature record: CXX_FEATURE:1cxx_constexpr
    Feature record: CXX_FEATURE:0cxx_contextual_conversions
    Feature record: CXX_FEATURE:1cxx_decltype
    Feature record: CXX_FEATURE:0cxx_decltype_auto
    Feature record: CXX_FEATURE:1cxx_decltype_incomplete_return_types
    Feature record: CXX_FEATURE:1cxx_default_function_template_args
    Feature record: CXX_FEATURE:1cxx_defaulted_functions
    Feature record: CXX_FEATURE:1cxx_defaulted_move_initializers
    Feature record: CXX_FEATURE:1cxx_delegating_constructors
    Feature record: CXX_FEATURE:1cxx_deleted_functions
    Feature record: CXX_FEATURE:0cxx_digit_separators
    Feature record: CXX_FEATURE:1cxx_enum_forward_declarations
    Feature record: CXX_FEATURE:1cxx_explicit_conversions
    Feature record: CXX_FEATURE:1cxx_extended_friend_declarations
    Feature record: CXX_FEATURE:1cxx_extern_templates
    Feature record: CXX_FEATURE:1cxx_final
    Feature record: CXX_FEATURE:1cxx_func_identifier
    Feature record: CXX_FEATURE:1cxx_generalized_initializers
    Feature record: CXX_FEATURE:0cxx_generic_lambdas
    Feature record: CXX_FEATURE:1cxx_inheriting_constructors
    Feature record: CXX_FEATURE:1cxx_inline_namespaces
    Feature record: CXX_FEATURE:1cxx_lambdas
    Feature record: CXX_FEATURE:0cxx_lambda_init_captures
    Feature record: CXX_FEATURE:1cxx_local_type_template_args
    Feature record: CXX_FEATURE:1cxx_long_long_type
    Feature record: CXX_FEATURE:1cxx_noexcept
    Feature record: CXX_FEATURE:1cxx_nonstatic_member_init
    Feature record: CXX_FEATURE:1cxx_nullptr
    Feature record: CXX_FEATURE:1cxx_override
    Feature record: CXX_FEATURE:1cxx_range_for
    Feature record: CXX_FEATURE:1cxx_raw_string_literals
    Feature record: CXX_FEATURE:1cxx_reference_qualified_functions
    Feature record: CXX_FEATURE:0cxx_relaxed_constexpr
    Feature record: CXX_FEATURE:0cxx_return_type_deduction
    Feature record: CXX_FEATURE:1cxx_right_angle_brackets
    Feature record: CXX_FEATURE:1cxx_rvalue_references
    Feature record: CXX_FEATURE:1cxx_sizeof_member
    Feature record: CXX_FEATURE:1cxx_static_assert
    Feature record: CXX_FEATURE:1cxx_strong_enums
    Feature record: CXX_FEATURE:1cxx_template_template_parameters
    Feature record: CXX_FEATURE:1cxx_thread_local
    Feature record: CXX_FEATURE:1cxx_trailing_return_types
    Feature record: CXX_FEATURE:1cxx_unicode_literals
    Feature record: CXX_FEATURE:1cxx_uniform_initialization
    Feature record: CXX_FEATURE:1cxx_unrestricted_unions
    Feature record: CXX_FEATURE:1cxx_user_literals
    Feature record: CXX_FEATURE:0cxx_variable_templates
    Feature record: CXX_FEATURE:1cxx_variadic_macros
    Feature record: CXX_FEATURE:1cxx_variadic_templates


Detecting CXX [-std=c++98] compiler features compiled with the following output:
Change Dir: /media/Linux/code/applications/mrViewer/mrViewer/src/fl/BUILD/Linux-3.16.0-60-generic-64/Release/tmp/CMakeFiles/CMakeTmp

Run Build Command:"/usr/bin/ninja" "cmTC_179b4"
[1/2] Building CXX object CMakeFiles/cmTC_179b4.dir/feature_tests.cxx.o
[2/2] Linking CXX executable cmTC_179b4


    Feature record: CXX_FEATURE:0cxx_aggregate_default_initializers
    Feature record: CXX_FEATURE:0cxx_alias_templates
    Feature record: CXX_FEATURE:0cxx_alignas
    Feature record: CXX_FEATURE:0cxx_alignof
    Feature record: CXX_FEATURE:0cxx_attributes
    Feature record: CXX_FEATURE:0cxx_attribute_deprecated
    Feature record: CXX_FEATURE:0cxx_auto_type
    Feature record: CXX_FEATURE:0cxx_binary_literals
    Feature record: CXX_FEATURE:0cxx_constexpr
    Feature record: CXX_FEATURE:0cxx_contextual_conversions
    Feature record: CXX_FEATURE:0cxx_decltype
    Feature record: CXX_FEATURE:0cxx_decltype_auto
    Feature record: CXX_FEATURE:0cxx_decltype_incomplete_return_types
    Feature record: CXX_FEATURE:0cxx_default_function_template_args
    Feature record: CXX_FEATURE:0cxx_defaulted_functions
    Feature record: CXX_FEATURE:0cxx_defaulted_move_initializers
    Feature record: CXX_FEATURE:0cxx_delegating_constructors
    Feature record: CXX_FEATURE:0cxx_deleted_functions
    Feature record: CXX_FEATURE:0cxx_digit_separators
    Feature record: CXX_FEATURE:0cxx_enum_forward_declarations
    Feature record: CXX_FEATURE:0cxx_explicit_conversions
    Feature record: CXX_FEATURE:0cxx_extended_friend_declarations
    Feature record: CXX_FEATURE:0cxx_extern_templates
    Feature record: CXX_FEATURE:0cxx_final
    Feature record: CXX_FEATURE:0cxx_func_identifier
    Feature record: CXX_FEATURE:0cxx_generalized_initializers
    Feature record: CXX_FEATURE:0cxx_generic_lambdas
    Feature record: CXX_FEATURE:0cxx_inheriting_constructors
    Feature record: CXX_FEATURE:0cxx_inline_namespaces
    Feature record: CXX_FEATURE:0cxx_lambdas
    Feature record: CXX_FEATURE:0cxx_lambda_init_captures
    Feature record: CXX_FEATURE:0cxx_local_type_template_args
    Feature record: CXX_FEATURE:0cxx_long_long_type
    Feature record: CXX_FEATURE:0cxx_noexcept
    Feature record: CXX_FEATURE:0cxx_nonstatic_member_init
    Feature record: CXX_FEATURE:0cxx_nullptr
    Feature record: CXX_FEATURE:0cxx_override
    Feature record: CXX_FEATURE:0cxx_range_for
    Feature record: CXX_FEATURE:0cxx_raw_string_literals
    Feature record: CXX_FEATURE:0cxx_reference_qualified_functions
    Feature record: CXX_FEATURE:0cxx_relaxed_constexpr
    Feature record: CXX_FEATURE:0cxx_return_type_deduction
    Feature record: CXX_FEATURE:0cxx_right_angle_brackets
    Feature record: CXX_FEATURE:0cxx_rvalue_references
    Feature record: CXX_FEATURE:0cxx_sizeof_member
    Feature record: CXX_FEATURE:0cxx_static_assert
    Feature record: CXX_FEATURE:0cxx_strong_enums
    Feature record: CXX_FEATURE:1cxx_template_template_parameters
    Feature record: CXX_FEATURE:0cxx_thread_local
    Feature record: CXX_FEATURE:0cxx_trailing_return_types
    Feature record: CXX_FEATURE:0cxx_unicode_literals
    Feature record: CXX_FEATURE:0cxx_uniform_initialization
    Feature record: CXX_FEATURE:0cxx_unrestricted_unions
    Feature record: CXX_FEATURE:0cxx_user_literals
    Feature record: CXX_FEATURE:0cxx_variable_templates
    Feature record: CXX_FEATURE:0cxx_variadic_macros
    Feature record: CXX_FEATURE:0cxx_variadic_templates
Determining if the include file sys/types.h exists passed with the following output:
Change Dir: /media/Linux/code/applications/mrViewer/mrViewer/src/fl/BUILD/Linux-3.16.0-60-generic-64/Release/tmp/CMakeFiles/CMakeTmp

Run Build Command:"/usr/bin/ninja" "cmTC_97bd1"
[1/2] Building C object CMakeFiles/cmTC_97bd1.dir/CheckIncludeFile.c.o
[2/2] Linking C executable cmTC_97bd1


Determining if the include file stdint.h exists passed with the following output:
Change Dir: /media/Linux/code/applications/mrViewer/mrViewer/src/fl/BUILD/Linux-3.16.0-60-generic-64/Release/tmp/CMakeFiles/CMakeTmp

Run Build Command:"/usr/bin/ninja" "cmTC_1f0a1"
[1/2] Building C object CMakeFiles/cmTC_1f0a1.dir/CheckIncludeFile.c.o
[2/2] Linking C executable cmTC_1f0a1


Determining if the include file stddef.h exists passed with the following output:
Change Dir: /media/Linux/code/applications/mrViewer/mrViewer/src/fl/BUILD/Linux-3.16.0-60-generic-64/Release/tmp/CMakeFiles/CMakeTmp

Run Build Command:"/usr/bin/ninja" "cmTC_d2b07"
[1/2] Building C object CMakeFiles/cmTC_d2b07.dir/CheckIncludeFile.c.o
[2/2] Linking C executable cmTC_d2b07


Determining size of void* passed with the following output:
Change Dir: /media/Linux/code/applications/mrViewer/mrViewer/src/fl/BUILD/Linux-3.16.0-60-generic-64/Release/tmp/CMakeFiles/CMakeTmp

Run Build Command:"/usr/bin/ninja" "cmTC_29391"
[1/2] Building C object CMakeFiles/cmTC_29391.dir/SIZEOF_VOID_PTR.c.o
[2/2] Linking C executable cmTC_29391


Determining if the function XOpenDisplay exists in the /usr/lib/x86_64-linux-gnu/libX11.so;/usr/lib/x86_64-linux-gnu/libXext.so passed with the following output:
Change Dir: /media/Linux/code/applications/mrViewer/mrViewer/src/fl/BUILD/Linux-3.16.0-60-generic-64/Release/tmp/CMakeFiles/CMakeTmp

Run Build Command:"/usr/bin/ninja" "cmTC_3f0a7"
[1/2] Building C object CMakeFiles/cmTC_3f0a7.dir/CheckFunctionExists.c.o
[2/2] Linking C executable cmTC_3f0a7


Determining if the function gethostbyname exists passed with the following output:
Change Dir: /media/Linux/code/applications/mrViewer/mrViewer/src/fl/BUILD/Linux-3.16.0-60-generic-64/Release/tmp/CMakeFiles/CMakeTmp

Run Build Command:"/usr/bin/ninja" "cmTC_4b595"
[1/2] Building C object CMakeFiles/cmTC_4b595.dir/CheckFunctionExists.c.o
[2/2] Linking C executable cmTC_4b595


Determining if the function connect exists passed with the following output:
Change Dir: /media/Linux/code/applications/mrViewer/mrViewer/src/fl/BUILD/Linux-3.16.0-60-generic-64/Release/tmp/CMakeFiles/CMakeTmp

Run Build Command:"/usr/bin/ninja" "cmTC_d2b27"
[1/2] Building C object CMakeFiles/cmTC_d2b27.dir/CheckFunctionExists.c.o
[2/2] Linking C executable cmTC_d2b27


Determining if the function remove exists passed with the following output:
Change Dir: /media/Linux/code/applications/mrViewer/mrViewer/src/fl/BUILD/Linux-3.16.0-60-generic-64/Release/tmp/CMakeFiles/CMakeTmp

Run Build Command:"/usr/bin/ninja" "cmTC_5c846"
[1/2] Building C object CMakeFiles/cmTC_5c846.dir/CheckFunctionExists.c.o
[2/2] Linking C executable cmTC_5c846


Determining if the function shmat exists passed with the following output:
Change Dir: /media/Linux/code/applications/mrViewer/mrViewer/src/fl/BUILD/Linux-3.16.0-60-generic-64/Release/tmp/CMakeFiles/CMakeTmp

Run Build Command:"/usr/bin/ninja" "cmTC_28055"
[1/2] Building C object CMakeFiles/cmTC_28055.dir/CheckFunctionExists.c.o
[2/2] Linking C executable cmTC_28055


Determining if the function IceConnectionNumber exists in the ICE passed with the following output:
Change Dir: /media/Linux/code/applications/mrViewer/mrViewer/src/fl/BUILD/Linux-3.16.0-60-generic-64/Release/tmp/CMakeFiles/CMakeTmp

Run Build Command:"/usr/bin/ninja" "cmTC_a41f6"
[1/2] Building C object CMakeFiles/cmTC_a41f6.dir/CheckFunctionExists.c.o
[2/2] Linking C executable cmTC_a41f6


Determining if the include file sys/types.h exists passed with the following output:
Change Dir: /media/Linux/code/applications/mrViewer/mrViewer/src/fl/BUILD/Linux-3.16.0-60-generic-64/Release/tmp/CMakeFiles/CMakeTmp

Run Build Command:"/usr/bin/ninja" "cmTC_2eff3"
[1/2] Building C object CMakeFiles/cmTC_2eff3.dir/CheckIncludeFile.c.o
[2/2] Linking C executable cmTC_2eff3


Determining if the include file stdint.h exists passed with the following output:
Change Dir: /media/Linux/code/applications/mrViewer/mrViewer/src/fl/BUILD/Linux-3.16.0-60-generic-64/Release/tmp/CMakeFiles/CMakeTmp

Run Build Command:"/usr/bin/ninja" "cmTC_c9a46"
[1/2] Building C object CMakeFiles/cmTC_c9a46.dir/CheckIncludeFile.c.o
[2/2] Linking C executable cmTC_c9a46


Determining if the include file stddef.h exists passed with the following output:
Change Dir: /media/Linux/code/applications/mrViewer/mrViewer/src/fl/BUILD/Linux-3.16.0-60-generic-64/Release/tmp/CMakeFiles/CMakeTmp

Run Build Command:"/usr/bin/ninja" "cmTC_f02ab"
[1/2] Building C object CMakeFiles/cmTC_f02ab.dir/CheckIncludeFile.c.o
[2/2] Linking C executable cmTC_f02ab


Determining size of void* passed with the following output:
Change Dir: /media/Linux/code/applications/mrViewer/mrViewer/src/fl/BUILD/Linux-3.16.0-60-generic-64/Release/tmp/CMakeFiles/CMakeTmp

Run Build Command:"/usr/bin/ninja" "cmTC_8463f"
[1/2] Building C object CMakeFiles/cmTC_8463f.dir/SIZEOF_VOID_PTR.c.o
[2/2] Linking C executable cmTC_8463f


Determining if the function XOpenDisplay exists in the /usr/lib/x86_64-linux-gnu/libX11.so;/usr/lib/x86_64-linux-gnu/libXext.so passed with the following output:
Change Dir: /media/Linux/code/applications/mrViewer/mrViewer/src/fl/BUILD/Linux-3.16.0-60-generic-64/Release/tmp/CMakeFiles/CMakeTmp

Run Build Command:"/usr/bin/ninja" "cmTC_d18d9"
[1/2] Building C object CMakeFiles/cmTC_d18d9.dir/CheckFunctionExists.c.o
[2/2] Linking C executable cmTC_d18d9


Determining if the function gethostbyname exists passed with the following output:
Change Dir: /media/Linux/code/applications/mrViewer/mrViewer/src/fl/BUILD/Linux-3.16.0-60-generic-64/Release/tmp/CMakeFiles/CMakeTmp

Run Build Command:"/usr/bin/ninja" "cmTC_0761f"
[1/2] Building C object CMakeFiles/cmTC_0761f.dir/CheckFunctionExists.c.o
[2/2] Linking C executable cmTC_0761f


Determining if the function connect exists passed with the following output:
Change Dir: /media/Linux/code/applications/mrViewer/mrViewer/src/fl/BUILD/Linux-3.16.0-60-generic-64/Release/tmp/CMakeFiles/CMakeTmp

Run Build Command:"/usr/bin/ninja" "cmTC_1f81a"
[1/2] Building C object CMakeFiles/cmTC_1f81a.dir/CheckFunctionExists.c.o
[2/2] Linking C executable cmTC_1f81a


Determining if the function remove exists passed with the following output:
Change Dir: /media/Linux/code/applications/mrViewer/mrViewer/src/fl/BUILD/Linux-3.16.0-60-generic-64/Release/tmp/CMakeFiles/CMakeTmp

Run Build Command:"/usr/bin/ninja" "cmTC_3fcb6"
[1/2] Building C object CMakeFiles/cmTC_3fcb6.dir/CheckFunctionExists.c.o
[2/2] Linking C executable cmTC_3fcb6


Determining if the function shmat exists passed with the following output:
Change Dir: /media/Linux/code/applications/mrViewer/mrViewer/src/fl/BUILD/Linux-3.16.0-60-generic-64/Release/tmp/CMakeFiles/CMakeTmp

Run Build Command:"/usr/bin/ninja" "cmTC_d1778"
[1/2] Building C object CMakeFiles/cmTC_d1778.dir/CheckFunctionExists.c.o
[2/2] Linking C executable cmTC_d1778


Determining if the function IceConnectionNumber exists in the ICE passed with the following output:
Change Dir: /media/Linux/code/applications/mrViewer/mrViewer/src/fl/BUILD/Linux-3.16.0-60-generic-64/Release/tmp/CMakeFiles/CMakeTmp

Run Build Command:"/usr/bin/ninja" "cmTC_b27f1"
[1/2] Building C object CMakeFiles/cmTC_b27f1.dir/CheckFunctionExists.c.o
[2/2] Linking C executable cmTC_b27f1


Determining if the include file sys/types.h exists passed with the following output:
Change Dir: /media/Linux/code/applications/mrViewer/mrViewer/src/fl/BUILD/Linux-3.16.0-60-generic-64/Release/tmp/CMakeFiles/CMakeTmp

Run Build Command:"/usr/bin/ninja" "cmTC_b9bb5"
[1/2] Building C object CMakeFiles/cmTC_b9bb5.dir/CheckIncludeFile.c.o
[2/2] Linking C executable cmTC_b9bb5


Determining if the include file stdint.h exists passed with the following output:
Change Dir: /media/Linux/code/applications/mrViewer/mrViewer/src/fl/BUILD/Linux-3.16.0-60-generic-64/Release/tmp/CMakeFiles/CMakeTmp

Run Build Command:"/usr/bin/ninja" "cmTC_c9f28"
[1/2] Building C object CMakeFiles/cmTC_c9f28.dir/CheckIncludeFile.c.o
[2/2] Linking C executable cmTC_c9f28


Determining if the include file stddef.h exists passed with the following output:
Change Dir: /media/Linux/code/applications/mrViewer/mrViewer/src/fl/BUILD/Linux-3.16.0-60-generic-64/Release/tmp/CMakeFiles/CMakeTmp

Run Build Command:"/usr/bin/ninja" "cmTC_26b9f"
[1/2] Building C object CMakeFiles/cmTC_26b9f.dir/CheckIncludeFile.c.o
[2/2] Linking C executable cmTC_26b9f


Determining size of void* passed with the following output:
Change Dir: /media/Linux/code/applications/mrViewer/mrViewer/src/fl/BUILD/Linux-3.16.0-60-generic-64/Release/tmp/CMakeFiles/CMakeTmp

Run Build Command:"/usr/bin/ninja" "cmTC_55717"
[1/2] Building C object CMakeFiles/cmTC_55717.dir/SIZEOF_VOID_PTR.c.o
[2/2] Linking C executable cmTC_55717


Determining if the function XOpenDisplay exists in the /usr/lib/x86_64-linux-gnu/libX11.so;/usr/lib/x86_64-linux-gnu/libXext.so passed with the following output:
Change Dir: /media/Linux/code/applications/mrViewer/mrViewer/src/fl/BUILD/Linux-3.16.0-60-generic-64/Release/tmp/CMakeFiles/CMakeTmp

Run Build Command:"/usr/bin/ninja" "cmTC_4a790"
[1/2] Building C object CMakeFiles/cmTC_4a790.dir/CheckFunctionExists.c.o
[2/2] Linking C executable cmTC_4a790


Determining if the function gethostbyname exists passed with the following output:
Change Dir: /media/Linux/code/applications/mrViewer/mrViewer/src/fl/BUILD/Linux-3.16.0-60-generic-64/Release/tmp/CMakeFiles/CMakeTmp

Run Build Command:"/usr/bin/ninja" "cmTC_77fea"
[1/2] Building C object CMakeFiles/cmTC_77fea.dir/CheckFunctionExists.c.o
[2/2] Linking C executable cmTC_77fea


Determining if the function connect exists passed with the following output:
Change Dir: /media/Linux/code/applications/mrViewer/mrViewer/src/fl/BUILD/Linux-3.16.0-60-generic-64/Release/tmp/CMakeFiles/CMakeTmp

Run Build Command:"/usr/bin/ninja" "cmTC_8ec45"
[1/2] Building C object CMakeFiles/cmTC_8ec45.dir/CheckFunctionExists.c.o
[2/2] Linking C executable cmTC_8ec45


Determining if the function remove exists passed with the following output:
Change Dir: /media/Linux/code/applications/mrViewer/mrViewer/src/fl/BUILD/Linux-3.16.0-60-generic-64/Release/tmp/CMakeFiles/CMakeTmp

Run Build Command:"/usr/bin/ninja" "cmTC_a9720"
[1/2] Building C object CMakeFiles/cmTC_a9720.dir/CheckFunctionExists.c.o
[2/2] Linking C executable cmTC_a9720


Determining if the function shmat exists passed with the following output:
Change Dir: /media/Linux/code/applications/mrViewer/mrViewer/src/fl/BUILD/Linux-3.16.0-60-generic-64/Release/tmp/CMakeFiles/CMakeTmp

Run Build Command:"/usr/bin/ninja" "cmTC_0e7a9"
[1/2] Building C object CMakeFiles/cmTC_0e7a9.dir/CheckFunctionExists.c.o
[2/2] Linking C executable cmTC_0e7a9


Determining if the function IceConnectionNumber exists in the ICE passed with the following output:
Change Dir: /media/Linux/code/applications/mrViewer/mrViewer/src/fl/BUILD/Linux-3.16.0-60-generic-64/Release/tmp/CMakeFiles/CMakeTmp

Run Build Command:"/usr/bin/ninja" "cmTC_76e76"
[1/2] Building C object CMakeFiles/cmTC_76e76.dir/CheckFunctionExists.c.o
[2/2] Linking C executable cmTC_76e76


Determining if the include file sys/types.h exists passed with the following output:
Change Dir: /media/Linux/code/applications/mrViewer/mrViewer/src/fl/BUILD/Linux-3.16.0-60-generic-64/Release/tmp/CMakeFiles/CMakeTmp

Run Build Command:"/usr/bin/ninja" "cmTC_c54e3"
[1/2] Building C object CMakeFiles/cmTC_c54e3.dir/CheckIncludeFile.c.o
[2/2] Linking C executable cmTC_c54e3


Determining if the include file stdint.h exists passed with the following output:
Change Dir: /media/Linux/code/applications/mrViewer/mrViewer/src/fl/BUILD/Linux-3.16.0-60-generic-64/Release/tmp/CMakeFiles/CMakeTmp

Run Build Command:"/usr/bin/ninja" "cmTC_02977"
[1/2] Building C object CMakeFiles/cmTC_02977.dir/CheckIncludeFile.c.o
[2/2] Linking C executable cmTC_02977


Determining if the include file stddef.h exists passed with the following output:
Change Dir: /media/Linux/code/applications/mrViewer/mrViewer/src/fl/BUILD/Linux-3.16.0-60-generic-64/Release/tmp/CMakeFiles/CMakeTmp

Run Build Command:"/usr/bin/ninja" "cmTC_bb8f9"
[1/2] Building C object CMakeFiles/cmTC_bb8f9.dir/CheckIncludeFile.c.o
[2/2] Linking C executable cmTC_bb8f9


Determining size of void* passed with the following output:
Change Dir: /media/Linux/code/applications/mrViewer/mrViewer/src/fl/BUILD/Linux-3.16.0-60-generic-64/Release/tmp/CMakeFiles/CMakeTmp

Run Build Command:"/usr/bin/ninja" "cmTC_bb7e9"
[1/2] Building C object CMakeFiles/cmTC_bb7e9.dir/SIZEOF_VOID_PTR.c.o
[2/2] Linking C executable cmTC_bb7e9


Determining if the function XOpenDisplay exists in the /usr/lib/x86_64-linux-gnu/libX11.so;/usr/lib/x86_64-linux-gnu/libXext.so passed with the following output:
Change Dir: /media/Linux/code/applications/mrViewer/mrViewer/src/fl/BUILD/Linux-3.16.0-60-generic-64/Release/tmp/CMakeFiles/CMakeTmp

Run Build Command:"/usr/bin/ninja" "cmTC_93f7f"
[1/2] Building C object CMakeFiles/cmTC_93f7f.dir/CheckFunctionExists.c.o
[2/2] Linking C executable cmTC_93f7f


Determining if the function gethostbyname exists passed with the following output:
Change Dir: /media/Linux/code/applications/mrViewer/mrViewer/src/fl/BUILD/Linux-3.16.0-60-generic-64/Release/tmp/CMakeFiles/CMakeTmp

Run Build Command:"/usr/bin/ninja" "cmTC_73bb2"
[1/2] Building C object CMakeFiles/cmTC_73bb2.dir/CheckFunctionExists.c.o
[2/2] Linking C executable cmTC_73bb2


Determining if the function connect exists passed with the following output:
Change Dir: /media/Linux/code/applications/mrViewer/mrViewer/src/fl/BUILD/Linux-3.16.0-60-generic-64/Release/tmp/CMakeFiles/CMakeTmp

Run Build Command:"/usr/bin/ninja" "cmTC_928b5"
[1/2] Building C object CMakeFiles/cmTC_928b5.dir/CheckFunctionExists.c.o
[2/2] Linking C executable cmTC_928b5


Determining if the function remove exists passed with the following output:
Change Dir: /media/Linux/code/applications/mrViewer/mrViewer/src/fl/BUILD/Linux-3.16.0-60-generic-64/Release/tmp/CMakeFiles/CMakeTmp

Run Build Command:"/usr/bin/ninja" "cmTC_bcbb8"
[1/2] Building C object CMakeFiles/cmTC_bcbb8.dir/CheckFunctionExists.c.o
[2/2] Linking C executable cmTC_bcbb8


Determining if the function shmat exists passed with the following output:
Change Dir: /media/Linux/code/applications/mrViewer/mrViewer/src/fl/BUILD/Linux-3.16.0-60-generic-64/Release/tmp/CMakeFiles/CMakeTmp

Run Build Command:"/usr/bin/ninja" "cmTC_da3b8"
[1/2] Building C object CMakeFiles/cmTC_da3b8.dir/CheckFunctionExists.c.o
[2/2] Linking C executable cmTC_da3b8


Determining if the function IceConnectionNumber exists in the ICE passed with the following output:
Change Dir: /media/Linux/code/applications/mrViewer/mrViewer/src/fl/BUILD/Linux-3.16.0-60-generic-64/Release/tmp/CMakeFiles/CMakeTmp

Run Build Command:"/usr/bin/ninja" "cmTC_be82d"
[1/2] Building C object CMakeFiles/cmTC_be82d.dir/CheckFunctionExists.c.o
[2/2] Linking C executable cmTC_be82d


