Build started 12/08/2014 04:53:25 p.m..
     1>Project "f:\code\lib\openexr-git\OpenEXR\ZERO_CHECK.vcxproj" on node 2 (build target(s)).
     1>InitializeBuildStatus:
         Creating "x64\Debug\ZERO_CHECK\ZERO_CHECK.unsuccessfulbuild" because "AlwaysCreate" was specified.
       CustomBuild:
         Checking Build System
         CMake does not need to re-run because F:/code/lib/openexr-git/OpenEXR/CMakeFiles/generate.stamp is up-to-date.
         CMake does not need to re-run because F:/code/lib/openexr-git/OpenEXR/IlmImf/CMakeFiles/generate.stamp is up-to-date.
         CMake does not need to re-run because F:/code/lib/openexr-git/OpenEXR/IlmImfUtil/CMakeFiles/generate.stamp is up-to-date.
         CMake does not need to re-run because F:/code/lib/openexr-git/OpenEXR/IlmImfExamples/CMakeFiles/generate.stamp is up-to-date.
         CMake does not need to re-run because F:/code/lib/openexr-git/OpenEXR/IlmImfTest/CMakeFiles/generate.stamp is up-to-date.
         CMake does not need to re-run because F:/code/lib/openexr-git/OpenEXR/IlmImfUtilTest/CMakeFiles/generate.stamp is up-to-date.
         CMake does not need to re-run because F:/code/lib/openexr-git/OpenEXR/IlmImfFuzzTest/CMakeFiles/generate.stamp is up-to-date.
         CMake does not need to re-run because F:/code/lib/openexr-git/OpenEXR/exrheader/CMakeFiles/generate.stamp is up-to-date.
         CMake does not need to re-run because F:/code/lib/openexr-git/OpenEXR/exrmaketiled/CMakeFiles/generate.stamp is up-to-date.
         CMake does not need to re-run because F:/code/lib/openexr-git/OpenEXR/exrstdattr/CMakeFiles/generate.stamp is up-to-date.
         CMake does not need to re-run because F:/code/lib/openexr-git/OpenEXR/exrmakepreview/CMakeFiles/generate.stamp is up-to-date.
         CMake does not need to re-run because F:/code/lib/openexr-git/OpenEXR/exrenvmap/CMakeFiles/generate.stamp is up-to-date.
         CMake does not need to re-run because F:/code/lib/openexr-git/OpenEXR/exrmultiview/CMakeFiles/generate.stamp is up-to-date.
         CMake does not need to re-run because F:/code/lib/openexr-git/OpenEXR/exrmultipart/CMakeFiles/generate.stamp is up-to-date.
       FinalizeBuildStatus:
         Deleting file "x64\Debug\ZERO_CHECK\ZERO_CHECK.unsuccessfulbuild".
         Touching "x64\Debug\ZERO_CHECK\ZERO_CHECK.lastbuildstate".
     1>Done Building Project "f:\code\lib\openexr-git\OpenEXR\ZERO_CHECK.vcxproj" (build target(s)).

Build succeeded.

Time Elapsed 00:00:00.21
