Build started 12/08/2014 05:25:31 p.m..
     1>Project "f:\code\lib\openexr-git\OpenEXR\exrenvmap\exrenvmap.vcxproj" on node 3 (build target(s)).
     1>InitializeBuildStatus:
         Touching "exrenvmap.dir\Release\exrenvmap.unsuccessfulbuild".
       CustomBuild:
         All outputs are up-to-date.
       ClCompile:
         All outputs are up-to-date.
       Link:
         C:\Program Files (x86)\Microsoft Visual Studio 10.0\VC\bin\x86_amd64\link.exe /ERRORREPORT:PROMPT /OUT:"F:\code\lib\openexr-git\OpenEXR\exrenvmap\Release\exrenvmap.exe" /INCREMENTAL:NO /NOLOGO /LIBPATH:f:/code/lib/Windows_64/lib /LIBPATH:f:/code/lib/Windows_64/lib/Release kernel32.lib user32.lib gdi32.lib winspool.lib shell32.lib ole32.lib oleaut32.lib uuid.lib comdlg32.lib advapi32.lib "..\IlmImf\Release\IlmImf-2_2.lib" "IlmThread-2_2.lib" "Iex-2_2.lib" Half.lib "f:\code\lib\zlib-1.2.8-win64\zlib.lib" "Imath-2_2.lib" "IlmThread-2_2.lib" "f:\code\lib\zlib-1.2.8-win64\zlib.lib" /MANIFEST /ManifestFile:"exrenvmap.dir\Release\exrenvmap.exe.intermediate.manifest" /MANIFESTUAC:"level='asInvoker' uiAccess='false'" /PDB:"F:\code\lib\openexr-git\OpenEXR\exrenvmap\Release\exrenvmap.pdb" /SUBSYSTEM:CONSOLE /STACK:"10000000" /TLBID:1 /DYNAMICBASE /NXCOMPAT /IMPLIB:"F:/code/lib/openexr-git/OpenEXR/exrenvmap/Release/exrenvmap.lib" /MACHINE:X64 exrenvmap.dir\Release\makeLatLongMap.obj
         exrenvmap.dir\Release\readInputImage.obj
         exrenvmap.dir\Release\resizeImage.obj
         exrenvmap.dir\Release\makeCubeMap.obj
         exrenvmap.dir\Release\main.obj
         exrenvmap.dir\Release\blurImage.obj
         exrenvmap.dir\Release\EnvmapImage.obj  /machine:x64 
         exrenvmap.vcxproj -> F:\code\lib\openexr-git\OpenEXR\exrenvmap\Release\exrenvmap.exe
       Manifest:
         C:\Program Files\Microsoft SDKs\Windows\v7.1\bin\mt.exe /nologo /verbose /outputresource:"F:\code\lib\openexr-git\OpenEXR\exrenvmap\Release\exrenvmap.exe;#1" /manifest exrenvmap.dir\Release\exrenvmap.exe.intermediate.manifest
       FinalizeBuildStatus:
         Deleting file "exrenvmap.dir\Release\exrenvmap.unsuccessfulbuild".
         Touching "exrenvmap.dir\Release\exrenvmap.lastbuildstate".
     1>Done Building Project "f:\code\lib\openexr-git\OpenEXR\exrenvmap\exrenvmap.vcxproj" (build target(s)).

Build succeeded.

Time Elapsed 00:00:00.55
