Build started 12/08/2014 05:25:32 p.m..
     1>Project "f:\code\lib\openexr-git\OpenEXR\exrmakepreview\exrmakepreview.vcxproj" on node 3 (build target(s)).
     1>InitializeBuildStatus:
         Touching "exrmakepreview.dir\Release\exrmakepreview.unsuccessfulbuild".
       CustomBuild:
         All outputs are up-to-date.
       ClCompile:
         All outputs are up-to-date.
       Link:
         C:\Program Files (x86)\Microsoft Visual Studio 10.0\VC\bin\x86_amd64\link.exe /ERRORREPORT:PROMPT /OUT:"F:\code\lib\openexr-git\OpenEXR\exrmakepreview\Release\exrmakepreview.exe" /INCREMENTAL:NO /NOLOGO /LIBPATH:f:/code/lib/Windows_64/lib /LIBPATH:f:/code/lib/Windows_64/lib/Release kernel32.lib user32.lib gdi32.lib winspool.lib shell32.lib ole32.lib oleaut32.lib uuid.lib comdlg32.lib advapi32.lib "..\IlmImf\Release\IlmImf-2_2.lib" "IlmThread-2_2.lib" "Iex-2_2.lib" Half.lib "f:\code\lib\zlib-1.2.8-win64\zlib.lib" "Imath-2_2.lib" "IlmThread-2_2.lib" "f:\code\lib\zlib-1.2.8-win64\zlib.lib" /MANIFEST /ManifestFile:"exrmakepreview.dir\Release\exrmakepreview.exe.intermediate.manifest" /MANIFESTUAC:"level='asInvoker' uiAccess='false'" /PDB:"F:\code\lib\openexr-git\OpenEXR\exrmakepreview\Release\exrmakepreview.pdb" /SUBSYSTEM:CONSOLE /STACK:"10000000" /TLBID:1 /DYNAMICBASE /NXCOMPAT /IMPLIB:"F:/code/lib/openexr-git/OpenEXR/exrmakepreview/Release/exrmakepreview.lib" /MACHINE:X64 exrmakepreview.dir\Release\makePreview.obj
         exrmakepreview.dir\Release\main.obj  /machine:x64 
         exrmakepreview.vcxproj -> F:\code\lib\openexr-git\OpenEXR\exrmakepreview\Release\exrmakepreview.exe
       Manifest:
         C:\Program Files\Microsoft SDKs\Windows\v7.1\bin\mt.exe /nologo /verbose /outputresource:"F:\code\lib\openexr-git\OpenEXR\exrmakepreview\Release\exrmakepreview.exe;#1" /manifest exrmakepreview.dir\Release\exrmakepreview.exe.intermediate.manifest
       FinalizeBuildStatus:
         Deleting file "exrmakepreview.dir\Release\exrmakepreview.unsuccessfulbuild".
         Touching "exrmakepreview.dir\Release\exrmakepreview.lastbuildstate".
     1>Done Building Project "f:\code\lib\openexr-git\OpenEXR\exrmakepreview\exrmakepreview.vcxproj" (build target(s)).

Build succeeded.

Time Elapsed 00:00:00.38
