This file contains any messages produced by compilers while
running configure, to aid debugging if configure makes a mistake.

It was created by configure, which was
generated by GNU Autoconf 2.61.  Invocation command line was

  $ ./configure 

## --------- ##
## Platform. ##
## --------- ##

hostname = gga-desktop1
uname -m = x86_64
uname -r = 4.4.0-31-generic
uname -s = Linux
uname -v = #50-Ubuntu SMP Wed Jul 13 00:07:12 UTC 2016

/usr/bin/uname -p = unknown
/bin/uname -X     = unknown

/bin/arch              = unknown
/usr/bin/arch -k       = unknown
/usr/convex/getsysinfo = unknown
/usr/bin/hostinfo      = unknown
/bin/machine           = unknown
/usr/bin/oslevel       = unknown
/bin/universe          = unknown

PATH: .
PATH: /usr/local/sbin
PATH: /usr/local/bin
PATH: /usr/sbin
PATH: /usr/bin
PATH: /sbin
PATH: /bin
PATH: /media/Linux/soft/djv-1.0.5-Linux-64/usr/local/djv-1.0.5-Linux-64/bin/
PATH: /home/gga/mingw32/bin
PATH: /opt/bin
PATH: /media/Linux/code/applications/djv-0.8.2-pre19_linux-x64/usr/local/djv/bin
PATH: /home/gga/.rvm/bin


## ----------- ##
## Core tests. ##
## ----------- ##

configure:1774: checking for a BSD-compatible install
configure:1830: result: /usr/bin/install -c
configure:1841: checking whether build environment is sane
configure:1884: result: yes
configure:1912: checking for a thread-safe mkdir -p
configure:1951: result: /bin/mkdir -p
configure:1964: checking for gawk
configure:1994: result: no
configure:1964: checking for mawk
configure:1980: found /usr/bin/mawk
configure:1991: result: mawk
configure:2002: checking whether make sets $(MAKE)
configure:2023: result: yes
configure:2269: checking for g++
configure:2285: found /usr/bin/g++
configure:2296: result: g++
configure:2327: checking for C++ compiler version
configure:2334: g++ --version >&5
g++ (Ubuntu 5.4.0-6ubuntu1~16.04.1) 5.4.0 20160609
Copyright (C) 2015 Free Software Foundation, Inc.
This is free software; see the source for copying conditions.  There is NO
warranty; not even for MERCHANTABILITY or FITNESS FOR A PARTICULAR PURPOSE.

configure:2337: $? = 0
configure:2344: g++ -v >&5
Using built-in specs.
COLLECT_GCC=g++
COLLECT_LTO_WRAPPER=/usr/lib/gcc/x86_64-linux-gnu/5/lto-wrapper
Target: x86_64-linux-gnu
Configured with: ../src/configure -v --with-pkgversion='Ubuntu 5.4.0-6ubuntu1~16.04.1' --with-bugurl=file:///usr/share/doc/gcc-5/README.Bugs --enable-languages=c,ada,c++,java,go,d,fortran,objc,obj-c++ --prefix=/usr --program-suffix=-5 --enable-shared --enable-linker-build-id --libexecdir=/usr/lib --without-included-gettext --enable-threads=posix --libdir=/usr/lib --enable-nls --with-sysroot=/ --enable-clocale=gnu --enable-libstdcxx-debug --enable-libstdcxx-time=yes --with-default-libstdcxx-abi=new --enable-gnu-unique-object --disable-vtable-verify --enable-libmpx --enable-plugin --with-system-zlib --disable-browser-plugin --enable-java-awt=gtk --enable-gtk-cairo --with-java-home=/usr/lib/jvm/java-1.5.0-gcj-5-amd64/jre --enable-java-home --with-jvm-root-dir=/usr/lib/jvm/java-1.5.0-gcj-5-amd64 --with-jvm-jar-dir=/usr/lib/jvm-exports/java-1.5.0-gcj-5-amd64 --with-arch-directory=amd64 --with-ecj-jar=/usr/share/java/eclipse-ecj.jar --enable-objc-gc --enable-multiarch --disable-werror --with-arch-32=i686 --with-abi=m64 --with-multilib-list=m32,m64,mx32 --enable-multilib --with-tune=generic --enable-checking=release --build=x86_64-linux-gnu --host=x86_64-linux-gnu --target=x86_64-linux-gnu
Thread model: posix
gcc version 5.4.0 20160609 (Ubuntu 5.4.0-6ubuntu1~16.04.1) 
configure:2347: $? = 0
configure:2354: g++ -V >&5
g++: error: unrecognized command line option '-V'
g++: fatal error: no input files
compilation terminated.
configure:2357: $? = 1
configure:2380: checking for C++ compiler default output file name
configure:2407: g++    conftest.cpp  >&5
configure:2410: $? = 0
configure:2448: result: a.out
configure:2465: checking whether the C++ compiler works
configure:2475: ./a.out
configure:2478: $? = 0
configure:2495: result: yes
configure:2502: checking whether we are cross compiling
configure:2504: result: no
configure:2507: checking for suffix of executables
configure:2514: g++ -o conftest    conftest.cpp  >&5
configure:2517: $? = 0
configure:2541: result: 
configure:2547: checking for suffix of object files
configure:2573: g++ -c   conftest.cpp >&5
configure:2576: $? = 0
configure:2599: result: o
configure:2603: checking whether we are using the GNU C++ compiler
configure:2632: g++ -c   conftest.cpp >&5
configure:2638: $? = 0
configure:2655: result: yes
configure:2660: checking whether g++ accepts -g
configure:2690: g++ -c -g  conftest.cpp >&5
configure:2696: $? = 0
configure:2795: result: yes
configure:2829: checking for style of include used by make
configure:2857: result: GNU
configure:2882: checking dependency style of g++
configure:2973: result: gcc3
configure:2989: checking whether the compiler implements namespaces
configure:3022: g++ -c -g -O2  conftest.cpp >&5
configure:3028: $? = 0
configure:3050: result: yes
configure:3065: checking how to run the C++ preprocessor
configure:3101: g++ -E  conftest.cpp
configure:3107: $? = 0
configure:3138: g++ -E  conftest.cpp
conftest.cpp:11:28: fatal error: ac_nonexistent.h: No such file or directory
compilation terminated.
configure:3144: $? = 1
configure: failed program was:
| /* confdefs.h.  */
| #define PACKAGE_NAME ""
| #define PACKAGE_TARNAME ""
| #define PACKAGE_VERSION ""
| #define PACKAGE_STRING ""
| #define PACKAGE_BUGREPORT ""
| #define PACKAGE "tclap"
| #define VERSION "1.2.1"
| #define HAVE_NAMESPACES 1
| /* end confdefs.h.  */
| #include <ac_nonexistent.h>
configure:3177: result: g++ -E
configure:3206: g++ -E  conftest.cpp
configure:3212: $? = 0
configure:3243: g++ -E  conftest.cpp
conftest.cpp:11:28: fatal error: ac_nonexistent.h: No such file or directory
compilation terminated.
configure:3249: $? = 1
configure: failed program was:
| /* confdefs.h.  */
| #define PACKAGE_NAME ""
| #define PACKAGE_TARNAME ""
| #define PACKAGE_VERSION ""
| #define PACKAGE_STRING ""
| #define PACKAGE_BUGREPORT ""
| #define PACKAGE "tclap"
| #define VERSION "1.2.1"
| #define HAVE_NAMESPACES 1
| /* end confdefs.h.  */
| #include <ac_nonexistent.h>
configure:3287: checking for grep that handles long lines and -e
configure:3361: result: /bin/grep
configure:3366: checking for egrep
configure:3444: result: /bin/grep -E
configure:3449: checking for ANSI C header files
configure:3479: g++ -c -g -O2  conftest.cpp >&5
configure:3485: $? = 0
configure:3584: g++ -o conftest -g -O2   conftest.cpp  >&5
configure:3587: $? = 0
configure:3593: ./conftest
configure:3596: $? = 0
configure:3613: result: yes
configure:3637: checking for sys/types.h
configure:3658: g++ -c -g -O2  conftest.cpp >&5
configure:3664: $? = 0
configure:3680: result: yes
configure:3637: checking for sys/stat.h
configure:3658: g++ -c -g -O2  conftest.cpp >&5
configure:3664: $? = 0
configure:3680: result: yes
configure:3637: checking for stdlib.h
configure:3658: g++ -c -g -O2  conftest.cpp >&5
configure:3664: $? = 0
configure:3680: result: yes
configure:3637: checking for string.h
configure:3658: g++ -c -g -O2  conftest.cpp >&5
configure:3664: $? = 0
configure:3680: result: yes
configure:3637: checking for memory.h
configure:3658: g++ -c -g -O2  conftest.cpp >&5
configure:3664: $? = 0
configure:3680: result: yes
configure:3637: checking for strings.h
configure:3658: g++ -c -g -O2  conftest.cpp >&5
configure:3664: $? = 0
configure:3680: result: yes
configure:3637: checking for inttypes.h
configure:3658: g++ -c -g -O2  conftest.cpp >&5
configure:3664: $? = 0
configure:3680: result: yes
configure:3637: checking for stdint.h
configure:3658: g++ -c -g -O2  conftest.cpp >&5
configure:3664: $? = 0
configure:3680: result: yes
configure:3637: checking for unistd.h
configure:3658: g++ -c -g -O2  conftest.cpp >&5
configure:3664: $? = 0
configure:3680: result: yes
configure:3715: checking sstream usability
configure:3732: g++ -c -g -O2  conftest.cpp >&5
configure:3738: $? = 0
configure:3752: result: yes
configure:3756: checking sstream presence
configure:3771: g++ -E  conftest.cpp
configure:3777: $? = 0
configure:3791: result: yes
configure:3819: checking for sstream
configure:3827: result: yes
configure:3840: checking whether the STL defines stringstream
configure:3869: g++ -c -g -O2  conftest.cpp >&5
configure:3875: $? = 0
configure:3891: result: yes
configure:3930: checking strstream usability
configure:3947: g++ -c -g -O2  conftest.cpp >&5
In file included from /usr/include/c++/5/backward/strstream:50:0,
                 from conftest.cpp:56:
/usr/include/c++/5/backward/backward_warning.h:32:2: warning: #warning This file includes at least one deprecated or antiquated header which may be removed without further notice at a future date. Please use a non-deprecated interface with equivalent functionality instead. For a listing of replacement headers and interfaces, consult the file backward_warning.h. To disable this warning use -Wno-deprecated. [-Wcpp]
 #warning \
  ^
configure:3953: $? = 0
configure:3967: result: yes
configure:3971: checking strstream presence
configure:3986: g++ -E  conftest.cpp
In file included from /usr/include/c++/5/backward/strstream:50:0,
                 from conftest.cpp:23:
/usr/include/c++/5/backward/backward_warning.h:32:2: warning: #warning This file includes at least one deprecated or antiquated header which may be removed without further notice at a future date. Please use a non-deprecated interface with equivalent functionality instead. For a listing of replacement headers and interfaces, consult the file backward_warning.h. To disable this warning use -Wno-deprecated. [-Wcpp]
 #warning \
  ^
configure:3992: $? = 0
configure:4006: result: yes
configure:4034: checking for strstream
configure:4042: result: yes
configure:4055: checking whether the STL defines strstream
configure:4088: g++ -c -g -O2  conftest.cpp >&5
In file included from /usr/include/c++/5/backward/strstream:50:0,
                 from conftest.cpp:25:
/usr/include/c++/5/backward/backward_warning.h:32:2: warning: #warning This file includes at least one deprecated or antiquated header which may be removed without further notice at a future date. Please use a non-deprecated interface with equivalent functionality instead. For a listing of replacement headers and interfaces, consult the file backward_warning.h. To disable this warning use -Wno-deprecated. [-Wcpp]
 #warning \
  ^
configure:4094: $? = 0
configure:4110: result: yes
configure:4154: g++ -c -g -O2  conftest.cpp >&5
configure:4160: $? = 0
configure:4197: checking for dot
configure:4225: result: NO
configure:4276: checking for ranlib
configure:4292: found /usr/bin/ranlib
configure:4303: result: ranlib
configure:4342: checking for a BSD-compatible install
configure:4398: result: /usr/bin/install -c
configure:4420: checking for doxygen
configure:4453: result: no
configure:4481: checking whether the C++ compiler (g++) accepts -Weffc++
configure:4517: g++ -c -g -O2 -Weffc++  conftest.cpp >&5
configure:4523: $? = 0
configure:4547: result: yes
configure:4699: creating ./config.status

## ---------------------- ##
## Running config.status. ##
## ---------------------- ##

This file was extended by config.status, which was
generated by GNU Autoconf 2.61.  Invocation command line was

  CONFIG_FILES    = 
  CONFIG_HEADERS  = 
  CONFIG_LINKS    = 
  CONFIG_COMMANDS = 
  $ ./config.status 

on gga-desktop1

config.status:655: creating Makefile
config.status:655: creating tclap.pc
config.status:655: creating examples/Makefile
config.status:655: creating include/Makefile
config.status:655: creating include/tclap/Makefile
config.status:655: creating config/Makefile
config.status:655: creating docs/Makefile
config.status:655: creating docs/Doxyfile
config.status:655: creating msc/Makefile
config.status:655: creating msc/examples/Makefile
config.status:655: creating tests/Makefile
config.status:655: creating config/config.h
config.status:932: executing depfiles commands
config.status:932: executing default commands

## ---------------- ##
## Cache variables. ##
## ---------------- ##

ac_cv_cxx_compiler_gnu=yes
ac_cv_cxx_have_class_strstream=yes
ac_cv_cxx_have_long_long=yes
ac_cv_cxx_have_sstream=yes
ac_cv_cxx_namespaces=yes
ac_cv_env_CCC_set=
ac_cv_env_CCC_value=
ac_cv_env_CPPFLAGS_set=
ac_cv_env_CPPFLAGS_value=
ac_cv_env_CXXCPP_set=
ac_cv_env_CXXCPP_value=
ac_cv_env_CXXFLAGS_set=
ac_cv_env_CXXFLAGS_value=
ac_cv_env_CXX_set=
ac_cv_env_CXX_value=
ac_cv_env_LDFLAGS_set=
ac_cv_env_LDFLAGS_value=
ac_cv_env_LIBS_set=
ac_cv_env_LIBS_value=
ac_cv_env_build_alias_set=
ac_cv_env_build_alias_value=
ac_cv_env_host_alias_set=
ac_cv_env_host_alias_value=
ac_cv_env_target_alias_set=
ac_cv_env_target_alias_value=
ac_cv_header_inttypes_h=yes
ac_cv_header_memory_h=yes
ac_cv_header_sstream=yes
ac_cv_header_stdc=yes
ac_cv_header_stdint_h=yes
ac_cv_header_stdlib_h=yes
ac_cv_header_string_h=yes
ac_cv_header_strings_h=yes
ac_cv_header_strstream=yes
ac_cv_header_sys_stat_h=yes
ac_cv_header_sys_types_h=yes
ac_cv_header_unistd_h=yes
ac_cv_objext=o
ac_cv_path_EGREP='/bin/grep -E'
ac_cv_path_GREP=/bin/grep
ac_cv_path_install='/usr/bin/install -c'
ac_cv_path_mkdir=/bin/mkdir
ac_cv_prog_AWK=mawk
ac_cv_prog_CXXCPP='g++ -E'
ac_cv_prog_DOT=NO
ac_cv_prog_ac_ct_CXX=g++
ac_cv_prog_ac_ct_RANLIB=ranlib
ac_cv_prog_cxx_g=yes
ac_cv_prog_make_make_set=yes
am_cv_CXX_dependencies_compiler_type=gcc3

## ----------------- ##
## Output variables. ##
## ----------------- ##

ACLOCAL='${SHELL} /media/gga/Datos/code/applications/mrViewer/dependencies/tclap-1.2.1/config/missing --run aclocal-1.10'
AMDEPBACKSLASH='\'
AMDEP_FALSE='#'
AMDEP_TRUE=''
AMTAR='${SHELL} /media/gga/Datos/code/applications/mrViewer/dependencies/tclap-1.2.1/config/missing --run tar'
AUTOCONF='${SHELL} /media/gga/Datos/code/applications/mrViewer/dependencies/tclap-1.2.1/config/missing --run autoconf'
AUTOHEADER='${SHELL} /media/gga/Datos/code/applications/mrViewer/dependencies/tclap-1.2.1/config/missing --run autoheader'
AUTOMAKE='${SHELL} /media/gga/Datos/code/applications/mrViewer/dependencies/tclap-1.2.1/config/missing --run automake-1.10'
AWK='mawk'
CPPFLAGS=''
CXX='g++'
CXXCPP='g++ -E'
CXXDEPMODE='depmode=gcc3'
CXXFLAGS='-g -O2 -Weffc++'
CYGPATH_W='echo'
DEFS='-DHAVE_CONFIG_H'
DEPDIR='.deps'
DOC_FALSE=''
DOC_TRUE='#'
DOT='NO'
DOXYGEN=''
ECHO_C=''
ECHO_N='-n'
ECHO_T=''
EGREP='/bin/grep -E'
EXEEXT=''
GREP='/bin/grep'
HAVE_GNU_COMPILERS_FALSE='#'
HAVE_GNU_COMPILERS_TRUE=''
INSTALL_DATA='${INSTALL} -m 644'
INSTALL_PROGRAM='${INSTALL}'
INSTALL_SCRIPT='${INSTALL}'
INSTALL_STRIP_PROGRAM='$(install_sh) -c -s'
LDFLAGS=''
LIBOBJS=''
LIBS=''
LTLIBOBJS=''
MAKEINFO='${SHELL} /media/gga/Datos/code/applications/mrViewer/dependencies/tclap-1.2.1/config/missing --run makeinfo'
OBJEXT='o'
PACKAGE='tclap'
PACKAGE_BUGREPORT=''
PACKAGE_NAME=''
PACKAGE_STRING=''
PACKAGE_TARNAME=''
PACKAGE_VERSION=''
PATH_SEPARATOR=':'
RANLIB='ranlib'
SET_MAKE=''
SHELL='/bin/bash'
STRIP=''
VERSION='1.2.1'
WARN_EFFECTIVE_CXX='-Weffc++'
WARN_NO_EFFECTIVE_CXX='-Wno-effc++'
ac_ct_CXX='g++'
am__fastdepCXX_FALSE='#'
am__fastdepCXX_TRUE=''
am__include='include'
am__isrc=''
am__leading_dot='.'
am__quote=''
am__tar='${AMTAR} chof - "$$tardir"'
am__untar='${AMTAR} xf -'
bindir='${exec_prefix}/bin'
build_alias=''
datadir='${datarootdir}'
datarootdir='${prefix}/share'
docdir='${datarootdir}/doc/${PACKAGE}'
dvidir='${docdir}'
exec_prefix='${prefix}'
host_alias=''
htmldir='${docdir}'
includedir='${prefix}/include'
infodir='${datarootdir}/info'
install_sh='$(SHELL) /media/gga/Datos/code/applications/mrViewer/dependencies/tclap-1.2.1/config/install-sh'
libdir='${exec_prefix}/lib'
libexecdir='${exec_prefix}/libexec'
localedir='${datarootdir}/locale'
localstatedir='${prefix}/var'
mandir='${datarootdir}/man'
mkdir_p='/bin/mkdir -p'
oldincludedir='/usr/include'
pdfdir='${docdir}'
prefix='/usr/local'
program_transform_name='s,x,x,'
psdir='${docdir}'
sbindir='${exec_prefix}/sbin'
sharedstatedir='${prefix}/com'
sysconfdir='${prefix}/etc'
target_alias=''

## ----------- ##
## confdefs.h. ##
## ----------- ##

#define PACKAGE_NAME ""
#define PACKAGE_TARNAME ""
#define PACKAGE_VERSION ""
#define PACKAGE_STRING ""
#define PACKAGE_BUGREPORT ""
#define PACKAGE "tclap"
#define VERSION "1.2.1"
#define HAVE_NAMESPACES 1
#define STDC_HEADERS 1
#define HAVE_SYS_TYPES_H 1
#define HAVE_SYS_STAT_H 1
#define HAVE_STDLIB_H 1
#define HAVE_STRING_H 1
#define HAVE_MEMORY_H 1
#define HAVE_STRINGS_H 1
#define HAVE_INTTYPES_H 1
#define HAVE_STDINT_H 1
#define HAVE_UNISTD_H 1
#define HAVE_SSTREAM 1
#define HAVE_SSTREAM 1
#define HAVE_STRSTREAM 1
#define HAVE_CLASS_STRSTREAM 1
#define HAVE_LONG_LONG 1

configure: exit 0
