d:\code\applications\mrviewer\dependencies\sampleicc-1.6.10\iccproflib\release\vc120.pdb
d:\code\applications\mrviewer\dependencies\sampleicc-1.6.10\iccproflib\release\iccxformfactory.obj
d:\code\applications\mrviewer\dependencies\sampleicc-1.6.10\iccproflib\release\icctagprofseqid.obj
d:\code\applications\mrviewer\dependencies\sampleicc-1.6.10\iccproflib\release\icctagmpe.obj
d:\code\applications\mrviewer\dependencies\sampleicc-1.6.10\iccproflib\release\icctagdict.obj
d:\code\applications\mrviewer\dependencies\sampleicc-1.6.10\iccproflib\release\iccprmg.obj
d:\code\applications\mrviewer\dependencies\sampleicc-1.6.10\iccproflib\release\iccmpefactory.obj
d:\code\applications\mrviewer\dependencies\sampleicc-1.6.10\iccproflib\release\iccmpebasic.obj
d:\code\applications\mrviewer\dependencies\sampleicc-1.6.10\iccproflib\release\iccmpeacs.obj
d:\code\applications\mrviewer\dependencies\sampleicc-1.6.10\iccproflib\release\icceval.obj
d:\code\applications\mrviewer\dependencies\sampleicc-1.6.10\iccproflib\release\iccconvertutf.obj
d:\code\applications\mrviewer\dependencies\sampleicc-1.6.10\iccproflib\release\iccapplybpc.obj
d:\code\applications\mrviewer\dependencies\sampleicc-1.6.10\iccproflib\release\md5.obj
d:\code\applications\mrviewer\dependencies\sampleicc-1.6.10\iccproflib\release\iccutil.obj
d:\code\applications\mrviewer\dependencies\sampleicc-1.6.10\iccproflib\release\icctaglut.obj
d:\code\applications\mrviewer\dependencies\sampleicc-1.6.10\iccproflib\release\icctagfactory.obj
d:\code\applications\mrviewer\dependencies\sampleicc-1.6.10\iccproflib\release\icctagbasic.obj
d:\code\applications\mrviewer\dependencies\sampleicc-1.6.10\iccproflib\release\iccprofile.obj
d:\code\applications\mrviewer\dependencies\sampleicc-1.6.10\iccproflib\release\iccio.obj
d:\code\applications\mrviewer\dependencies\sampleicc-1.6.10\iccproflib\release\icccmm.obj
d:\code\applications\mrviewer\dependencies\sampleicc-1.6.10\iccproflib\release\iccproflib.lib
d:\code\applications\mrviewer\dependencies\sampleicc-1.6.10\iccproflib\release\iccproflib.pdb
d:\code\applications\mrviewer\dependencies\sampleicc-1.6.10\iccproflib\.\release\iccproflib.lib
d:\code\applications\mrviewer\dependencies\sampleicc-1.6.10\iccproflib\release\iccproflib.tlog\cl.command.1.tlog
d:\code\applications\mrviewer\dependencies\sampleicc-1.6.10\iccproflib\release\iccproflib.tlog\cl.read.1.tlog
d:\code\applications\mrviewer\dependencies\sampleicc-1.6.10\iccproflib\release\iccproflib.tlog\cl.write.1.tlog
d:\code\applications\mrviewer\dependencies\sampleicc-1.6.10\iccproflib\release\iccproflib.tlog\lib-link.read.1.tlog
d:\code\applications\mrviewer\dependencies\sampleicc-1.6.10\iccproflib\release\iccproflib.tlog\lib-link.write.1.tlog
d:\code\applications\mrviewer\dependencies\sampleicc-1.6.10\iccproflib\release\iccproflib.tlog\lib.command.1.tlog
