C:\Program Files (x86)\MSBuild\Microsoft.Cpp\v4.0\V140\Microsoft.CppBuild.targets(392,5): warning MSB8028: The intermediate directory (x64\Release\) contains files shared from another project (IccProfLib_CRTDLL.vcxproj).  This can lead to incorrect clean and rebuild behavior.
  IccApplyBPC.cpp
  IccConvertUTF.cpp
  IccEval.cpp
  IccMpeACS.cpp
  IccMpeBasic.cpp
  IccMpeFactory.cpp
  IccPrmg.cpp
  IccTagDict.cpp
IccTagDict.cpp(822): warning C4267: 'argument': conversion from 'size_t' to 'icInt32Number', possible loss of data
IccTagDict.cpp(829): warning C4267: 'argument': conversion from 'size_t' to 'icInt32Number', possible loss of data
  IccTagMPE.cpp
  IccTagProfSeqId.cpp
  IccXformFactory.cpp
  Generating Code...
  IccCmm.cpp
  IccIO.cpp
  IccProfile.cpp
  IccTagBasic.cpp
  IccTagFactory.cpp
  IccTagLut.cpp
  IccUtil.cpp
  md5.cpp
  Generating Code...
C:\Program Files (x86)\MSBuild\Microsoft.Cpp\v4.0\V140\Microsoft.CppBuild.targets(1357,5): warning MSB8012: TargetPath(d:\code\applications\mrViewer\dependencies\SampleICC-1.6.10\Build\MSVC\x64\Release\IccProfLib.lib) does not match the Library's OutputFile property value (d:\code\applications\mrViewer\dependencies\SampleICC-1.6.10\IccProfLib\Release\IccProfLib.lib). This may cause your project to build incorrectly. To correct this, please make sure that $(OutDir), $(TargetName) and $(TargetExt) property values match the value specified in %(Lib.OutputFile).
  IccProfLib.vcxproj -> d:\code\applications\mrViewer\dependencies\SampleICC-1.6.10\Build\MSVC\x64\Release\IccProfLib.lib
