  IccApplyBPC.cpp
  IccConvertUTF.cpp
  IccEval.cpp
  IccMpeACS.cpp
  IccMpeBasic.cpp
  IccMpeFactory.cpp
  IccPrmg.cpp
  IccTagDict.cpp
  IccTagMPE.cpp
  IccTagProfSeqId.cpp
  IccXformFactory.cpp
  Generating Code...
  IccCmm.cpp
  IccIO.cpp
  IccProfile.cpp
  IccTagBasic.cpp
  IccTagFactory.cpp
  IccTagLut.cpp
  IccUtil.cpp
  md5.cpp
  Generating Code...
  IccProfLib_CRTDLL.vcxproj -> d:\code\applications\mrViewer\dependencies\SampleICC-1.6.10\IccProfLib\.\Release_CRTDLL\IccProfLib_CRTDLL.lib
