d:\code\applications\mrviewer\dependencies\sampleicc-1.6.10\iccproflib\release_crtdll\vc120.pdb
d:\code\applications\mrviewer\dependencies\sampleicc-1.6.10\iccproflib\release_crtdll\iccxformfactory.obj
d:\code\applications\mrviewer\dependencies\sampleicc-1.6.10\iccproflib\release_crtdll\icctagprofseqid.obj
d:\code\applications\mrviewer\dependencies\sampleicc-1.6.10\iccproflib\release_crtdll\icctagmpe.obj
d:\code\applications\mrviewer\dependencies\sampleicc-1.6.10\iccproflib\release_crtdll\icctagdict.obj
d:\code\applications\mrviewer\dependencies\sampleicc-1.6.10\iccproflib\release_crtdll\iccprmg.obj
d:\code\applications\mrviewer\dependencies\sampleicc-1.6.10\iccproflib\release_crtdll\iccmpefactory.obj
d:\code\applications\mrviewer\dependencies\sampleicc-1.6.10\iccproflib\release_crtdll\iccmpebasic.obj
d:\code\applications\mrviewer\dependencies\sampleicc-1.6.10\iccproflib\release_crtdll\iccmpeacs.obj
d:\code\applications\mrviewer\dependencies\sampleicc-1.6.10\iccproflib\release_crtdll\icceval.obj
d:\code\applications\mrviewer\dependencies\sampleicc-1.6.10\iccproflib\release_crtdll\iccconvertutf.obj
d:\code\applications\mrviewer\dependencies\sampleicc-1.6.10\iccproflib\release_crtdll\iccapplybpc.obj
d:\code\applications\mrviewer\dependencies\sampleicc-1.6.10\iccproflib\release_crtdll\md5.obj
d:\code\applications\mrviewer\dependencies\sampleicc-1.6.10\iccproflib\release_crtdll\iccutil.obj
d:\code\applications\mrviewer\dependencies\sampleicc-1.6.10\iccproflib\release_crtdll\icctaglut.obj
d:\code\applications\mrviewer\dependencies\sampleicc-1.6.10\iccproflib\release_crtdll\icctagfactory.obj
d:\code\applications\mrviewer\dependencies\sampleicc-1.6.10\iccproflib\release_crtdll\icctagbasic.obj
d:\code\applications\mrviewer\dependencies\sampleicc-1.6.10\iccproflib\release_crtdll\iccprofile.obj
d:\code\applications\mrviewer\dependencies\sampleicc-1.6.10\iccproflib\release_crtdll\iccio.obj
d:\code\applications\mrviewer\dependencies\sampleicc-1.6.10\iccproflib\release_crtdll\icccmm.obj
d:\code\applications\mrviewer\dependencies\sampleicc-1.6.10\iccproflib\release_crtdll\iccproflib_crtdll.lib
d:\code\applications\mrviewer\dependencies\sampleicc-1.6.10\iccproflib\release_crtdll\iccproflib_crtdll.pdb
d:\code\applications\mrviewer\dependencies\sampleicc-1.6.10\iccproflib\.\release_crtdll\iccproflib_crtdll.lib
d:\code\applications\mrviewer\dependencies\sampleicc-1.6.10\iccproflib\release_crtdll\iccprofl.aa703d3a.tlog\cl.command.1.tlog
d:\code\applications\mrviewer\dependencies\sampleicc-1.6.10\iccproflib\release_crtdll\iccprofl.aa703d3a.tlog\cl.read.1.tlog
d:\code\applications\mrviewer\dependencies\sampleicc-1.6.10\iccproflib\release_crtdll\iccprofl.aa703d3a.tlog\cl.write.1.tlog
d:\code\applications\mrviewer\dependencies\sampleicc-1.6.10\iccproflib\release_crtdll\iccprofl.aa703d3a.tlog\lib-link.read.1.tlog
d:\code\applications\mrviewer\dependencies\sampleicc-1.6.10\iccproflib\release_crtdll\iccprofl.aa703d3a.tlog\lib-link.write.1.tlog
d:\code\applications\mrviewer\dependencies\sampleicc-1.6.10\iccproflib\release_crtdll\iccprofl.aa703d3a.tlog\lib.command.1.tlog
