This file contains any messages produced by compilers while
running configure, to aid debugging if configure makes a mistake.

It was created by configure, which was
generated by GNU Autoconf 2.69.  Invocation command line was

  $ ./configure --enable-shared

## --------- ##
## Platform. ##
## --------- ##

hostname = gga-laptop1
uname -m = x86_64
uname -r = 3.16.0-59-generic
uname -s = Linux
uname -v = #79~14.04.1-Ubuntu SMP Mon Jan 18 15:41:27 UTC 2016

/usr/bin/uname -p = unknown
/bin/uname -X     = unknown

/bin/arch              = unknown
/usr/bin/arch -k       = unknown
/usr/convex/getsysinfo = unknown
/usr/bin/hostinfo      = unknown
/bin/machine           = unknown
/usr/bin/oslevel       = unknown
/bin/universe          = unknown

PATH: .
PATH: /home/gga/bin
PATH: /home/gga/bin
PATH: /usr/local/sbin
PATH: /usr/local/bin
PATH: /usr/sbin
PATH: /usr/bin
PATH: /sbin
PATH: /bin
PATH: /usr/games
PATH: /usr/local/games
PATH: /media/Linux/soft/djv-1.0.5-Linux-64/usr/local/djv-1.0.5-Linux-64/bin/
PATH: /home/gga/mingw32/bin
PATH: /opt/bin
PATH: /media/Linux/code/applications/djv-0.8.2-pre19_linux-x64/usr/local/djv/bin
PATH: /home/gga/.rvm/bin


## ----------- ##
## Core tests. ##
## ----------- ##

configure:2438: checking build system type
configure:2452: result: x86_64-unknown-linux-gnu
configure:2472: checking host system type
configure:2485: result: x86_64-unknown-linux-gnu
configure:2505: checking target system type
configure:2518: result: x86_64-unknown-linux-gnu
configure:2574: checking for a BSD-compatible install
configure:2642: result: /usr/bin/install -c
configure:2653: checking whether build environment is sane
configure:2708: result: yes
configure:2746: WARNING: 'missing' script is too old or missing
configure:2859: checking for a thread-safe mkdir -p
configure:2898: result: /bin/mkdir -p
configure:2905: checking for gawk
configure:2921: found /usr/bin/gawk
configure:2932: result: gawk
configure:2943: checking whether make sets $(MAKE)
configure:2965: result: yes
configure:3048: checking whether to enable maintainer-specific portions of Makefiles
configure:3057: result: no
configure:3129: checking for g++
configure:3145: found /usr/bin/g++
configure:3156: result: g++
configure:3183: checking for C++ compiler version
configure:3192: g++ --version >&5
g++ (Ubuntu 4.8.4-2ubuntu1~14.04) 4.8.4
Copyright (C) 2013 Free Software Foundation, Inc.
This is free software; see the source for copying conditions.  There is NO
warranty; not even for MERCHANTABILITY or FITNESS FOR A PARTICULAR PURPOSE.

configure:3203: $? = 0
configure:3192: g++ -v >&5
Using built-in specs.
COLLECT_GCC=g++
COLLECT_LTO_WRAPPER=/usr/lib/gcc/x86_64-linux-gnu/4.8/lto-wrapper
Target: x86_64-linux-gnu
Configured with: ../src/configure -v --with-pkgversion='Ubuntu 4.8.4-2ubuntu1~14.04' --with-bugurl=file:///usr/share/doc/gcc-4.8/README.Bugs --enable-languages=c,c++,java,go,d,fortran,objc,obj-c++ --prefix=/usr --program-suffix=-4.8 --enable-shared --enable-linker-build-id --libexecdir=/usr/lib --without-included-gettext --enable-threads=posix --with-gxx-include-dir=/usr/include/c++/4.8 --libdir=/usr/lib --enable-nls --with-sysroot=/ --enable-clocale=gnu --enable-libstdcxx-debug --enable-libstdcxx-time=yes --enable-gnu-unique-object --disable-libmudflap --enable-plugin --with-system-zlib --disable-browser-plugin --enable-java-awt=gtk --enable-gtk-cairo --with-java-home=/usr/lib/jvm/java-1.5.0-gcj-4.8-amd64/jre --enable-java-home --with-jvm-root-dir=/usr/lib/jvm/java-1.5.0-gcj-4.8-amd64 --with-jvm-jar-dir=/usr/lib/jvm-exports/java-1.5.0-gcj-4.8-amd64 --with-arch-directory=amd64 --with-ecj-jar=/usr/share/java/eclipse-ecj.jar --enable-objc-gc --enable-multiarch --disable-werror --with-arch-32=i686 --with-abi=m64 --with-multilib-list=m32,m64,mx32 --with-tune=generic --enable-checking=release --build=x86_64-linux-gnu --host=x86_64-linux-gnu --target=x86_64-linux-gnu
Thread model: posix
gcc version 4.8.4 (Ubuntu 4.8.4-2ubuntu1~14.04) 
configure:3203: $? = 0
configure:3192: g++ -V >&5
g++: error: unrecognized command line option '-V'
g++: fatal error: no input files
compilation terminated.
configure:3203: $? = 4
configure:3192: g++ -qversion >&5
g++: error: unrecognized command line option '-qversion'
g++: fatal error: no input files
compilation terminated.
configure:3203: $? = 4
configure:3223: checking whether the C++ compiler works
configure:3245: g++    conftest.cpp  >&5
configure:3249: $? = 0
configure:3297: result: yes
configure:3300: checking for C++ compiler default output file name
configure:3302: result: a.out
configure:3308: checking for suffix of executables
configure:3315: g++ -o conftest    conftest.cpp  >&5
configure:3319: $? = 0
configure:3341: result: 
configure:3363: checking whether we are cross compiling
configure:3371: g++ -o conftest    conftest.cpp  >&5
configure:3375: $? = 0
configure:3382: ./conftest
configure:3386: $? = 0
configure:3401: result: no
configure:3406: checking for suffix of object files
configure:3428: g++ -c   conftest.cpp >&5
configure:3432: $? = 0
configure:3453: result: o
configure:3457: checking whether we are using the GNU C++ compiler
configure:3476: g++ -c   conftest.cpp >&5
configure:3476: $? = 0
configure:3485: result: yes
configure:3494: checking whether g++ accepts -g
configure:3514: g++ -c -g  conftest.cpp >&5
configure:3514: $? = 0
configure:3555: result: yes
configure:3589: checking for style of include used by make
configure:3617: result: GNU
configure:3643: checking dependency style of g++
configure:3754: result: none
configure:3818: checking for gcc
configure:3834: found /usr/bin/gcc
configure:3845: result: gcc
configure:4074: checking for C compiler version
configure:4083: gcc --version >&5
gcc (Ubuntu 4.8.4-2ubuntu1~14.04) 4.8.4
Copyright (C) 2013 Free Software Foundation, Inc.
This is free software; see the source for copying conditions.  There is NO
warranty; not even for MERCHANTABILITY or FITNESS FOR A PARTICULAR PURPOSE.

configure:4094: $? = 0
configure:4083: gcc -v >&5
Using built-in specs.
COLLECT_GCC=gcc
COLLECT_LTO_WRAPPER=/usr/lib/gcc/x86_64-linux-gnu/4.8/lto-wrapper
Target: x86_64-linux-gnu
Configured with: ../src/configure -v --with-pkgversion='Ubuntu 4.8.4-2ubuntu1~14.04' --with-bugurl=file:///usr/share/doc/gcc-4.8/README.Bugs --enable-languages=c,c++,java,go,d,fortran,objc,obj-c++ --prefix=/usr --program-suffix=-4.8 --enable-shared --enable-linker-build-id --libexecdir=/usr/lib --without-included-gettext --enable-threads=posix --with-gxx-include-dir=/usr/include/c++/4.8 --libdir=/usr/lib --enable-nls --with-sysroot=/ --enable-clocale=gnu --enable-libstdcxx-debug --enable-libstdcxx-time=yes --enable-gnu-unique-object --disable-libmudflap --enable-plugin --with-system-zlib --disable-browser-plugin --enable-java-awt=gtk --enable-gtk-cairo --with-java-home=/usr/lib/jvm/java-1.5.0-gcj-4.8-amd64/jre --enable-java-home --with-jvm-root-dir=/usr/lib/jvm/java-1.5.0-gcj-4.8-amd64 --with-jvm-jar-dir=/usr/lib/jvm-exports/java-1.5.0-gcj-4.8-amd64 --with-arch-directory=amd64 --with-ecj-jar=/usr/share/java/eclipse-ecj.jar --enable-objc-gc --enable-multiarch --disable-werror --with-arch-32=i686 --with-abi=m64 --with-multilib-list=m32,m64,mx32 --with-tune=generic --enable-checking=release --build=x86_64-linux-gnu --host=x86_64-linux-gnu --target=x86_64-linux-gnu
Thread model: posix
gcc version 4.8.4 (Ubuntu 4.8.4-2ubuntu1~14.04) 
configure:4094: $? = 0
configure:4083: gcc -V >&5
gcc: error: unrecognized command line option '-V'
gcc: fatal error: no input files
compilation terminated.
configure:4094: $? = 4
configure:4083: gcc -qversion >&5
gcc: error: unrecognized command line option '-qversion'
gcc: fatal error: no input files
compilation terminated.
configure:4094: $? = 4
configure:4098: checking whether we are using the GNU C compiler
configure:4117: gcc -c   conftest.c >&5
configure:4117: $? = 0
configure:4126: result: yes
configure:4135: checking whether gcc accepts -g
configure:4155: gcc -c -g  conftest.c >&5
configure:4155: $? = 0
configure:4196: result: yes
configure:4213: checking for gcc option to accept ISO C89
configure:4276: gcc  -c -g -O2  conftest.c >&5
configure:4276: $? = 0
configure:4289: result: none needed
configure:4311: checking dependency style of gcc
configure:4422: result: none
configure:4437: checking whether ln -s works
configure:4441: result: yes
configure:4494: checking how to print strings
configure:4521: result: printf
configure:4542: checking for a sed that does not truncate output
configure:4606: result: /bin/sed
configure:4624: checking for grep that handles long lines and -e
configure:4682: result: /bin/grep
configure:4687: checking for egrep
configure:4749: result: /bin/grep -E
configure:4754: checking for fgrep
configure:4816: result: /bin/grep -F
configure:4851: checking for ld used by gcc
configure:4918: result: /usr/bin/ld
configure:4925: checking if the linker (/usr/bin/ld) is GNU ld
configure:4940: result: yes
configure:4952: checking for BSD- or MS-compatible name lister (nm)
configure:5001: result: /usr/bin/nm -B
configure:5131: checking the name lister (/usr/bin/nm -B) interface
configure:5138: gcc -c -g -O2  conftest.c >&5
configure:5141: /usr/bin/nm -B "conftest.o"
configure:5144: output
0000000000000000 B some_variable
configure:5151: result: BSD nm
configure:5155: checking the maximum length of command line arguments
configure:5285: result: 1572864
configure:5302: checking whether the shell understands some XSI constructs
configure:5312: result: yes
configure:5316: checking whether the shell understands "+="
configure:5322: result: yes
configure:5357: checking how to convert x86_64-unknown-linux-gnu file names to x86_64-unknown-linux-gnu format
configure:5397: result: func_convert_file_noop
configure:5404: checking how to convert x86_64-unknown-linux-gnu file names to toolchain format
configure:5424: result: func_convert_file_noop
configure:5431: checking for /usr/bin/ld option to reload object files
configure:5438: result: -r
configure:5512: checking for objdump
configure:5528: found /usr/bin/objdump
configure:5539: result: objdump
configure:5571: checking how to recognize dependent libraries
configure:5773: result: pass_all
configure:5858: checking for dlltool
configure:5888: result: no
configure:5918: checking how to associate runtime and link libraries
configure:5945: result: printf %s\n
configure:6006: checking for ar
configure:6022: found /usr/bin/ar
configure:6033: result: ar
configure:6070: checking for archiver @FILE support
configure:6087: gcc -c -g -O2  conftest.c >&5
configure:6087: $? = 0
configure:6090: ar cru libconftest.a @conftest.lst >&5
configure:6093: $? = 0
configure:6098: ar cru libconftest.a @conftest.lst >&5
ar: conftest.o: No such file or directory
configure:6101: $? = 1
configure:6113: result: @
configure:6171: checking for strip
configure:6187: found /usr/bin/strip
configure:6198: result: strip
configure:6270: checking for ranlib
configure:6286: found /usr/bin/ranlib
configure:6297: result: ranlib
configure:6399: checking command to parse /usr/bin/nm -B output from gcc object
configure:6519: gcc -c -g -O2  conftest.c >&5
configure:6522: $? = 0
configure:6526: /usr/bin/nm -B conftest.o \| sed -n -e 's/^.*[ ]\([ABCDGIRSTW][ABCDGIRSTW]*\)[ ][ ]*\([_A-Za-z][_A-Za-z0-9]*\)$/\1 \2 \2/p' | sed '/ __gnu_lto/d' \> conftest.nm
configure:6529: $? = 0
configure:6595: gcc -o conftest -g -O2   conftest.c conftstm.o >&5
configure:6598: $? = 0
configure:6636: result: ok
configure:6673: checking for sysroot
configure:6703: result: no
configure:6780: gcc -c -g -O2  conftest.c >&5
configure:6783: $? = 0
configure:6959: checking for mt
configure:6975: found /bin/mt
configure:6986: result: mt
configure:7009: checking if mt is a manifest tool
configure:7015: mt '-?'
configure:7023: result: no
configure:7665: checking how to run the C preprocessor
configure:7696: gcc -E  conftest.c
configure:7696: $? = 0
configure:7710: gcc -E  conftest.c
conftest.c:11:28: fatal error: ac_nonexistent.h: No such file or directory
 #include <ac_nonexistent.h>
                            ^
compilation terminated.
configure:7710: $? = 1
configure: failed program was:
| /* confdefs.h */
| #define PACKAGE_NAME ""
| #define PACKAGE_TARNAME ""
| #define PACKAGE_VERSION ""
| #define PACKAGE_STRING ""
| #define PACKAGE_BUGREPORT ""
| #define PACKAGE_URL ""
| #define PACKAGE "SampleICC"
| #define VERSION "1.6.8"
| /* end confdefs.h.  */
| #include <ac_nonexistent.h>
configure:7735: result: gcc -E
configure:7755: gcc -E  conftest.c
configure:7755: $? = 0
configure:7769: gcc -E  conftest.c
conftest.c:11:28: fatal error: ac_nonexistent.h: No such file or directory
 #include <ac_nonexistent.h>
                            ^
compilation terminated.
configure:7769: $? = 1
configure: failed program was:
| /* confdefs.h */
| #define PACKAGE_NAME ""
| #define PACKAGE_TARNAME ""
| #define PACKAGE_VERSION ""
| #define PACKAGE_STRING ""
| #define PACKAGE_BUGREPORT ""
| #define PACKAGE_URL ""
| #define PACKAGE "SampleICC"
| #define VERSION "1.6.8"
| /* end confdefs.h.  */
| #include <ac_nonexistent.h>
configure:7798: checking for ANSI C header files
configure:7818: gcc -c -g -O2  conftest.c >&5
configure:7818: $? = 0
configure:7891: gcc -o conftest -g -O2   conftest.c  >&5
configure:7891: $? = 0
configure:7891: ./conftest
configure:7891: $? = 0
configure:7902: result: yes
configure:7915: checking for sys/types.h
configure:7915: gcc -c -g -O2  conftest.c >&5
configure:7915: $? = 0
configure:7915: result: yes
configure:7915: checking for sys/stat.h
configure:7915: gcc -c -g -O2  conftest.c >&5
configure:7915: $? = 0
configure:7915: result: yes
configure:7915: checking for stdlib.h
configure:7915: gcc -c -g -O2  conftest.c >&5
configure:7915: $? = 0
configure:7915: result: yes
configure:7915: checking for string.h
configure:7915: gcc -c -g -O2  conftest.c >&5
configure:7915: $? = 0
configure:7915: result: yes
configure:7915: checking for memory.h
configure:7915: gcc -c -g -O2  conftest.c >&5
configure:7915: $? = 0
configure:7915: result: yes
configure:7915: checking for strings.h
configure:7915: gcc -c -g -O2  conftest.c >&5
configure:7915: $? = 0
configure:7915: result: yes
configure:7915: checking for inttypes.h
configure:7915: gcc -c -g -O2  conftest.c >&5
configure:7915: $? = 0
configure:7915: result: yes
configure:7915: checking for stdint.h
configure:7915: gcc -c -g -O2  conftest.c >&5
configure:7915: $? = 0
configure:7915: result: yes
configure:7915: checking for unistd.h
configure:7915: gcc -c -g -O2  conftest.c >&5
configure:7915: $? = 0
configure:7915: result: yes
configure:7929: checking for dlfcn.h
configure:7929: gcc -c -g -O2  conftest.c >&5
configure:7929: $? = 0
configure:7929: result: yes
configure:8146: checking for objdir
configure:8161: result: .libs
configure:8428: checking if gcc supports -fno-rtti -fno-exceptions
configure:8446: gcc -c -g -O2  -fno-rtti -fno-exceptions conftest.c >&5
cc1: warning: command line option '-fno-rtti' is valid for C++/ObjC++ but not for C [enabled by default]
configure:8450: $? = 0
configure:8463: result: no
configure:8790: checking for gcc option to produce PIC
configure:8797: result: -fPIC -DPIC
configure:8805: checking if gcc PIC flag -fPIC -DPIC works
configure:8823: gcc -c -g -O2  -fPIC -DPIC -DPIC conftest.c >&5
configure:8827: $? = 0
configure:8840: result: yes
configure:8869: checking if gcc static flag -static works
configure:8897: result: yes
configure:8912: checking if gcc supports -c -o file.o
configure:8933: gcc -c -g -O2  -o out/conftest2.o conftest.c >&5
configure:8937: $? = 0
configure:8959: result: yes
configure:8967: checking if gcc supports -c -o file.o
configure:9014: result: yes
configure:9047: checking whether the gcc linker (/usr/bin/ld -m elf_x86_64) supports shared libraries
configure:10200: result: yes
configure:10237: checking whether -lc should be explicitly linked in
configure:10245: gcc -c -g -O2  conftest.c >&5
configure:10248: $? = 0
configure:10263: gcc -shared  -fPIC -DPIC conftest.o  -v -Wl,-soname -Wl,conftest -o conftest 2\>\&1 \| /bin/grep  -lc  \>/dev/null 2\>\&1
configure:10266: $? = 0
configure:10280: result: no
configure:10440: checking dynamic linker characteristics
configure:10951: gcc -o conftest -g -O2   -Wl,-rpath -Wl,/foo conftest.c  >&5
configure:10951: $? = 0
configure:11173: result: GNU/Linux ld.so
configure:11280: checking how to hardcode library paths into programs
configure:11305: result: immediate
configure:11845: checking whether stripping libraries is possible
configure:11850: result: yes
configure:11885: checking if libtool supports shared libraries
configure:11887: result: yes
configure:11890: checking whether to build shared libraries
configure:11911: result: yes
configure:11914: checking whether to build static libraries
configure:11918: result: yes
configure:11941: checking how to run the C++ preprocessor
configure:11968: g++ -E  conftest.cpp
configure:11968: $? = 0
configure:11982: g++ -E  conftest.cpp
conftest.cpp:23:28: fatal error: ac_nonexistent.h: No such file or directory
 #include <ac_nonexistent.h>
                            ^
compilation terminated.
configure:11982: $? = 1
configure: failed program was:
| /* confdefs.h */
| #define PACKAGE_NAME ""
| #define PACKAGE_TARNAME ""
| #define PACKAGE_VERSION ""
| #define PACKAGE_STRING ""
| #define PACKAGE_BUGREPORT ""
| #define PACKAGE_URL ""
| #define PACKAGE "SampleICC"
| #define VERSION "1.6.8"
| #define STDC_HEADERS 1
| #define HAVE_SYS_TYPES_H 1
| #define HAVE_SYS_STAT_H 1
| #define HAVE_STDLIB_H 1
| #define HAVE_STRING_H 1
| #define HAVE_MEMORY_H 1
| #define HAVE_STRINGS_H 1
| #define HAVE_INTTYPES_H 1
| #define HAVE_STDINT_H 1
| #define HAVE_UNISTD_H 1
| #define HAVE_DLFCN_H 1
| #define LT_OBJDIR ".libs/"
| /* end confdefs.h.  */
| #include <ac_nonexistent.h>
configure:12007: result: g++ -E
configure:12027: g++ -E  conftest.cpp
configure:12027: $? = 0
configure:12041: g++ -E  conftest.cpp
conftest.cpp:23:28: fatal error: ac_nonexistent.h: No such file or directory
 #include <ac_nonexistent.h>
                            ^
compilation terminated.
configure:12041: $? = 1
configure: failed program was:
| /* confdefs.h */
| #define PACKAGE_NAME ""
| #define PACKAGE_TARNAME ""
| #define PACKAGE_VERSION ""
| #define PACKAGE_STRING ""
| #define PACKAGE_BUGREPORT ""
| #define PACKAGE_URL ""
| #define PACKAGE "SampleICC"
| #define VERSION "1.6.8"
| #define STDC_HEADERS 1
| #define HAVE_SYS_TYPES_H 1
| #define HAVE_SYS_STAT_H 1
| #define HAVE_STDLIB_H 1
| #define HAVE_STRING_H 1
| #define HAVE_MEMORY_H 1
| #define HAVE_STRINGS_H 1
| #define HAVE_INTTYPES_H 1
| #define HAVE_STDINT_H 1
| #define HAVE_UNISTD_H 1
| #define HAVE_DLFCN_H 1
| #define LT_OBJDIR ".libs/"
| /* end confdefs.h.  */
| #include <ac_nonexistent.h>
configure:12210: checking for ld used by g++
configure:12277: result: /usr/bin/ld -m elf_x86_64
configure:12284: checking if the linker (/usr/bin/ld -m elf_x86_64) is GNU ld
configure:12299: result: yes
configure:12354: checking whether the g++ linker (/usr/bin/ld -m elf_x86_64) supports shared libraries
configure:13359: result: yes
configure:13395: g++ -c -g -O2  conftest.cpp >&5
configure:13398: $? = 0
configure:13918: checking for g++ option to produce PIC
configure:13925: result: -fPIC -DPIC
configure:13933: checking if g++ PIC flag -fPIC -DPIC works
configure:13951: g++ -c -g -O2  -fPIC -DPIC -DPIC conftest.cpp >&5
configure:13955: $? = 0
configure:13968: result: yes
configure:13991: checking if g++ static flag -static works
configure:14019: result: yes
configure:14031: checking if g++ supports -c -o file.o
configure:14052: g++ -c -g -O2  -o out/conftest2.o conftest.cpp >&5
configure:14056: $? = 0
configure:14078: result: yes
configure:14083: checking if g++ supports -c -o file.o
configure:14130: result: yes
configure:14160: checking whether the g++ linker (/usr/bin/ld -m elf_x86_64) supports shared libraries
configure:14196: result: yes
configure:14337: checking dynamic linker characteristics
configure:15004: result: GNU/Linux ld.so
configure:15057: checking how to hardcode library paths into programs
configure:15082: result: immediate
configure:15143: checking whether make sets $(MAKE)
configure:15165: result: yes
configure:15176: checking for ANSI C header files
configure:15280: result: yes
configure:15291: checking limits.h usability
configure:15291: gcc -c -g -O2  conftest.c >&5
configure:15291: $? = 0
configure:15291: result: yes
configure:15291: checking limits.h presence
configure:15291: gcc -E  conftest.c
configure:15291: $? = 0
configure:15291: result: yes
configure:15291: checking for limits.h
configure:15291: result: yes
configure:15291: checking for unistd.h
configure:15291: result: yes
configure:15302: checking for an ANSI C-conforming const
configure:15368: gcc -c -g -O2  conftest.c >&5
configure:15368: $? = 0
configure:15375: result: yes
configure:15383: checking for inline
configure:15399: gcc -c -g -O2  conftest.c >&5
configure:15399: $? = 0
configure:15407: result: inline
configure:15425: checking for size_t
configure:15425: gcc -c -g -O2  conftest.c >&5
configure:15425: $? = 0
configure:15425: gcc -c -g -O2  conftest.c >&5
conftest.c: In function 'main':
conftest.c:62:21: error: expected expression before ')' token
 if (sizeof ((size_t)))
                     ^
configure:15425: $? = 1
configure: failed program was:
| /* confdefs.h */
| #define PACKAGE_NAME ""
| #define PACKAGE_TARNAME ""
| #define PACKAGE_VERSION ""
| #define PACKAGE_STRING ""
| #define PACKAGE_BUGREPORT ""
| #define PACKAGE_URL ""
| #define PACKAGE "SampleICC"
| #define VERSION "1.6.8"
| #define STDC_HEADERS 1
| #define HAVE_SYS_TYPES_H 1
| #define HAVE_SYS_STAT_H 1
| #define HAVE_STDLIB_H 1
| #define HAVE_STRING_H 1
| #define HAVE_MEMORY_H 1
| #define HAVE_STRINGS_H 1
| #define HAVE_INTTYPES_H 1
| #define HAVE_STDINT_H 1
| #define HAVE_UNISTD_H 1
| #define HAVE_DLFCN_H 1
| #define LT_OBJDIR ".libs/"
| #define STDC_HEADERS 1
| #define HAVE_LIMITS_H 1
| #define HAVE_UNISTD_H 1
| /* end confdefs.h.  */
| #include <stdio.h>
| #ifdef HAVE_SYS_TYPES_H
| # include <sys/types.h>
| #endif
| #ifdef HAVE_SYS_STAT_H
| # include <sys/stat.h>
| #endif
| #ifdef STDC_HEADERS
| # include <stdlib.h>
| # include <stddef.h>
| #else
| # ifdef HAVE_STDLIB_H
| #  include <stdlib.h>
| # endif
| #endif
| #ifdef HAVE_STRING_H
| # if !defined STDC_HEADERS && defined HAVE_MEMORY_H
| #  include <memory.h>
| # endif
| # include <string.h>
| #endif
| #ifdef HAVE_STRINGS_H
| # include <strings.h>
| #endif
| #ifdef HAVE_INTTYPES_H
| # include <inttypes.h>
| #endif
| #ifdef HAVE_STDINT_H
| # include <stdint.h>
| #endif
| #ifdef HAVE_UNISTD_H
| # include <unistd.h>
| #endif
| int
| main ()
| {
| if (sizeof ((size_t)))
| 	    return 0;
|   ;
|   return 0;
| }
configure:15425: result: yes
configure:15439: checking for strerror
configure:15439: gcc -o conftest -g -O2   conftest.c  >&5
configure:15439: $? = 0
configure:15439: result: yes
configure:15474: checking tiff.h usability
configure:15474: gcc -c -g -O2  -I/opt/local/include conftest.c >&5
configure:15474: $? = 0
configure:15474: result: yes
configure:15474: checking tiff.h presence
configure:15474: gcc -E  -I/opt/local/include conftest.c
configure:15474: $? = 0
configure:15474: result: yes
configure:15474: checking for tiff.h
configure:15474: result: yes
configure:15479: checking for TIFFOpen in -ltiff
configure:15504: gcc -o conftest -g -O2  -I/opt/local/include  -L/opt/local/lib conftest.c -ltiff -lm  >&5
configure:15504: $? = 0
configure:15513: result: yes
configure:15650: checking for processor-specific optimizations
configure:15656: result: 
configure:15816: checking that generated files are newer than configure
configure:15822: result: done
configure:15853: creating ./config.status

## ---------------------- ##
## Running config.status. ##
## ---------------------- ##

This file was extended by config.status, which was
generated by GNU Autoconf 2.69.  Invocation command line was

  CONFIG_FILES    = 
  CONFIG_HEADERS  = 
  CONFIG_LINKS    = 
  CONFIG_COMMANDS = 
  $ ./config.status 

on gga-laptop1

config.status:1110: creating Makefile
config.status:1110: creating sampleicc.pc
config.status:1110: creating IccProfLib/Makefile
config.status:1110: creating Tools/Makefile
config.status:1110: creating Tools/CmdLine/Makefile
config.status:1110: creating Tools/CmdLine/IccApplyNamedCmm/Makefile
config.status:1110: creating Tools/CmdLine/IccApplyProfiles/Makefile
config.status:1110: creating Tools/CmdLine/IccDumpProfile/Makefile
config.status:1110: creating Tools/CmdLine/IccGamutMapGirdle/Makefile
config.status:1096: error: cannot find input file: `Tools/CmdLine/IccGetBPCInfo/Makefile.in'

## ---------------- ##
## Cache variables. ##
## ---------------- ##

ac_cv_build=x86_64-unknown-linux-gnu
ac_cv_c_compiler_gnu=yes
ac_cv_c_const=yes
ac_cv_c_inline=inline
ac_cv_cxx_compiler_gnu=yes
ac_cv_env_CCC_set=
ac_cv_env_CCC_value=
ac_cv_env_CC_set=
ac_cv_env_CC_value=
ac_cv_env_CFLAGS_set=
ac_cv_env_CFLAGS_value=
ac_cv_env_CPPFLAGS_set=
ac_cv_env_CPPFLAGS_value=
ac_cv_env_CPP_set=
ac_cv_env_CPP_value=
ac_cv_env_CXXCPP_set=
ac_cv_env_CXXCPP_value=
ac_cv_env_CXXFLAGS_set=
ac_cv_env_CXXFLAGS_value=
ac_cv_env_CXX_set=
ac_cv_env_CXX_value=
ac_cv_env_LDFLAGS_set=
ac_cv_env_LDFLAGS_value=
ac_cv_env_LIBS_set=
ac_cv_env_LIBS_value=
ac_cv_env_build_alias_set=
ac_cv_env_build_alias_value=
ac_cv_env_host_alias_set=
ac_cv_env_host_alias_value=
ac_cv_env_target_alias_set=
ac_cv_env_target_alias_value=
ac_cv_func_strerror=yes
ac_cv_header_dlfcn_h=yes
ac_cv_header_inttypes_h=yes
ac_cv_header_limits_h=yes
ac_cv_header_memory_h=yes
ac_cv_header_stdc=yes
ac_cv_header_stdint_h=yes
ac_cv_header_stdlib_h=yes
ac_cv_header_string_h=yes
ac_cv_header_strings_h=yes
ac_cv_header_sys_stat_h=yes
ac_cv_header_sys_types_h=yes
ac_cv_header_tiff_h=yes
ac_cv_header_unistd_h=yes
ac_cv_host=x86_64-unknown-linux-gnu
ac_cv_lib_tiff_TIFFOpen=yes
ac_cv_objext=o
ac_cv_path_EGREP='/bin/grep -E'
ac_cv_path_FGREP='/bin/grep -F'
ac_cv_path_GREP=/bin/grep
ac_cv_path_SED=/bin/sed
ac_cv_path_install='/usr/bin/install -c'
ac_cv_path_mkdir=/bin/mkdir
ac_cv_prog_AWK=gawk
ac_cv_prog_CPP='gcc -E'
ac_cv_prog_CXXCPP='g++ -E'
ac_cv_prog_ac_ct_AR=ar
ac_cv_prog_ac_ct_CC=gcc
ac_cv_prog_ac_ct_CXX=g++
ac_cv_prog_ac_ct_MANIFEST_TOOL=mt
ac_cv_prog_ac_ct_OBJDUMP=objdump
ac_cv_prog_ac_ct_RANLIB=ranlib
ac_cv_prog_ac_ct_STRIP=strip
ac_cv_prog_cc_c89=
ac_cv_prog_cc_g=yes
ac_cv_prog_cxx_g=yes
ac_cv_prog_make_make_set=yes
ac_cv_target=x86_64-unknown-linux-gnu
ac_cv_type_size_t=yes
am_cv_CC_dependencies_compiler_type=none
am_cv_CXX_dependencies_compiler_type=none
lt_cv_ar_at_file=@
lt_cv_archive_cmds_need_lc=no
lt_cv_deplibs_check_method=pass_all
lt_cv_file_magic_cmd='$MAGIC_CMD'
lt_cv_file_magic_test_file=
lt_cv_ld_reload_flag=-r
lt_cv_nm_interface='BSD nm'
lt_cv_objdir=.libs
lt_cv_path_LD=/usr/bin/ld
lt_cv_path_LDCXX='/usr/bin/ld -m elf_x86_64'
lt_cv_path_NM='/usr/bin/nm -B'
lt_cv_path_mainfest_tool=no
lt_cv_prog_compiler_c_o=yes
lt_cv_prog_compiler_c_o_CXX=yes
lt_cv_prog_compiler_pic='-fPIC -DPIC'
lt_cv_prog_compiler_pic_CXX='-fPIC -DPIC'
lt_cv_prog_compiler_pic_works=yes
lt_cv_prog_compiler_pic_works_CXX=yes
lt_cv_prog_compiler_rtti_exceptions=no
lt_cv_prog_compiler_static_works=yes
lt_cv_prog_compiler_static_works_CXX=yes
lt_cv_prog_gnu_ld=yes
lt_cv_prog_gnu_ldcxx=yes
lt_cv_sharedlib_from_linklib_cmd='printf %s\n'
lt_cv_shlibpath_overrides_runpath=no
lt_cv_sys_global_symbol_pipe='sed -n -e '\''s/^.*[	 ]\([ABCDGIRSTW][ABCDGIRSTW]*\)[	 ][	 ]*\([_A-Za-z][_A-Za-z0-9]*\)$/\1 \2 \2/p'\'' | sed '\''/ __gnu_lto/d'\'''
lt_cv_sys_global_symbol_to_c_name_address='sed -n -e '\''s/^: \([^ ]*\)[ ]*$/  {\"\1\", (void *) 0},/p'\'' -e '\''s/^[ABCDGIRSTW]* \([^ ]*\) \([^ ]*\)$/  {"\2", (void *) \&\2},/p'\'''
lt_cv_sys_global_symbol_to_c_name_address_lib_prefix='sed -n -e '\''s/^: \([^ ]*\)[ ]*$/  {\"\1\", (void *) 0},/p'\'' -e '\''s/^[ABCDGIRSTW]* \([^ ]*\) \(lib[^ ]*\)$/  {"\2", (void *) \&\2},/p'\'' -e '\''s/^[ABCDGIRSTW]* \([^ ]*\) \([^ ]*\)$/  {"lib\2", (void *) \&\2},/p'\'''
lt_cv_sys_global_symbol_to_cdecl='sed -n -e '\''s/^T .* \(.*\)$/extern int \1();/p'\'' -e '\''s/^[ABCDGIRSTW]* .* \(.*\)$/extern char \1;/p'\'''
lt_cv_sys_max_cmd_len=1572864
lt_cv_to_host_file_cmd=func_convert_file_noop
lt_cv_to_tool_file_cmd=func_convert_file_noop

## ----------------- ##
## Output variables. ##
## ----------------- ##

ACLOCAL='aclocal-1.12'
AMDEPBACKSLASH='\'
AMDEP_FALSE='#'
AMDEP_TRUE=''
AMTAR='$${TAR-tar}'
AM_CFLAGS=' '
AM_CXXFLAGS=' '
AR='ar'
AUTOCONF='autoconf'
AUTOHEADER='autoheader'
AUTOMAKE='automake-1.12'
AWK='gawk'
CC='gcc'
CCDEPMODE='depmode=none'
CFLAGS='-g -O2'
CPP='gcc -E'
CPPFLAGS=''
CXX='g++'
CXXCPP='g++ -E'
CXXDEPMODE='depmode=none'
CXXFLAGS='-g -O2'
CYGPATH_W='echo'
DEFS='-DPACKAGE_NAME=\"\" -DPACKAGE_TARNAME=\"\" -DPACKAGE_VERSION=\"\" -DPACKAGE_STRING=\"\" -DPACKAGE_BUGREPORT=\"\" -DPACKAGE_URL=\"\" -DPACKAGE=\"SampleICC\" -DVERSION=\"1.6.8\" -DSTDC_HEADERS=1 -DHAVE_SYS_TYPES_H=1 -DHAVE_SYS_STAT_H=1 -DHAVE_STDLIB_H=1 -DHAVE_STRING_H=1 -DHAVE_MEMORY_H=1 -DHAVE_STRINGS_H=1 -DHAVE_INTTYPES_H=1 -DHAVE_STDINT_H=1 -DHAVE_UNISTD_H=1 -DHAVE_DLFCN_H=1 -DLT_OBJDIR=\".libs/\" -DSTDC_HEADERS=1 -DHAVE_LIMITS_H=1 -DHAVE_UNISTD_H=1 -DHAVE_STRERROR=1 -DHAVE_TIFFLIB=1'
DEPDIR='.deps'
DLLTOOL='false'
DSYMUTIL=''
DUMPBIN=''
ECHO_C=''
ECHO_N='-n'
ECHO_T=''
EGREP='/bin/grep -E'
EXEEXT=''
FGREP='/bin/grep -F'
GREP='/bin/grep'
INSTALL_DATA='${INSTALL} -m 644'
INSTALL_PROGRAM='${INSTALL}'
INSTALL_SCRIPT='${INSTALL}'
INSTALL_STRIP_PROGRAM='$(install_sh) -c -s'
LD='/usr/bin/ld -m elf_x86_64'
LDFLAGS=''
LIBOBJS=''
LIBS=''
LIBTOOL='$(SHELL) $(top_builddir)/libtool'
LIBTOOL_VERSION='2:3:0'
LIPO=''
LN_S='ln -s'
LTLIBOBJS=''
MAINT='#'
MAINTAINER_MODE_FALSE=''
MAINTAINER_MODE_TRUE='#'
MAKEINFO='makeinfo'
MANIFEST_TOOL=':'
MKDIR_P='/bin/mkdir -p'
NM='/usr/bin/nm -B'
NMEDIT=''
OBJDUMP='objdump'
OBJEXT='o'
OSX_APPLICATION_LIBS=''
OTOOL64=''
OTOOL=''
PACKAGE='SampleICC'
PACKAGE_BUGREPORT=''
PACKAGE_NAME=''
PACKAGE_STRING=''
PACKAGE_TARNAME=''
PACKAGE_URL=''
PACKAGE_VERSION=''
PATH_SEPARATOR=':'
RANLIB='ranlib'
SAMPLEICC_MAJOR_VERSION='1'
SAMPLEICC_MICRO_VERSION='8'
SAMPLEICC_MINOR_VERSION='6'
SAMPLEICC_VERSION='1.6.8'
SED='/bin/sed'
SET_MAKE=''
SHELL='/bin/bash'
SICC_ICC_APPLY_PROFILES='IccApplyProfiles'
STRIP='strip'
TIFF_CPPFLAGS='-I/opt/local/include'
TIFF_LDFLAGS='-L/opt/local/lib'
TIFF_LIBS='-ltiff'
VERSION='1.6.8'
ac_ct_AR='ar'
ac_ct_CC='gcc'
ac_ct_CXX='g++'
ac_ct_DUMPBIN=''
am__EXEEXT_FALSE=''
am__EXEEXT_TRUE='#'
am__fastdepCC_FALSE=''
am__fastdepCC_TRUE='#'
am__fastdepCXX_FALSE=''
am__fastdepCXX_TRUE='#'
am__include='include'
am__isrc=''
am__leading_dot='.'
am__nodep='_no'
am__quote=''
am__tar='$${TAR-tar} chof - "$$tardir"'
am__untar='$${TAR-tar} xf -'
bindir='${exec_prefix}/bin'
build='x86_64-unknown-linux-gnu'
build_alias=''
build_cpu='x86_64'
build_os='linux-gnu'
build_vendor='unknown'
datadir='${datarootdir}'
datarootdir='${prefix}/share'
docdir='${datarootdir}/doc/${PACKAGE}'
dvidir='${docdir}'
exec_prefix='${prefix}'
host='x86_64-unknown-linux-gnu'
host_alias=''
host_cpu='x86_64'
host_os='linux-gnu'
host_vendor='unknown'
htmldir='${docdir}'
includedir='${prefix}/include'
infodir='${datarootdir}/info'
install_sh='${SHELL} /media/Linux/code/lib/SampleICC-1.6.10/install-sh'
libdir='${exec_prefix}/lib'
libexecdir='${exec_prefix}/libexec'
localedir='${datarootdir}/locale'
localstatedir='${prefix}/var'
mandir='${datarootdir}/man'
mkdir_p='/bin/mkdir -p'
oldincludedir='/usr/include'
pdfdir='${docdir}'
prefix='/usr/local'
program_transform_name='s,x,x,'
psdir='${docdir}'
sbindir='${exec_prefix}/sbin'
sharedstatedir='${prefix}/com'
sysconfdir='${prefix}/etc'
target='x86_64-unknown-linux-gnu'
target_alias=''
target_cpu='x86_64'
target_os='linux-gnu'
target_vendor='unknown'

## ----------- ##
## confdefs.h. ##
## ----------- ##

/* confdefs.h */
#define PACKAGE_NAME ""
#define PACKAGE_TARNAME ""
#define PACKAGE_VERSION ""
#define PACKAGE_STRING ""
#define PACKAGE_BUGREPORT ""
#define PACKAGE_URL ""
#define PACKAGE "SampleICC"
#define VERSION "1.6.8"
#define STDC_HEADERS 1
#define HAVE_SYS_TYPES_H 1
#define HAVE_SYS_STAT_H 1
#define HAVE_STDLIB_H 1
#define HAVE_STRING_H 1
#define HAVE_MEMORY_H 1
#define HAVE_STRINGS_H 1
#define HAVE_INTTYPES_H 1
#define HAVE_STDINT_H 1
#define HAVE_UNISTD_H 1
#define HAVE_DLFCN_H 1
#define LT_OBJDIR ".libs/"
#define STDC_HEADERS 1
#define HAVE_LIMITS_H 1
#define HAVE_UNISTD_H 1
#define HAVE_STRERROR 1
#define HAVE_TIFFLIB 1

configure: exit 1
