C:\Program Files (x86)\MSBuild\Microsoft.Cpp\v4.0\V140\Microsoft.CppBuild.targets(1189,5): warning MSB8012: TargetPath(d:\code\applications\mrViewer\dependencies\SampleICC-1.6.10\Build\MSVC\x64\Release\IccV4ToMPE.exe) does not match the Linker's OutputFile property value (d:\code\applications\mrViewer\dependencies\SampleICC-1.6.10\Tools\CmdLine\IccV4ToMPE\Release\IccV4ToMpe.exe). This may cause your project to build incorrectly. To correct this, please make sure that $(OutDir), $(TargetName) and $(TargetExt) property values match the value specified in %(Link.OutputFile).
IccProfLib.lib(IccProfile.obj) : error LNK2038: mismatch detected for 'RuntimeLibrary': value 'MD_DynamicRelease' doesn't match value 'MT_StaticRelease' in IccV4ToMpe.obj
IccProfLib.lib(IccTagLut.obj) : error LNK2038: mismatch detected for 'RuntimeLibrary': value 'MD_DynamicRelease' doesn't match value 'MT_StaticRelease' in IccV4ToMpe.obj
IccProfLib.lib(IccTagMPE.obj) : error LNK2038: mismatch detected for 'RuntimeLibrary': value 'MD_DynamicRelease' doesn't match value 'MT_StaticRelease' in IccV4ToMpe.obj
IccProfLib.lib(IccMpeBasic.obj) : error LNK2038: mismatch detected for 'RuntimeLibrary': value 'MD_DynamicRelease' doesn't match value 'MT_StaticRelease' in IccV4ToMpe.obj
IccProfLib.lib(IccIO.obj) : error LNK2038: mismatch detected for 'RuntimeLibrary': value 'MD_DynamicRelease' doesn't match value 'MT_StaticRelease' in IccV4ToMpe.obj
IccProfLib.lib(IccTagBasic.obj) : error LNK2038: mismatch detected for 'RuntimeLibrary': value 'MD_DynamicRelease' doesn't match value 'MT_StaticRelease' in IccV4ToMpe.obj
IccProfLib.lib(IccUtil.obj) : error LNK2038: mismatch detected for 'RuntimeLibrary': value 'MD_DynamicRelease' doesn't match value 'MT_StaticRelease' in IccV4ToMpe.obj
IccProfLib.lib(IccMpeFactory.obj) : error LNK2038: mismatch detected for 'RuntimeLibrary': value 'MD_DynamicRelease' doesn't match value 'MT_StaticRelease' in IccV4ToMpe.obj
IccProfLib.lib(IccTagFactory.obj) : error LNK2038: mismatch detected for 'RuntimeLibrary': value 'MD_DynamicRelease' doesn't match value 'MT_StaticRelease' in IccV4ToMpe.obj
IccProfLib.lib(IccMpeACS.obj) : error LNK2038: mismatch detected for 'RuntimeLibrary': value 'MD_DynamicRelease' doesn't match value 'MT_StaticRelease' in IccV4ToMpe.obj
IccProfLib.lib(IccTagProfSeqId.obj) : error LNK2038: mismatch detected for 'RuntimeLibrary': value 'MD_DynamicRelease' doesn't match value 'MT_StaticRelease' in IccV4ToMpe.obj
IccProfLib.lib(IccTagDict.obj) : error LNK2038: mismatch detected for 'RuntimeLibrary': value 'MD_DynamicRelease' doesn't match value 'MT_StaticRelease' in IccV4ToMpe.obj
LINK : warning LNK4098: defaultlib 'MSVCRT' conflicts with use of other libs; use /NODEFAULTLIB:library
IccProfLib.lib(IccMpeACS.obj) : warning LNK4049: locally defined symbol _invalid_parameter_noinfo_noreturn imported
IccProfLib.lib(IccTagProfSeqId.obj) : warning LNK4049: locally defined symbol _invalid_parameter_noinfo_noreturn imported
IccProfLib.lib(IccTagDict.obj) : warning LNK4049: locally defined symbol _invalid_parameter_noinfo_noreturn imported
IccProfLib.lib(IccTagBasic.obj) : warning LNK4049: locally defined symbol _invalid_parameter_noinfo_noreturn imported
IccProfLib.lib(IccUtil.obj) : warning LNK4049: locally defined symbol _invalid_parameter_noinfo_noreturn imported
IccProfLib.lib(IccMpeFactory.obj) : warning LNK4049: locally defined symbol _invalid_parameter_noinfo_noreturn imported
IccProfLib.lib(IccTagFactory.obj) : warning LNK4049: locally defined symbol _invalid_parameter_noinfo_noreturn imported
IccProfLib.lib(IccProfile.obj) : warning LNK4217: locally defined symbol _invalid_parameter_noinfo_noreturn imported in function "public: struct std::_List_node<struct IccTagEntry,void *> * __cdecl std::_List_alloc<struct std::_List_base_types<struct IccTagEntry,class std::allocator<struct IccTagEntry> > >::_Buynode0(struct std::_List_node<struct IccTagEntry,void *> *,struct std::_List_node<struct IccTagEntry,void *> *)" (?_Buynode0@?$_List_alloc@U?$_List_base_types@UIccTagEntry@@V?$allocator@UIccTagEntry@@@std@@@std@@@std@@QEAAPEAU?$_List_node@UIccTagEntry@@PEAX@2@PEAU32@0@Z)
IccProfLib.lib(IccTagLut.obj) : warning LNK4049: locally defined symbol _invalid_parameter_noinfo_noreturn imported
IccProfLib.lib(IccTagMPE.obj) : warning LNK4049: locally defined symbol _invalid_parameter_noinfo_noreturn imported
IccProfLib.lib(IccMpeBasic.obj) : warning LNK4049: locally defined symbol _invalid_parameter_noinfo_noreturn imported
IccProfLib.lib(IccTagDict.obj) : warning LNK4049: locally defined symbol memmove imported
IccProfLib.lib(IccTagBasic.obj) : warning LNK4049: locally defined symbol memmove imported
IccProfLib.lib(IccUtil.obj) : warning LNK4049: locally defined symbol memmove imported
IccProfLib.lib(IccMpeFactory.obj) : warning LNK4049: locally defined symbol memmove imported
IccProfLib.lib(IccTagProfSeqId.obj) : warning LNK4049: locally defined symbol memmove imported
IccProfLib.lib(IccProfile.obj) : warning LNK4217: locally defined symbol memmove imported in function "public: class std::basic_string<char,struct std::char_traits<char>,class std::allocator<char> > & __cdecl std::basic_string<char,struct std::char_traits<char>,class std::allocator<char> >::erase(unsigned __int64,unsigned __int64)" (?erase@?$basic_string@DU?$char_traits@D@std@@V?$allocator@D@2@@std@@QEAAAEAV12@_K0@Z)
IccProfLib.lib(IccTagLut.obj) : warning LNK4049: locally defined symbol memmove imported
IccProfLib.lib(IccTagMPE.obj) : warning LNK4049: locally defined symbol memmove imported
IccProfLib.lib(IccMpeBasic.obj) : warning LNK4049: locally defined symbol memmove imported
IccProfLib.lib(IccTagBasic.obj) : warning LNK4049: locally defined symbol __stdio_common_vsprintf imported
IccProfLib.lib(IccUtil.obj) : warning LNK4049: locally defined symbol __stdio_common_vsprintf imported
IccProfLib.lib(IccTagProfSeqId.obj) : warning LNK4049: locally defined symbol __stdio_common_vsprintf imported
IccProfLib.lib(IccTagDict.obj) : warning LNK4049: locally defined symbol __stdio_common_vsprintf imported
IccProfLib.lib(IccProfile.obj) : warning LNK4217: locally defined symbol __stdio_common_vsprintf imported in function sprintf
IccProfLib.lib(IccTagLut.obj) : warning LNK4049: locally defined symbol __stdio_common_vsprintf imported
IccProfLib.lib(IccTagMPE.obj) : warning LNK4049: locally defined symbol __stdio_common_vsprintf imported
IccProfLib.lib(IccMpeBasic.obj) : warning LNK4049: locally defined symbol __stdio_common_vsprintf imported
IccProfLib.lib(IccTagBasic.obj) : warning LNK4049: locally defined symbol free imported
IccProfLib.lib(IccUtil.obj) : warning LNK4049: locally defined symbol free imported
IccProfLib.lib(IccMpeACS.obj) : warning LNK4049: locally defined symbol free imported
IccProfLib.lib(IccTagDict.obj) : warning LNK4049: locally defined symbol free imported
IccProfLib.lib(IccTagLut.obj) : warning LNK4217: locally defined symbol free imported in function "public: virtual __cdecl CIccTagCurve::~CIccTagCurve(void)" (??1CIccTagCurve@@UEAA@XZ)
IccProfLib.lib(IccTagMPE.obj) : warning LNK4049: locally defined symbol free imported
IccProfLib.lib(IccMpeBasic.obj) : warning LNK4049: locally defined symbol free imported
IccProfLib.lib(IccIO.obj) : warning LNK4049: locally defined symbol free imported
IccProfLib.lib(IccTagBasic.obj) : warning LNK4049: locally defined symbol malloc imported
IccProfLib.lib(IccUtil.obj) : warning LNK4049: locally defined symbol malloc imported
IccProfLib.lib(IccMpeACS.obj) : warning LNK4049: locally defined symbol malloc imported
IccProfLib.lib(IccTagDict.obj) : warning LNK4049: locally defined symbol malloc imported
IccProfLib.lib(IccTagLut.obj) : warning LNK4217: locally defined symbol malloc imported in function "public: void __cdecl CIccTagCurve::SetSize(unsigned long,enum icTagCurveSizeInit)" (?SetSize@CIccTagCurve@@QEAAXKW4icTagCurveSizeInit@@@Z)
IccProfLib.lib(IccTagMPE.obj) : warning LNK4049: locally defined symbol malloc imported
IccProfLib.lib(IccMpeBasic.obj) : warning LNK4049: locally defined symbol malloc imported
IccProfLib.lib(IccIO.obj) : warning LNK4049: locally defined symbol malloc imported
IccProfLib.lib(IccIO.obj) : warning LNK4217: locally defined symbol fclose imported in function "public: virtual void __cdecl CIccFileIO::Close(void)" (?Close@CIccFileIO@@UEAAXXZ)
IccProfLib.lib(IccIO.obj) : warning LNK4217: locally defined symbol fflush imported in function "public: virtual long __cdecl CIccFileIO::GetLength(void)" (?GetLength@CIccFileIO@@UEAAJXZ)
IccProfLib.lib(IccIO.obj) : warning LNK4217: locally defined symbol strchr imported in function "public: bool __cdecl CIccFileIO::Open(char const *,char const *)" (?Open@CIccFileIO@@QEAA_NPEBD0@Z)
IccProfLib.lib(IccIO.obj) : warning LNK4217: locally defined symbol wcschr imported in function "public: bool __cdecl CIccFileIO::Open(wchar_t const *,wchar_t const *)" (?Open@CIccFileIO@@QEAA_NPEB_W0@Z)
IccProfLib.lib(IccUtil.obj) : warning LNK4217: locally defined symbol isprint imported in function "char const * __cdecl icGetSig(char *,unsigned long,bool)" (?icGetSig@@YAPEBDPEADK_N@Z)
IccProfLib.lib(IccProfile.obj) : error LNK2019: unresolved external symbol __imp__gmtime64 referenced in function "public: void __cdecl CIccProfile::InitHeader(void)" (?InitHeader@CIccProfile@@QEAAXXZ)
IccProfLib.lib(IccProfile.obj) : error LNK2019: unresolved external symbol __imp__time64 referenced in function "public: void __cdecl CIccProfile::InitHeader(void)" (?InitHeader@CIccProfile@@QEAAXXZ)
IccProfLib.lib(IccUtil.obj) : error LNK2001: unresolved external symbol __imp__time64
IccProfLib.lib(IccProfile.obj) : error LNK2019: unresolved external symbol __imp_strncmp referenced in function "public: enum icValidateStatus __cdecl CIccProfile::ReadValidate(class CIccIO *,class std::basic_string<char,struct std::char_traits<char>,class std::allocator<char> > &)" (?ReadValidate@CIccProfile@@QEAA?AW4icValidateStatus@@PEAVCIccIO@@AEAV?$basic_string@DU?$char_traits@D@std@@V?$allocator@D@2@@std@@@Z)
IccProfLib.lib(IccTagBasic.obj) : error LNK2001: unresolved external symbol __imp_strncmp
IccProfLib.lib(IccUtil.obj) : error LNK2001: unresolved external symbol __imp_calloc
IccProfLib.lib(IccTagDict.obj) : error LNK2001: unresolved external symbol __imp_calloc
IccProfLib.lib(IccTagLut.obj) : error LNK2001: unresolved external symbol __imp_calloc
IccProfLib.lib(IccTagMPE.obj) : error LNK2001: unresolved external symbol __imp_calloc
IccProfLib.lib(IccMpeBasic.obj) : error LNK2001: unresolved external symbol __imp_calloc
IccProfLib.lib(IccTagBasic.obj) : error LNK2001: unresolved external symbol __imp_calloc
IccProfLib.lib(IccTagLut.obj) : error LNK2019: unresolved external symbol __imp_realloc referenced in function "public: void __cdecl CIccTagCurve::SetSize(unsigned long,enum icTagCurveSizeInit)" (?SetSize@CIccTagCurve@@QEAAXKW4icTagCurveSizeInit@@@Z)
IccProfLib.lib(IccTagBasic.obj) : error LNK2001: unresolved external symbol __imp_realloc
IccProfLib.lib(IccUtil.obj) : error LNK2001: unresolved external symbol __imp_realloc
IccProfLib.lib(IccTagDict.obj) : error LNK2001: unresolved external symbol __imp_realloc
IccProfLib.lib(IccIO.obj) : error LNK2019: unresolved external symbol __imp__wfopen referenced in function "public: bool __cdecl CIccFileIO::Open(wchar_t const *,wchar_t const *)" (?Open@CIccFileIO@@QEAA_NPEB_W0@Z)
IccProfLib.lib(IccIO.obj) : error LNK2019: unresolved external symbol __imp_fopen referenced in function "public: bool __cdecl CIccFileIO::Open(char const *,char const *)" (?Open@CIccFileIO@@QEAA_NPEBD0@Z)
IccProfLib.lib(IccIO.obj) : error LNK2019: unresolved external symbol __imp_fread referenced in function "public: virtual long __cdecl CIccFileIO::Read8(void *,long)" (?Read8@CIccFileIO@@UEAAJPEAXJ@Z)
IccProfLib.lib(IccIO.obj) : error LNK2019: unresolved external symbol __imp_fseek referenced in function "public: virtual long __cdecl CIccFileIO::GetLength(void)" (?GetLength@CIccFileIO@@UEAAJXZ)
IccProfLib.lib(IccIO.obj) : error LNK2019: unresolved external symbol __imp_ftell referenced in function "public: virtual long __cdecl CIccFileIO::GetLength(void)" (?GetLength@CIccFileIO@@UEAAJXZ)
IccProfLib.lib(IccIO.obj) : error LNK2019: unresolved external symbol __imp_fwrite referenced in function "public: virtual long __cdecl CIccFileIO::Write8(void *,long)" (?Write8@CIccFileIO@@UEAAJPEAXJ@Z)
IccProfLib.lib(IccTagBasic.obj) : error LNK2019: unresolved external symbol __imp_strncpy referenced in function "public: void __cdecl CIccTagNamedColor2::SetPrefix(char const *)" (?SetPrefix@CIccTagNamedColor2@@QEAAXPEBD@Z)
IccProfLib.lib(IccUtil.obj) : error LNK2001: unresolved external symbol __imp_strncpy
IccProfLib.lib(IccTagBasic.obj) : error LNK2019: unresolved external symbol __imp_stricmp referenced in function "public: long __cdecl CIccTagNamedColor2::FindRootColor(char const *)const " (?FindRootColor@CIccTagNamedColor2@@QEBAJPEBD@Z)
OLDNAMES.lib(stricmp.obi) : error LNK2001: unresolved external symbol __imp_stricmp
IccProfLib.lib(IccUtil.obj) : error LNK2019: unresolved external symbol __imp___stdio_common_vsscanf referenced in function sscanf
IccProfLib.lib(IccUtil.obj) : error LNK2019: unresolved external symbol __imp__localtime64 referenced in function "public: enum icValidateStatus __cdecl CIccInfo::CheckData(class std::basic_string<char,struct std::char_traits<char>,class std::allocator<char> > &,struct icDateTimeNumber const &)" (?CheckData@CIccInfo@@QEAA?AW4icValidateStatus@@AEAV?$basic_string@DU?$char_traits@D@std@@V?$allocator@D@2@@std@@AEBUicDateTimeNumber@@@Z)
OLDNAMES.lib(stricmp.obi) : error LNK2001: unresolved external symbol __imp__stricmp
.\Release/IccV4ToMpe.exe : fatal error LNK1120: 16 unresolved externals
