  IccV4ToMpe.cpp
IccProfLib.lib(IccProfile.obj) : error LNK2038: mismatch detected for 'RuntimeLibrary': value 'MD_DynamicRelease' doesn't match value 'MT_StaticRelease' in IccV4ToMpe.obj
IccProfLib.lib(IccTagLut.obj) : error LNK2038: mismatch detected for 'RuntimeLibrary': value 'MD_DynamicRelease' doesn't match value 'MT_StaticRelease' in IccV4ToMpe.obj
IccProfLib.lib(IccTagMPE.obj) : error LNK2038: mismatch detected for 'RuntimeLibrary': value 'MD_DynamicRelease' doesn't match value 'MT_StaticRelease' in IccV4ToMpe.obj
IccProfLib.lib(IccMpeBasic.obj) : error LNK2038: mismatch detected for 'RuntimeLibrary': value 'MD_DynamicRelease' doesn't match value 'MT_StaticRelease' in IccV4ToMpe.obj
IccProfLib.lib(IccIO.obj) : error LNK2038: mismatch detected for 'RuntimeLibrary': value 'MD_DynamicRelease' doesn't match value 'MT_StaticRelease' in IccV4ToMpe.obj
IccProfLib.lib(IccTagBasic.obj) : error LNK2038: mismatch detected for 'RuntimeLibrary': value 'MD_DynamicRelease' doesn't match value 'MT_StaticRelease' in IccV4ToMpe.obj
IccProfLib.lib(IccUtil.obj) : error LNK2038: mismatch detected for 'RuntimeLibrary': value 'MD_DynamicRelease' doesn't match value 'MT_StaticRelease' in IccV4ToMpe.obj
IccProfLib.lib(IccMpeFactory.obj) : error LNK2038: mismatch detected for 'RuntimeLibrary': value 'MD_DynamicRelease' doesn't match value 'MT_StaticRelease' in IccV4ToMpe.obj
IccProfLib.lib(IccTagFactory.obj) : error LNK2038: mismatch detected for 'RuntimeLibrary': value 'MD_DynamicRelease' doesn't match value 'MT_StaticRelease' in IccV4ToMpe.obj
IccProfLib.lib(IccMpeACS.obj) : error LNK2038: mismatch detected for 'RuntimeLibrary': value 'MD_DynamicRelease' doesn't match value 'MT_StaticRelease' in IccV4ToMpe.obj
IccProfLib.lib(IccTagProfSeqId.obj) : error LNK2038: mismatch detected for 'RuntimeLibrary': value 'MD_DynamicRelease' doesn't match value 'MT_StaticRelease' in IccV4ToMpe.obj
IccProfLib.lib(IccTagDict.obj) : error LNK2038: mismatch detected for 'RuntimeLibrary': value 'MD_DynamicRelease' doesn't match value 'MT_StaticRelease' in IccV4ToMpe.obj
libcpmt.lib(xthrow.obj) : error LNK2038: mismatch detected for '_MSC_VER': value '1700' doesn't match value '1800' in IccV4ToMpe.obj
libcpmt.lib(syserror.obj) : error LNK2038: mismatch detected for '_MSC_VER': value '1700' doesn't match value '1800' in IccV4ToMpe.obj
libcpmt.lib(newaop.obj) : error LNK2038: mismatch detected for '_MSC_VER': value '1700' doesn't match value '1800' in IccV4ToMpe.obj
msvcprt.lib(MSVCP120.dll) : error LNK2005: "void __cdecl std::_Xbad_alloc(void)" (?_Xbad_alloc@std@@YAXXZ) already defined in libcpmt.lib(xthrow.obj)
msvcprt.lib(MSVCP120.dll) : error LNK2005: "void __cdecl std::_Xlength_error(char const *)" (?_Xlength_error@std@@YAXPBD@Z) already defined in libcpmt.lib(xthrow.obj)
msvcprt.lib(MSVCP120.dll) : error LNK2005: "void __cdecl std::_Xout_of_range(char const *)" (?_Xout_of_range@std@@YAXPBD@Z) already defined in libcpmt.lib(xthrow.obj)
msvcprt.lib(MSVCP120.dll) : error LNK2005: "char const * __cdecl std::_Syserror_map(int)" (?_Syserror_map@std@@YAPBDH@Z) already defined in libcpmt.lib(syserror.obj)
msvcprt.lib(MSVCP120.dll) : error LNK2005: "char const * __cdecl std::_Winerror_map(int)" (?_Winerror_map@std@@YAPBDH@Z) already defined in libcpmt.lib(syserror.obj)
MSVCRT.lib(MSVCR120.dll) : error LNK2005: _memmove already defined in LIBCMT.lib(memmove.obj)
MSVCRT.lib(MSVCR120.dll) : error LNK2005: __hypot already defined in LIBCMT.lib(hypot.obj)
MSVCRT.lib(MSVCR120.dll) : error LNK2005: _free already defined in LIBCMT.lib(free.obj)
MSVCRT.lib(MSVCR120.dll) : error LNK2005: _malloc already defined in LIBCMT.lib(malloc.obj)
MSVCRT.lib(MSVCR120.dll) : error LNK2005: _realloc already defined in LIBCMT.lib(realloc.obj)
MSVCRT.lib(MSVCR120.dll) : error LNK2005: _fclose already defined in LIBCMT.lib(fclose.obj)
MSVCRT.lib(MSVCR120.dll) : error LNK2005: _fflush already defined in LIBCMT.lib(fflush.obj)
MSVCRT.lib(MSVCR120.dll) : error LNK2005: _wcschr already defined in LIBCMT.lib(wcschr.obj)
MSVCRT.lib(MSVCR120.dll) : error LNK2005: _isprint already defined in LIBCMT.lib(_ctype.obj)
MSVCRT.lib(ti_inst.obj) : error LNK2005: "private: __thiscall type_info::type_info(class type_info const &)" (??0type_info@@AAE@ABV0@@Z) already defined in LIBCMT.lib(typinfo.obj)
MSVCRT.lib(ti_inst.obj) : error LNK2005: "private: class type_info & __thiscall type_info::operator=(class type_info const &)" (??4type_info@@AAEAAV0@ABV0@@Z) already defined in LIBCMT.lib(typinfo.obj)
LINK : warning LNK4098: defaultlib 'MSVCRT' conflicts with use of other libs; use /NODEFAULTLIB:library
.\Release/IccV4ToMpe.exe : fatal error LNK1169: one or more multiply defined symbols found
