C:\Program Files (x86)\MSBuild\Microsoft.Cpp\v4.0\V140\Microsoft.CppBuild.targets(392,5): warning MSB8028: The intermediate directory (x64\Release\) contains files shared from another project (arc.vcxproj, ask.vcxproj, bitmap.vcxproj, boxtype.vcxproj, browser.vcxproj, button.vcxproj, buttons.vcxproj, checkers.vcxproj, clock.vcxproj, color_chooser.vcxproj, CubeView.vcxproj, cursor.vcxproj, curve.vcxproj, demo.vcxproj, drawing.vcxproj, editor.vcxproj, file_chooser.vcxproj, fltk.vcxproj, fltkdll_glut.vcxproj, fltkdll_images.vcxproj, fltkdll_opengl.vcxproj, fltk_glut.vcxproj, fltk_images.vcxproj, fltk_opengl.vcxproj, fluid.vcxproj, fluid_wdll.vcxproj, fonts.vcxproj, fractals.vcxproj, glpuzzle.vcxproj, hello.vcxproj, help.vcxproj, image.vcxproj, inactive.vcxproj, input.vcxproj, keyboard.vcxproj, label.vcxproj, libjpeg.vcxproj, libpng.vcxproj, line_style.vcxproj, mandelbrot.vcxproj, menubar.vcxproj, message.vcxproj, navigation.vcxproj, output.vcxproj, pack.vcxproj, qubix.vcxproj, radio.vcxproj, resize.vcxproj, size_range.vcxproj, symbols.vcxproj, tabs.vcxproj, tile.vcxproj, valuators.vcxproj, wizard.vcxproj, zlib.vcxproj).  This can lead to incorrect clean and rebuild behavior.
  addarc.cxx
..\..\src\addarc.cxx(123): warning C4244: 'argument': conversion from '__int64' to 'int', possible loss of data
  addcurve.cxx
..\..\src\addcurve.cxx(113): warning C4244: 'argument': conversion from '__int64' to 'int', possible loss of data
  add_idle.cxx
  Adjuster.cxx
d:\code\applications\mrviewer\dependencies\fltk-2.0-win64\fltk\Widget.h(123): warning C4311: 'type cast': pointer truncation from 'void *const ' to 'long'
d:\code\applications\mrviewer\dependencies\fltk-2.0-win64\fltk\Widget.h(123): warning C4302: 'type cast': truncation from 'void *const ' to 'long'
  AlignGroup.cxx
d:\code\applications\mrviewer\dependencies\fltk-2.0-win64\fltk\Widget.h(123): warning C4311: 'type cast': pointer truncation from 'void *const ' to 'long'
d:\code\applications\mrviewer\dependencies\fltk-2.0-win64\fltk\Widget.h(123): warning C4302: 'type cast': truncation from 'void *const ' to 'long'
  args.cxx
d:\code\applications\mrviewer\dependencies\fltk-2.0-win64\fltk\Widget.h(123): warning C4311: 'type cast': pointer truncation from 'void *const ' to 'long'
d:\code\applications\mrviewer\dependencies\fltk-2.0-win64\fltk\Widget.h(123): warning C4302: 'type cast': truncation from 'void *const ' to 'long'
  BarGroup.cxx
d:\code\applications\mrviewer\dependencies\fltk-2.0-win64\fltk\Widget.h(123): warning C4311: 'type cast': pointer truncation from 'void *const ' to 'long'
d:\code\applications\mrviewer\dependencies\fltk-2.0-win64\fltk\Widget.h(123): warning C4302: 'type cast': truncation from 'void *const ' to 'long'
  bmpImage.cxx
..\..\src\bmpImage.cxx(59): warning C4267: 'return': conversion from 'size_t' to 'int', possible loss of data
  Browser.cxx
d:\code\applications\mrviewer\dependencies\fltk-2.0-win64\fltk\Widget.h(123): warning C4311: 'type cast': pointer truncation from 'void *const ' to 'long'
d:\code\applications\mrviewer\dependencies\fltk-2.0-win64\fltk\Widget.h(123): warning C4302: 'type cast': truncation from 'void *const ' to 'long'
..\..\src\Browser.cxx(1800): warning C4311: '<function-style-cast>': pointer truncation from 'void *' to 'long'
..\..\src\Browser.cxx(1800): warning C4302: '<function-style-cast>': truncation from 'void *' to 'long'
..\..\src\Browser.cxx(1870): warning C4244: 'argument': conversion from 'float' to 'int', possible loss of data
  Button.cxx
d:\code\applications\mrviewer\dependencies\fltk-2.0-win64\fltk\Widget.h(123): warning C4311: 'type cast': pointer truncation from 'void *const ' to 'long'
d:\code\applications\mrviewer\dependencies\fltk-2.0-win64\fltk\Widget.h(123): warning C4302: 'type cast': truncation from 'void *const ' to 'long'
  CheckButton.cxx
d:\code\applications\mrviewer\dependencies\fltk-2.0-win64\fltk\Widget.h(123): warning C4311: 'type cast': pointer truncation from 'void *const ' to 'long'
d:\code\applications\mrviewer\dependencies\fltk-2.0-win64\fltk\Widget.h(123): warning C4302: 'type cast': truncation from 'void *const ' to 'long'
  Choice.cxx
d:\code\applications\mrviewer\dependencies\fltk-2.0-win64\fltk\Widget.h(123): warning C4311: 'type cast': pointer truncation from 'void *const ' to 'long'
d:\code\applications\mrviewer\dependencies\fltk-2.0-win64\fltk\Widget.h(123): warning C4302: 'type cast': truncation from 'void *const ' to 'long'
  clip.cxx
d:\code\applications\mrviewer\dependencies\fltk-2.0-win64\fltk\Widget.h(123): warning C4311: 'type cast': pointer truncation from 'void *const ' to 'long'
d:\code\applications\mrviewer\dependencies\fltk-2.0-win64\fltk\Widget.h(123): warning C4302: 'type cast': truncation from 'void *const ' to 'long'
  Clock.cxx
d:\code\applications\mrviewer\dependencies\fltk-2.0-win64\fltk\Widget.h(123): warning C4311: 'type cast': pointer truncation from 'void *const ' to 'long'
d:\code\applications\mrviewer\dependencies\fltk-2.0-win64\fltk\Widget.h(123): warning C4302: 'type cast': truncation from 'void *const ' to 'long'
  Color.cxx
..\..\src\Color.cxx(41): warning C4267: 'argument': conversion from 'size_t' to 'unsigned int', possible loss of data
  color_chooser.cxx
d:\code\applications\mrviewer\dependencies\fltk-2.0-win64\fltk\Widget.h(123): warning C4311: 'type cast': pointer truncation from 'void *const ' to 'long'
d:\code\applications\mrviewer\dependencies\fltk-2.0-win64\fltk\Widget.h(123): warning C4302: 'type cast': truncation from 'void *const ' to 'long'
  ComboBox.cxx
d:\code\applications\mrviewer\dependencies\fltk-2.0-win64\fltk\Widget.h(123): warning C4311: 'type cast': pointer truncation from 'void *const ' to 'long'
d:\code\applications\mrviewer\dependencies\fltk-2.0-win64\fltk\Widget.h(123): warning C4302: 'type cast': truncation from 'void *const ' to 'long'
  compose.cxx
..\..\src\compose.cxx(351): warning C4244: 'initializing': conversion from '__int64' to 'int', possible loss of data
..\..\src\compose.cxx(383): warning C4244: 'initializing': conversion from '__int64' to 'int', possible loss of data
  Cursor.cxx
d:\code\applications\mrviewer\dependencies\fltk-2.0-win64\fltk\Widget.h(123): warning C4311: 'type cast': pointer truncation from 'void *const ' to 'long'
d:\code\applications\mrviewer\dependencies\fltk-2.0-win64\fltk\Widget.h(123): warning C4302: 'type cast': truncation from 'void *const ' to 'long'
  CycleButton.cxx
d:\code\applications\mrviewer\dependencies\fltk-2.0-win64\fltk\Widget.h(123): warning C4311: 'type cast': pointer truncation from 'void *const ' to 'long'
d:\code\applications\mrviewer\dependencies\fltk-2.0-win64\fltk\Widget.h(123): warning C4302: 'type cast': truncation from 'void *const ' to 'long'
  Generating Code...
  Compiling...
  default_glyph.cxx
d:\code\applications\mrViewer\dependencies\fltk-2.0-win64\fltk/Widget.h(123): warning C4311: 'type cast': pointer truncation from 'void *const ' to 'long'
d:\code\applications\mrViewer\dependencies\fltk-2.0-win64\fltk/Widget.h(123): warning C4302: 'type cast': truncation from 'void *const ' to 'long'
  Dial.cxx
d:\code\applications\mrviewer\dependencies\fltk-2.0-win64\fltk\Widget.h(123): warning C4311: 'type cast': pointer truncation from 'void *const ' to 'long'
d:\code\applications\mrviewer\dependencies\fltk-2.0-win64\fltk\Widget.h(123): warning C4302: 'type cast': truncation from 'void *const ' to 'long'
  DiamondBox.cxx
d:\code\applications\mrViewer\dependencies\fltk-2.0-win64\fltk/Widget.h(123): warning C4311: 'type cast': pointer truncation from 'void *const ' to 'long'
d:\code\applications\mrViewer\dependencies\fltk-2.0-win64\fltk/Widget.h(123): warning C4302: 'type cast': truncation from 'void *const ' to 'long'
  dnd.cxx
d:\code\applications\mrviewer\dependencies\fltk-2.0-win64\fltk\Widget.h(123): warning C4311: 'type cast': pointer truncation from 'void *const ' to 'long'
d:\code\applications\mrviewer\dependencies\fltk-2.0-win64\fltk\Widget.h(123): warning C4302: 'type cast': truncation from 'void *const ' to 'long'
  drawtext.cxx
d:\code\applications\mrViewer\dependencies\fltk-2.0-win64\fltk/Widget.h(123): warning C4311: 'type cast': pointer truncation from 'void *const ' to 'long'
d:\code\applications\mrViewer\dependencies\fltk-2.0-win64\fltk/Widget.h(123): warning C4302: 'type cast': truncation from 'void *const ' to 'long'
..\..\src\drawtext.cxx(393): warning C4244: 'argument': conversion from '__int64' to 'int', possible loss of data
..\..\src\drawtext.cxx(396): warning C4244: 'argument': conversion from '__int64' to 'unsigned int', possible loss of data
..\..\src\drawtext.cxx(443): warning C4244: 'initializing': conversion from 'double' to 'float', possible loss of data
..\..\src\drawtext.cxx(448): warning C4244: 'initializing': conversion from 'double' to 'float', possible loss of data
..\..\src\drawtext.cxx(624): warning C4244: 'argument': conversion from '__int64' to 'unsigned int', possible loss of data
..\..\src\drawtext.cxx(627): warning C4244: 'argument': conversion from '__int64' to 'int', possible loss of data
..\..\src\drawtext.cxx(635): warning C4244: 'argument': conversion from '__int64' to 'unsigned int', possible loss of data
..\..\src\drawtext.cxx(638): warning C4244: 'argument': conversion from '__int64' to 'int', possible loss of data
  EngravedLabel.cxx
d:\code\applications\mrViewer\dependencies\fltk-2.0-win64\fltk/Widget.h(123): warning C4311: 'type cast': pointer truncation from 'void *const ' to 'long'
d:\code\applications\mrViewer\dependencies\fltk-2.0-win64\fltk/Widget.h(123): warning C4302: 'type cast': truncation from 'void *const ' to 'long'
  error.cxx
  event_key_state.cxx
  FileBrowser.cxx
d:\code\applications\mrviewer\dependencies\fltk-2.0-win64\fltk\Widget.h(123): warning C4311: 'type cast': pointer truncation from 'void *const ' to 'long'
d:\code\applications\mrviewer\dependencies\fltk-2.0-win64\fltk\Widget.h(123): warning C4302: 'type cast': truncation from 'void *const ' to 'long'
..\..\src\FileBrowser.cxx(267): warning C4267: '=': conversion from 'size_t' to 'int', possible loss of data
  FileChooser.cxx
d:\code\applications\mrviewer\dependencies\fltk-2.0-win64\fltk\Widget.h(123): warning C4311: 'type cast': pointer truncation from 'void *const ' to 'long'
d:\code\applications\mrviewer\dependencies\fltk-2.0-win64\fltk\Widget.h(123): warning C4302: 'type cast': truncation from 'void *const ' to 'long'
..\..\src\FileChooser.cxx(350): warning C4800: 'int': forcing value to bool 'true' or 'false' (performance warning)
  FileChooser2.cxx
d:\code\applications\mrviewer\dependencies\fltk-2.0-win64\fltk\Widget.h(123): warning C4311: 'type cast': pointer truncation from 'void *const ' to 'long'
d:\code\applications\mrviewer\dependencies\fltk-2.0-win64\fltk\Widget.h(123): warning C4302: 'type cast': truncation from 'void *const ' to 'long'
..\..\src\FileChooser2.cxx(737): warning C4267: '=': conversion from 'size_t' to 'int', possible loss of data
..\..\src\FileChooser2.cxx(753): warning C4267: '=': conversion from 'size_t' to 'int', possible loss of data
..\..\src\FileChooser2.cxx(792): warning C4267: 'argument': conversion from 'size_t' to 'int', possible loss of data
..\..\src\FileChooser2.cxx(792): warning C4244: 'argument': conversion from '__int64' to 'int', possible loss of data
..\..\src\FileChooser2.cxx(798): warning C4244: 'argument': conversion from '__int64' to 'int', possible loss of data
..\..\src\FileChooser2.cxx(1094): warning C4267: 'argument': conversion from 'size_t' to 'unsigned int', possible loss of data
..\..\src\FileChooser2.cxx(1095): warning C4267: 'argument': conversion from 'size_t' to 'unsigned int', possible loss of data
..\..\src\FileChooser2.cxx(1133): warning C4267: '=': conversion from 'size_t' to 'int', possible loss of data
..\..\src\FileChooser2.cxx(1338): warning C4267: 'argument': conversion from 'size_t' to 'int', possible loss of data
..\..\src\FileChooser2.cxx(1386): warning C4267: '=': conversion from 'size_t' to 'int', possible loss of data
..\..\src\FileChooser2.cxx(1387): warning C4267: '=': conversion from 'size_t' to 'int', possible loss of data
  FileIcon.cxx
d:\code\applications\mrviewer\dependencies\fltk-2.0-win64\fltk\Widget.h(123): warning C4311: 'type cast': pointer truncation from 'void *const ' to 'long'
d:\code\applications\mrviewer\dependencies\fltk-2.0-win64\fltk\Widget.h(123): warning C4302: 'type cast': truncation from 'void *const ' to 'long'
  FileInput.cxx
d:\code\applications\mrviewer\dependencies\fltk-2.0-win64\fltk\Widget.h(123): warning C4311: 'type cast': pointer truncation from 'void *const ' to 'long'
d:\code\applications\mrviewer\dependencies\fltk-2.0-win64\fltk\Widget.h(123): warning C4302: 'type cast': truncation from 'void *const ' to 'long'
..\..\src\FileInput.cxx(148): warning C4244: 'argument': conversion from '__int64' to 'int', possible loss of data
  filename_absolute.cxx
..\..\src\filename_absolute.cxx(84): warning C4267: '=': conversion from 'size_t' to 'int', possible loss of data
..\..\src\filename_absolute.cxx(108): warning C4267: '=': conversion from 'size_t' to 'int', possible loss of data
..\..\src\filename_absolute.cxx(119): warning C4267: 'return': conversion from 'size_t' to 'int', possible loss of data
..\..\src\filename_absolute.cxx(123): warning C4267: 'return': conversion from 'size_t' to 'int', possible loss of data
..\..\src\filename_absolute.cxx(143): warning C4267: 'return': conversion from 'size_t' to 'int', possible loss of data
..\..\src\filename_absolute.cxx(157): warning C4267: 'return': conversion from 'size_t' to 'int', possible loss of data
..\..\src\filename_absolute.cxx(163): warning C4267: 'return': conversion from 'size_t' to 'int', possible loss of data
..\..\src\filename_absolute.cxx(191): warning C4267: 'return': conversion from 'size_t' to 'int', possible loss of data
  filename_ext.cxx
  filename_isdir.cxx
..\..\src\filename_isdir.cxx(57): warning C4267: 'argument': conversion from 'size_t' to 'unsigned int', possible loss of data
..\..\src\filename_isdir.cxx(59): warning C4267: 'argument': conversion from 'size_t' to 'unsigned int', possible loss of data
  filename_list.cxx
  filename_match.cxx
  filename_name.cxx
  file_chooser.cxx
d:\code\applications\mrviewer\dependencies\fltk-2.0-win64\fltk\Widget.h(123): warning C4311: 'type cast': pointer truncation from 'void *const ' to 'long'
d:\code\applications\mrviewer\dependencies\fltk-2.0-win64\fltk\Widget.h(123): warning C4302: 'type cast': truncation from 'void *const ' to 'long'
..\..\src\file_chooser.cxx(180): warning C4267: 'argument': conversion from 'size_t' to 'unsigned int', possible loss of data
..\..\src\file_chooser.cxx(183): warning C4267: 'argument': conversion from 'size_t' to 'unsigned int', possible loss of data
..\..\src\file_chooser.cxx(184): warning C4267: 'argument': conversion from 'size_t' to 'unsigned int', possible loss of data
..\..\src\file_chooser.cxx(187): warning C4267: 'argument': conversion from 'size_t' to 'unsigned int', possible loss of data
..\..\src\file_chooser.cxx(190): warning C4267: 'argument': conversion from 'size_t' to 'int', possible loss of data
..\..\src\file_chooser.cxx(339): warning C4244: 'argument': conversion from '__int64' to 'unsigned int', possible loss of data
..\..\src\file_chooser.cxx(342): warning C4244: 'argument': conversion from '__int64' to 'unsigned int', possible loss of data
  Generating Code...
  Compiling...
  fillrect.cxx
  FloatInput.cxx
d:\code\applications\mrViewer\dependencies\fltk-2.0-win64\fltk/Widget.h(123): warning C4311: 'type cast': pointer truncation from 'void *const ' to 'long'
d:\code\applications\mrViewer\dependencies\fltk-2.0-win64\fltk/Widget.h(123): warning C4302: 'type cast': truncation from 'void *const ' to 'long'
  fltk_theme.cxx
d:\code\applications\mrviewer\dependencies\fltk-2.0-win64\fltk\Widget.h(123): warning C4311: 'type cast': pointer truncation from 'void *const ' to 'long'
d:\code\applications\mrviewer\dependencies\fltk-2.0-win64\fltk\Widget.h(123): warning C4302: 'type cast': truncation from 'void *const ' to 'long'
..\..\src\fltk_theme.cxx(344): warning C4305: 'argument': truncation from 'double' to 'float'
d:\code\applications\mrviewer\dependencies\fltk-2.0-win64\src\win32/fltk_theme.cxx(161): warning C4267: 'argument': conversion from 'size_t' to 'unsigned int', possible loss of data
d:\code\applications\mrviewer\dependencies\fltk-2.0-win64\src\win32/fltk_theme.cxx(174): warning C4267: 'argument': conversion from 'size_t' to 'unsigned int', possible loss of data
d:\code\applications\mrviewer\dependencies\fltk-2.0-win64\src\win32/fltk_theme.cxx(186): warning C4267: 'argument': conversion from 'size_t' to 'unsigned int', possible loss of data
  Fl_Menu_Item.cxx
d:\code\applications\mrViewer\dependencies\fltk-2.0-win64\fltk/Widget.h(123): warning C4311: 'type cast': pointer truncation from 'void *const ' to 'long'
d:\code\applications\mrViewer\dependencies\fltk-2.0-win64\fltk/Widget.h(123): warning C4302: 'type cast': truncation from 'void *const ' to 'long'
d:\code\applications\mrViewer\dependencies\fltk-2.0-win64\fltk\compat\FL/Fl_Menu_Item.H(96): warning C4311: 'type cast': pointer truncation from 'void *const ' to 'long'
d:\code\applications\mrViewer\dependencies\fltk-2.0-win64\fltk\compat\FL/Fl_Menu_Item.H(96): warning C4302: 'type cast': truncation from 'void *const ' to 'long'
..\..\src\Fl_Menu_Item.cxx(42): warning C4244: 'return': conversion from '__int64' to 'int', possible loss of data
..\..\src\Fl_Menu_Item.cxx(123): warning C4244: 'argument': conversion from '__int64' to 'int', possible loss of data
  Font.cxx
d:\code\applications\mrviewer\dependencies\fltk-2.0-win64\src\win32/Font.cxx(107): warning C4267: 'argument': conversion from 'size_t' to 'unsigned int', possible loss of data
..\..\src\Font.cxx(129): warning C4267: 'argument': conversion from 'size_t' to 'int', possible loss of data
..\..\src\Font.cxx(151): warning C4267: 'argument': conversion from 'size_t' to 'int', possible loss of data
  gifImage.cxx
  Group.cxx
d:\code\applications\mrviewer\dependencies\fltk-2.0-win64\fltk\Widget.h(123): warning C4311: 'type cast': pointer truncation from 'void *const ' to 'long'
d:\code\applications\mrviewer\dependencies\fltk-2.0-win64\fltk\Widget.h(123): warning C4302: 'type cast': truncation from 'void *const ' to 'long'
  GSave.cxx
..\..\src\GSave.cxx(86): warning C4311: 'type cast': pointer truncation from 'void *' to 'unsigned long'
..\..\src\GSave.cxx(86): warning C4302: 'type cast': truncation from 'void *' to 'unsigned long'
  HelpView.cxx
d:\code\applications\mrviewer\dependencies\fltk-2.0-win64\fltk\Widget.h(123): warning C4311: 'type cast': pointer truncation from 'void *const ' to 'long'
d:\code\applications\mrviewer\dependencies\fltk-2.0-win64\fltk\Widget.h(123): warning C4302: 'type cast': truncation from 'void *const ' to 'long'
..\..\src\HelpView.cxx(930): warning C4244: 'return': conversion from '__int64' to 'int', possible loss of data
..\..\src\HelpView.cxx(1408): warning C4244: '=': conversion from '__int64' to 'int', possible loss of data
..\..\src\HelpView.cxx(1491): warning C4244: '=': conversion from '__int64' to 'int', possible loss of data
..\..\src\HelpView.cxx(2323): warning C4390: ';': empty controlled statement found; is this the intent?
..\..\src\HelpView.cxx(2445): warning C4390: ';': empty controlled statement found; is this the intent?
..\..\src\HelpView.cxx(2668): warning C4390: ';': empty controlled statement found; is this the intent?
  HighlightButton.cxx
d:\code\applications\mrviewer\dependencies\fltk-2.0-win64\fltk\Widget.h(123): warning C4311: 'type cast': pointer truncation from 'void *const ' to 'long'
d:\code\applications\mrviewer\dependencies\fltk-2.0-win64\fltk\Widget.h(123): warning C4302: 'type cast': truncation from 'void *const ' to 'long'
  Image.cxx
d:\code\applications\mrViewer\dependencies\fltk-2.0-win64\fltk/Widget.h(123): warning C4311: 'type cast': pointer truncation from 'void *const ' to 'long'
d:\code\applications\mrViewer\dependencies\fltk-2.0-win64\fltk/Widget.h(123): warning C4302: 'type cast': truncation from 'void *const ' to 'long'
  Input.cxx
d:\code\applications\mrviewer\dependencies\fltk-2.0-win64\fltk\Widget.h(123): warning C4311: 'type cast': pointer truncation from 'void *const ' to 'long'
d:\code\applications\mrviewer\dependencies\fltk-2.0-win64\fltk\Widget.h(123): warning C4302: 'type cast': truncation from 'void *const ' to 'long'
..\..\src\Input.cxx(115): warning C4244: 'argument': conversion from '__int64' to 'int', possible loss of data
..\..\src\Input.cxx(151): warning C4244: '=': conversion from '__int64' to 'int', possible loss of data
..\..\src\Input.cxx(422): warning C4267: '=': conversion from 'size_t' to 'int', possible loss of data
..\..\src\Input.cxx(510): warning C4244: 'return': conversion from '__int64' to 'int', possible loss of data
..\..\src\Input.cxx(533): warning C4244: 'return': conversion from '__int64' to 'int', possible loss of data
..\..\src\Input.cxx(595): warning C4244: 'return': conversion from '__int64' to 'int', possible loss of data
..\..\src\Input.cxx(664): warning C4244: 'initializing': conversion from '__int64' to 'int', possible loss of data
..\..\src\Input.cxx(855): warning C4267: 'argument': conversion from 'size_t' to 'int', possible loss of data
..\..\src\Input.cxx(1049): warning C4267: 'argument': conversion from 'size_t' to 'int', possible loss of data
..\..\src\Input.cxx(1068): warning C4267: 'argument': conversion from 'size_t' to 'int', possible loss of data
..\..\src\Input.cxx(1161): warning C4244: '=': conversion from '__int64' to 'int', possible loss of data
..\..\src\Input.cxx(1173): warning C4244: '=': conversion from '__int64' to 'int', possible loss of data
..\..\src\Input.cxx(1252): warning C4244: '=': conversion from '__int64' to 'int', possible loss of data
..\..\src\Input.cxx(1264): warning C4244: '=': conversion from '__int64' to 'int', possible loss of data
  InputBrowser.cxx
d:\code\applications\mrviewer\dependencies\fltk-2.0-win64\fltk\Widget.h(123): warning C4311: 'type cast': pointer truncation from 'void *const ' to 'long'
d:\code\applications\mrviewer\dependencies\fltk-2.0-win64\fltk\Widget.h(123): warning C4302: 'type cast': truncation from 'void *const ' to 'long'
  InvisibleWidget.cxx
d:\code\applications\mrviewer\dependencies\fltk-2.0-win64\fltk\Widget.h(123): warning C4311: 'type cast': pointer truncation from 'void *const ' to 'long'
d:\code\applications\mrviewer\dependencies\fltk-2.0-win64\fltk\Widget.h(123): warning C4302: 'type cast': truncation from 'void *const ' to 'long'
  Item.cxx
d:\code\applications\mrviewer\dependencies\fltk-2.0-win64\fltk\Widget.h(123): warning C4311: 'type cast': pointer truncation from 'void *const ' to 'long'
d:\code\applications\mrviewer\dependencies\fltk-2.0-win64\fltk\Widget.h(123): warning C4302: 'type cast': truncation from 'void *const ' to 'long'
  key_name.cxx
d:\code\applications\mrViewer\dependencies\fltk-2.0-win64\fltk/Widget.h(123): warning C4311: 'type cast': pointer truncation from 'void *const ' to 'long'
d:\code\applications\mrViewer\dependencies\fltk-2.0-win64\fltk/Widget.h(123): warning C4302: 'type cast': truncation from 'void *const ' to 'long'
  LightButton.cxx
d:\code\applications\mrviewer\dependencies\fltk-2.0-win64\fltk\Widget.h(123): warning C4311: 'type cast': pointer truncation from 'void *const ' to 'long'
d:\code\applications\mrviewer\dependencies\fltk-2.0-win64\fltk\Widget.h(123): warning C4302: 'type cast': truncation from 'void *const ' to 'long'
  list_fonts.cxx
d:\code\applications\mrviewer\dependencies\fltk-2.0-win64\src\win32/list_fonts.cxx(95): warning C4267: 'argument': conversion from 'size_t' to 'unsigned int', possible loss of data
d:\code\applications\mrviewer\dependencies\fltk-2.0-win64\src\win32/list_fonts.cxx(137): warning C4267: 'argument': conversion from 'size_t' to 'unsigned int', possible loss of data
..\..\src\list_fonts.cxx(77): warning C4267: 'initializing': conversion from 'size_t' to 'int', possible loss of data
  load_plugin.cxx
..\..\src\load_plugin.cxx(30): warning C4267: 'argument': conversion from 'size_t' to 'unsigned int', possible loss of data
  lock.cxx
  Generating Code...
  Compiling...
  Menu.cxx
d:\code\applications\mrviewer\dependencies\fltk-2.0-win64\fltk\Widget.h(123): warning C4311: 'type cast': pointer truncation from 'void *const ' to 'long'
d:\code\applications\mrviewer\dependencies\fltk-2.0-win64\fltk\Widget.h(123): warning C4302: 'type cast': truncation from 'void *const ' to 'long'
  MenuBar.cxx
d:\code\applications\mrviewer\dependencies\fltk-2.0-win64\fltk\Widget.h(123): warning C4311: 'type cast': pointer truncation from 'void *const ' to 'long'
d:\code\applications\mrviewer\dependencies\fltk-2.0-win64\fltk\Widget.h(123): warning C4302: 'type cast': truncation from 'void *const ' to 'long'
  MenuWindow.cxx
d:\code\applications\mrviewer\dependencies\fltk-2.0-win64\fltk\Widget.h(123): warning C4311: 'type cast': pointer truncation from 'void *const ' to 'long'
d:\code\applications\mrviewer\dependencies\fltk-2.0-win64\fltk\Widget.h(123): warning C4302: 'type cast': truncation from 'void *const ' to 'long'
  Menu_add.cxx
d:\code\applications\mrviewer\dependencies\fltk-2.0-win64\fltk\Widget.h(123): warning C4311: 'type cast': pointer truncation from 'void *const ' to 'long'
d:\code\applications\mrviewer\dependencies\fltk-2.0-win64\fltk\Widget.h(123): warning C4302: 'type cast': truncation from 'void *const ' to 'long'
..\..\src\Menu_add.cxx(147): warning C4267: 'initializing': conversion from 'size_t' to 'int', possible loss of data
..\..\src\Menu_add.cxx(440): warning C4267: 'initializing': conversion from 'size_t' to 'int', possible loss of data
  Menu_global.cxx
d:\code\applications\mrviewer\dependencies\fltk-2.0-win64\fltk\Widget.h(123): warning C4311: 'type cast': pointer truncation from 'void *const ' to 'long'
d:\code\applications\mrviewer\dependencies\fltk-2.0-win64\fltk\Widget.h(123): warning C4302: 'type cast': truncation from 'void *const ' to 'long'
  Menu_popup.cxx
d:\code\applications\mrviewer\dependencies\fltk-2.0-win64\fltk\Widget.h(123): warning C4311: 'type cast': pointer truncation from 'void *const ' to 'long'
d:\code\applications\mrviewer\dependencies\fltk-2.0-win64\fltk\Widget.h(123): warning C4302: 'type cast': truncation from 'void *const ' to 'long'
  message.cxx
d:\code\applications\mrviewer\dependencies\fltk-2.0-win64\fltk\Widget.h(123): warning C4311: 'type cast': pointer truncation from 'void *const ' to 'long'
d:\code\applications\mrviewer\dependencies\fltk-2.0-win64\fltk\Widget.h(123): warning C4302: 'type cast': truncation from 'void *const ' to 'long'
..\..\src\message.cxx(237): warning C4244: '+=': conversion from 'float' to 'int', possible loss of data
  MultiImage.cxx
  NumericInput.cxx
d:\code\applications\mrviewer\dependencies\fltk-2.0-win64\fltk\Widget.h(123): warning C4311: 'type cast': pointer truncation from 'void *const ' to 'long'
d:\code\applications\mrviewer\dependencies\fltk-2.0-win64\fltk\Widget.h(123): warning C4302: 'type cast': truncation from 'void *const ' to 'long'
  numericsort.cxx
  Output.cxx
d:\code\applications\mrviewer\dependencies\fltk-2.0-win64\fltk\Widget.h(123): warning C4311: 'type cast': pointer truncation from 'void *const ' to 'long'
d:\code\applications\mrviewer\dependencies\fltk-2.0-win64\fltk\Widget.h(123): warning C4302: 'type cast': truncation from 'void *const ' to 'long'
  OvalBox.cxx
  overlay_rect.cxx
  own_colormap.cxx
  PackedGroup.cxx
d:\code\applications\mrviewer\dependencies\fltk-2.0-win64\fltk\Widget.h(123): warning C4311: 'type cast': pointer truncation from 'void *const ' to 'long'
d:\code\applications\mrviewer\dependencies\fltk-2.0-win64\fltk\Widget.h(123): warning C4302: 'type cast': truncation from 'void *const ' to 'long'
  path.cxx
  PlasticBox.cxx
..\..\src\PlasticBox.cxx(62): warning C4267: 'initializing': conversion from 'size_t' to 'int', possible loss of data
  PopupMenu.cxx
d:\code\applications\mrviewer\dependencies\fltk-2.0-win64\fltk\Widget.h(123): warning C4311: 'type cast': pointer truncation from 'void *const ' to 'long'
d:\code\applications\mrviewer\dependencies\fltk-2.0-win64\fltk\Widget.h(123): warning C4302: 'type cast': truncation from 'void *const ' to 'long'
  Preferences.cxx
..\..\src\Preferences.cxx(437): warning C4267: '=': conversion from 'size_t' to 'int', possible loss of data
..\..\src\Preferences.cxx(533): warning C4267: 'return': conversion from 'size_t' to 'int', possible loss of data
..\..\src\Preferences.cxx(620): warning C4244: 'initializing': conversion from '__int64' to 'int', possible loss of data
..\..\src\Preferences.cxx(640): warning C4244: 'initializing': conversion from '__int64' to 'int', possible loss of data
..\..\src\Preferences.cxx(655): warning C4267: 'initializing': conversion from 'size_t' to 'int', possible loss of data
..\..\src\Preferences.cxx(786): warning C4267: 'initializing': conversion from 'size_t' to 'int', possible loss of data
..\..\src\Preferences.cxx(792): warning C4267: 'initializing': conversion from 'size_t' to 'int', possible loss of data
..\..\src\Preferences.cxx(801): warning C4267: 'initializing': conversion from 'size_t' to 'int', possible loss of data
..\..\src\Preferences.cxx(777): warning C4390: ';': empty controlled statement found; is this the intent?
..\..\src\Preferences.cxx(778): warning C4390: ';': empty controlled statement found; is this the intent?
..\..\src\Preferences.cxx(779): warning C4390: ';': empty controlled statement found; is this the intent?
..\..\src\Preferences.cxx(1005): warning C4267: 'initializing': conversion from 'size_t' to 'int', possible loss of data
..\..\src\Preferences.cxx(1006): warning C4267: 'initializing': conversion from 'size_t' to 'int', possible loss of data
..\..\src\Preferences.cxx(1051): warning C4267: 'initializing': conversion from 'size_t' to 'int', possible loss of data
..\..\src\Preferences.cxx(1105): warning C4267: '=': conversion from 'size_t' to 'int', possible loss of data
..\..\src\Preferences.cxx(1108): warning C4267: 'initializing': conversion from 'size_t' to 'int', possible loss of data
  ProgressBar.cxx
d:\code\applications\mrviewer\dependencies\fltk-2.0-win64\fltk\Widget.h(123): warning C4311: 'type cast': pointer truncation from 'void *const ' to 'long'
d:\code\applications\mrviewer\dependencies\fltk-2.0-win64\fltk\Widget.h(123): warning C4302: 'type cast': truncation from 'void *const ' to 'long'
  Generating Code...
  Compiling...
  RadioButton.cxx
d:\code\applications\mrviewer\dependencies\fltk-2.0-win64\fltk\Widget.h(123): warning C4311: 'type cast': pointer truncation from 'void *const ' to 'long'
d:\code\applications\mrviewer\dependencies\fltk-2.0-win64\fltk\Widget.h(123): warning C4302: 'type cast': truncation from 'void *const ' to 'long'
  readimage.cxx
  RepeatButton.cxx
d:\code\applications\mrviewer\dependencies\fltk-2.0-win64\fltk\Widget.h(123): warning C4311: 'type cast': pointer truncation from 'void *const ' to 'long'
d:\code\applications\mrviewer\dependencies\fltk-2.0-win64\fltk\Widget.h(123): warning C4302: 'type cast': truncation from 'void *const ' to 'long'
  ReturnButton.cxx
d:\code\applications\mrviewer\dependencies\fltk-2.0-win64\fltk\Widget.h(123): warning C4311: 'type cast': pointer truncation from 'void *const ' to 'long'
d:\code\applications\mrviewer\dependencies\fltk-2.0-win64\fltk\Widget.h(123): warning C4302: 'type cast': truncation from 'void *const ' to 'long'
  RoundBox.cxx
..\..\src\RoundBox.cxx(146): warning C4267: 'initializing': conversion from 'size_t' to 'int', possible loss of data
  RoundedBox.cxx
  run.cxx
d:\code\applications\mrviewer\dependencies\fltk-2.0-win64\fltk\Widget.h(123): warning C4311: 'type cast': pointer truncation from 'void *const ' to 'long'
d:\code\applications\mrviewer\dependencies\fltk-2.0-win64\fltk\Widget.h(123): warning C4302: 'type cast': truncation from 'void *const ' to 'long'
..\..\src\run.cxx(131): warning C4267: 'initializing': conversion from 'size_t' to 'unsigned int', possible loss of data
d:\code\applications\mrviewer\dependencies\fltk-2.0-win64\src\win32/run.cxx(919): warning C4267: 'initializing': conversion from 'size_t' to 'int', possible loss of data
d:\code\applications\mrviewer\dependencies\fltk-2.0-win64\src\win32/run.cxx(936): warning C4244: '=': conversion from '__int64' to 'unsigned int', possible loss of data
d:\code\applications\mrviewer\dependencies\fltk-2.0-win64\src\win32/run.cxx(942): warning C4267: 'initializing': conversion from 'size_t' to 'int', possible loss of data
d:\code\applications\mrviewer\dependencies\fltk-2.0-win64\src\win32/run.cxx(960): warning C4244: '=': conversion from '__int64' to 'unsigned int', possible loss of data
d:\code\applications\mrviewer\dependencies\fltk-2.0-win64\src\win32/run.cxx(1176): warning C4267: '=': conversion from 'size_t' to 'unsigned int', possible loss of data
d:\code\applications\mrviewer\dependencies\fltk-2.0-win64\src\win32/run.cxx(1247): warning C4273: 'TrackMouseEvent': inconsistent dll linkage
  C:\Program Files (x86)\Windows Kits\8.1\Include\um\winuser.h(2658): note: see previous definition of 'TrackMouseEvent'
d:\code\applications\mrviewer\dependencies\fltk-2.0-win64\src\win32/run.cxx(1595): warning C4244: 'argument': conversion from 'WPARAM' to 'int', possible loss of data
d:\code\applications\mrviewer\dependencies\fltk-2.0-win64\src\win32/run.cxx(1837): warning C4244: 'argument': conversion from 'WPARAM' to 'UINT', possible loss of data
d:\code\applications\mrviewer\dependencies\fltk-2.0-win64\src\win32/run.cxx(2108): warning C4267: 'argument': conversion from 'size_t' to 'unsigned int', possible loss of data
d:\code\applications\mrviewer\dependencies\fltk-2.0-win64\src\win32/run.cxx(2229): warning C4267: 'argument': conversion from 'size_t' to 'unsigned int', possible loss of data
d:\code\applications\mrviewer\dependencies\fltk-2.0-win64\src\win32/run.cxx(2499): warning C4267: 'argument': conversion from 'size_t' to 'int', possible loss of data
d:\code\applications\mrviewer\dependencies\fltk-2.0-win64\src\win32/run.cxx(2601): warning C4267: 'argument': conversion from 'size_t' to 'unsigned int', possible loss of data
d:\code\applications\mrviewer\dependencies\fltk-2.0-win64\src\win32/run.cxx(2603): warning C4267: 'argument': conversion from 'size_t' to 'unsigned int', possible loss of data
d:\code\applications\mrviewer\dependencies\fltk-2.0-win64\src\win32/run.cxx(2604): warning C4267: 'argument': conversion from 'size_t' to 'unsigned int', possible loss of data
d:\code\applications\mrviewer\dependencies\fltk-2.0-win64\src\win32/run.cxx(2606): warning C4267: 'argument': conversion from 'size_t' to 'unsigned int', possible loss of data
  Scrollbar.cxx
d:\code\applications\mrviewer\dependencies\fltk-2.0-win64\fltk\Widget.h(123): warning C4311: 'type cast': pointer truncation from 'void *const ' to 'long'
d:\code\applications\mrviewer\dependencies\fltk-2.0-win64\fltk\Widget.h(123): warning C4302: 'type cast': truncation from 'void *const ' to 'long'
  ScrollGroup.cxx
d:\code\applications\mrviewer\dependencies\fltk-2.0-win64\fltk\Widget.h(123): warning C4311: 'type cast': pointer truncation from 'void *const ' to 'long'
d:\code\applications\mrviewer\dependencies\fltk-2.0-win64\fltk\Widget.h(123): warning C4302: 'type cast': truncation from 'void *const ' to 'long'
  scrollrect.cxx
d:\code\applications\mrviewer\dependencies\fltk-2.0-win64\fltk\Widget.h(123): warning C4311: 'type cast': pointer truncation from 'void *const ' to 'long'
d:\code\applications\mrviewer\dependencies\fltk-2.0-win64\fltk\Widget.h(123): warning C4302: 'type cast': truncation from 'void *const ' to 'long'
  setcolor.cxx
  setdisplay.cxx
  setvisual.cxx
  ShadowBox.cxx
  ShapedWindow.cxx
d:\code\applications\mrviewer\dependencies\fltk-2.0-win64\fltk\Widget.h(123): warning C4311: 'type cast': pointer truncation from 'void *const ' to 'long'
d:\code\applications\mrviewer\dependencies\fltk-2.0-win64\fltk\Widget.h(123): warning C4302: 'type cast': truncation from 'void *const ' to 'long'
  SharedImage.cxx
..\..\src\SharedImage.cxx(131): warning C4267: 'initializing': conversion from 'size_t' to 'int', possible loss of data
..\..\src\SharedImage.cxx(132): warning C4267: 'initializing': conversion from 'size_t' to 'int', possible loss of data
..\..\src\SharedImage.cxx(178): warning C4390: ';': empty controlled statement found; is this the intent?
  ShortcutAssignment.cxx
d:\code\applications\mrViewer\dependencies\fltk-2.0-win64\fltk/Widget.h(123): warning C4311: 'type cast': pointer truncation from 'void *const ' to 'long'
d:\code\applications\mrViewer\dependencies\fltk-2.0-win64\fltk/Widget.h(123): warning C4302: 'type cast': truncation from 'void *const ' to 'long'
..\..\src\ShortcutAssignment.cxx(123): warning C4311: '<function-style-cast>': pointer truncation from 'void *' to 'long'
..\..\src\ShortcutAssignment.cxx(123): warning C4302: '<function-style-cast>': truncation from 'void *' to 'long'
..\..\src\ShortcutAssignment.cxx(212): warning C4311: '<function-style-cast>': pointer truncation from 'void *' to 'long'
..\..\src\ShortcutAssignment.cxx(212): warning C4302: '<function-style-cast>': truncation from 'void *' to 'long'
..\..\src\ShortcutAssignment.cxx(275): warning C4311: '<function-style-cast>': pointer truncation from 'void *' to 'long'
..\..\src\ShortcutAssignment.cxx(275): warning C4302: '<function-style-cast>': truncation from 'void *' to 'long'
..\..\src\ShortcutAssignment.cxx(310): warning C4311: '<function-style-cast>': pointer truncation from 'void *' to 'long'
..\..\src\ShortcutAssignment.cxx(310): warning C4302: '<function-style-cast>': truncation from 'void *' to 'long'
  show_colormap.cxx
d:\code\applications\mrviewer\dependencies\fltk-2.0-win64\fltk\Widget.h(123): warning C4311: 'type cast': pointer truncation from 'void *const ' to 'long'
d:\code\applications\mrviewer\dependencies\fltk-2.0-win64\fltk\Widget.h(123): warning C4302: 'type cast': truncation from 'void *const ' to 'long'
  Slider.cxx
d:\code\applications\mrviewer\dependencies\fltk-2.0-win64\fltk\Widget.h(123): warning C4311: 'type cast': pointer truncation from 'void *const ' to 'long'
d:\code\applications\mrviewer\dependencies\fltk-2.0-win64\fltk\Widget.h(123): warning C4302: 'type cast': truncation from 'void *const ' to 'long'
..\..\src\Slider.cxx(306): warning C4244: '=': conversion from 'int' to 'float', possible loss of data
..\..\src\Slider.cxx(322): warning C4244: '=': conversion from 'int' to 'float', possible loss of data
..\..\src\Slider.cxx(342): warning C4244: '=': conversion from 'int' to 'float', possible loss of data
..\..\src\Slider.cxx(352): warning C4244: '=': conversion from 'int' to 'float', possible loss of data
  StatusBarGroup.cxx
d:\code\applications\mrviewer\dependencies\fltk-2.0-win64\fltk\Widget.h(123): warning C4311: 'type cast': pointer truncation from 'void *const ' to 'long'
d:\code\applications\mrviewer\dependencies\fltk-2.0-win64\fltk\Widget.h(123): warning C4302: 'type cast': truncation from 'void *const ' to 'long'
  Generating Code...
  Compiling...
  StringList.cxx
d:\code\applications\mrviewer\dependencies\fltk-2.0-win64\fltk\Widget.h(123): warning C4311: 'type cast': pointer truncation from 'void *const ' to 'long'
d:\code\applications\mrviewer\dependencies\fltk-2.0-win64\fltk\Widget.h(123): warning C4302: 'type cast': truncation from 'void *const ' to 'long'
  Style.cxx
d:\code\applications\mrViewer\dependencies\fltk-2.0-win64\fltk/Widget.h(123): warning C4311: 'type cast': pointer truncation from 'void *const ' to 'long'
d:\code\applications\mrViewer\dependencies\fltk-2.0-win64\fltk/Widget.h(123): warning C4302: 'type cast': truncation from 'void *const ' to 'long'
  StyleSet.cxx
d:\code\applications\mrViewer\dependencies\fltk-2.0-win64\fltk/Widget.h(123): warning C4311: 'type cast': pointer truncation from 'void *const ' to 'long'
d:\code\applications\mrViewer\dependencies\fltk-2.0-win64\fltk/Widget.h(123): warning C4302: 'type cast': truncation from 'void *const ' to 'long'
  Symbol.cxx
..\..\src\Symbol.cxx(96): warning C4267: 'argument': conversion from 'size_t' to 'unsigned int', possible loss of data
..\..\src\Symbol.cxx(144): warning C4267: 'argument': conversion from 'size_t' to 'unsigned int', possible loss of data
..\..\src\Symbol.cxx(149): warning C4267: 'argument': conversion from 'size_t' to 'unsigned int', possible loss of data
..\..\src\Symbol.cxx(197): warning C4267: 'argument': conversion from 'size_t' to 'unsigned int', possible loss of data
..\..\src\Symbol.cxx(222): warning C4244: 'argument': conversion from '__int64' to 'unsigned int', possible loss of data
..\..\src\Symbol.cxx(239): warning C4244: 'argument': conversion from '__int64' to 'unsigned int', possible loss of data
  TabGroup.cxx
d:\code\applications\mrviewer\dependencies\fltk-2.0-win64\fltk\Widget.h(123): warning C4311: 'type cast': pointer truncation from 'void *const ' to 'long'
d:\code\applications\mrviewer\dependencies\fltk-2.0-win64\fltk\Widget.h(123): warning C4302: 'type cast': truncation from 'void *const ' to 'long'
  TabGroup2.cxx
d:\code\applications\mrviewer\dependencies\fltk-2.0-win64\fltk\Widget.h(123): warning C4311: 'type cast': pointer truncation from 'void *const ' to 'long'
d:\code\applications\mrviewer\dependencies\fltk-2.0-win64\fltk\Widget.h(123): warning C4302: 'type cast': truncation from 'void *const ' to 'long'
  TextBuffer.cxx
..\..\src\TextBuffer.cxx(185): warning C4267: 'initializing': conversion from 'size_t' to 'int', possible loss of data
..\..\src\TextBuffer.cxx(490): warning C4267: '=': conversion from 'size_t' to 'int', possible loss of data
..\..\src\TextBuffer.cxx(1234): warning C4267: 'initializing': conversion from 'size_t' to 'int', possible loss of data
..\..\src\TextBuffer.cxx(1261): warning C4267: 'initializing': conversion from 'size_t' to 'int', possible loss of data
..\..\src\TextBuffer.cxx(1425): warning C4244: '=': conversion from '__int64' to 'int', possible loss of data
..\..\src\TextBuffer.cxx(1427): warning C4244: '=': conversion from '__int64' to 'int', possible loss of data
..\..\src\TextBuffer.cxx(1480): warning C4244: '=': conversion from '__int64' to 'int', possible loss of data
..\..\src\TextBuffer.cxx(1481): warning C4244: '=': conversion from '__int64' to 'int', possible loss of data
..\..\src\TextBuffer.cxx(1551): warning C4244: '=': conversion from '__int64' to 'int', possible loss of data
..\..\src\TextBuffer.cxx(1553): warning C4244: '=': conversion from '__int64' to 'int', possible loss of data
..\..\src\TextBuffer.cxx(1600): warning C4244: '=': conversion from '__int64' to 'int', possible loss of data
..\..\src\TextBuffer.cxx(1626): warning C4244: '=': conversion from '__int64' to 'int', possible loss of data
..\..\src\TextBuffer.cxx(1642): warning C4244: '=': conversion from '__int64' to 'int', possible loss of data
..\..\src\TextBuffer.cxx(1643): warning C4244: '=': conversion from '__int64' to 'int', possible loss of data
..\..\src\TextBuffer.cxx(1684): warning C4244: '=': conversion from '__int64' to 'int', possible loss of data
..\..\src\TextBuffer.cxx(1700): warning C4244: '=': conversion from '__int64' to 'int', possible loss of data
..\..\src\TextBuffer.cxx(1701): warning C4244: '=': conversion from '__int64' to 'int', possible loss of data
..\..\src\TextBuffer.cxx(1759): warning C4244: '=': conversion from '__int64' to 'int', possible loss of data
..\..\src\TextBuffer.cxx(1785): warning C4244: '=': conversion from '__int64' to 'int', possible loss of data
..\..\src\TextBuffer.cxx(1797): warning C4244: '=': conversion from '__int64' to 'int', possible loss of data
..\..\src\TextBuffer.cxx(1798): warning C4267: '=': conversion from 'size_t' to 'int', possible loss of data
..\..\src\TextBuffer.cxx(1876): warning C4244: '=': conversion from '__int64' to 'int', possible loss of data
..\..\src\TextBuffer.cxx(2203): warning C4267: '=': conversion from 'size_t' to 'int', possible loss of data
..\..\src\TextBuffer.cxx(2305): warning C4244: '=': conversion from '__int64' to 'int', possible loss of data
..\..\src\TextBuffer.cxx(2323): warning C4267: '=': conversion from 'size_t' to 'int', possible loss of data
..\..\src\TextBuffer.cxx(2340): warning C4267: 'initializing': conversion from 'size_t' to 'int', possible loss of data
  TextDisplay.cxx
d:\code\applications\mrviewer\dependencies\fltk-2.0-win64\fltk\Widget.h(123): warning C4311: 'type cast': pointer truncation from 'void *const ' to 'long'
d:\code\applications\mrviewer\dependencies\fltk-2.0-win64\fltk\Widget.h(123): warning C4302: 'type cast': truncation from 'void *const ' to 'long'
..\..\src\TextDisplay.cxx(633): warning C4267: '=': conversion from 'size_t' to 'int', possible loss of data
..\..\src\TextDisplay.cxx(646): warning C4267: 'initializing': conversion from 'size_t' to 'int', possible loss of data
..\..\src\TextDisplay.cxx(1551): warning C4244: 'argument': conversion from '__int64' to 'int', possible loss of data
..\..\src\TextDisplay.cxx(1579): warning C4244: 'argument': conversion from '__int64' to 'int', possible loss of data
..\..\src\TextDisplay.cxx(3103): warning C4267: 'argument': conversion from 'size_t' to 'int', possible loss of data
..\..\src\TextDisplay.cxx(3129): warning C4267: 'argument': conversion from 'size_t' to 'int', possible loss of data
  TextEditor.cxx
d:\code\applications\mrviewer\dependencies\fltk-2.0-win64\fltk\Widget.h(123): warning C4311: 'type cast': pointer truncation from 'void *const ' to 'long'
d:\code\applications\mrviewer\dependencies\fltk-2.0-win64\fltk\Widget.h(123): warning C4302: 'type cast': truncation from 'void *const ' to 'long'
..\..\src\TextEditor.cxx(191): warning C4838: conversion from 'int' to 'char' requires a narrowing conversion
..\..\src\TextEditor.cxx(360): warning C4267: 'argument': conversion from 'size_t' to 'int', possible loss of data
  ThumbWheel.cxx
d:\code\applications\mrviewer\dependencies\fltk-2.0-win64\fltk\Widget.h(123): warning C4311: 'type cast': pointer truncation from 'void *const ' to 'long'
d:\code\applications\mrviewer\dependencies\fltk-2.0-win64\fltk\Widget.h(123): warning C4302: 'type cast': truncation from 'void *const ' to 'long'
  TiledGroup.cxx
d:\code\applications\mrviewer\dependencies\fltk-2.0-win64\fltk\Widget.h(123): warning C4311: 'type cast': pointer truncation from 'void *const ' to 'long'
d:\code\applications\mrviewer\dependencies\fltk-2.0-win64\fltk\Widget.h(123): warning C4302: 'type cast': truncation from 'void *const ' to 'long'
  TiledImage.cxx
  Tooltip.cxx
d:\code\applications\mrviewer\dependencies\fltk-2.0-win64\fltk\Widget.h(123): warning C4311: 'type cast': pointer truncation from 'void *const ' to 'long'
d:\code\applications\mrviewer\dependencies\fltk-2.0-win64\fltk\Widget.h(123): warning C4302: 'type cast': truncation from 'void *const ' to 'long'
  UpBox.cxx
d:\code\applications\mrViewer\dependencies\fltk-2.0-win64\fltk/Widget.h(123): warning C4311: 'type cast': pointer truncation from 'void *const ' to 'long'
d:\code\applications\mrViewer\dependencies\fltk-2.0-win64\fltk/Widget.h(123): warning C4302: 'type cast': truncation from 'void *const ' to 'long'
  Valuator.cxx
d:\code\applications\mrviewer\dependencies\fltk-2.0-win64\fltk\Widget.h(123): warning C4311: 'type cast': pointer truncation from 'void *const ' to 'long'
d:\code\applications\mrviewer\dependencies\fltk-2.0-win64\fltk\Widget.h(123): warning C4302: 'type cast': truncation from 'void *const ' to 'long'
  ValueInput.cxx
d:\code\applications\mrviewer\dependencies\fltk-2.0-win64\fltk\Widget.h(123): warning C4311: 'type cast': pointer truncation from 'void *const ' to 'long'
d:\code\applications\mrviewer\dependencies\fltk-2.0-win64\fltk\Widget.h(123): warning C4302: 'type cast': truncation from 'void *const ' to 'long'
  ValueOutput.cxx
d:\code\applications\mrviewer\dependencies\fltk-2.0-win64\fltk\Widget.h(123): warning C4311: 'type cast': pointer truncation from 'void *const ' to 'long'
d:\code\applications\mrviewer\dependencies\fltk-2.0-win64\fltk\Widget.h(123): warning C4302: 'type cast': truncation from 'void *const ' to 'long'
  ValueSlider.cxx
d:\code\applications\mrviewer\dependencies\fltk-2.0-win64\fltk\Widget.h(123): warning C4311: 'type cast': pointer truncation from 'void *const ' to 'long'
d:\code\applications\mrviewer\dependencies\fltk-2.0-win64\fltk\Widget.h(123): warning C4302: 'type cast': truncation from 'void *const ' to 'long'
  Widget.cxx
d:\code\applications\mrViewer\dependencies\fltk-2.0-win64\fltk/Widget.h(123): warning C4311: 'type cast': pointer truncation from 'void *const ' to 'long'
d:\code\applications\mrViewer\dependencies\fltk-2.0-win64\fltk/Widget.h(123): warning C4302: 'type cast': truncation from 'void *const ' to 'long'
  WidgetAssociation.cxx
d:\code\applications\mrViewer\dependencies\fltk-2.0-win64\fltk/Widget.h(123): warning C4311: 'type cast': pointer truncation from 'void *const ' to 'long'
d:\code\applications\mrViewer\dependencies\fltk-2.0-win64\fltk/Widget.h(123): warning C4302: 'type cast': truncation from 'void *const ' to 'long'
  Generating Code...
  Compiling...
  Widget_draw.cxx
d:\code\applications\mrViewer\dependencies\fltk-2.0-win64\fltk/Widget.h(123): warning C4311: 'type cast': pointer truncation from 'void *const ' to 'long'
d:\code\applications\mrViewer\dependencies\fltk-2.0-win64\fltk/Widget.h(123): warning C4302: 'type cast': truncation from 'void *const ' to 'long'
  WinMain.cxx
  Window.cxx
d:\code\applications\mrviewer\dependencies\fltk-2.0-win64\fltk\Widget.h(123): warning C4311: 'type cast': pointer truncation from 'void *const ' to 'long'
d:\code\applications\mrviewer\dependencies\fltk-2.0-win64\fltk\Widget.h(123): warning C4302: 'type cast': truncation from 'void *const ' to 'long'
  Window_fullscreen.cxx
d:\code\applications\mrviewer\dependencies\fltk-2.0-win64\fltk\Widget.h(123): warning C4311: 'type cast': pointer truncation from 'void *const ' to 'long'
d:\code\applications\mrviewer\dependencies\fltk-2.0-win64\fltk\Widget.h(123): warning C4302: 'type cast': truncation from 'void *const ' to 'long'
  Window_hotspot.cxx
d:\code\applications\mrviewer\dependencies\fltk-2.0-win64\fltk\Widget.h(123): warning C4311: 'type cast': pointer truncation from 'void *const ' to 'long'
d:\code\applications\mrviewer\dependencies\fltk-2.0-win64\fltk\Widget.h(123): warning C4302: 'type cast': truncation from 'void *const ' to 'long'
  Window_iconize.cxx
d:\code\applications\mrviewer\dependencies\fltk-2.0-win64\fltk\Widget.h(123): warning C4311: 'type cast': pointer truncation from 'void *const ' to 'long'
d:\code\applications\mrviewer\dependencies\fltk-2.0-win64\fltk\Widget.h(123): warning C4302: 'type cast': truncation from 'void *const ' to 'long'
  WizardGroup.cxx
d:\code\applications\mrviewer\dependencies\fltk-2.0-win64\fltk\Widget.h(123): warning C4311: 'type cast': pointer truncation from 'void *const ' to 'long'
d:\code\applications\mrviewer\dependencies\fltk-2.0-win64\fltk\Widget.h(123): warning C4302: 'type cast': truncation from 'void *const ' to 'long'
  xbmImage.cxx
  xpmImage.cxx
  Generating Code...
  dump_compose.c
..\..\src\dump_compose.c(17): warning C4477: 'printf' : format string '%c' requires an argument of type 'int', but variadic argument 2 has type '__int64'
..\..\src\dump_compose.c(20): warning C4477: 'printf' : format string '%c' requires an argument of type 'int', but variadic argument 3 has type '__int64'
  scandir.c
d:\code\applications\mrviewer\dependencies\fltk-2.0-win64\src\win32/scandir.c(54): warning C4267: '=': conversion from 'size_t' to 'unsigned int', possible loss of data
d:\code\applications\mrviewer\dependencies\fltk-2.0-win64\src\win32/scandir.c(71): warning C4267: 'function': conversion from 'size_t' to 'unsigned int', possible loss of data
d:\code\applications\mrviewer\dependencies\fltk-2.0-win64\src\win32/scandir.c(89): warning C4267: 'function': conversion from 'size_t' to 'unsigned int', possible loss of data
  string.c
  utf.c
  vsnprintf.c
  Generating Code...
C:\Program Files (x86)\MSBuild\Microsoft.Cpp\v4.0\V140\Microsoft.CppBuild.targets(1189,5): warning MSB8012: TargetPath(d:\code\applications\mrViewer\dependencies\fltk-2.0-win64\ide\vcnet\x64\Release\fltkdll.dll) does not match the Linker's OutputFile property value (d:\code\applications\mrViewer\dependencies\fltk-2.0-win64\lib\fltk2dll.dll). This may cause your project to build incorrectly. To correct this, please make sure that $(OutDir), $(TargetName) and $(TargetExt) property values match the value specified in %(Link.OutputFile).
C:\Program Files (x86)\MSBuild\Microsoft.Cpp\v4.0\V140\Microsoft.CppBuild.targets(1191,5): warning MSB8012: TargetName(fltkdll) does not match the Linker's OutputFile property value (fltk2dll). This may cause your project to build incorrectly. To correct this, please make sure that $(OutDir), $(TargetName) and $(TargetExt) property values match the value specified in %(Link.OutputFile).
     Creating library .\..\..\lib/fltk2dll.lib and object .\..\..\lib/fltk2dll.exp
  fltkdll.vcxproj -> d:\code\applications\mrViewer\dependencies\fltk-2.0-win64\ide\vcnet\x64\Release\fltkdll.dll
  fltkdll.vcxproj -> fltkdll.pdb (Full PDB)
