C:\Program Files (x86)\MSBuild\Microsoft.Cpp\v4.0\V140\Microsoft.CppBuild.targets(392,5): warning MSB8028: The intermediate directory (x64\Release\) contains files shared from another project (arc.vcxproj, ask.vcxproj, bitmap.vcxproj, boxtype.vcxproj, browser.vcxproj, button.vcxproj, buttons.vcxproj, checkers.vcxproj, clock.vcxproj, color_chooser.vcxproj, CubeView.vcxproj, cursor.vcxproj, curve.vcxproj, demo.vcxproj, drawing.vcxproj, editor.vcxproj, file_chooser.vcxproj, fltk.vcxproj, fltkdll.vcxproj, fltkdll_glut.vcxproj, fltkdll_images.vcxproj, fltkdll_opengl.vcxproj, fltk_glut.vcxproj, fltk_images.vcxproj, fltk_opengl.vcxproj, fluid.vcxproj, fluid_wdll.vcxproj, fonts.vcxproj, fractals.vcxproj, glpuzzle.vcxproj, hello.vcxproj, image.vcxproj, inactive.vcxproj, input.vcxproj, keyboard.vcxproj, label.vcxproj, libjpeg.vcxproj, libpng.vcxproj, line_style.vcxproj, mandelbrot.vcxproj, menubar.vcxproj, message.vcxproj, navigation.vcxproj, output.vcxproj, pack.vcxproj, qubix.vcxproj, radio.vcxproj, resize.vcxproj, size_range.vcxproj, symbols.vcxproj, tabs.vcxproj, tile.vcxproj, valuators.vcxproj, wizard.vcxproj, zlib.vcxproj).  This can lead to incorrect clean and rebuild behavior.
  help.cxx
d:\code\applications\mrviewer\dependencies\fltk-2.0-win64\fltk\Widget.h(123): warning C4311: 'type cast': pointer truncation from 'void *const ' to 'long'
C:\Program Files (x86)\MSBuild\Microsoft.Cpp\v4.0\V140\Microsoft.CppBuild.targets(1189,5): warning MSB8012: TargetPath(d:\code\applications\mrViewer\dependencies\fltk-2.0-win64\ide\vcnet\x64\Release\help.exe) does not match the Linker's OutputFile property value (d:\code\applications\mrViewer\dependencies\fltk-2.0-win64\test\help.exe). This may cause your project to build incorrectly. To correct this, please make sure that $(OutDir), $(TargetName) and $(TargetExt) property values match the value specified in %(Link.OutputFile).
LINK : warning LNK4098: defaultlib 'MSVCRT' conflicts with use of other libs; use /NODEFAULTLIB:library
fltk2_images.lib(HelpDialog.obj) : warning LNK4217: locally defined symbol memmove imported in function "private: void __cdecl fltk::HelpDialog::cb_view__i(class fltk::HelpView *,void *)" (?cb_view__i@HelpDialog@fltk@@AEAAXPEAVHelpView@2@PEAX@Z)
fltk2.lib(Input.obj) : warning LNK4217: locally defined symbol memmove imported in function "public: void __cdecl fltk::Input::draw(class fltk::Rectangle const &)" (?draw@Input@fltk@@QEAAXAEBVRectangle@2@@Z)
fltk2.lib(Font.obj) : warning LNK4049: locally defined symbol memmove imported
fltk2.lib(SharedImage.obj) : warning LNK4217: locally defined symbol memmove imported in function "public: static char const * __cdecl fltk::SharedImage::get_filename(char const *)" (?get_filename@SharedImage@fltk@@SAPEBDPEBD@Z)
fltk2_images.lib(xpmFileImage.obj) : warning LNK4217: locally defined symbol isupper imported in function "int __cdecl hexdigit(int)" (?hexdigit@@YAHH@Z)
fltk2_images.lib(xpmFileImage.obj) : warning LNK4217: locally defined symbol islower imported in function "int __cdecl hexdigit(int)" (?hexdigit@@YAHH@Z)
fltk2_images.lib(xpmFileImage.obj) : warning LNK4217: locally defined symbol isdigit imported in function "int __cdecl hexdigit(int)" (?hexdigit@@YAHH@Z)
fltk2.lib(HelpView.obj) : warning LNK4049: locally defined symbol isdigit imported
fltk2.lib(Symbol.obj) : warning LNK4217: locally defined symbol isdigit imported in function "void __cdecl init_symbols(void)" (?init_symbols@@YAXXZ)
fltk2.lib(SharedImage.obj) : warning LNK4049: locally defined symbol fclose imported
fltk2.lib(gifImage.obj) : warning LNK4217: locally defined symbol fclose imported in function "public: static bool __cdecl fltk::gifImage::test(unsigned char const *,unsigned int)" (?test@gifImage@fltk@@SA_NPEBEI@Z)
fltk2.lib(bmpImage.obj) : warning LNK4217: locally defined symbol fclose imported in function "public: static bool __cdecl fltk::bmpImage::test(unsigned char const *,unsigned int)" (?test@bmpImage@fltk@@SA_NPEBEI@Z)
fltk2_images.lib(xpmFileImage.obj) : warning LNK4217: locally defined symbol fclose imported in function "char * * __cdecl read(char *,int)" (?read@@YAPEAPEADPEADH@Z)
fltk2_images.lib(fl_jpeg.obj) : warning LNK4217: locally defined symbol fclose imported in function "public: virtual bool __cdecl fltk::jpegImage::fetch(void)" (?fetch@jpegImage@fltk@@UEAA_NXZ)
fltk2_images.lib(fl_png.obj) : warning LNK4217: locally defined symbol fclose imported in function "public: virtual bool __cdecl fltk::pngImage::fetch(void)" (?fetch@pngImage@fltk@@UEAA_NXZ)
fltk2.lib(HelpView.obj) : warning LNK4049: locally defined symbol fclose imported
fltk2_images.lib(xpmFileImage.obj) : warning LNK4217: locally defined symbol free imported in function "public: virtual bool __cdecl fltk::xpmFileImage::fetch(void)" (?fetch@xpmFileImage@fltk@@UEAA_NXZ)
fltk2_images.lib(fl_png.obj) : warning LNK4217: locally defined symbol free imported in function "public: virtual bool __cdecl fltk::pngImage::fetch(void)" (?fetch@pngImage@fltk@@UEAA_NXZ)
fltk2.lib(HelpView.obj) : warning LNK4049: locally defined symbol free imported
fltk2.lib(utf.obj) : warning LNK4049: locally defined symbol free imported
fltk2_images.lib(xpmFileImage.obj) : warning LNK4217: locally defined symbol malloc imported in function "char * * __cdecl read(char *,int)" (?read@@YAPEAPEADPEADH@Z)
fltk2.lib(HelpView.obj) : warning LNK4049: locally defined symbol malloc imported
fltk2.lib(utf.obj) : warning LNK4217: locally defined symbol malloc imported in function utf8tomb
fltk2.lib(bmpImage.obj) : warning LNK4217: locally defined symbol fread imported in function "public: virtual bool __cdecl fltk::bmpImage::fetch(void)" (?fetch@bmpImage@fltk@@UEAA_NXZ)
fltk2_images.lib(fl_png.obj) : warning LNK4217: locally defined symbol fread imported in function "public: virtual bool __cdecl fltk::pngImage::fetch(void)" (?fetch@pngImage@fltk@@UEAA_NXZ)
fltk2.lib(HelpView.obj) : warning LNK4217: locally defined symbol fread imported in function "private: void __cdecl fltk::HelpView::format_table(int *,int *,char const *)" (?format_table@HelpView@fltk@@AEAAXPEAH0PEBD@Z)
fltk2.lib(SharedImage.obj) : warning LNK4049: locally defined symbol fread imported
fltk2.lib(gifImage.obj) : warning LNK4217: locally defined symbol fread imported in function "public: virtual bool __cdecl fltk::gifImage::fetch(void)" (?fetch@gifImage@fltk@@UEAA_NXZ)
fltk2.lib(HelpView.obj) : warning LNK4049: locally defined symbol tolower imported
fltk2.lib(run.obj) : warning LNK4217: locally defined symbol tolower imported in function "int __cdecl ms2fltk(int,__int64)" (?ms2fltk@@YAHH_J@Z)
fltk2.lib(ShortcutAssignment.obj) : warning LNK4049: locally defined symbol tolower imported
fltk2.lib(Style.obj) : warning LNK4049: locally defined symbol tolower imported
fltk2.lib(args.obj) : warning LNK4049: locally defined symbol tolower imported
fltk2.lib(ShortcutAssignment.obj) : warning LNK4217: locally defined symbol isalpha imported in function "public: virtual bool __cdecl keyCompareFunctor::handle(class fltk::AssociationType const &,class fltk::Widget const *,void *)" (?handle@keyCompareFunctor@@UEAA_NAEBVAssociationType@fltk@@PEBVWidget@3@PEAX@Z)
fltk2.lib(Slider.obj) : warning LNK4049: locally defined symbol __stdio_common_vsprintf imported
fltk2.lib(HelpView.obj) : warning LNK4217: locally defined symbol __stdio_common_vsprintf imported in function _snprintf
fltk2.lib(error.obj) : warning LNK4049: locally defined symbol __stdio_common_vsprintf imported
fltk2.lib(fltk_theme.obj) : warning LNK4049: locally defined symbol __stdio_common_vsprintf imported
fltk2.lib(Valuator.obj) : warning LNK4049: locally defined symbol __stdio_common_vsprintf imported
fltk2.lib(HelpView.obj) : warning LNK4217: locally defined symbol calloc imported in function "public: int __cdecl fltk::HelpView::load(char const *)" (?load@HelpView@fltk@@QEAAHPEBD@Z)
fltk2.lib(HelpView.obj) : warning LNK4217: locally defined symbol _errno imported in function "public: int __cdecl fltk::HelpView::load(char const *)" (?load@HelpView@fltk@@QEAAHPEBD@Z)
fltk2.lib(HelpView.obj) : warning LNK4217: locally defined symbol qsort imported in function "private: void __cdecl fltk::HelpView::format(void)" (?format@HelpView@fltk@@AEAAXXZ)
fltk2.lib(list_fonts.obj) : warning LNK4049: locally defined symbol qsort imported
fltk2.lib(HelpView.obj) : warning LNK4217: locally defined symbol atof imported in function "private: virtual void __cdecl fltk::HelpView::draw(void)" (?draw@HelpView@fltk@@EEAAXXZ)
fltk2.lib(HelpView.obj) : warning LNK4217: locally defined symbol atoi imported in function "private: void __cdecl fltk::HelpView::format(void)" (?format@HelpView@fltk@@AEAAXXZ)
fltk2.lib(HelpView.obj) : warning LNK4217: locally defined symbol strtol imported in function "private: unsigned int __cdecl fltk::HelpView::get_color(char const *,unsigned int)" (?get_color@HelpView@fltk@@AEAAIPEBDI@Z)
fltk2.lib(HelpView.obj) : warning LNK4217: locally defined symbol strchr imported in function "private: virtual void __cdecl fltk::HelpView::draw(void)" (?draw@HelpView@fltk@@EEAAXXZ)
fltk2.lib(Input.obj) : warning LNK4049: locally defined symbol strchr imported
fltk2.lib(HelpView.obj) : warning LNK4217: locally defined symbol strrchr imported in function "private: void __cdecl fltk::HelpView::add_link(char const *,int,int,int,int)" (?add_link@HelpView@fltk@@AEAAXPEBDHHHH@Z)
fltk2.lib(HelpView.obj) : warning LNK4217: locally defined symbol _strnicmp imported in function "private: virtual void __cdecl fltk::HelpView::draw(void)" (?draw@HelpView@fltk@@EEAAXXZ)
fltk2.lib(list_fonts.obj) : warning LNK4049: locally defined symbol _strnicmp imported
fltk2.lib(HelpView.obj) : warning LNK4217: locally defined symbol isspace imported in function "private: virtual void __cdecl fltk::HelpView::draw(void)" (?draw@HelpView@fltk@@EEAAXXZ)
fltk2.lib(Input.obj) : warning LNK4049: locally defined symbol isspace imported
fltk2.lib(xpmImage.obj) : warning LNK4049: locally defined symbol isspace imported
fltk2.lib(drawtext.obj) : warning LNK4049: locally defined symbol isspace imported
fltk2.lib(Input.obj) : warning LNK4217: locally defined symbol isalnum imported in function "int __cdecl isword(char)" (?isword@@YAHD@Z)
fltk2.lib(drawtext.obj) : warning LNK4049: locally defined symbol isalnum imported
fltk2.lib(xpmImage.obj) : warning LNK4217: locally defined symbol __stdio_common_vsscanf imported in function sscanf
fltk2.lib(Color.obj) : warning LNK4049: locally defined symbol __stdio_common_vsscanf imported
fltk2.lib(error.obj) : warning LNK4217: locally defined symbol exit imported in function "void __cdecl error(char const *,...)" (?error@@YAXPEBDZZ)
fltk2.lib(gifImage.obj) : warning LNK4217: locally defined symbol getc imported in function "public: virtual bool __cdecl fltk::gifImage::fetch(void)" (?fetch@gifImage@fltk@@UEAA_NXZ)
fltk2.lib(bmpImage.obj) : warning LNK4217: locally defined symbol fgetc imported in function "unsigned char __cdecl GETC(void)" (?GETC@@YAEXZ)
fltk2.lib(Valuator.obj) : warning LNK4217: locally defined symbol floor imported in function "public: virtual int __cdecl fltk::Valuator::format(char *)" (?format@Valuator@fltk@@UEAAHPEAD@Z)
fltk2.lib(Slider.obj) : warning LNK4049: locally defined symbol floor imported
fltk2.lib(Slider.obj) : warning LNK4217: locally defined symbol ceil imported in function "public: double __cdecl fltk::Slider::position_value(int,int)" (?position_value@Slider@fltk@@QEAANHH@Z)
fltk2.lib(WinMain.obj) : warning LNK4217: locally defined symbol __p___argc imported in function WinMain
fltk2.lib(WinMain.obj) : warning LNK4217: locally defined symbol __p___argv imported in function WinMain
fltk2_images.lib(xpmFileImage.obj) : error LNK2019: unresolved external symbol __imp_fgets referenced in function "char * * __cdecl read(char *,int)" (?read@@YAPEAPEADPEADH@Z)
fltk2.lib(SharedImage.obj) : error LNK2001: unresolved external symbol __imp_fopen
fltk2.lib(gifImage.obj) : error LNK2001: unresolved external symbol __imp_fopen
fltk2.lib(bmpImage.obj) : error LNK2001: unresolved external symbol __imp_fopen
fltk2_images.lib(xpmFileImage.obj) : error LNK2001: unresolved external symbol __imp_fopen
fltk2_images.lib(fl_jpeg.obj) : error LNK2001: unresolved external symbol __imp_fopen
fltk2_images.lib(fl_png.obj) : error LNK2001: unresolved external symbol __imp_fopen
fltk2.lib(HelpView.obj) : error LNK2001: unresolved external symbol __imp_fopen
fltk2_images.lib(xpmFileImage.obj) : error LNK2019: unresolved external symbol __imp_strstr referenced in function "public: static bool __cdecl fltk::xpmFileImage::test(unsigned char const *,unsigned int)" (?test@xpmFileImage@fltk@@SA_NPEBEI@Z)
fltk2.lib(HelpView.obj) : error LNK2001: unresolved external symbol __imp_strstr
fltk2.lib(list_fonts.obj) : error LNK2001: unresolved external symbol __imp_strstr
fltk2_images.lib(xpmFileImage.obj) : error LNK2019: unresolved external symbol __imp_realloc referenced in function "char * * __cdecl read(char *,int)" (?read@@YAPEAPEADPEADH@Z)
fltk2.lib(run.obj) : error LNK2001: unresolved external symbol __imp_realloc
fltk2.lib(HelpView.obj) : error LNK2001: unresolved external symbol __imp_realloc
fltk2.lib(list_fonts.obj) : error LNK2001: unresolved external symbol __imp_realloc
fltk2.lib(run.obj) : error LNK2019: unresolved external symbol __imp_wcslen referenced in function "void __cdecl pasteW(class fltk::Widget &,wchar_t *)" (?pasteW@@YAXAEAVWidget@fltk@@PEA_W@Z)
fltk2.lib(fltk_theme.obj) : error LNK2001: unresolved external symbol __imp_wcslen
fltk2.lib(list_fonts.obj) : error LNK2001: unresolved external symbol __imp_wcslen
fltk2.lib(run.obj) : error LNK2019: unresolved external symbol __imp__wfopen referenced in function "struct _iobuf * __cdecl fltk::fltk_fopen(char const *,char const *)" (?fltk_fopen@fltk@@YAPEAU_iobuf@@PEBD0@Z)
fltk2.lib(run.obj) : error LNK2019: unresolved external symbol __imp_puts referenced in function "__int64 __cdecl WndProc(struct HWND__ *,unsigned int,unsigned __int64,__int64)" (?WndProc@@YA_JPEAUHWND__@@I_K_J@Z)
fltk2.lib(run.obj) : error LNK2019: unresolved external symbol __imp_cosf referenced in function "__int64 __cdecl WndProc(struct HWND__ *,unsigned int,unsigned __int64,__int64)" (?WndProc@@YA_JPEAUHWND__@@I_K_J@Z)
fltk2.lib(path.obj) : error LNK2001: unresolved external symbol __imp_cosf
fltk2.lib(addarc.obj) : error LNK2001: unresolved external symbol __imp_cosf
fltk2.lib(run.obj) : error LNK2019: unresolved external symbol __imp_sinf referenced in function "__int64 __cdecl WndProc(struct HWND__ *,unsigned int,unsigned __int64,__int64)" (?WndProc@@YA_JPEAUHWND__@@I_K_J@Z)
fltk2.lib(path.obj) : error LNK2001: unresolved external symbol __imp_sinf
fltk2.lib(addarc.obj) : error LNK2001: unresolved external symbol __imp_sinf
fltk2.lib(HelpView.obj) : error LNK2019: unresolved external symbol __imp_fseek referenced in function "public: int __cdecl fltk::HelpView::load(char const *)" (?load@HelpView@fltk@@QEAAHPEBD@Z)
fltk2.lib(bmpImage.obj) : error LNK2001: unresolved external symbol __imp_fseek
fltk2.lib(HelpView.obj) : error LNK2019: unresolved external symbol __imp_ftell referenced in function "public: int __cdecl fltk::HelpView::load(char const *)" (?load@HelpView@fltk@@QEAAHPEBD@Z)
fltk2.lib(HelpView.obj) : error LNK2019: unresolved external symbol __imp_rewind referenced in function "public: int __cdecl fltk::HelpView::load(char const *)" (?load@HelpView@fltk@@QEAAHPEBD@Z)
fltk2.lib(HelpView.obj) : error LNK2019: unresolved external symbol __imp_bsearch referenced in function "public: void __cdecl fltk::HelpView::topline(char const *)" (?topline@HelpView@fltk@@QEAAXPEBD@Z)
fltk2.lib(HelpView.obj) : error LNK2019: unresolved external symbol __imp_strerror referenced in function "public: int __cdecl fltk::HelpView::load(char const *)" (?load@HelpView@fltk@@QEAAHPEBD@Z)
fltk2.lib(HelpView.obj) : error LNK2019: unresolved external symbol __imp__stricmp referenced in function "private: static int __cdecl fltk::HelpView::compare_targets(struct fltk::HelpTarget const *,struct fltk::HelpTarget const *)" (?compare_targets@HelpView@fltk@@CAHPEBUHelpTarget@2@0@Z)
fltk2.lib(Font.obj) : error LNK2001: unresolved external symbol __imp__stricmp
fltk2.lib(Widget_draw.obj) : error LNK2001: unresolved external symbol __imp__stricmp
OLDNAMES.lib(stricmp.obi) : error LNK2001: unresolved external symbol __imp__stricmp
fltk2.lib(bmpImage.obj) : error LNK2001: unresolved external symbol __imp_strncmp
fltk2.lib(HelpView.obj) : error LNK2001: unresolved external symbol __imp_strncmp
fltk2.lib(Symbol.obj) : error LNK2001: unresolved external symbol __imp_strncmp
fltk2.lib(Color.obj) : error LNK2001: unresolved external symbol __imp_strncmp
fltk2.lib(gifImage.obj) : error LNK2001: unresolved external symbol __imp_strncmp
fltk2.lib(HelpView.obj) : error LNK2019: unresolved external symbol __imp_strdup referenced in function "public: int __cdecl fltk::HelpView::load(char const *)" (?load@HelpView@fltk@@QEAAHPEBD@Z)
OLDNAMES.lib(strdup.obi) : error LNK2001: unresolved external symbol __imp_strdup
fltk2.lib(HelpView.obj) : error LNK2019: unresolved external symbol __imp__getcwd referenced in function "private: class fltk::SharedImage * __cdecl fltk::HelpView::get_image(char const *,int,int)" (?get_image@HelpView@fltk@@AEAAPEAVSharedImage@2@PEBDHH@Z)
fltk2.lib(Font.obj) : error LNK2019: unresolved external symbol __imp_floorf referenced in function "void __cdecl fltk::setfont(struct fltk::Font *,float)" (?setfont@fltk@@YAXPEAUFont@1@M@Z)
fltk2.lib(path.obj) : error LNK2001: unresolved external symbol __imp_floorf
fltk2.lib(fillrect.obj) : error LNK2001: unresolved external symbol __imp_floorf
fltk2.lib(path.obj) : error LNK2019: unresolved external symbol __imp_sqrtf referenced in function "void __cdecl fltk::transform(class fltk::Rectangle const &,class fltk::Rectangle &)" (?transform@fltk@@YAXAEBVRectangle@1@AEAV21@@Z)
fltk2.lib(addarc.obj) : error LNK2001: unresolved external symbol __imp_sqrtf
fltk2.lib(addarc.obj) : error LNK2019: unresolved external symbol __imp_acosf referenced in function "void __cdecl fltk::addarc(float,float,float,float,float,float)" (?addarc@fltk@@YAXMMMMMM@Z)
fltk2.lib(addarc.obj) : error LNK2019: unresolved external symbol __imp_ceilf referenced in function "void __cdecl fltk::addarc(float,float,float,float,float,float)" (?addarc@fltk@@YAXMMMMMM@Z)
fltk2.lib(drawtext.obj) : error LNK2019: unresolved external symbol __imp_strtod referenced in function "double __cdecl get_pixels(char const *)" (?get_pixels@@YANPEBD@Z)
fltk2.lib(list_fonts.obj) : error LNK2019: unresolved external symbol __imp_strncpy referenced in function "char const * __cdecl GetFontSubstitutes(char const *,int &)" (?GetFontSubstitutes@@YAPEBDPEBDAEAH@Z)
fltk2.lib(list_fonts.obj) : error LNK2019: unresolved external symbol __imp_stricmp referenced in function sort_function
OLDNAMES.lib(stricmp.obi) : error LNK2001: unresolved external symbol __imp_stricmp
OLDNAMES.lib(strdup.obi) : error LNK2001: unresolved external symbol __imp__strdup
../../test/help.exe : fatal error LNK1120: 26 unresolved externals
