C:\Program Files (x86)\MSBuild\Microsoft.Cpp\v4.0\V140\Microsoft.CppBuild.targets(392,5): warning MSB8028: The intermediate directory (x64\Release\) contains files shared from another project (arc.vcxproj, ask.vcxproj, bitmap.vcxproj, boxtype.vcxproj, browser.vcxproj, button.vcxproj, buttons.vcxproj, checkers.vcxproj, clock.vcxproj, color_chooser.vcxproj, CubeView.vcxproj, cursor.vcxproj, curve.vcxproj, demo.vcxproj, drawing.vcxproj, editor.vcxproj, file_chooser.vcxproj, fltk.vcxproj, fltkdll.vcxproj, fltkdll_glut.vcxproj, fltkdll_images.vcxproj, fltkdll_opengl.vcxproj, fltk_glut.vcxproj, fltk_images.vcxproj, fltk_opengl.vcxproj, fluid.vcxproj, fluid_wdll.vcxproj, fonts.vcxproj, fractals.vcxproj, glpuzzle.vcxproj, hello.vcxproj, help.vcxproj, image.vcxproj, inactive.vcxproj, input.vcxproj, keyboard.vcxproj, label.vcxproj, libjpeg.vcxproj, libpng.vcxproj, line_style.vcxproj, mandelbrot.vcxproj, menubar.vcxproj, message.vcxproj, navigation.vcxproj, output.vcxproj, pack.vcxproj, radio.vcxproj, resize.vcxproj, size_range.vcxproj, symbols.vcxproj, tabs.vcxproj, tile.vcxproj, valuators.vcxproj, wizard.vcxproj, zlib.vcxproj).  This can lead to incorrect clean and rebuild behavior.
C:\Program Files (x86)\MSBuild\Microsoft.Cpp\v4.0\V140\Microsoft.CppBuild.targets(1189,5): warning MSB8012: TargetPath(d:\code\applications\mrViewer\dependencies\fltk-2.0-win64\ide\vcnet\x64\Release\qubix.exe) does not match the Linker's OutputFile property value (d:\code\applications\mrViewer\dependencies\fltk-2.0-win64\test\qubix.exe). This may cause your project to build incorrectly. To correct this, please make sure that $(OutDir), $(TargetName) and $(TargetExt) property values match the value specified in %(Link.OutputFile).
fltk2.lib(addarc.obj) : warning LNK4099: PDB 'fltk.pdb' was not found with 'fltk2.lib(addarc.obj)' or at 'd:\code\applications\mrViewer\dependencies\fltk-2.0-win64\ide\vcnet\Release\fltk.pdb'; linking object as if no debug info
fltk2.lib(bmpImage.obj) : warning LNK4099: PDB 'fltk.pdb' was not found with 'fltk2.lib(bmpImage.obj)' or at 'd:\code\applications\mrViewer\dependencies\fltk-2.0-win64\ide\vcnet\Release\fltk.pdb'; linking object as if no debug info
fltk2.lib(Button.obj) : warning LNK4099: PDB 'fltk.pdb' was not found with 'fltk2.lib(Button.obj)' or at 'd:\code\applications\mrViewer\dependencies\fltk-2.0-win64\ide\vcnet\Release\fltk.pdb'; linking object as if no debug info
fltk2.lib(CheckButton.obj) : warning LNK4099: PDB 'fltk.pdb' was not found with 'fltk2.lib(CheckButton.obj)' or at 'd:\code\applications\mrViewer\dependencies\fltk-2.0-win64\ide\vcnet\Release\fltk.pdb'; linking object as if no debug info
fltk2.lib(clip.obj) : warning LNK4099: PDB 'fltk.pdb' was not found with 'fltk2.lib(clip.obj)' or at 'd:\code\applications\mrViewer\dependencies\fltk-2.0-win64\ide\vcnet\Release\fltk.pdb'; linking object as if no debug info
fltk2.lib(Color.obj) : warning LNK4099: PDB 'fltk.pdb' was not found with 'fltk2.lib(Color.obj)' or at 'd:\code\applications\mrViewer\dependencies\fltk-2.0-win64\ide\vcnet\Release\fltk.pdb'; linking object as if no debug info
fltk2.lib(compose.obj) : warning LNK4099: PDB 'fltk.pdb' was not found with 'fltk2.lib(compose.obj)' or at 'd:\code\applications\mrViewer\dependencies\fltk-2.0-win64\ide\vcnet\Release\fltk.pdb'; linking object as if no debug info
fltk2.lib(default_glyph.obj) : warning LNK4099: PDB 'fltk.pdb' was not found with 'fltk2.lib(default_glyph.obj)' or at 'd:\code\applications\mrViewer\dependencies\fltk-2.0-win64\ide\vcnet\Release\fltk.pdb'; linking object as if no debug info
fltk2.lib(dnd.obj) : warning LNK4099: PDB 'fltk.pdb' was not found with 'fltk2.lib(dnd.obj)' or at 'd:\code\applications\mrViewer\dependencies\fltk-2.0-win64\ide\vcnet\Release\fltk.pdb'; linking object as if no debug info
fltk2.lib(drawtext.obj) : warning LNK4099: PDB 'fltk.pdb' was not found with 'fltk2.lib(drawtext.obj)' or at 'd:\code\applications\mrViewer\dependencies\fltk-2.0-win64\ide\vcnet\Release\fltk.pdb'; linking object as if no debug info
fltk2.lib(error.obj) : warning LNK4099: PDB 'fltk.pdb' was not found with 'fltk2.lib(error.obj)' or at 'd:\code\applications\mrViewer\dependencies\fltk-2.0-win64\ide\vcnet\Release\fltk.pdb'; linking object as if no debug info
fltk2.lib(fillrect.obj) : warning LNK4099: PDB 'fltk.pdb' was not found with 'fltk2.lib(fillrect.obj)' or at 'd:\code\applications\mrViewer\dependencies\fltk-2.0-win64\ide\vcnet\Release\fltk.pdb'; linking object as if no debug info
fltk2.lib(fltk_theme.obj) : warning LNK4099: PDB 'fltk.pdb' was not found with 'fltk2.lib(fltk_theme.obj)' or at 'd:\code\applications\mrViewer\dependencies\fltk-2.0-win64\ide\vcnet\Release\fltk.pdb'; linking object as if no debug info
fltk2.lib(Font.obj) : warning LNK4099: PDB 'fltk.pdb' was not found with 'fltk2.lib(Font.obj)' or at 'd:\code\applications\mrViewer\dependencies\fltk-2.0-win64\ide\vcnet\Release\fltk.pdb'; linking object as if no debug info
fltk2.lib(gifImage.obj) : warning LNK4099: PDB 'fltk.pdb' was not found with 'fltk2.lib(gifImage.obj)' or at 'd:\code\applications\mrViewer\dependencies\fltk-2.0-win64\ide\vcnet\Release\fltk.pdb'; linking object as if no debug info
fltk2.lib(Group.obj) : warning LNK4099: PDB 'fltk.pdb' was not found with 'fltk2.lib(Group.obj)' or at 'd:\code\applications\mrViewer\dependencies\fltk-2.0-win64\ide\vcnet\Release\fltk.pdb'; linking object as if no debug info
fltk2.lib(GSave.obj) : warning LNK4099: PDB 'fltk.pdb' was not found with 'fltk2.lib(GSave.obj)' or at 'd:\code\applications\mrViewer\dependencies\fltk-2.0-win64\ide\vcnet\Release\fltk.pdb'; linking object as if no debug info
fltk2.lib(Image.obj) : warning LNK4099: PDB 'fltk.pdb' was not found with 'fltk2.lib(Image.obj)' or at 'd:\code\applications\mrViewer\dependencies\fltk-2.0-win64\ide\vcnet\Release\fltk.pdb'; linking object as if no debug info
fltk2.lib(Input.obj) : warning LNK4099: PDB 'fltk.pdb' was not found with 'fltk2.lib(Input.obj)' or at 'd:\code\applications\mrViewer\dependencies\fltk-2.0-win64\ide\vcnet\Release\fltk.pdb'; linking object as if no debug info
fltk2.lib(Item.obj) : warning LNK4099: PDB 'fltk.pdb' was not found with 'fltk2.lib(Item.obj)' or at 'd:\code\applications\mrViewer\dependencies\fltk-2.0-win64\ide\vcnet\Release\fltk.pdb'; linking object as if no debug info
fltk2.lib(key_name.obj) : warning LNK4099: PDB 'fltk.pdb' was not found with 'fltk2.lib(key_name.obj)' or at 'd:\code\applications\mrViewer\dependencies\fltk-2.0-win64\ide\vcnet\Release\fltk.pdb'; linking object as if no debug info
fltk2.lib(list_fonts.obj) : warning LNK4099: PDB 'fltk.pdb' was not found with 'fltk2.lib(list_fonts.obj)' or at 'd:\code\applications\mrViewer\dependencies\fltk-2.0-win64\ide\vcnet\Release\fltk.pdb'; linking object as if no debug info
fltk2.lib(Menu.obj) : warning LNK4099: PDB 'fltk.pdb' was not found with 'fltk2.lib(Menu.obj)' or at 'd:\code\applications\mrViewer\dependencies\fltk-2.0-win64\ide\vcnet\Release\fltk.pdb'; linking object as if no debug info
fltk2.lib(MenuBar.obj) : warning LNK4099: PDB 'fltk.pdb' was not found with 'fltk2.lib(MenuBar.obj)' or at 'd:\code\applications\mrViewer\dependencies\fltk-2.0-win64\ide\vcnet\Release\fltk.pdb'; linking object as if no debug info
fltk2.lib(MenuWindow.obj) : warning LNK4099: PDB 'fltk.pdb' was not found with 'fltk2.lib(MenuWindow.obj)' or at 'd:\code\applications\mrViewer\dependencies\fltk-2.0-win64\ide\vcnet\Release\fltk.pdb'; linking object as if no debug info
fltk2.lib(Menu_popup.obj) : warning LNK4099: PDB 'fltk.pdb' was not found with 'fltk2.lib(Menu_popup.obj)' or at 'd:\code\applications\mrViewer\dependencies\fltk-2.0-win64\ide\vcnet\Release\fltk.pdb'; linking object as if no debug info
fltk2.lib(message.obj) : warning LNK4099: PDB 'fltk.pdb' was not found with 'fltk2.lib(message.obj)' or at 'd:\code\applications\mrViewer\dependencies\fltk-2.0-win64\ide\vcnet\Release\fltk.pdb'; linking object as if no debug info
fltk2.lib(path.obj) : warning LNK4099: PDB 'fltk.pdb' was not found with 'fltk2.lib(path.obj)' or at 'd:\code\applications\mrViewer\dependencies\fltk-2.0-win64\ide\vcnet\Release\fltk.pdb'; linking object as if no debug info
fltk2.lib(ReturnButton.obj) : warning LNK4099: PDB 'fltk.pdb' was not found with 'fltk2.lib(ReturnButton.obj)' or at 'd:\code\applications\mrViewer\dependencies\fltk-2.0-win64\ide\vcnet\Release\fltk.pdb'; linking object as if no debug info
fltk2.lib(run.obj) : warning LNK4099: PDB 'fltk.pdb' was not found with 'fltk2.lib(run.obj)' or at 'd:\code\applications\mrViewer\dependencies\fltk-2.0-win64\ide\vcnet\Release\fltk.pdb'; linking object as if no debug info
fltk2.lib(Scrollbar.obj) : warning LNK4099: PDB 'fltk.pdb' was not found with 'fltk2.lib(Scrollbar.obj)' or at 'd:\code\applications\mrViewer\dependencies\fltk-2.0-win64\ide\vcnet\Release\fltk.pdb'; linking object as if no debug info
fltk2.lib(setcolor.obj) : warning LNK4099: PDB 'fltk.pdb' was not found with 'fltk2.lib(setcolor.obj)' or at 'd:\code\applications\mrViewer\dependencies\fltk-2.0-win64\ide\vcnet\Release\fltk.pdb'; linking object as if no debug info
fltk2.lib(SharedImage.obj) : warning LNK4099: PDB 'fltk.pdb' was not found with 'fltk2.lib(SharedImage.obj)' or at 'd:\code\applications\mrViewer\dependencies\fltk-2.0-win64\ide\vcnet\Release\fltk.pdb'; linking object as if no debug info
fltk2.lib(ShortcutAssignment.obj) : warning LNK4099: PDB 'fltk.pdb' was not found with 'fltk2.lib(ShortcutAssignment.obj)' or at 'd:\code\applications\mrViewer\dependencies\fltk-2.0-win64\ide\vcnet\Release\fltk.pdb'; linking object as if no debug info
fltk2.lib(Slider.obj) : warning LNK4099: PDB 'fltk.pdb' was not found with 'fltk2.lib(Slider.obj)' or at 'd:\code\applications\mrViewer\dependencies\fltk-2.0-win64\ide\vcnet\Release\fltk.pdb'; linking object as if no debug info
fltk2.lib(string.obj) : warning LNK4099: PDB 'fltk.pdb' was not found with 'fltk2.lib(string.obj)' or at 'd:\code\applications\mrViewer\dependencies\fltk-2.0-win64\ide\vcnet\Release\fltk.pdb'; linking object as if no debug info
fltk2.lib(Style.obj) : warning LNK4099: PDB 'fltk.pdb' was not found with 'fltk2.lib(Style.obj)' or at 'd:\code\applications\mrViewer\dependencies\fltk-2.0-win64\ide\vcnet\Release\fltk.pdb'; linking object as if no debug info
fltk2.lib(Symbol.obj) : warning LNK4099: PDB 'fltk.pdb' was not found with 'fltk2.lib(Symbol.obj)' or at 'd:\code\applications\mrViewer\dependencies\fltk-2.0-win64\ide\vcnet\Release\fltk.pdb'; linking object as if no debug info
fltk2.lib(TextBuffer.obj) : warning LNK4099: PDB 'fltk.pdb' was not found with 'fltk2.lib(TextBuffer.obj)' or at 'd:\code\applications\mrViewer\dependencies\fltk-2.0-win64\ide\vcnet\Release\fltk.pdb'; linking object as if no debug info
fltk2.lib(TextDisplay.obj) : warning LNK4099: PDB 'fltk.pdb' was not found with 'fltk2.lib(TextDisplay.obj)' or at 'd:\code\applications\mrViewer\dependencies\fltk-2.0-win64\ide\vcnet\Release\fltk.pdb'; linking object as if no debug info
fltk2.lib(Tooltip.obj) : warning LNK4099: PDB 'fltk.pdb' was not found with 'fltk2.lib(Tooltip.obj)' or at 'd:\code\applications\mrViewer\dependencies\fltk-2.0-win64\ide\vcnet\Release\fltk.pdb'; linking object as if no debug info
fltk2.lib(UpBox.obj) : warning LNK4099: PDB 'fltk.pdb' was not found with 'fltk2.lib(UpBox.obj)' or at 'd:\code\applications\mrViewer\dependencies\fltk-2.0-win64\ide\vcnet\Release\fltk.pdb'; linking object as if no debug info
fltk2.lib(utf.obj) : warning LNK4099: PDB 'fltk.pdb' was not found with 'fltk2.lib(utf.obj)' or at 'd:\code\applications\mrViewer\dependencies\fltk-2.0-win64\ide\vcnet\Release\fltk.pdb'; linking object as if no debug info
fltk2.lib(Valuator.obj) : warning LNK4099: PDB 'fltk.pdb' was not found with 'fltk2.lib(Valuator.obj)' or at 'd:\code\applications\mrViewer\dependencies\fltk-2.0-win64\ide\vcnet\Release\fltk.pdb'; linking object as if no debug info
fltk2.lib(Widget.obj) : warning LNK4099: PDB 'fltk.pdb' was not found with 'fltk2.lib(Widget.obj)' or at 'd:\code\applications\mrViewer\dependencies\fltk-2.0-win64\ide\vcnet\Release\fltk.pdb'; linking object as if no debug info
fltk2.lib(WidgetAssociation.obj) : warning LNK4099: PDB 'fltk.pdb' was not found with 'fltk2.lib(WidgetAssociation.obj)' or at 'd:\code\applications\mrViewer\dependencies\fltk-2.0-win64\ide\vcnet\Release\fltk.pdb'; linking object as if no debug info
fltk2.lib(Widget_draw.obj) : warning LNK4099: PDB 'fltk.pdb' was not found with 'fltk2.lib(Widget_draw.obj)' or at 'd:\code\applications\mrViewer\dependencies\fltk-2.0-win64\ide\vcnet\Release\fltk.pdb'; linking object as if no debug info
fltk2.lib(WinMain.obj) : warning LNK4099: PDB 'fltk.pdb' was not found with 'fltk2.lib(WinMain.obj)' or at 'd:\code\applications\mrViewer\dependencies\fltk-2.0-win64\ide\vcnet\Release\fltk.pdb'; linking object as if no debug info
fltk2.lib(Window.obj) : warning LNK4099: PDB 'fltk.pdb' was not found with 'fltk2.lib(Window.obj)' or at 'd:\code\applications\mrViewer\dependencies\fltk-2.0-win64\ide\vcnet\Release\fltk.pdb'; linking object as if no debug info
fltk2.lib(Window_hotspot.obj) : warning LNK4099: PDB 'fltk.pdb' was not found with 'fltk2.lib(Window_hotspot.obj)' or at 'd:\code\applications\mrViewer\dependencies\fltk-2.0-win64\ide\vcnet\Release\fltk.pdb'; linking object as if no debug info
  qubix.vcxproj -> d:\code\applications\mrViewer\dependencies\fltk-2.0-win64\ide\vcnet\x64\Release\qubix.exe
  qubix.vcxproj -> .\Release/qubix.pdb (Full PDB)
