Determining if files usbhid.h exist failed with the following output:
Change Dir: /media/gga/Datos/code/applications/mrViewer/dependencies/freeglut-3.0.0/build-linux64/CMakeFiles/CMakeTmp

Run Build Command:"/usr/bin/ninja" "cmTC_ceb5e"
[1/2] Building C object CMakeFiles/cmTC_ceb5e.dir/CheckIncludeFiles.c.o
FAILED: /usr/bin/cc    -Wall -pedantic -o CMakeFiles/cmTC_ceb5e.dir/CheckIncludeFiles.c.o   -c CheckIncludeFiles.c
CheckIncludeFiles.c:2:20: fatal error: usbhid.h: No such file or directory
compilation terminated.
ninja: build stopped: subcommand failed.

Source:
/* */
#include <usbhid.h>


int main(void){return 0;}

Determining if the function XParseGeometry exists failed with the following output:
Change Dir: /media/gga/Datos/code/applications/mrViewer/dependencies/freeglut-3.0.0/build-linux64/CMakeFiles/CMakeTmp

Run Build Command:"/usr/bin/ninja" "cmTC_f275c"
[1/2] Building C object CMakeFiles/cmTC_f275c.dir/CheckFunctionExists.c.o
[2/2] Linking C executable cmTC_f275c
FAILED: : && /usr/bin/cc  -Wall -pedantic -DCHECK_FUNCTION_EXISTS=XParseGeometry   CMakeFiles/cmTC_f275c.dir/CheckFunctionExists.c.o  -o cmTC_f275c  -rdynamic -lm && :
CMakeFiles/cmTC_f275c.dir/CheckFunctionExists.c.o: In function `main':
CheckFunctionExists.c:(.text+0x15): undefined reference to `XParseGeometry'
collect2: error: ld returned 1 exit status
ninja: build stopped: subcommand failed.


