  iccApplyNamedCmm.cpp
IccProfLib.lib(IccUtil.obj) : error LNK2038: mismatch detected for 'RuntimeLibrary': value 'MD_DynamicRelease' doesn't match value 'MT_StaticRelease' in iccApplyNamedCmm.obj
IccProfLib.lib(IccCmm.obj) : error LNK2038: mismatch detected for 'RuntimeLibrary': value 'MD_DynamicRelease' doesn't match value 'MT_StaticRelease' in iccApplyNamedCmm.obj
IccProfLib.lib(IccApplyBPC.obj) : error LNK2038: mismatch detected for 'RuntimeLibrary': value 'MD_DynamicRelease' doesn't match value 'MT_StaticRelease' in iccApplyNamedCmm.obj
IccProfLib.lib(IccTagFactory.obj) : error LNK2038: mismatch detected for 'RuntimeLibrary': value 'MD_DynamicRelease' doesn't match value 'MT_StaticRelease' in iccApplyNamedCmm.obj
IccProfLib.lib(IccProfile.obj) : error LNK2038: mismatch detected for 'RuntimeLibrary': value 'MD_DynamicRelease' doesn't match value 'MT_StaticRelease' in iccApplyNamedCmm.obj
IccProfLib.lib(IccIO.obj) : error LNK2038: mismatch detected for 'RuntimeLibrary': value 'MD_DynamicRelease' doesn't match value 'MT_StaticRelease' in iccApplyNamedCmm.obj
IccProfLib.lib(IccTagBasic.obj) : error LNK2038: mismatch detected for 'RuntimeLibrary': value 'MD_DynamicRelease' doesn't match value 'MT_StaticRelease' in iccApplyNamedCmm.obj
IccProfLib.lib(IccTagLut.obj) : error LNK2038: mismatch detected for 'RuntimeLibrary': value 'MD_DynamicRelease' doesn't match value 'MT_StaticRelease' in iccApplyNamedCmm.obj
IccProfLib.lib(IccXformFactory.obj) : error LNK2038: mismatch detected for 'RuntimeLibrary': value 'MD_DynamicRelease' doesn't match value 'MT_StaticRelease' in iccApplyNamedCmm.obj
IccProfLib.lib(IccTagMPE.obj) : error LNK2038: mismatch detected for 'RuntimeLibrary': value 'MD_DynamicRelease' doesn't match value 'MT_StaticRelease' in iccApplyNamedCmm.obj
IccProfLib.lib(IccTagProfSeqId.obj) : error LNK2038: mismatch detected for 'RuntimeLibrary': value 'MD_DynamicRelease' doesn't match value 'MT_StaticRelease' in iccApplyNamedCmm.obj
IccProfLib.lib(IccTagDict.obj) : error LNK2038: mismatch detected for 'RuntimeLibrary': value 'MD_DynamicRelease' doesn't match value 'MT_StaticRelease' in iccApplyNamedCmm.obj
IccProfLib.lib(IccMpeFactory.obj) : error LNK2038: mismatch detected for 'RuntimeLibrary': value 'MD_DynamicRelease' doesn't match value 'MT_StaticRelease' in iccApplyNamedCmm.obj
IccProfLib.lib(IccMpeBasic.obj) : error LNK2038: mismatch detected for 'RuntimeLibrary': value 'MD_DynamicRelease' doesn't match value 'MT_StaticRelease' in iccApplyNamedCmm.obj
IccProfLib.lib(IccMpeACS.obj) : error LNK2038: mismatch detected for 'RuntimeLibrary': value 'MD_DynamicRelease' doesn't match value 'MT_StaticRelease' in iccApplyNamedCmm.obj
libcpmt.lib(xlock.obj) : error LNK2038: mismatch detected for '_MSC_VER': value '1700' doesn't match value '1800' in iccApplyNamedCmm.obj
libcpmt.lib(uncaught.obj) : error LNK2038: mismatch detected for '_MSC_VER': value '1700' doesn't match value '1800' in iccApplyNamedCmm.obj
libcpmt.lib(xthrow.obj) : error LNK2038: mismatch detected for '_MSC_VER': value '1700' doesn't match value '1800' in iccApplyNamedCmm.obj
libcpmt.lib(locale0.obj) : error LNK2038: mismatch detected for '_MSC_VER': value '1700' doesn't match value '1800' in iccApplyNamedCmm.obj
libcpmt.lib(syserror.obj) : error LNK2038: mismatch detected for '_MSC_VER': value '1700' doesn't match value '1800' in iccApplyNamedCmm.obj
libcpmt.lib(ios.obj) : error LNK2038: mismatch detected for '_MSC_VER': value '1700' doesn't match value '1800' in iccApplyNamedCmm.obj
libcpmt.lib(fiopen.obj) : error LNK2038: mismatch detected for '_MSC_VER': value '1700' doesn't match value '1800' in iccApplyNamedCmm.obj
libcpmt.lib(newaop.obj) : error LNK2038: mismatch detected for '_MSC_VER': value '1700' doesn't match value '1800' in iccApplyNamedCmm.obj
libcpmt.lib(iosptrs.obj) : error LNK2038: mismatch detected for '_MSC_VER': value '1700' doesn't match value '1800' in iccApplyNamedCmm.obj
libcpmt.lib(locale.obj) : error LNK2038: mismatch detected for '_MSC_VER': value '1700' doesn't match value '1800' in iccApplyNamedCmm.obj
libcpmt.lib(wlocale.obj) : error LNK2038: mismatch detected for '_MSC_VER': value '1700' doesn't match value '1800' in iccApplyNamedCmm.obj
libcpmt.lib(xlocale.obj) : error LNK2038: mismatch detected for '_MSC_VER': value '1700' doesn't match value '1800' in iccApplyNamedCmm.obj
libcpmt.lib(xdateord.obj) : error LNK2038: mismatch detected for '_MSC_VER': value '1700' doesn't match value '1800' in iccApplyNamedCmm.obj
msvcprt.lib(MSVCP120.dll) : error LNK2005: "void __cdecl std::_Xbad_alloc(void)" (?_Xbad_alloc@std@@YAXXZ) already defined in libcpmt.lib(xthrow.obj)
msvcprt.lib(MSVCP120.dll) : error LNK2005: "void __cdecl std::_Xlength_error(char const *)" (?_Xlength_error@std@@YAXPBD@Z) already defined in libcpmt.lib(xthrow.obj)
msvcprt.lib(MSVCP120.dll) : error LNK2005: "void __cdecl std::_Xout_of_range(char const *)" (?_Xout_of_range@std@@YAXPBD@Z) already defined in libcpmt.lib(xthrow.obj)
msvcprt.lib(MSVCP120.dll) : error LNK2005: "char const * __cdecl std::_Syserror_map(int)" (?_Syserror_map@std@@YAPBDH@Z) already defined in libcpmt.lib(syserror.obj)
msvcprt.lib(MSVCP120.dll) : error LNK2005: "char const * __cdecl std::_Winerror_map(int)" (?_Winerror_map@std@@YAPBDH@Z) already defined in libcpmt.lib(syserror.obj)
MSVCRT.lib(MSVCR120.dll) : error LNK2005: _sscanf already defined in LIBCMT.lib(sscanf.obj)
MSVCRT.lib(MSVCR120.dll) : error LNK2005: _sprintf already defined in LIBCMT.lib(sprintf.obj)
MSVCRT.lib(MSVCR120.dll) : error LNK2005: __hypot already defined in LIBCMT.lib(hypot.obj)
MSVCRT.lib(MSVCR120.dll) : error LNK2005: _calloc already defined in LIBCMT.lib(calloc.obj)
MSVCRT.lib(MSVCR120.dll) : error LNK2005: _free already defined in LIBCMT.lib(free.obj)
MSVCRT.lib(MSVCR120.dll) : error LNK2005: _malloc already defined in LIBCMT.lib(malloc.obj)
MSVCRT.lib(MSVCR120.dll) : error LNK2005: _realloc already defined in LIBCMT.lib(realloc.obj)
MSVCRT.lib(MSVCR120.dll) : error LNK2005: _memmove already defined in LIBCMT.lib(memmove.obj)
MSVCRT.lib(MSVCR120.dll) : error LNK2005: _strncpy already defined in LIBCMT.lib(strncpy.obj)
MSVCRT.lib(MSVCR120.dll) : error LNK2005: _isprint already defined in LIBCMT.lib(_ctype.obj)
MSVCRT.lib(MSVCR120.dll) : error LNK2005: _strncmp already defined in LIBCMT.lib(strncmp.obj)
MSVCRT.lib(MSVCR120.dll) : error LNK2005: _fclose already defined in LIBCMT.lib(fclose.obj)
MSVCRT.lib(MSVCR120.dll) : error LNK2005: _fflush already defined in LIBCMT.lib(fflush.obj)
MSVCRT.lib(MSVCR120.dll) : error LNK2005: _fopen already defined in LIBCMT.lib(fopen.obj)
MSVCRT.lib(MSVCR120.dll) : error LNK2005: _fseek already defined in LIBCMT.lib(fseek.obj)
MSVCRT.lib(MSVCR120.dll) : error LNK2005: _ftell already defined in LIBCMT.lib(ftell.obj)
MSVCRT.lib(MSVCR120.dll) : error LNK2005: _fwrite already defined in LIBCMT.lib(fwrite.obj)
MSVCRT.lib(MSVCR120.dll) : error LNK2005: __wfopen already defined in LIBCMT.lib(wfopen.obj)
MSVCRT.lib(MSVCR120.dll) : error LNK2005: _strchr already defined in LIBCMT.lib(strchr.obj)
MSVCRT.lib(MSVCR120.dll) : error LNK2005: _wcschr already defined in LIBCMT.lib(wcschr.obj)
MSVCRT.lib(ti_inst.obj) : error LNK2005: "private: __thiscall type_info::type_info(class type_info const &)" (??0type_info@@AAE@ABV0@@Z) already defined in LIBCMT.lib(typinfo.obj)
MSVCRT.lib(ti_inst.obj) : error LNK2005: "private: class type_info & __thiscall type_info::operator=(class type_info const &)" (??4type_info@@AAEAAV0@ABV0@@Z) already defined in LIBCMT.lib(typinfo.obj)
LINK : warning LNK4098: defaultlib 'MSVCRT' conflicts with use of other libs; use /NODEFAULTLIB:library
.\Release/iccApplyNamedCmm.exe : fatal error LNK1169: one or more multiply defined symbols found
