  about_panel.cxx
  alignment_panel.cxx
  align_widget.cxx
  code.cxx
  CodeEditor.cxx
  coding_style.cxx
..\..\fluid\coding_style.cxx(230): warning C4800: 'int' : forcing value to bool 'true' or 'false' (performance warning)
..\..\fluid\coding_style.cxx(231): warning C4800: 'int' : forcing value to bool 'true' or 'false' (performance warning)
..\..\fluid\coding_style.cxx(232): warning C4800: 'int' : forcing value to bool 'true' or 'false' (performance warning)
..\..\fluid\coding_style.cxx(234): warning C4800: 'int' : forcing value to bool 'true' or 'false' (performance warning)
..\..\fluid\coding_style.cxx(239): warning C4800: 'int' : forcing value to bool 'true' or 'false' (performance warning)
  coding_style_func.cxx
..\..\fluid\coding_style_func.cxx(61): warning C4390: ';' : empty controlled statement found; is this the intent?
  Enumeration.cxx
  factory.cxx
  file.cxx
  fluid.cxx
  FluidType.cxx
  Fluid_Image.cxx
..\..\fluid\Fluid_Image.cxx(109): warning C4390: ';' : empty controlled statement found; is this the intent?
..\..\fluid\Fluid_Image.cxx(297): warning C4390: ';' : empty controlled statement found; is this the intent?
  fluid_img.cxx
  fluid_menus.cxx
  Fluid_Plugins.cxx
  FunctionType.cxx
  function_panel.cxx
  GroupType.cxx
  MenuType.cxx
  Generating Code...
  Compiling...
  template_panel.cxx
  undo.cxx
  WidgetClassType.cxx
  WidgetType.cxx
  widget_panel.cxx
  WindowType.cxx
  Generating Code...
C:\Program Files (x86)\MSBuild\Microsoft.Cpp\v4.0\V120\Microsoft.CppBuild.targets(1193,5): warning MSB8012: TargetPath(d:\code\applications\mrViewer\dependencies\fltk-2.0-win32\ide\vcnet\.\fluid_wdll\fluid_wdll.exe) does not match the Linker's OutputFile property value (d:\code\applications\mrViewer\dependencies\fltk-2.0-win32\fluid\fluid2_wdll.exe). This may cause your project to build incorrectly. To correct this, please make sure that $(OutDir), $(TargetName) and $(TargetExt) property values match the value specified in %(Link.OutputFile).
C:\Program Files (x86)\MSBuild\Microsoft.Cpp\v4.0\V120\Microsoft.CppBuild.targets(1195,5): warning MSB8012: TargetName(fluid_wdll) does not match the Linker's OutputFile property value (fluid2_wdll). This may cause your project to build incorrectly. To correct this, please make sure that $(OutDir), $(TargetName) and $(TargetExt) property values match the value specified in %(Link.OutputFile).
     Creating library .\fluid_wdll\fluid_wdll.lib and object .\fluid_wdll\fluid_wdll.exp
  fluid_wdll.vcxproj -> d:\code\applications\mrViewer\dependencies\fltk-2.0-win32\ide\vcnet\.\fluid_wdll\fluid_wdll.exe
