This file contains any messages produced by compilers while
running configure, to aid debugging if configure makes a mistake.

It was created by configure, which was
generated by GNU Autoconf 2.59.  Invocation command line was

  $ ./configure 

## --------- ##
## Platform. ##
## --------- ##

hostname = gga-laptop1
uname -m = x86_64
uname -r = 3.16.0-30-generic
uname -s = Linux
uname -v = #40~14.04.1-Ubuntu SMP Thu Jan 15 17:43:14 UTC 2015

/usr/bin/uname -p = unknown
/bin/uname -X     = unknown

/bin/arch              = unknown
/usr/bin/arch -k       = unknown
/usr/convex/getsysinfo = unknown
hostinfo               = unknown
/bin/machine           = unknown
/usr/bin/oslevel       = unknown
/bin/universe          = unknown

PATH: .
PATH: /usr/local/sbin
PATH: /usr/local/bin
PATH: /usr/sbin
PATH: /usr/bin
PATH: /sbin
PATH: /bin
PATH: /usr/games
PATH: /usr/local/games
PATH: /home/gga/.rvm/bin
PATH: /media/Linux/soft/djv-1.0.5-Linux-64/usr/local/djv-1.0.5-Linux-64/bin/
PATH: /home/gga/mingw32/bin
PATH: /opt/bin
PATH: /media/Linux/code/applications/djv-0.8.2-pre19_linux-x64/usr/local/djv/bin
PATH: /home/gga/.rvm/bin


## ----------- ##
## Core tests. ##
## ----------- ##

configure:1341: checking for a BSD-compatible install
configure:1396: result: /usr/bin/install -c
configure:1407: checking whether build environment is sane
configure:1450: result: yes
configure:1515: checking for gawk
configure:1544: result: no
configure:1515: checking for mawk
configure:1531: found /usr/bin/mawk
configure:1541: result: mawk
configure:1551: checking whether make sets $(MAKE)
configure:1571: result: yes
configure:1791: checking for g++
configure:1807: found /usr/bin/g++
configure:1817: result: g++
configure:1833: checking for C++ compiler version
configure:1836: g++ --version </dev/null >&5
g++ (Ubuntu 4.8.4-2ubuntu1~14.04) 4.8.4
Copyright (C) 2013 Free Software Foundation, Inc.
This is free software; see the source for copying conditions.  There is NO
warranty; not even for MERCHANTABILITY or FITNESS FOR A PARTICULAR PURPOSE.

configure:1839: $? = 0
configure:1841: g++ -v </dev/null >&5
Using built-in specs.
COLLECT_GCC=g++
COLLECT_LTO_WRAPPER=/usr/lib/gcc/x86_64-linux-gnu/4.8/lto-wrapper
Target: x86_64-linux-gnu
Configured with: ../src/configure -v --with-pkgversion='Ubuntu 4.8.4-2ubuntu1~14.04' --with-bugurl=file:///usr/share/doc/gcc-4.8/README.Bugs --enable-languages=c,c++,java,go,d,fortran,objc,obj-c++ --prefix=/usr --program-suffix=-4.8 --enable-shared --enable-linker-build-id --libexecdir=/usr/lib --without-included-gettext --enable-threads=posix --with-gxx-include-dir=/usr/include/c++/4.8 --libdir=/usr/lib --enable-nls --with-sysroot=/ --enable-clocale=gnu --enable-libstdcxx-debug --enable-libstdcxx-time=yes --enable-gnu-unique-object --disable-libmudflap --enable-plugin --with-system-zlib --disable-browser-plugin --enable-java-awt=gtk --enable-gtk-cairo --with-java-home=/usr/lib/jvm/java-1.5.0-gcj-4.8-amd64/jre --enable-java-home --with-jvm-root-dir=/usr/lib/jvm/java-1.5.0-gcj-4.8-amd64 --with-jvm-jar-dir=/usr/lib/jvm-exports/java-1.5.0-gcj-4.8-amd64 --with-arch-directory=amd64 --with-ecj-jar=/usr/share/java/eclipse-ecj.jar --enable-objc-gc --enable-multiarch --disable-werror --with-arch-32=i686 --with-abi=m64 --with-multilib-list=m32,m64,mx32 --with-tune=generic --enable-checking=release --build=x86_64-linux-gnu --host=x86_64-linux-gnu --target=x86_64-linux-gnu
Thread model: posix
gcc version 4.8.4 (Ubuntu 4.8.4-2ubuntu1~14.04) 
configure:1844: $? = 0
configure:1846: g++ -V </dev/null >&5
g++: error: unrecognized command line option '-V'
g++: fatal error: no input files
compilation terminated.
configure:1849: $? = 4
configure:1872: checking for C++ compiler default output file name
configure:1875: g++    conftest.cc  >&5
configure:1878: $? = 0
configure:1924: result: a.out
configure:1929: checking whether the C++ compiler works
configure:1935: ./a.out
configure:1938: $? = 0
configure:1955: result: yes
configure:1962: checking whether we are cross compiling
configure:1964: result: no
configure:1967: checking for suffix of executables
configure:1969: g++ -o conftest    conftest.cc  >&5
configure:1972: $? = 0
configure:1997: result: 
configure:2003: checking for suffix of object files
configure:2024: g++ -c   conftest.cc >&5
configure:2027: $? = 0
configure:2049: result: o
configure:2053: checking whether we are using the GNU C++ compiler
configure:2077: g++ -c   conftest.cc >&5
configure:2083: $? = 0
configure:2087: test -z 
			 || test ! -s conftest.err
configure:2090: $? = 0
configure:2093: test -s conftest.o
configure:2096: $? = 0
configure:2109: result: yes
configure:2115: checking whether g++ accepts -g
configure:2136: g++ -c -g  conftest.cc >&5
configure:2142: $? = 0
configure:2146: test -z 
			 || test ! -s conftest.err
configure:2149: $? = 0
configure:2152: test -s conftest.o
configure:2155: $? = 0
configure:2166: result: yes
configure:2208: g++ -c -g -O2  conftest.cc >&5
configure:2214: $? = 0
configure:2218: test -z 
			 || test ! -s conftest.err
configure:2221: $? = 0
configure:2224: test -s conftest.o
configure:2227: $? = 0
configure:2253: g++ -c -g -O2  conftest.cc >&5
conftest.cc: In function 'int main()':
conftest.cc:15:9: error: 'exit' was not declared in this scope
 exit (42);
         ^
configure:2259: $? = 1
configure: failed program was:
| /* confdefs.h.  */
| 
| #define PACKAGE_NAME ""
| #define PACKAGE_TARNAME ""
| #define PACKAGE_VERSION ""
| #define PACKAGE_STRING ""
| #define PACKAGE_BUGREPORT ""
| #define PACKAGE "tclap"
| #define VERSION "1.2.0"
| /* end confdefs.h.  */
| 
| int
| main ()
| {
| exit (42);
|   ;
|   return 0;
| }
configure:2208: g++ -c -g -O2  conftest.cc >&5
conftest.cc:11:40: error: 'void std::exit(int)' should have been declared inside 'std'
 extern "C" void std::exit (int) throw (); using std::exit;
                                        ^
configure:2214: $? = 1
configure: failed program was:
| /* confdefs.h.  */
| 
| #define PACKAGE_NAME ""
| #define PACKAGE_TARNAME ""
| #define PACKAGE_VERSION ""
| #define PACKAGE_STRING ""
| #define PACKAGE_BUGREPORT ""
| #define PACKAGE "tclap"
| #define VERSION "1.2.0"
| /* end confdefs.h.  */
| extern "C" void std::exit (int) throw (); using std::exit;
| #include <stdlib.h>
| int
| main ()
| {
| exit (42);
|   ;
|   return 0;
| }
configure:2208: g++ -c -g -O2  conftest.cc >&5
conftest.cc:11:31: error: 'void std::exit(int)' should have been declared inside 'std'
 extern "C" void std::exit (int); using std::exit;
                               ^
In file included from conftest.cc:12:0:
/usr/include/stdlib.h:543:70: error: declaration of 'void std::exit(int) throw ()' has a different exception specifier
 extern void exit (int __status) __THROW __attribute__ ((__noreturn__));
                                                                      ^
conftest.cc:11:17: error: from previous declaration 'void std::exit(int)'
 extern "C" void std::exit (int); using std::exit;
                 ^
configure:2214: $? = 1
configure: failed program was:
| /* confdefs.h.  */
| 
| #define PACKAGE_NAME ""
| #define PACKAGE_TARNAME ""
| #define PACKAGE_VERSION ""
| #define PACKAGE_STRING ""
| #define PACKAGE_BUGREPORT ""
| #define PACKAGE "tclap"
| #define VERSION "1.2.0"
| /* end confdefs.h.  */
| extern "C" void std::exit (int); using std::exit;
| #include <stdlib.h>
| int
| main ()
| {
| exit (42);
|   ;
|   return 0;
| }
configure:2208: g++ -c -g -O2  conftest.cc >&5
configure:2214: $? = 0
configure:2218: test -z 
			 || test ! -s conftest.err
configure:2221: $? = 0
configure:2224: test -s conftest.o
configure:2227: $? = 0
configure:2253: g++ -c -g -O2  conftest.cc >&5
configure:2259: $? = 0
configure:2263: test -z 
			 || test ! -s conftest.err
configure:2266: $? = 0
configure:2269: test -s conftest.o
configure:2272: $? = 0
configure:2306: checking for style of include used by make
configure:2334: result: GNU
configure:2362: checking dependency style of g++
configure:2452: result: gcc3
configure:2470: checking whether the compiler implements namespaces
configure:2499: g++ -c -g -O2  conftest.cc >&5
configure:2505: $? = 0
configure:2509: test -z 
			 || test ! -s conftest.err
configure:2512: $? = 0
configure:2515: test -s conftest.o
configure:2518: $? = 0
configure:2536: result: yes
configure:2551: checking how to run the C++ preprocessor
configure:2582: g++ -E  conftest.cc
configure:2588: $? = 0
configure:2620: g++ -E  conftest.cc
conftest.cc:15:28: fatal error: ac_nonexistent.h: No such file or directory
 #include <ac_nonexistent.h>
                            ^
compilation terminated.
configure:2626: $? = 1
configure: failed program was:
| /* confdefs.h.  */
| 
| #define PACKAGE_NAME ""
| #define PACKAGE_TARNAME ""
| #define PACKAGE_VERSION ""
| #define PACKAGE_STRING ""
| #define PACKAGE_BUGREPORT ""
| #define PACKAGE "tclap"
| #define VERSION "1.2.0"
| #ifdef __cplusplus
| extern "C" void exit (int) throw ();
| #endif
| #define HAVE_NAMESPACES 1
| /* end confdefs.h.  */
| #include <ac_nonexistent.h>
configure:2665: result: g++ -E
configure:2689: g++ -E  conftest.cc
configure:2695: $? = 0
configure:2727: g++ -E  conftest.cc
conftest.cc:15:28: fatal error: ac_nonexistent.h: No such file or directory
 #include <ac_nonexistent.h>
                            ^
compilation terminated.
configure:2733: $? = 1
configure: failed program was:
| /* confdefs.h.  */
| 
| #define PACKAGE_NAME ""
| #define PACKAGE_TARNAME ""
| #define PACKAGE_VERSION ""
| #define PACKAGE_STRING ""
| #define PACKAGE_BUGREPORT ""
| #define PACKAGE "tclap"
| #define VERSION "1.2.0"
| #ifdef __cplusplus
| extern "C" void exit (int) throw ();
| #endif
| #define HAVE_NAMESPACES 1
| /* end confdefs.h.  */
| #include <ac_nonexistent.h>
configure:2777: checking for egrep
configure:2787: result: grep -E
configure:2792: checking for ANSI C header files
configure:2817: g++ -c -g -O2  conftest.cc >&5
configure:2823: $? = 0
configure:2827: test -z 
			 || test ! -s conftest.err
configure:2830: $? = 0
configure:2833: test -s conftest.o
configure:2836: $? = 0
configure:2925: g++ -o conftest -g -O2   conftest.cc  >&5
configure:2928: $? = 0
configure:2930: ./conftest
configure:2933: $? = 0
configure:2948: result: yes
configure:2972: checking for sys/types.h
configure:2988: g++ -c -g -O2  conftest.cc >&5
configure:2994: $? = 0
configure:2998: test -z 
			 || test ! -s conftest.err
configure:3001: $? = 0
configure:3004: test -s conftest.o
configure:3007: $? = 0
configure:3018: result: yes
configure:2972: checking for sys/stat.h
configure:2988: g++ -c -g -O2  conftest.cc >&5
configure:2994: $? = 0
configure:2998: test -z 
			 || test ! -s conftest.err
configure:3001: $? = 0
configure:3004: test -s conftest.o
configure:3007: $? = 0
configure:3018: result: yes
configure:2972: checking for stdlib.h
configure:2988: g++ -c -g -O2  conftest.cc >&5
configure:2994: $? = 0
configure:2998: test -z 
			 || test ! -s conftest.err
configure:3001: $? = 0
configure:3004: test -s conftest.o
configure:3007: $? = 0
configure:3018: result: yes
configure:2972: checking for string.h
configure:2988: g++ -c -g -O2  conftest.cc >&5
configure:2994: $? = 0
configure:2998: test -z 
			 || test ! -s conftest.err
configure:3001: $? = 0
configure:3004: test -s conftest.o
configure:3007: $? = 0
configure:3018: result: yes
configure:2972: checking for memory.h
configure:2988: g++ -c -g -O2  conftest.cc >&5
configure:2994: $? = 0
configure:2998: test -z 
			 || test ! -s conftest.err
configure:3001: $? = 0
configure:3004: test -s conftest.o
configure:3007: $? = 0
configure:3018: result: yes
configure:2972: checking for strings.h
configure:2988: g++ -c -g -O2  conftest.cc >&5
configure:2994: $? = 0
configure:2998: test -z 
			 || test ! -s conftest.err
configure:3001: $? = 0
configure:3004: test -s conftest.o
configure:3007: $? = 0
configure:3018: result: yes
configure:2972: checking for inttypes.h
configure:2988: g++ -c -g -O2  conftest.cc >&5
configure:2994: $? = 0
configure:2998: test -z 
			 || test ! -s conftest.err
configure:3001: $? = 0
configure:3004: test -s conftest.o
configure:3007: $? = 0
configure:3018: result: yes
configure:2972: checking for stdint.h
configure:2988: g++ -c -g -O2  conftest.cc >&5
configure:2994: $? = 0
configure:2998: test -z 
			 || test ! -s conftest.err
configure:3001: $? = 0
configure:3004: test -s conftest.o
configure:3007: $? = 0
configure:3018: result: yes
configure:2972: checking for unistd.h
configure:2988: g++ -c -g -O2  conftest.cc >&5
configure:2994: $? = 0
configure:2998: test -z 
			 || test ! -s conftest.err
configure:3001: $? = 0
configure:3004: test -s conftest.o
configure:3007: $? = 0
configure:3018: result: yes
configure:3053: checking sstream usability
configure:3065: g++ -c -g -O2  conftest.cc >&5
configure:3071: $? = 0
configure:3075: test -z 
			 || test ! -s conftest.err
configure:3078: $? = 0
configure:3081: test -s conftest.o
configure:3084: $? = 0
configure:3094: result: yes
configure:3098: checking sstream presence
configure:3108: g++ -E  conftest.cc
configure:3114: $? = 0
configure:3134: result: yes
configure:3169: checking for sstream
configure:3176: result: yes
configure:3189: checking whether the STL defines stringstream
configure:3213: g++ -c -g -O2  conftest.cc >&5
configure:3219: $? = 0
configure:3223: test -z 
			 || test ! -s conftest.err
configure:3226: $? = 0
configure:3229: test -s conftest.o
configure:3232: $? = 0
configure:3244: result: yes
configure:3283: checking strstream usability
configure:3295: g++ -c -g -O2  conftest.cc >&5
In file included from /usr/include/c++/4.8/backward/strstream:51:0,
                 from conftest.cc:61:
/usr/include/c++/4.8/backward/backward_warning.h:32:2: warning: #warning This file includes at least one deprecated or antiquated header which may be removed without further notice at a future date. Please use a non-deprecated interface with equivalent functionality instead. For a listing of replacement headers and interfaces, consult the file backward_warning.h. To disable this warning use -Wno-deprecated. [-Wcpp]
 #warning \
  ^
configure:3301: $? = 0
configure:3305: test -z 
			 || test ! -s conftest.err
configure:3308: $? = 0
configure:3311: test -s conftest.o
configure:3314: $? = 0
configure:3324: result: yes
configure:3328: checking strstream presence
configure:3338: g++ -E  conftest.cc
In file included from /usr/include/c++/4.8/backward/strstream:51:0,
                 from conftest.cc:27:
/usr/include/c++/4.8/backward/backward_warning.h:32:2: warning: #warning This file includes at least one deprecated or antiquated header which may be removed without further notice at a future date. Please use a non-deprecated interface with equivalent functionality instead. For a listing of replacement headers and interfaces, consult the file backward_warning.h. To disable this warning use -Wno-deprecated. [-Wcpp]
 #warning \
  ^
configure:3344: $? = 0
configure:3364: result: yes
configure:3399: checking for strstream
configure:3406: result: yes
configure:3419: checking whether the STL defines strstream
configure:3447: g++ -c -g -O2  conftest.cc >&5
In file included from /usr/include/c++/4.8/backward/strstream:51:0,
                 from conftest.cc:29:
/usr/include/c++/4.8/backward/backward_warning.h:32:2: warning: #warning This file includes at least one deprecated or antiquated header which may be removed without further notice at a future date. Please use a non-deprecated interface with equivalent functionality instead. For a listing of replacement headers and interfaces, consult the file backward_warning.h. To disable this warning use -Wno-deprecated. [-Wcpp]
 #warning \
  ^
configure:3453: $? = 0
configure:3457: test -z 
			 || test ! -s conftest.err
configure:3460: $? = 0
configure:3463: test -s conftest.o
configure:3466: $? = 0
configure:3478: result: yes
configure:3518: g++ -c -g -O2  conftest.cc >&5
configure:3524: $? = 0
configure:3528: test -z 
			 || test ! -s conftest.err
configure:3531: $? = 0
configure:3534: test -s conftest.o
configure:3537: $? = 0
configure:3570: checking for dot
configure:3597: result: NO
configure:3645: checking for ranlib
configure:3661: found /usr/bin/ranlib
configure:3672: result: ranlib
configure:3697: checking for a BSD-compatible install
configure:3752: result: /usr/bin/install -c
configure:3774: checking for doxygen
configure:3807: result: no
configure:3970: creating ./config.status

## ---------------------- ##
## Running config.status. ##
## ---------------------- ##

This file was extended by config.status, which was
generated by GNU Autoconf 2.59.  Invocation command line was

  CONFIG_FILES    = 
  CONFIG_HEADERS  = 
  CONFIG_LINKS    = 
  CONFIG_COMMANDS = 
  $ ./config.status 

on gga-laptop1

config.status:708: creating Makefile
config.status:708: creating tclap.pc
config.status:708: creating examples/Makefile
config.status:708: creating include/Makefile
config.status:708: creating include/tclap/Makefile
config.status:708: creating config/Makefile
config.status:708: creating docs/Makefile
config.status:708: creating docs/Doxyfile
config.status:708: creating msc/Makefile
config.status:708: creating msc/examples/Makefile
config.status:708: creating tests/Makefile
config.status:812: creating config/config.h
config.status:1108: executing depfiles commands
config.status:1108: executing default commands

## ---------------- ##
## Cache variables. ##
## ---------------- ##

ac_cv_cxx_compiler_gnu=yes
ac_cv_cxx_have_class_strstream=yes
ac_cv_cxx_have_long_long=yes
ac_cv_cxx_have_sstream=yes
ac_cv_cxx_namespaces=yes
ac_cv_env_CPPFLAGS_set=
ac_cv_env_CPPFLAGS_value=
ac_cv_env_CXXCPP_set=
ac_cv_env_CXXCPP_value=
ac_cv_env_CXXFLAGS_set=
ac_cv_env_CXXFLAGS_value=
ac_cv_env_CXX_set=
ac_cv_env_CXX_value=
ac_cv_env_LDFLAGS_set=
ac_cv_env_LDFLAGS_value=
ac_cv_env_build_alias_set=
ac_cv_env_build_alias_value=
ac_cv_env_host_alias_set=
ac_cv_env_host_alias_value=
ac_cv_env_target_alias_set=
ac_cv_env_target_alias_value=
ac_cv_exeext=
ac_cv_header_inttypes_h=yes
ac_cv_header_memory_h=yes
ac_cv_header_sstream=yes
ac_cv_header_stdc=yes
ac_cv_header_stdint_h=yes
ac_cv_header_stdlib_h=yes
ac_cv_header_string_h=yes
ac_cv_header_strings_h=yes
ac_cv_header_strstream=yes
ac_cv_header_sys_stat_h=yes
ac_cv_header_sys_types_h=yes
ac_cv_header_unistd_h=yes
ac_cv_objext=o
ac_cv_path_install='/usr/bin/install -c'
ac_cv_prog_AWK=mawk
ac_cv_prog_CXXCPP='g++ -E'
ac_cv_prog_DOT=NO
ac_cv_prog_ac_ct_CXX=g++
ac_cv_prog_ac_ct_RANLIB=ranlib
ac_cv_prog_cxx_g=yes
ac_cv_prog_egrep='grep -E'
ac_cv_prog_make_make_set=yes
am_cv_CXX_dependencies_compiler_type=gcc3

## ----------------- ##
## Output variables. ##
## ----------------- ##

ACLOCAL='${SHELL} /media/Linux/code/lib/tclap-1.2.0/config/missing --run aclocal-1.9'
AMDEPBACKSLASH='\'
AMDEP_FALSE='#'
AMDEP_TRUE=''
AMTAR='${SHELL} /media/Linux/code/lib/tclap-1.2.0/config/missing --run tar'
AUTOCONF='${SHELL} /media/Linux/code/lib/tclap-1.2.0/config/missing --run autoconf'
AUTOHEADER='${SHELL} /media/Linux/code/lib/tclap-1.2.0/config/missing --run autoheader'
AUTOMAKE='${SHELL} /media/Linux/code/lib/tclap-1.2.0/config/missing --run automake-1.9'
AWK='mawk'
CPPFLAGS=''
CXX='g++'
CXXCPP='g++ -E'
CXXDEPMODE='depmode=gcc3'
CXXFLAGS='-g -O2'
CYGPATH_W='echo'
DEFS='-DHAVE_CONFIG_H'
DEPDIR='.deps'
DOC_FALSE=''
DOC_TRUE='#'
DOT='NO'
DOXYGEN=''
ECHO_C=''
ECHO_N='-n'
ECHO_T=''
EGREP='grep -E'
EXEEXT=''
HAVE_GNU_COMPILERS_FALSE='#'
HAVE_GNU_COMPILERS_TRUE=''
INSTALL_DATA='${INSTALL} -m 644'
INSTALL_PROGRAM='${INSTALL}'
INSTALL_SCRIPT='${INSTALL}'
INSTALL_STRIP_PROGRAM='${SHELL} $(install_sh) -c -s'
LDFLAGS=''
LIBOBJS=''
LIBS=''
LTLIBOBJS=''
MAKEINFO='${SHELL} /media/Linux/code/lib/tclap-1.2.0/config/missing --run makeinfo'
OBJEXT='o'
PACKAGE='tclap'
PACKAGE_BUGREPORT=''
PACKAGE_NAME=''
PACKAGE_STRING=''
PACKAGE_TARNAME=''
PACKAGE_VERSION=''
PATH_SEPARATOR=':'
RANLIB='ranlib'
SET_MAKE=''
SHELL='/bin/bash'
STRIP=''
VERSION='1.2.0'
ac_ct_CXX='g++'
ac_ct_RANLIB='ranlib'
ac_ct_STRIP=''
am__fastdepCXX_FALSE='#'
am__fastdepCXX_TRUE=''
am__include='include'
am__leading_dot='.'
am__quote=''
am__tar='${AMTAR} chof - "$$tardir"'
am__untar='${AMTAR} xf -'
bindir='${exec_prefix}/bin'
build_alias=''
datadir='${prefix}/share'
exec_prefix='${prefix}'
host_alias=''
includedir='${prefix}/include'
infodir='${prefix}/info'
install_sh='/media/Linux/code/lib/tclap-1.2.0/config/install-sh'
libdir='${exec_prefix}/lib'
libexecdir='${exec_prefix}/libexec'
localstatedir='${prefix}/var'
mandir='${prefix}/man'
mkdir_p='mkdir -p --'
oldincludedir='/usr/include'
prefix='/usr/local'
program_transform_name='s,x,x,'
sbindir='${exec_prefix}/sbin'
sharedstatedir='${prefix}/com'
sysconfdir='${prefix}/etc'
target_alias=''

## ----------- ##
## confdefs.h. ##
## ----------- ##

#define HAVE_CLASS_STRSTREAM 1
#define HAVE_INTTYPES_H 1
#define HAVE_LONG_LONG 1
#define HAVE_MEMORY_H 1
#define HAVE_NAMESPACES 1
#define HAVE_SSTREAM 1
#define HAVE_SSTREAM 1
#define HAVE_STDINT_H 1
#define HAVE_STDLIB_H 1
#define HAVE_STRINGS_H 1
#define HAVE_STRING_H 1
#define HAVE_STRSTREAM 1
#define HAVE_SYS_STAT_H 1
#define HAVE_SYS_TYPES_H 1
#define HAVE_UNISTD_H 1
#define PACKAGE "tclap"
#define PACKAGE_BUGREPORT ""
#define PACKAGE_NAME ""
#define PACKAGE_STRING ""
#define PACKAGE_TARNAME ""
#define PACKAGE_VERSION ""
#define STDC_HEADERS 1
#define VERSION "1.2.0"
#endif
#ifdef __cplusplus
extern "C" void exit (int) throw ();

configure: exit 0
